Env: highway-v0
Config: highway_v0_stage_2_benchmark_v4
Training seed: 12345
Target timesteps: 200000
Eval type: full
Eval action mode: actor
Observation space: (83,)
Evaluation seeds: 1000..1049 (50 episodes)
Output directory: C:\Users\milke\groupCoursework\FYP\experiment_runs\highwayv0_v4_all_models_5x200k_20260509_094540\mlp_baseline\seed12345
Successfully set seed to 12345
Learning... Running 300 timesteps per episode, 4096 timesteps per batch for a total of 200000 timesteps

-------------------- Iteration #1 --------------------
Average Episodic Length: 14.75
Average Episodic Return: 9.9
Average Loss: -0.00386
Timesteps So Far: 4116
Iteration took: 116.79 secs
------------------------------------------------------


-------------------- Iteration #2 --------------------
Average Episodic Length: 15.91
Average Episodic Return: 10.9
Average Loss: -0.00371
Timesteps So Far: 8222
Iteration took: 106.46 secs
------------------------------------------------------


-------------------- Iteration #3 --------------------
Average Episodic Length: 16.77
Average Episodic Return: 11.65
Average Loss: -0.00306
Timesteps So Far: 12330
Iteration took: 105.85 secs
------------------------------------------------------


-------------------- Iteration #4 --------------------
Average Episodic Length: 17.37
Average Episodic Return: 12.18
Average Loss: -0.00301
Timesteps So Far: 16464
Iteration took: 107.88 secs
------------------------------------------------------


-------------------- Iteration #5 --------------------
Average Episodic Length: 19.32
Average Episodic Return: 13.89
Average Loss: -0.00268
Timesteps So Far: 20580
Iteration took: 108.89 secs
------------------------------------------------------


-------------------- Iteration #6 --------------------
Average Episodic Length: 21.92
Average Episodic Return: 16.18
Average Loss: -0.00276
Timesteps So Far: 24679
Iteration took: 117.69 secs
------------------------------------------------------


-------------------- Iteration #7 --------------------
Average Episodic Length: 21.72
Average Episodic Return: 15.95
Average Loss: -0.00186
Timesteps So Far: 28784
Iteration took: 118.49 secs
------------------------------------------------------


-------------------- Iteration #8 --------------------
Average Episodic Length: 24.87
Average Episodic Return: 18.71
Average Loss: -0.00147
Timesteps So Far: 32887
Iteration took: 112.32 secs
------------------------------------------------------


-------------------- Iteration #9 --------------------
Average Episodic Length: 24.13
Average Episodic Return: 18.07
Average Loss: -0.00108
Timesteps So Far: 36989
Iteration took: 111.09 secs
------------------------------------------------------


-------------------- Iteration #10 --------------------
Average Episodic Length: 26.31
Average Episodic Return: 19.91
Average Loss: -0.00088
Timesteps So Far: 41093
Iteration took: 110.15 secs
------------------------------------------------------


-------------------- Iteration #11 --------------------
Average Episodic Length: 27.44
Average Episodic Return: 20.91
Average Loss: -0.0006
Timesteps So Far: 45209
Iteration took: 109.55 secs
------------------------------------------------------


-------------------- Iteration #12 --------------------
Average Episodic Length: 30.63
Average Episodic Return: 23.68
Average Loss: -0.00035
Timesteps So Far: 49375
Iteration took: 110.88 secs
------------------------------------------------------


-------------------- Iteration #13 --------------------
Average Episodic Length: 26.62
Average Episodic Return: 20.19
Average Loss: -0.00051
Timesteps So Far: 53474
Iteration took: 110.66 secs
------------------------------------------------------


-------------------- Iteration #14 --------------------
Average Episodic Length: 27.13
Average Episodic Return: 20.59
Average Loss: -0.00055
Timesteps So Far: 57570
Iteration took: 111.04 secs
------------------------------------------------------


-------------------- Iteration #15 --------------------
Average Episodic Length: 29.39
Average Episodic Return: 22.56
Average Loss: -0.00055
Timesteps So Far: 61684
Iteration took: 110.5 secs
------------------------------------------------------


-------------------- Iteration #16 --------------------
Average Episodic Length: 28.29
Average Episodic Return: 21.64
Average Loss: -0.00053
Timesteps So Far: 65786
Iteration took: 109.32 secs
------------------------------------------------------


-------------------- Iteration #17 --------------------
Average Episodic Length: 30.61
Average Episodic Return: 23.56
Average Loss: -0.001
Timesteps So Far: 69918
Iteration took: 115.29 secs
------------------------------------------------------


-------------------- Iteration #18 --------------------
Average Episodic Length: 28.68
Average Episodic Return: 21.9
Average Loss: -0.00066
Timesteps So Far: 74019
Iteration took: 115.56 secs
------------------------------------------------------


-------------------- Iteration #19 --------------------
Average Episodic Length: 32.45
Average Episodic Return: 25.09
Average Loss: -0.00048
Timesteps So Far: 78140
Iteration took: 117.5 secs
------------------------------------------------------


-------------------- Iteration #20 --------------------
Average Episodic Length: 35.73
Average Episodic Return: 27.86
Average Loss: -0.00055
Timesteps So Far: 82249
Iteration took: 111.1 secs
------------------------------------------------------


-------------------- Iteration #21 --------------------
Average Episodic Length: 33.71
Average Episodic Return: 26.18
Average Loss: -0.00052
Timesteps So Far: 86362
Iteration took: 111.93 secs
------------------------------------------------------


-------------------- Iteration #22 --------------------
Average Episodic Length: 39.08
Average Episodic Return: 30.72
Average Loss: -0.00045
Timesteps So Far: 90465
Iteration took: 131.94 secs
------------------------------------------------------


-------------------- Iteration #23 --------------------
Average Episodic Length: 35.64
Average Episodic Return: 27.75
Average Loss: -0.0007
Timesteps So Far: 94564
Iteration took: 242.96 secs
------------------------------------------------------


-------------------- Iteration #24 --------------------
Average Episodic Length: 40.53
Average Episodic Return: 31.82
Average Loss: -0.00073
Timesteps So Far: 98860
Iteration took: 139.06 secs
------------------------------------------------------


-------------------- Iteration #25 --------------------
Average Episodic Length: 39.94
Average Episodic Return: 31.39
Average Loss: -0.00093
Timesteps So Far: 102974
Iteration took: 130.02 secs
------------------------------------------------------


-------------------- Iteration #26 --------------------
Average Episodic Length: 41.71
Average Episodic Return: 32.77
Average Loss: -0.00069
Timesteps So Far: 107145
Iteration took: 138.12 secs
------------------------------------------------------


-------------------- Iteration #27 --------------------
Average Episodic Length: 40.37
Average Episodic Return: 31.64
Average Loss: -0.00105
Timesteps So Far: 111263
Iteration took: 143.06 secs
------------------------------------------------------


-------------------- Iteration #28 --------------------
Average Episodic Length: 40.69
Average Episodic Return: 31.97
Average Loss: -0.0004
Timesteps So Far: 115413
Iteration took: 143.09 secs
------------------------------------------------------


-------------------- Iteration #29 --------------------
Average Episodic Length: 40.62
Average Episodic Return: 31.74
Average Loss: -0.00049
Timesteps So Far: 119516
Iteration took: 141.13 secs
------------------------------------------------------


-------------------- Iteration #30 --------------------
Average Episodic Length: 52.11
Average Episodic Return: 41.4
Average Loss: -0.00037
Timesteps So Far: 123633
Iteration took: 141.48 secs
------------------------------------------------------


-------------------- Iteration #31 --------------------
Average Episodic Length: 44.68
Average Episodic Return: 35.18
Average Loss: -0.00044
Timesteps So Far: 127833
Iteration took: 145.65 secs
------------------------------------------------------


-------------------- Iteration #32 --------------------
Average Episodic Length: 46.64
Average Episodic Return: 36.89
Average Loss: -0.00053
Timesteps So Far: 131937
Iteration took: 141.98 secs
------------------------------------------------------


-------------------- Iteration #33 --------------------
Average Episodic Length: 68.85
Average Episodic Return: 55.43
Average Loss: -0.0007
Timesteps So Far: 136137
Iteration took: 151.21 secs
------------------------------------------------------


-------------------- Iteration #34 --------------------
Average Episodic Length: 59.29
Average Episodic Return: 47.25
Average Loss: -0.00089
Timesteps So Far: 140287
Iteration took: 165.74 secs
------------------------------------------------------


-------------------- Iteration #35 --------------------
Average Episodic Length: 69.68
Average Episodic Return: 56.26
Average Loss: -0.00019
Timesteps So Far: 144398
Iteration took: 151.8 secs
------------------------------------------------------


-------------------- Iteration #36 --------------------
Average Episodic Length: 71.14
Average Episodic Return: 57.36
Average Loss: -0.00044
Timesteps So Far: 148524
Iteration took: 137.63 secs
------------------------------------------------------


-------------------- Iteration #37 --------------------
Average Episodic Length: 57.44
Average Episodic Return: 45.79
Average Loss: -0.00046
Timesteps So Far: 152717
Iteration took: 147.87 secs
------------------------------------------------------


-------------------- Iteration #38 --------------------
Average Episodic Length: 68.78
Average Episodic Return: 55.34
Average Loss: -0.00066
Timesteps So Far: 156844
Iteration took: 154.82 secs
------------------------------------------------------


-------------------- Iteration #39 --------------------
Average Episodic Length: 73.32
Average Episodic Return: 59.0
Average Loss: -0.0005
Timesteps So Far: 160950
Iteration took: 151.55 secs
------------------------------------------------------


-------------------- Iteration #40 --------------------
Average Episodic Length: 61.01
Average Episodic Return: 48.76
Average Loss: -0.00055
Timesteps So Far: 165099
Iteration took: 140.03 secs
------------------------------------------------------


-------------------- Iteration #41 --------------------
Average Episodic Length: 70.86
Average Episodic Return: 56.92
Average Loss: -0.00095
Timesteps So Far: 169209
Iteration took: 135.15 secs
------------------------------------------------------


-------------------- Iteration #42 --------------------
Average Episodic Length: 66.21
Average Episodic Return: 53.05
Average Loss: -0.00099
Timesteps So Far: 173314
Iteration took: 136.99 secs
------------------------------------------------------


-------------------- Iteration #43 --------------------
Average Episodic Length: 78.06
Average Episodic Return: 62.83
Average Loss: -0.00107
Timesteps So Far: 177451
Iteration took: 137.56 secs
------------------------------------------------------


-------------------- Iteration #44 --------------------
Average Episodic Length: 87.83
Average Episodic Return: 71.23
Average Loss: -0.0006
Timesteps So Far: 181579
Iteration took: 137.5 secs
------------------------------------------------------


-------------------- Iteration #45 --------------------
Average Episodic Length: 91.45
Average Episodic Return: 74.25
Average Loss: -0.00106
Timesteps So Far: 185877
Iteration took: 143.66 secs
------------------------------------------------------


-------------------- Iteration #46 --------------------
Average Episodic Length: 90.54
Average Episodic Return: 73.42
Average Loss: -0.00066
Timesteps So Far: 190042
Iteration took: 137.67 secs
------------------------------------------------------


-------------------- Iteration #47 --------------------
Average Episodic Length: 114.22
Average Episodic Return: 93.39
Average Loss: -0.0007
Timesteps So Far: 194154
Iteration took: 134.96 secs
------------------------------------------------------


-------------------- Iteration #48 --------------------
Average Episodic Length: 145.9
Average Episodic Return: 119.98
Average Loss: -0.00105
Timesteps So Far: 198531
Iteration took: 145.94 secs
------------------------------------------------------


-------------------- Iteration #49 --------------------
Average Episodic Length: 142.62
Average Episodic Return: 117.05
Average Loss: -0.00012
Timesteps So Far: 202667
Iteration took: 147.11 secs
------------------------------------------------------

Training CSV: C:\Users\milke\groupCoursework\FYP\experiment_runs\highwayv0_v4_all_models_5x200k_20260509_094540\mlp_baseline\seed12345\training_log.csv
Training summary CSV: C:\Users\milke\groupCoursework\FYP\experiment_runs\highwayv0_v4_all_models_5x200k_20260509_094540\mlp_baseline\seed12345\training_summary.csv
Evaluation per-episode CSV: C:\Users\milke\groupCoursework\FYP\experiment_runs\highwayv0_v4_all_models_5x200k_20260509_094540\mlp_baseline\seed12345\evaluation_per_episode.csv
Evaluation summary CSV: C:\Users\milke\groupCoursework\FYP\experiment_runs\highwayv0_v4_all_models_5x200k_20260509_094540\mlp_baseline\seed12345\evaluation_summary.csv
Actor checkpoint: C:\Users\milke\groupCoursework\FYP\experiment_runs\highwayv0_v4_all_models_5x200k_20260509_094540\mlp_baseline\seed12345\checkpoint_actor.pth
Critic checkpoint: C:\Users\milke\groupCoursework\FYP\experiment_runs\highwayv0_v4_all_models_5x200k_20260509_094540\mlp_baseline\seed12345\checkpoint_critic.pth
