Env: highway-v0
Config: highway_v0_stage_2_benchmark_v4
Training seed: 45678
Target timesteps: 100000
Eval type: full
Eval action mode: actor
Observation space: (83,)
Evaluation seeds: 1000..1049 (50 episodes)
Output directory: C:\Users\milke\groupCoursework\FYP\experiment_runs\highwayv0_v4_meanmax_selfattention_extend_2seeds_100k_20260511_174939\deep_sets_mean_max\seed45678
Successfully set seed to 45678
Learning... Running 300 timesteps per episode, 4096 timesteps per batch for a total of 100000 timesteps

-------------------- Iteration #1 --------------------
Average Episodic Length: 15.85
Average Episodic Return: 10.84
Average Loss: -0.00578
Timesteps So Far: 4104
Iteration took: 149.15 secs
------------------------------------------------------


-------------------- Iteration #2 --------------------
Average Episodic Length: 18.45
Average Episodic Return: 13.11
Average Loss: -0.00616
Timesteps So Far: 8219
Iteration took: 141.0 secs
------------------------------------------------------


-------------------- Iteration #3 --------------------
Average Episodic Length: 20.55
Average Episodic Return: 14.98
Average Loss: -0.00574
Timesteps So Far: 12329
Iteration took: 129.57 secs
------------------------------------------------------


-------------------- Iteration #4 --------------------
Average Episodic Length: 25.31
Average Episodic Return: 19.11
Average Loss: -0.00429
Timesteps So Far: 16429
Iteration took: 128.82 secs
------------------------------------------------------


-------------------- Iteration #5 --------------------
Average Episodic Length: 27.35
Average Episodic Return: 20.87
Average Loss: -0.00305
Timesteps So Far: 20531
Iteration took: 130.87 secs
------------------------------------------------------


-------------------- Iteration #6 --------------------
Average Episodic Length: 36.1
Average Episodic Return: 28.63
Average Loss: -0.00145
Timesteps So Far: 24646
Iteration took: 148.58 secs
------------------------------------------------------


-------------------- Iteration #7 --------------------
Average Episodic Length: 35.39
Average Episodic Return: 28.1
Average Loss: -0.0001
Timesteps So Far: 28751
Iteration took: 139.28 secs
------------------------------------------------------


-------------------- Iteration #8 --------------------
Average Episodic Length: 30.12
Average Episodic Return: 23.41
Average Loss: -0.00045
Timesteps So Far: 32877
Iteration took: 138.66 secs
------------------------------------------------------


-------------------- Iteration #9 --------------------
Average Episodic Length: 34.76
Average Episodic Return: 27.37
Average Loss: -0.0006
Timesteps So Far: 36979
Iteration took: 135.9 secs
------------------------------------------------------


-------------------- Iteration #10 --------------------
Average Episodic Length: 33.31
Average Episodic Return: 26.11
Average Loss: -0.00109
Timesteps So Far: 41110
Iteration took: 132.88 secs
------------------------------------------------------


-------------------- Iteration #11 --------------------
Average Episodic Length: 37.61
Average Episodic Return: 29.84
Average Loss: -0.00088
Timesteps So Far: 45210
Iteration took: 135.19 secs
------------------------------------------------------


-------------------- Iteration #12 --------------------
Average Episodic Length: 41.86
Average Episodic Return: 33.42
Average Loss: -0.00096
Timesteps So Far: 49312
Iteration took: 134.43 secs
------------------------------------------------------


-------------------- Iteration #13 --------------------
Average Episodic Length: 37.59
Average Episodic Return: 29.72
Average Loss: -0.00097
Timesteps So Far: 53409
Iteration took: 131.88 secs
------------------------------------------------------


-------------------- Iteration #14 --------------------
Average Episodic Length: 40.03
Average Episodic Return: 31.71
Average Loss: -0.00105
Timesteps So Far: 57532
Iteration took: 130.46 secs
------------------------------------------------------


-------------------- Iteration #15 --------------------
Average Episodic Length: 47.1
Average Episodic Return: 37.54
Average Loss: -0.00073
Timesteps So Far: 61630
Iteration took: 125.4 secs
------------------------------------------------------


-------------------- Iteration #16 --------------------
Average Episodic Length: 54.42
Average Episodic Return: 43.67
Average Loss: -0.00075
Timesteps So Far: 65766
Iteration took: 129.42 secs
------------------------------------------------------


-------------------- Iteration #17 --------------------
Average Episodic Length: 43.95
Average Episodic Return: 34.84
Average Loss: -0.00065
Timesteps So Far: 69897
Iteration took: 137.0 secs
------------------------------------------------------


-------------------- Iteration #18 --------------------
Average Episodic Length: 47.34
Average Episodic Return: 37.59
Average Loss: -0.00116
Timesteps So Far: 74110
Iteration took: 138.71 secs
------------------------------------------------------


-------------------- Iteration #19 --------------------
Average Episodic Length: 58.89
Average Episodic Return: 47.3
Average Loss: -0.00017
Timesteps So Far: 78232
Iteration took: 134.0 secs
------------------------------------------------------


-------------------- Iteration #20 --------------------
Average Episodic Length: 55.58
Average Episodic Return: 44.23
Average Loss: -0.0003
Timesteps So Far: 82345
Iteration took: 133.2 secs
------------------------------------------------------

