Learning... Running 300 timesteps per episode, 4096 timesteps per batch for a total of 100000 timesteps
the uncertainty penalty lambda is 0.01

-------------------- Iteration #1 --------------------
Average Episodic Length: 21.74
Average Episodic Return: 13.875
Average Raw Episodic Return (without uncertainty penalty): 13.956
Average Loss: -0.00171
Average Critic Uncertainty: 0.00015
Timesteps So Far: 4108
Iteration took: 73.17 secs
------------------------------------------------------


-------------------- Iteration #2 --------------------
Average Episodic Length: 21.93
Average Episodic Return: 14.159
Average Raw Episodic Return (without uncertainty penalty): 14.24
Average Loss: -0.0006
Average Critic Uncertainty: 0.00014
Timesteps So Far: 8209
Iteration took: 73.01 secs
------------------------------------------------------


-------------------- Iteration #3 --------------------
Average Episodic Length: 21.66
Average Episodic Return: 13.945
Average Raw Episodic Return (without uncertainty penalty): 14.027
Average Loss: -0.00134
Average Critic Uncertainty: 0.00014
Timesteps So Far: 12325
Iteration took: 73.44 secs
------------------------------------------------------


-------------------- Iteration #4 --------------------
Average Episodic Length: 22.73
Average Episodic Return: 14.54
Average Raw Episodic Return (without uncertainty penalty): 14.623
Average Loss: -0.00059
Average Critic Uncertainty: 0.00014
Timesteps So Far: 16439
Iteration took: 72.95 secs
------------------------------------------------------


-------------------- Iteration #5 --------------------
Average Episodic Length: 25.04
Average Episodic Return: 16.469
Average Raw Episodic Return (without uncertainty penalty): 16.564
Average Loss: -0.00135
Average Critic Uncertainty: 0.00014
Timesteps So Far: 20546
Iteration took: 72.83 secs
------------------------------------------------------


-------------------- Iteration #6 --------------------
Average Episodic Length: 23.99
Average Episodic Return: 15.611
Average Raw Episodic Return (without uncertainty penalty): 15.696
Average Loss: -0.00104
Average Critic Uncertainty: 0.00014
Timesteps So Far: 24648
Iteration took: 78.83 secs
------------------------------------------------------


-------------------- Iteration #7 --------------------
Average Episodic Length: 24.75
Average Episodic Return: 16.473
Average Raw Episodic Return (without uncertainty penalty): 16.555
Average Loss: -0.00052
Average Critic Uncertainty: 0.00014
Timesteps So Far: 28757
Iteration took: 77.53 secs
------------------------------------------------------


-------------------- Iteration #8 --------------------
Average Episodic Length: 24.5
Average Episodic Return: 15.772
Average Raw Episodic Return (without uncertainty penalty): 15.86
Average Loss: -0.00063
Average Critic Uncertainty: 0.00014
Timesteps So Far: 32873
Iteration took: 86.58 secs
------------------------------------------------------


-------------------- Iteration #9 --------------------
Average Episodic Length: 25.62
Average Episodic Return: 17.258
Average Raw Episodic Return (without uncertainty penalty): 17.346
Average Loss: -0.00081
Average Critic Uncertainty: 0.00014
Timesteps So Far: 36973
Iteration took: 87.58 secs
------------------------------------------------------


-------------------- Iteration #10 --------------------
Average Episodic Length: 27.6
Average Episodic Return: 18.484
Average Raw Episodic Return (without uncertainty penalty): 18.586
Average Loss: -0.00056
Average Critic Uncertainty: 0.00014
Timesteps So Far: 41085
Iteration took: 90.98 secs
------------------------------------------------------


-------------------- Iteration #11 --------------------
Average Episodic Length: 27.53
Average Episodic Return: 18.415
Average Raw Episodic Return (without uncertainty penalty): 18.513
Average Loss: -0.00045
Average Critic Uncertainty: 0.00014
Timesteps So Far: 45215
Iteration took: 2863.75 secs
------------------------------------------------------


-------------------- Iteration #12 --------------------
Average Episodic Length: 26.45
Average Episodic Return: 17.602
Average Raw Episodic Return (without uncertainty penalty): 17.698
Average Loss: -0.00069
Average Critic Uncertainty: 0.00014
Timesteps So Far: 49314
Iteration took: 93.76 secs
------------------------------------------------------


-------------------- Iteration #13 --------------------
Average Episodic Length: 25.17
Average Episodic Return: 16.349
Average Raw Episodic Return (without uncertainty penalty): 16.439
Average Loss: -0.00076
Average Critic Uncertainty: 0.00014
Timesteps So Far: 53416
Iteration took: 89.09 secs
------------------------------------------------------


-------------------- Iteration #14 --------------------
Average Episodic Length: 27.51
Average Episodic Return: 18.237
Average Raw Episodic Return (without uncertainty penalty): 18.334
Average Loss: -0.00097
Average Critic Uncertainty: 0.00015
Timesteps So Far: 57515
Iteration took: 91.41 secs
------------------------------------------------------


-------------------- Iteration #15 --------------------
Average Episodic Length: 28.51
Average Episodic Return: 19.139
Average Raw Episodic Return (without uncertainty penalty): 19.247
Average Loss: -0.00022
Average Critic Uncertainty: 0.00016
Timesteps So Far: 61649
Iteration took: 90.23 secs
------------------------------------------------------


-------------------- Iteration #16 --------------------
Average Episodic Length: 27.49
Average Episodic Return: 18.668
Average Raw Episodic Return (without uncertainty penalty): 18.77
Average Loss: -0.0008
Average Critic Uncertainty: 0.00017
Timesteps So Far: 65772
Iteration took: 89.1 secs
------------------------------------------------------


-------------------- Iteration #17 --------------------
Average Episodic Length: 30.28
Average Episodic Return: 20.161
Average Raw Episodic Return (without uncertainty penalty): 20.269
Average Loss: -0.00094
Average Critic Uncertainty: 0.00018
Timesteps So Far: 69921
Iteration took: 90.92 secs
------------------------------------------------------


-------------------- Iteration #18 --------------------
Average Episodic Length: 31.47
Average Episodic Return: 21.798
Average Raw Episodic Return (without uncertainty penalty): 21.918
Average Loss: -0.0
Average Critic Uncertainty: 0.00019
Timesteps So Far: 74043
Iteration took: 89.19 secs
------------------------------------------------------


-------------------- Iteration #19 --------------------
Average Episodic Length: 27.28
Average Episodic Return: 18.373
Average Raw Episodic Return (without uncertainty penalty): 18.465
Average Loss: -0.00076
Average Critic Uncertainty: 0.00019
Timesteps So Far: 78162
Iteration took: 88.26 secs
------------------------------------------------------


-------------------- Iteration #20 --------------------
Average Episodic Length: 31.3
Average Episodic Return: 21.259
Average Raw Episodic Return (without uncertainty penalty): 21.372
Average Loss: -0.00055
Average Critic Uncertainty: 0.00021
Timesteps So Far: 82262
Iteration took: 88.59 secs
------------------------------------------------------


-------------------- Iteration #21 --------------------
Average Episodic Length: 30.6
Average Episodic Return: 21.2
Average Raw Episodic Return (without uncertainty penalty): 21.31
Average Loss: -0.00028
Average Critic Uncertainty: 0.00023
Timesteps So Far: 86393
Iteration took: 549.62 secs
------------------------------------------------------


-------------------- Iteration #22 --------------------
Average Episodic Length: 30.1
Average Episodic Return: 20.243
Average Raw Episodic Return (without uncertainty penalty): 20.355
Average Loss: -0.00057
Average Critic Uncertainty: 0.00026
Timesteps So Far: 90517
Iteration took: 91.72 secs
------------------------------------------------------


-------------------- Iteration #23 --------------------
Average Episodic Length: 31.09
Average Episodic Return: 21.251
Average Raw Episodic Return (without uncertainty penalty): 21.365
Average Loss: -0.00062
Average Critic Uncertainty: 0.00028
Timesteps So Far: 94621
Iteration took: 89.09 secs
------------------------------------------------------


-------------------- Iteration #24 --------------------
Average Episodic Length: 31.73
Average Episodic Return: 21.8
Average Raw Episodic Return (without uncertainty penalty): 21.919
Average Loss: -0.00031
Average Critic Uncertainty: 0.00031
Timesteps So Far: 98746
Iteration took: 90.79 secs
------------------------------------------------------


-------------------- Iteration #25 --------------------
Average Episodic Length: 31.91
Average Episodic Return: 21.97
Average Raw Episodic Return (without uncertainty penalty): 22.084
Average Loss: -0.00026
Average Critic Uncertainty: 0.00034
Timesteps So Far: 102862
Iteration took: 88.81 secs
------------------------------------------------------

{"model": "uncertainty_aware_lambda_0.01", "config_name": "curriculum_stage_3_mixed_traffic", "total_timesteps": 100000, "train_seed": 34567, "eval_episodes": 50, "avg_episodic_return": 28.151326582181355, "avg_episodic_length": 43.18, "collision_rate": 1.0, "training_csv": "C:\\Users\\milke\\groupCoursework\\FYP\\experiment_runs\\meanmax_vs_uncertainty_3seeds_20260430_173848_seed34567\\uncertainty_aware_lambda_0.01\\uncertainty_aware_lambda_0.01_training.csv", "per_episode_csv": "C:\\Users\\milke\\groupCoursework\\FYP\\experiment_runs\\meanmax_vs_uncertainty_3seeds_20260430_173848_seed34567\\uncertainty_aware_lambda_0.01\\uncertainty_aware_lambda_0.01_per_episode.csv", "actor_path": "C:\\Users\\milke\\groupCoursework\\FYP\\experiment_runs\\meanmax_vs_uncertainty_3seeds_20260430_173848_seed34567\\uncertainty_aware_lambda_0.01\\uncertainty_aware_lambda_0.01_actor.pth", "critic_path": "C:\\Users\\milke\\groupCoursework\\FYP\\experiment_runs\\meanmax_vs_uncertainty_3seeds_20260430_173848_seed34567\\uncertainty_aware_lambda_0.01\\uncertainty_aware_lambda_0.01_critic.pth"}
