Run 3: training seed 34567
Config: curriculum_stage_3_mixed_traffic
Target timesteps: 300000
Evaluation seeds: 1000..1049 (50 episodes)
Output directory: C:\Users\milke\groupCoursework\FYP\experiment_runs\meanmax_3run_300k_parallel_20260504_172422\run_03_seed_34567
Successfully set seed to 34567
Learning... Running 300 timesteps per episode, 4096 timesteps per batch for a total of 300000 timesteps

-------------------- Iteration #1 --------------------
Average Episodic Length: 22.69
Average Episodic Return: 14.68
Average Loss: -0.00254
Timesteps So Far: 4130
Iteration took: 177.39 secs
------------------------------------------------------


-------------------- Iteration #2 --------------------
Average Episodic Length: 22.41
Average Episodic Return: 14.23
Average Loss: -0.00054
Timesteps So Far: 8231
Iteration took: 64.97 secs
------------------------------------------------------


-------------------- Iteration #3 --------------------
Average Episodic Length: 21.61
Average Episodic Return: 13.9
Average Loss: -0.00068
Timesteps So Far: 12337
Iteration took: 62.98 secs
------------------------------------------------------


-------------------- Iteration #4 --------------------
Average Episodic Length: 21.57
Average Episodic Return: 13.89
Average Loss: -0.00113
Timesteps So Far: 16435
Iteration took: 61.49 secs
------------------------------------------------------


-------------------- Iteration #5 --------------------
Average Episodic Length: 22.91
Average Episodic Return: 15.09
Average Loss: -0.00071
Timesteps So Far: 20535
Iteration took: 63.18 secs
------------------------------------------------------


-------------------- Iteration #6 --------------------
Average Episodic Length: 24.81
Average Episodic Return: 16.51
Average Loss: -0.00103
Timesteps So Far: 24654
Iteration took: 66.82 secs
------------------------------------------------------


-------------------- Iteration #7 --------------------
Average Episodic Length: 24.16
Average Episodic Return: 15.89
Average Loss: -0.00096
Timesteps So Far: 28762
Iteration took: 64.13 secs
------------------------------------------------------


-------------------- Iteration #8 --------------------
Average Episodic Length: 26.46
Average Episodic Return: 17.27
Average Loss: -0.00042
Timesteps So Far: 32889
Iteration took: 60.89 secs
------------------------------------------------------


-------------------- Iteration #9 --------------------
Average Episodic Length: 24.57
Average Episodic Return: 16.25
Average Loss: -0.00079
Timesteps So Far: 36993
Iteration took: 60.83 secs
------------------------------------------------------


-------------------- Iteration #10 --------------------
Average Episodic Length: 25.12
Average Episodic Return: 16.44
Average Loss: -0.00035
Timesteps So Far: 41113
Iteration took: 61.35 secs
------------------------------------------------------


-------------------- Iteration #11 --------------------
Average Episodic Length: 25.78
Average Episodic Return: 17.29
Average Loss: -0.00047
Timesteps So Far: 45212
Iteration took: 61.47 secs
------------------------------------------------------


-------------------- Iteration #12 --------------------
Average Episodic Length: 25.02
Average Episodic Return: 16.29
Average Loss: -0.00068
Timesteps So Far: 49315
Iteration took: 62.7 secs
------------------------------------------------------


-------------------- Iteration #13 --------------------
Average Episodic Length: 26.82
Average Episodic Return: 17.87
Average Loss: -0.0005
Timesteps So Far: 53445
Iteration took: 61.7 secs
------------------------------------------------------


-------------------- Iteration #14 --------------------
Average Episodic Length: 25.45
Average Episodic Return: 16.82
Average Loss: -0.00053
Timesteps So Far: 57568
Iteration took: 60.86 secs
------------------------------------------------------


-------------------- Iteration #15 --------------------
Average Episodic Length: 26.62
Average Episodic Return: 17.9
Average Loss: -0.00057
Timesteps So Far: 61694
Iteration took: 62.23 secs
------------------------------------------------------


-------------------- Iteration #16 --------------------
Average Episodic Length: 26.54
Average Episodic Return: 17.71
Average Loss: -0.0009
Timesteps So Far: 65808
Iteration took: 64.17 secs
------------------------------------------------------


-------------------- Iteration #17 --------------------
Average Episodic Length: 27.6
Average Episodic Return: 18.73
Average Loss: -0.00055
Timesteps So Far: 69920
Iteration took: 64.42 secs
------------------------------------------------------


-------------------- Iteration #18 --------------------
Average Episodic Length: 27.71
Average Episodic Return: 18.38
Average Loss: -0.00059
Timesteps So Far: 74021
Iteration took: 64.48 secs
------------------------------------------------------


-------------------- Iteration #19 --------------------
Average Episodic Length: 31.43
Average Episodic Return: 21.79
Average Loss: -0.00061
Timesteps So Far: 78138
Iteration took: 66.16 secs
------------------------------------------------------


-------------------- Iteration #20 --------------------
Average Episodic Length: 29.93
Average Episodic Return: 20.5
Average Loss: -0.0007
Timesteps So Far: 82239
Iteration took: 62.64 secs
------------------------------------------------------


-------------------- Iteration #21 --------------------
Average Episodic Length: 31.01
Average Episodic Return: 21.08
Average Loss: -0.00107
Timesteps So Far: 86363
Iteration took: 62.59 secs
------------------------------------------------------


-------------------- Iteration #22 --------------------
Average Episodic Length: 30.16
Average Episodic Return: 20.03
Average Loss: -0.00073
Timesteps So Far: 90465
Iteration took: 64.24 secs
------------------------------------------------------


-------------------- Iteration #23 --------------------
Average Episodic Length: 31.29
Average Episodic Return: 21.35
Average Loss: -0.00069
Timesteps So Far: 94564
Iteration took: 62.09 secs
------------------------------------------------------


-------------------- Iteration #24 --------------------
Average Episodic Length: 33.11
Average Episodic Return: 22.58
Average Loss: -0.00081
Timesteps So Far: 98703
Iteration took: 67.6 secs
------------------------------------------------------


-------------------- Iteration #25 --------------------
Average Episodic Length: 31.28
Average Episodic Return: 21.26
Average Loss: -0.00038
Timesteps So Far: 102801
Iteration took: 56.83 secs
------------------------------------------------------


-------------------- Iteration #26 --------------------
Average Episodic Length: 33.78
Average Episodic Return: 23.35
Average Loss: -0.00037
Timesteps So Far: 106922
Iteration took: 60.52 secs
------------------------------------------------------


-------------------- Iteration #27 --------------------
Average Episodic Length: 33.43
Average Episodic Return: 23.02
Average Loss: -0.00082
Timesteps So Far: 111034
Iteration took: 59.99 secs
------------------------------------------------------


-------------------- Iteration #28 --------------------
Average Episodic Length: 33.75
Average Episodic Return: 22.89
Average Loss: -0.0006
Timesteps So Far: 115151
Iteration took: 59.93 secs
------------------------------------------------------


-------------------- Iteration #29 --------------------
Average Episodic Length: 35.31
Average Episodic Return: 24.02
Average Loss: -0.00073
Timesteps So Far: 119317
Iteration took: 60.09 secs
------------------------------------------------------


-------------------- Iteration #30 --------------------
Average Episodic Length: 37.35
Average Episodic Return: 25.9
Average Loss: -0.00076
Timesteps So Far: 123425
Iteration took: 60.39 secs
------------------------------------------------------


-------------------- Iteration #31 --------------------
Average Episodic Length: 31.02
Average Episodic Return: 20.29
Average Loss: -0.00023
Timesteps So Far: 127550
Iteration took: 59.07 secs
------------------------------------------------------


-------------------- Iteration #32 --------------------
Average Episodic Length: 39.81
Average Episodic Return: 28.35
Average Loss: -0.00044
Timesteps So Far: 131650
Iteration took: 57.09 secs
------------------------------------------------------


-------------------- Iteration #33 --------------------
Average Episodic Length: 33.49
Average Episodic Return: 22.51
Average Loss: -0.00027
Timesteps So Far: 135769
Iteration took: 55.18 secs
------------------------------------------------------


-------------------- Iteration #34 --------------------
Average Episodic Length: 41.23
Average Episodic Return: 28.95
Average Loss: -0.00044
Timesteps So Far: 139892
Iteration took: 56.02 secs
------------------------------------------------------


-------------------- Iteration #35 --------------------
Average Episodic Length: 41.65
Average Episodic Return: 29.39
Average Loss: -0.00016
Timesteps So Far: 144057
Iteration took: 54.92 secs
------------------------------------------------------


-------------------- Iteration #36 --------------------
Average Episodic Length: 40.67
Average Episodic Return: 28.08
Average Loss: -0.00033
Timesteps So Far: 148165
Iteration took: 54.79 secs
------------------------------------------------------


-------------------- Iteration #37 --------------------
Average Episodic Length: 46.84
Average Episodic Return: 33.61
Average Loss: -0.0
Timesteps So Far: 152287
Iteration took: 55.18 secs
------------------------------------------------------


-------------------- Iteration #38 --------------------
Average Episodic Length: 38.74
Average Episodic Return: 27.21
Average Loss: -0.0004
Timesteps So Far: 156393
Iteration took: 54.54 secs
------------------------------------------------------


-------------------- Iteration #39 --------------------
Average Episodic Length: 48.17
Average Episodic Return: 34.82
Average Loss: 2e-05
Timesteps So Far: 160536
Iteration took: 55.52 secs
------------------------------------------------------


-------------------- Iteration #40 --------------------
Average Episodic Length: 40.23
Average Episodic Return: 28.38
Average Loss: -0.0004
Timesteps So Far: 164639
Iteration took: 54.84 secs
------------------------------------------------------


-------------------- Iteration #41 --------------------
Average Episodic Length: 41.28
Average Episodic Return: 29.28
Average Loss: -0.00067
Timesteps So Far: 168808
Iteration took: 55.1 secs
------------------------------------------------------


-------------------- Iteration #42 --------------------
Average Episodic Length: 42.3
Average Episodic Return: 29.71
Average Loss: -0.00014
Timesteps So Far: 172911
Iteration took: 54.87 secs
------------------------------------------------------


-------------------- Iteration #43 --------------------
Average Episodic Length: 41.75
Average Episodic Return: 29.8
Average Loss: -0.00016
Timesteps So Far: 177044
Iteration took: 56.9 secs
------------------------------------------------------


-------------------- Iteration #44 --------------------
Average Episodic Length: 44.15
Average Episodic Return: 31.46
Average Loss: -0.00044
Timesteps So Far: 181194
Iteration took: 56.62 secs
------------------------------------------------------


-------------------- Iteration #45 --------------------
Average Episodic Length: 42.86
Average Episodic Return: 30.39
Average Loss: -0.00067
Timesteps So Far: 185309
Iteration took: 57.22 secs
------------------------------------------------------


-------------------- Iteration #46 --------------------
Average Episodic Length: 40.36
Average Episodic Return: 28.11
Average Loss: -0.00098
Timesteps So Far: 189426
Iteration took: 55.92 secs
------------------------------------------------------


-------------------- Iteration #47 --------------------
Average Episodic Length: 47.92
Average Episodic Return: 34.09
Average Loss: 2e-05
Timesteps So Far: 193547
Iteration took: 56.65 secs
------------------------------------------------------


-------------------- Iteration #48 --------------------
Average Episodic Length: 48.93
Average Episodic Return: 35.13
Average Loss: -6e-05
Timesteps So Far: 197657
Iteration took: 58.08 secs
------------------------------------------------------


-------------------- Iteration #49 --------------------
Average Episodic Length: 45.09
Average Episodic Return: 31.93
Average Loss: -0.00026
Timesteps So Far: 201760
Iteration took: 56.42 secs
------------------------------------------------------


-------------------- Iteration #50 --------------------
Average Episodic Length: 43.4
Average Episodic Return: 31.48
Average Loss: -0.00058
Timesteps So Far: 205883
Iteration took: 56.4 secs
------------------------------------------------------


-------------------- Iteration #51 --------------------
Average Episodic Length: 43.2
Average Episodic Return: 29.87
Average Loss: -0.00118
Timesteps So Far: 209987
Iteration took: 56.45 secs
------------------------------------------------------


-------------------- Iteration #52 --------------------
Average Episodic Length: 45.26
Average Episodic Return: 31.71
Average Loss: -0.0001
Timesteps So Far: 214106
Iteration took: 56.38 secs
------------------------------------------------------


-------------------- Iteration #53 --------------------
Average Episodic Length: 48.39
Average Episodic Return: 34.4
Average Loss: 5e-05
Timesteps So Far: 218219
Iteration took: 55.51 secs
------------------------------------------------------


-------------------- Iteration #54 --------------------
Average Episodic Length: 51.26
Average Episodic Return: 37.32
Average Loss: -0.0001
Timesteps So Far: 222320
Iteration took: 58.56 secs
------------------------------------------------------


-------------------- Iteration #55 --------------------
Average Episodic Length: 55.17
Average Episodic Return: 39.43
Average Loss: -0.00046
Timesteps So Far: 226458
Iteration took: 56.21 secs
------------------------------------------------------


-------------------- Iteration #56 --------------------
Average Episodic Length: 57.07
Average Episodic Return: 42.36
Average Loss: -0.00045
Timesteps So Far: 230567
Iteration took: 54.85 secs
------------------------------------------------------


-------------------- Iteration #57 --------------------
Average Episodic Length: 56.38
Average Episodic Return: 40.83
Average Loss: -6e-05
Timesteps So Far: 234683
Iteration took: 55.6 secs
------------------------------------------------------


-------------------- Iteration #58 --------------------
Average Episodic Length: 63.29
Average Episodic Return: 47.69
Average Loss: -0.00029
Timesteps So Far: 238797
Iteration took: 54.83 secs
------------------------------------------------------


-------------------- Iteration #59 --------------------
Average Episodic Length: 58.51
Average Episodic Return: 42.08
Average Loss: -0.00014
Timesteps So Far: 242893
Iteration took: 55.65 secs
------------------------------------------------------


-------------------- Iteration #60 --------------------
Average Episodic Length: 59.11
Average Episodic Return: 42.98
Average Loss: -0.00028
Timesteps So Far: 247031
Iteration took: 55.95 secs
------------------------------------------------------


-------------------- Iteration #61 --------------------
Average Episodic Length: 60.37
Average Episodic Return: 44.08
Average Loss: -0.0
Timesteps So Far: 251136
Iteration took: 55.24 secs
------------------------------------------------------


-------------------- Iteration #62 --------------------
Average Episodic Length: 57.35
Average Episodic Return: 41.14
Average Loss: -3e-05
Timesteps So Far: 255265
Iteration took: 55.51 secs
------------------------------------------------------


-------------------- Iteration #63 --------------------
Average Episodic Length: 54.07
Average Episodic Return: 39.45
Average Loss: -0.00022
Timesteps So Far: 259374
Iteration took: 54.49 secs
------------------------------------------------------


-------------------- Iteration #64 --------------------
Average Episodic Length: 55.12
Average Episodic Return: 40.23
Average Loss: -0.00035
Timesteps So Far: 263508
Iteration took: 55.02 secs
------------------------------------------------------


-------------------- Iteration #65 --------------------
Average Episodic Length: 59.91
Average Episodic Return: 44.17
Average Loss: -0.00027
Timesteps So Far: 267642
Iteration took: 57.21 secs
------------------------------------------------------


-------------------- Iteration #66 --------------------
Average Episodic Length: 57.28
Average Episodic Return: 41.01
Average Loss: -0.00059
Timesteps So Far: 271766
Iteration took: 55.73 secs
------------------------------------------------------


-------------------- Iteration #67 --------------------
Average Episodic Length: 62.36
Average Episodic Return: 45.51
Average Loss: -1e-05
Timesteps So Far: 276069
Iteration took: 59.68 secs
------------------------------------------------------


-------------------- Iteration #68 --------------------
Average Episodic Length: 59.55
Average Episodic Return: 43.22
Average Loss: -0.00072
Timesteps So Far: 280178
Iteration took: 56.23 secs
------------------------------------------------------


-------------------- Iteration #69 --------------------
Average Episodic Length: 54.67
Average Episodic Return: 39.39
Average Loss: -0.00056
Timesteps So Far: 284278
Iteration took: 57.68 secs
------------------------------------------------------


-------------------- Iteration #70 --------------------
Average Episodic Length: 67.22
Average Episodic Return: 49.14
Average Loss: 0.00013
Timesteps So Far: 288513
Iteration took: 59.15 secs
------------------------------------------------------


-------------------- Iteration #71 --------------------
Average Episodic Length: 57.99
Average Episodic Return: 40.82
Average Loss: -0.0001
Timesteps So Far: 292630
Iteration took: 56.2 secs
------------------------------------------------------


-------------------- Iteration #72 --------------------
Average Episodic Length: 62.79
Average Episodic Return: 45.38
Average Loss: -0.00058
Timesteps So Far: 296774
Iteration took: 56.56 secs
------------------------------------------------------


-------------------- Iteration #73 --------------------
Average Episodic Length: 55.8
Average Episodic Return: 38.78
Average Loss: -0.00066
Timesteps So Far: 300959
Iteration took: 59.67 secs
------------------------------------------------------

Training CSV: C:\Users\milke\groupCoursework\FYP\experiment_runs\meanmax_3run_300k_parallel_20260504_172422\run_03_seed_34567\training_log.csv
Training summary CSV: C:\Users\milke\groupCoursework\FYP\experiment_runs\meanmax_3run_300k_parallel_20260504_172422\run_03_seed_34567\training_summary.csv
Evaluation per-episode CSV: C:\Users\milke\groupCoursework\FYP\experiment_runs\meanmax_3run_300k_parallel_20260504_172422\run_03_seed_34567\evaluation_per_episode.csv
Evaluation summary CSV: C:\Users\milke\groupCoursework\FYP\experiment_runs\meanmax_3run_300k_parallel_20260504_172422\run_03_seed_34567\evaluation_summary.csv
Actor checkpoint: C:\Users\milke\groupCoursework\FYP\experiment_runs\meanmax_3run_300k_parallel_20260504_172422\run_03_seed_34567\checkpoint_actor.pth
Critic checkpoint: C:\Users\milke\groupCoursework\FYP\experiment_runs\meanmax_3run_300k_parallel_20260504_172422\run_03_seed_34567\checkpoint_critic.pth
