Training seed: 12345
Config: curriculum_stage_2_easy_overtake
Target timesteps: 100000
Eval type: full
Evaluation seeds: 1000..1049 (50 episodes)
Output directory: C:\Users\milke\groupCoursework\FYP\experiment_runs\self_attention_stage2_lite_seed12345_rerun_100k_20260511_112712\seed12345
Successfully set seed to 12345
Learning... Running 300 timesteps per episode, 4096 timesteps per batch for a total of 100000 timesteps

-------------------- Iteration #1 --------------------
Average Episodic Length: 11.45
Average Episodic Return: 6.4
Average Loss: -0.00861
Timesteps So Far: 4098
Iteration took: 90.22 secs
------------------------------------------------------


-------------------- Iteration #2 --------------------
Average Episodic Length: 13.14
Average Episodic Return: 7.82
Average Loss: -0.00312
Timesteps So Far: 8210
Iteration took: 89.1 secs
------------------------------------------------------


-------------------- Iteration #3 --------------------
Average Episodic Length: 15.85
Average Episodic Return: 10.03
Average Loss: -0.00624
Timesteps So Far: 12332
Iteration took: 103.16 secs
------------------------------------------------------


-------------------- Iteration #4 --------------------
Average Episodic Length: 19.23
Average Episodic Return: 12.67
Average Loss: -0.00371
Timesteps So Far: 16428
Iteration took: 91.77 secs
------------------------------------------------------


-------------------- Iteration #5 --------------------
Average Episodic Length: 21.19
Average Episodic Return: 14.11
Average Loss: -0.00355
Timesteps So Far: 20539
Iteration took: 135.1 secs
------------------------------------------------------


-------------------- Iteration #6 --------------------
Average Episodic Length: 24.42
Average Episodic Return: 16.74
Average Loss: -0.00314
Timesteps So Far: 24642
Iteration took: 117.69 secs
------------------------------------------------------


-------------------- Iteration #7 --------------------
Average Episodic Length: 25.96
Average Episodic Return: 18.5
Average Loss: -0.00163
Timesteps So Far: 28770
Iteration took: 109.71 secs
------------------------------------------------------


-------------------- Iteration #8 --------------------
Average Episodic Length: 28.19
Average Episodic Return: 20.46
Average Loss: -0.0019
Timesteps So Far: 32886
Iteration took: 98.82 secs
------------------------------------------------------


-------------------- Iteration #9 --------------------
Average Episodic Length: 31.88
Average Episodic Return: 23.4
Average Loss: -0.00252
Timesteps So Far: 36998
Iteration took: 99.2 secs
------------------------------------------------------


-------------------- Iteration #10 --------------------
Average Episodic Length: 32.28
Average Episodic Return: 23.51
Average Loss: -0.00189
Timesteps So Far: 41097
Iteration took: 91.97 secs
------------------------------------------------------


-------------------- Iteration #11 --------------------
Average Episodic Length: 36.79
Average Episodic Return: 27.97
Average Loss: -0.00116
Timesteps So Far: 45218
Iteration took: 78.23 secs
------------------------------------------------------


-------------------- Iteration #12 --------------------
Average Episodic Length: 33.72
Average Episodic Return: 24.86
Average Loss: -0.00207
Timesteps So Far: 49332
Iteration took: 78.88 secs
------------------------------------------------------


-------------------- Iteration #13 --------------------
Average Episodic Length: 36.65
Average Episodic Return: 27.51
Average Loss: -0.00095
Timesteps So Far: 53473
Iteration took: 75.56 secs
------------------------------------------------------


-------------------- Iteration #14 --------------------
Average Episodic Length: 40.39
Average Episodic Return: 30.64
Average Loss: -0.00183
Timesteps So Far: 57593
Iteration took: 79.85 secs
------------------------------------------------------


-------------------- Iteration #15 --------------------
Average Episodic Length: 40.58
Average Episodic Return: 30.8
Average Loss: -0.00228
Timesteps So Far: 61692
Iteration took: 76.61 secs
------------------------------------------------------


-------------------- Iteration #16 --------------------
Average Episodic Length: 44.8
Average Episodic Return: 35.2
Average Loss: -0.00041
Timesteps So Far: 65814
Iteration took: 92.65 secs
------------------------------------------------------


-------------------- Iteration #17 --------------------
Average Episodic Length: 40.95
Average Episodic Return: 30.68
Average Loss: -0.00165
Timesteps So Far: 69950
Iteration took: 102.74 secs
------------------------------------------------------


-------------------- Iteration #18 --------------------
Average Episodic Length: 46.08
Average Episodic Return: 36.17
Average Loss: -0.00048
Timesteps So Far: 74143
Iteration took: 98.35 secs
------------------------------------------------------

