Training seed: 23456
Config: curriculum_stage_2_easy_overtake
Target timesteps: 100000
Eval type: full
Evaluation seeds: 1000..1049 (50 episodes)
Output directory: C:\Users\milke\groupCoursework\FYP\experiment_runs\self_attention_continuous_stage2_lite_100k_seed23456_20260506_192918
Successfully set seed to 23456
Learning... Running 300 timesteps per episode, 4096 timesteps per batch for a total of 100000 timesteps

-------------------- Iteration #1 --------------------
Average Episodic Length: 7.3
Average Episodic Return: 2.97
Average Loss: -0.01102
Timesteps So Far: 4097
Iteration took: 76.79 secs
------------------------------------------------------


-------------------- Iteration #2 --------------------
Average Episodic Length: 7.49
Average Episodic Return: 3.12
Average Loss: -0.00664
Timesteps So Far: 8196
Iteration took: 69.96 secs
------------------------------------------------------


-------------------- Iteration #3 --------------------
Average Episodic Length: 8.3
Average Episodic Return: 3.74
Average Loss: -0.01149
Timesteps So Far: 12294
Iteration took: 67.86 secs
------------------------------------------------------


-------------------- Iteration #4 --------------------
Average Episodic Length: 10.26
Average Episodic Return: 5.28
Average Loss: -0.01398
Timesteps So Far: 16399
Iteration took: 67.53 secs
------------------------------------------------------


-------------------- Iteration #5 --------------------
Average Episodic Length: 13.66
Average Episodic Return: 8.06
Average Loss: -0.01408
Timesteps So Far: 20511
Iteration took: 65.04 secs
------------------------------------------------------


-------------------- Iteration #6 --------------------
Average Episodic Length: 20.9
Average Episodic Return: 13.96
Average Loss: -0.00547
Timesteps So Far: 24607
Iteration took: 62.79 secs
------------------------------------------------------


-------------------- Iteration #7 --------------------
Average Episodic Length: 24.67
Average Episodic Return: 17.06
Average Loss: -0.00107
Timesteps So Far: 28703
Iteration took: 62.14 secs
------------------------------------------------------


-------------------- Iteration #8 --------------------
Average Episodic Length: 29.48
Average Episodic Return: 21.08
Average Loss: -0.0013
Timesteps So Far: 32830
Iteration took: 64.9 secs
------------------------------------------------------


-------------------- Iteration #9 --------------------
Average Episodic Length: 29.53
Average Episodic Return: 21.39
Average Loss: -0.00102
Timesteps So Far: 36935
Iteration took: 81.38 secs
------------------------------------------------------


-------------------- Iteration #10 --------------------
Average Episodic Length: 29.6
Average Episodic Return: 21.29
Average Loss: -0.00195
Timesteps So Far: 41050
Iteration took: 67.46 secs
------------------------------------------------------


-------------------- Iteration #11 --------------------
Average Episodic Length: 27.94
Average Episodic Return: 20.08
Average Loss: -0.00144
Timesteps So Far: 45157
Iteration took: 72.03 secs
------------------------------------------------------


-------------------- Iteration #12 --------------------
Average Episodic Length: 31.82
Average Episodic Return: 22.96
Average Loss: -0.0022
Timesteps So Far: 49262
Iteration took: 56.63 secs
------------------------------------------------------


-------------------- Iteration #13 --------------------
Average Episodic Length: 35.72
Average Episodic Return: 26.15
Average Loss: -0.00047
Timesteps So Far: 53370
Iteration took: 52.23 secs
------------------------------------------------------


-------------------- Iteration #14 --------------------
Average Episodic Length: 39.87
Average Episodic Return: 29.33
Average Loss: -0.002
Timesteps So Far: 57516
Iteration took: 51.69 secs
------------------------------------------------------


-------------------- Iteration #15 --------------------
Average Episodic Length: 41.57
Average Episodic Return: 31.16
Average Loss: -0.00066
Timesteps So Far: 61631
Iteration took: 54.64 secs
------------------------------------------------------


-------------------- Iteration #16 --------------------
Average Episodic Length: 44.68
Average Episodic Return: 33.46
Average Loss: -0.00229
Timesteps So Far: 65786
Iteration took: 52.51 secs
------------------------------------------------------


-------------------- Iteration #17 --------------------
Average Episodic Length: 39.42
Average Episodic Return: 28.9
Average Loss: -0.00264
Timesteps So Far: 69886
Iteration took: 51.58 secs
------------------------------------------------------


-------------------- Iteration #18 --------------------
Average Episodic Length: 52.06
Average Episodic Return: 39.57
Average Loss: -0.00119
Timesteps So Far: 73999
Iteration took: 50.94 secs
------------------------------------------------------


-------------------- Iteration #19 --------------------
Average Episodic Length: 55.52
Average Episodic Return: 41.94
Average Loss: -0.00152
Timesteps So Far: 78163
Iteration took: 51.93 secs
------------------------------------------------------


-------------------- Iteration #20 --------------------
Average Episodic Length: 53.59
Average Episodic Return: 40.13
Average Loss: -0.00059
Timesteps So Far: 82343
Iteration took: 50.51 secs
------------------------------------------------------


-------------------- Iteration #21 --------------------
Average Episodic Length: 52.94
Average Episodic Return: 40.42
Average Loss: -0.00124
Timesteps So Far: 86472
Iteration took: 53.48 secs
------------------------------------------------------


-------------------- Iteration #22 --------------------
Average Episodic Length: 55.88
Average Episodic Return: 42.31
Average Loss: -0.00202
Timesteps So Far: 90607
Iteration took: 61.33 secs
------------------------------------------------------


-------------------- Iteration #23 --------------------
Average Episodic Length: 63.15
Average Episodic Return: 48.31
Average Loss: -0.00148
Timesteps So Far: 94901
Iteration took: 62.46 secs
------------------------------------------------------


-------------------- Iteration #24 --------------------
Average Episodic Length: 71.45
Average Episodic Return: 54.71
Average Loss: -0.00065
Timesteps So Far: 99188
Iteration took: 71.35 secs
------------------------------------------------------


-------------------- Iteration #25 --------------------
Average Episodic Length: 83.78
Average Episodic Return: 66.03
Average Loss: -0.00052
Timesteps So Far: 103293
Iteration took: 86.97 secs
------------------------------------------------------

Training CSV: C:\Users\milke\groupCoursework\FYP\experiment_runs\self_attention_continuous_stage2_lite_100k_seed23456_20260506_192918\training_log.csv
Training summary CSV: C:\Users\milke\groupCoursework\FYP\experiment_runs\self_attention_continuous_stage2_lite_100k_seed23456_20260506_192918\training_summary.csv
Evaluation per-episode CSV: C:\Users\milke\groupCoursework\FYP\experiment_runs\self_attention_continuous_stage2_lite_100k_seed23456_20260506_192918\evaluation_per_episode.csv
Evaluation summary CSV: C:\Users\milke\groupCoursework\FYP\experiment_runs\self_attention_continuous_stage2_lite_100k_seed23456_20260506_192918\evaluation_summary.csv
Actor checkpoint: C:\Users\milke\groupCoursework\FYP\experiment_runs\self_attention_continuous_stage2_lite_100k_seed23456_20260506_192918\checkpoint_actor.pth
Critic checkpoint: C:\Users\milke\groupCoursework\FYP\experiment_runs\self_attention_continuous_stage2_lite_100k_seed23456_20260506_192918\checkpoint_critic.pth
