Learning... Running 300 timesteps per episode, 4096 timesteps per batch for a total of 100000 timesteps

-------------------- Iteration #1 --------------------
Average Episodic Length: 22.69
Average Episodic Return: 14.68
Average Loss: -0.00254
Timesteps So Far: 4130
Iteration took: 57.78 secs
------------------------------------------------------


-------------------- Iteration #2 --------------------
Average Episodic Length: 22.41
Average Episodic Return: 14.23
Average Loss: -0.00054
Timesteps So Far: 8231
Iteration took: 57.97 secs
------------------------------------------------------


-------------------- Iteration #3 --------------------
Average Episodic Length: 21.61
Average Episodic Return: 13.9
Average Loss: -0.00068
Timesteps So Far: 12337
Iteration took: 57.55 secs
------------------------------------------------------


-------------------- Iteration #4 --------------------
Average Episodic Length: 21.57
Average Episodic Return: 13.89
Average Loss: -0.00113
Timesteps So Far: 16435
Iteration took: 57.8 secs
------------------------------------------------------


-------------------- Iteration #5 --------------------
Average Episodic Length: 22.91
Average Episodic Return: 15.09
Average Loss: -0.00071
Timesteps So Far: 20535
Iteration took: 59.9 secs
------------------------------------------------------


-------------------- Iteration #6 --------------------
Average Episodic Length: 24.81
Average Episodic Return: 16.51
Average Loss: -0.00103
Timesteps So Far: 24654
Iteration took: 59.94 secs
------------------------------------------------------


-------------------- Iteration #7 --------------------
Average Episodic Length: 24.16
Average Episodic Return: 15.89
Average Loss: -0.00096
Timesteps So Far: 28762
Iteration took: 58.34 secs
------------------------------------------------------


-------------------- Iteration #8 --------------------
Average Episodic Length: 26.46
Average Episodic Return: 17.27
Average Loss: -0.00042
Timesteps So Far: 32889
Iteration took: 58.29 secs
------------------------------------------------------


-------------------- Iteration #9 --------------------
Average Episodic Length: 24.57
Average Episodic Return: 16.25
Average Loss: -0.00079
Timesteps So Far: 36993
Iteration took: 57.97 secs
------------------------------------------------------


-------------------- Iteration #10 --------------------
Average Episodic Length: 25.12
Average Episodic Return: 16.44
Average Loss: -0.00035
Timesteps So Far: 41113
Iteration took: 56.92 secs
------------------------------------------------------


-------------------- Iteration #11 --------------------
Average Episodic Length: 25.78
Average Episodic Return: 17.29
Average Loss: -0.00047
Timesteps So Far: 45212
Iteration took: 56.96 secs
------------------------------------------------------


-------------------- Iteration #12 --------------------
Average Episodic Length: 25.02
Average Episodic Return: 16.29
Average Loss: -0.00068
Timesteps So Far: 49315
Iteration took: 57.26 secs
------------------------------------------------------


-------------------- Iteration #13 --------------------
Average Episodic Length: 26.82
Average Episodic Return: 17.87
Average Loss: -0.00049
Timesteps So Far: 53445
Iteration took: 57.34 secs
------------------------------------------------------


-------------------- Iteration #14 --------------------
Average Episodic Length: 25.45
Average Episodic Return: 16.82
Average Loss: -0.00053
Timesteps So Far: 57568
Iteration took: 56.62 secs
------------------------------------------------------


-------------------- Iteration #15 --------------------
Average Episodic Length: 26.62
Average Episodic Return: 17.9
Average Loss: -0.00057
Timesteps So Far: 61694
Iteration took: 51.63 secs
------------------------------------------------------


-------------------- Iteration #16 --------------------
Average Episodic Length: 26.54
Average Episodic Return: 17.71
Average Loss: -0.0009
Timesteps So Far: 65808
Iteration took: 49.35 secs
------------------------------------------------------


-------------------- Iteration #17 --------------------
Average Episodic Length: 27.6
Average Episodic Return: 18.73
Average Loss: -0.00055
Timesteps So Far: 69920
Iteration took: 52.06 secs
------------------------------------------------------


-------------------- Iteration #18 --------------------
Average Episodic Length: 27.71
Average Episodic Return: 18.38
Average Loss: -0.00059
Timesteps So Far: 74021
Iteration took: 41.63 secs
------------------------------------------------------


-------------------- Iteration #19 --------------------
Average Episodic Length: 31.43
Average Episodic Return: 21.79
Average Loss: -0.00061
Timesteps So Far: 78138
Iteration took: 41.46 secs
------------------------------------------------------


-------------------- Iteration #20 --------------------
Average Episodic Length: 29.93
Average Episodic Return: 20.5
Average Loss: -0.0007
Timesteps So Far: 82239
Iteration took: 41.18 secs
------------------------------------------------------


-------------------- Iteration #21 --------------------
Average Episodic Length: 31.01
Average Episodic Return: 21.08
Average Loss: -0.00107
Timesteps So Far: 86363
Iteration took: 40.48 secs
------------------------------------------------------


-------------------- Iteration #22 --------------------
Average Episodic Length: 30.16
Average Episodic Return: 20.03
Average Loss: -0.00073
Timesteps So Far: 90465
Iteration took: 41.04 secs
------------------------------------------------------


-------------------- Iteration #23 --------------------
Average Episodic Length: 31.29
Average Episodic Return: 21.35
Average Loss: -0.00069
Timesteps So Far: 94564
Iteration took: 40.65 secs
------------------------------------------------------


-------------------- Iteration #24 --------------------
Average Episodic Length: 33.11
Average Episodic Return: 22.58
Average Loss: -0.00081
Timesteps So Far: 98703
Iteration took: 40.71 secs
------------------------------------------------------


-------------------- Iteration #25 --------------------
Average Episodic Length: 31.28
Average Episodic Return: 21.26
Average Loss: -0.00038
Timesteps So Far: 102801
Iteration took: 40.41 secs
------------------------------------------------------

{"model": "deep_sets_mean_max_baseline", "config_name": "curriculum_stage_3_mixed_traffic", "total_timesteps": 100000, "train_seed": 34567, "eval_episodes": 50, "avg_episodic_return": 26.42860756984975, "avg_episodic_length": 42.2, "collision_rate": 1.0, "training_csv": "C:\\Users\\milke\\groupCoursework\\FYP\\experiment_runs\\meanmax_vs_uncertainty_3seeds_20260430_173848_seed34567\\deep_sets_mean_max_baseline\\deep_sets_mean_max_baseline_training.csv", "per_episode_csv": "C:\\Users\\milke\\groupCoursework\\FYP\\experiment_runs\\meanmax_vs_uncertainty_3seeds_20260430_173848_seed34567\\deep_sets_mean_max_baseline\\deep_sets_mean_max_baseline_per_episode.csv", "actor_path": "C:\\Users\\milke\\groupCoursework\\FYP\\experiment_runs\\meanmax_vs_uncertainty_3seeds_20260430_173848_seed34567\\deep_sets_mean_max_baseline\\deep_sets_mean_max_baseline_actor.pth", "critic_path": "C:\\Users\\milke\\groupCoursework\\FYP\\experiment_runs\\meanmax_vs_uncertainty_3seeds_20260430_173848_seed34567\\deep_sets_mean_max_baseline\\deep_sets_mean_max_baseline_critic.pth"}
