Training seed: 45678
Config: curriculum_stage_2_easy_overtake
Target timesteps: 100000
Eval type: full
Evaluation seeds: 1000..1049 (50 episodes)
Output directory: C:\Users\milke\groupCoursework\FYP\experiment_runs\meanmax_continuous_stage2_lite_100k_seed45678_20260507_104515
Successfully set seed to 45678
Learning... Running 300 timesteps per episode, 4096 timesteps per batch for a total of 100000 timesteps

-------------------- Iteration #1 --------------------
Average Episodic Length: 14.59
Average Episodic Return: 8.9
Average Loss: -0.00575
Timesteps So Far: 4099
Iteration took: 61.57 secs
------------------------------------------------------


-------------------- Iteration #2 --------------------
Average Episodic Length: 16.19
Average Episodic Return: 10.06
Average Loss: -0.00529
Timesteps So Far: 8196
Iteration took: 62.81 secs
------------------------------------------------------


-------------------- Iteration #3 --------------------
Average Episodic Length: 17.19
Average Episodic Return: 10.86
Average Loss: -0.00455
Timesteps So Far: 12322
Iteration took: 46.35 secs
------------------------------------------------------


-------------------- Iteration #4 --------------------
Average Episodic Length: 21.4
Average Episodic Return: 14.19
Average Loss: -0.00369
Timesteps So Far: 16430
Iteration took: 58.45 secs
------------------------------------------------------


-------------------- Iteration #5 --------------------
Average Episodic Length: 22.03
Average Episodic Return: 14.67
Average Loss: -0.00378
Timesteps So Far: 20527
Iteration took: 60.3 secs
------------------------------------------------------


-------------------- Iteration #6 --------------------
Average Episodic Length: 23.54
Average Episodic Return: 15.75
Average Loss: -0.00187
Timesteps So Far: 24647
Iteration took: 58.08 secs
------------------------------------------------------


-------------------- Iteration #7 --------------------
Average Episodic Length: 26.73
Average Episodic Return: 18.43
Average Loss: -0.00071
Timesteps So Far: 28764
Iteration took: 57.87 secs
------------------------------------------------------


-------------------- Iteration #8 --------------------
Average Episodic Length: 28.33
Average Episodic Return: 20.08
Average Loss: -0.00064
Timesteps So Far: 32872
Iteration took: 54.01 secs
------------------------------------------------------


-------------------- Iteration #9 --------------------
Average Episodic Length: 27.31
Average Episodic Return: 18.99
Average Loss: -0.00063
Timesteps So Far: 36968
Iteration took: 59.21 secs
------------------------------------------------------


-------------------- Iteration #10 --------------------
Average Episodic Length: 30.57
Average Episodic Return: 21.57
Average Loss: -0.0008
Timesteps So Far: 41064
Iteration took: 72.63 secs
------------------------------------------------------


-------------------- Iteration #11 --------------------
Average Episodic Length: 32.66
Average Episodic Return: 23.24
Average Loss: -0.00079
Timesteps So Far: 45179
Iteration took: 67.21 secs
------------------------------------------------------


-------------------- Iteration #12 --------------------
Average Episodic Length: 31.03
Average Episodic Return: 22.25
Average Loss: -0.00069
Timesteps So Far: 49275
Iteration took: 65.57 secs
------------------------------------------------------


-------------------- Iteration #13 --------------------
Average Episodic Length: 32.09
Average Episodic Return: 23.23
Average Loss: -0.00061
Timesteps So Far: 53382
Iteration took: 66.3 secs
------------------------------------------------------


-------------------- Iteration #14 --------------------
Average Episodic Length: 31.91
Average Episodic Return: 23.04
Average Loss: -0.0005
Timesteps So Far: 57530
Iteration took: 67.31 secs
------------------------------------------------------


-------------------- Iteration #15 --------------------
Average Episodic Length: 34.64
Average Episodic Return: 25.2
Average Loss: -0.00041
Timesteps So Far: 61652
Iteration took: 59.63 secs
------------------------------------------------------


-------------------- Iteration #16 --------------------
Average Episodic Length: 37.35
Average Episodic Return: 27.76
Average Loss: -0.0006
Timesteps So Far: 65761
Iteration took: 56.78 secs
------------------------------------------------------


-------------------- Iteration #17 --------------------
Average Episodic Length: 34.22
Average Episodic Return: 24.95
Average Loss: -0.00075
Timesteps So Far: 69902
Iteration took: 49.19 secs
------------------------------------------------------


-------------------- Iteration #18 --------------------
Average Episodic Length: 35.9
Average Episodic Return: 26.15
Average Loss: -0.00061
Timesteps So Far: 74102
Iteration took: 62.13 secs
------------------------------------------------------


-------------------- Iteration #19 --------------------
Average Episodic Length: 37.25
Average Episodic Return: 27.59
Average Loss: -0.0004
Timesteps So Far: 78274
Iteration took: 62.77 secs
------------------------------------------------------


-------------------- Iteration #20 --------------------
Average Episodic Length: 38.36
Average Episodic Return: 28.02
Average Loss: -0.0006
Timesteps So Far: 82379
Iteration took: 63.8 secs
------------------------------------------------------


-------------------- Iteration #21 --------------------
Average Episodic Length: 41.51
Average Episodic Return: 30.5
Average Loss: -0.00101
Timesteps So Far: 86488
Iteration took: 56.6 secs
------------------------------------------------------


-------------------- Iteration #22 --------------------
Average Episodic Length: 39.63
Average Episodic Return: 29.07
Average Loss: -0.00019
Timesteps So Far: 90610
Iteration took: 57.33 secs
------------------------------------------------------


-------------------- Iteration #23 --------------------
Average Episodic Length: 46.11
Average Episodic Return: 34.81
Average Loss: -0.00041
Timesteps So Far: 94714
Iteration took: 53.82 secs
------------------------------------------------------


-------------------- Iteration #24 --------------------
Average Episodic Length: 39.11
Average Episodic Return: 28.31
Average Loss: -0.00028
Timesteps So Far: 98821
Iteration took: 55.32 secs
------------------------------------------------------


-------------------- Iteration #25 --------------------
Average Episodic Length: 45.58
Average Episodic Return: 33.97
Average Loss: -0.00025
Timesteps So Far: 102923
Iteration took: 58.99 secs
------------------------------------------------------

Training CSV: C:\Users\milke\groupCoursework\FYP\experiment_runs\meanmax_continuous_stage2_lite_100k_seed45678_20260507_104515\training_log.csv
Training summary CSV: C:\Users\milke\groupCoursework\FYP\experiment_runs\meanmax_continuous_stage2_lite_100k_seed45678_20260507_104515\training_summary.csv
Evaluation per-episode CSV: C:\Users\milke\groupCoursework\FYP\experiment_runs\meanmax_continuous_stage2_lite_100k_seed45678_20260507_104515\evaluation_per_episode.csv
Evaluation summary CSV: C:\Users\milke\groupCoursework\FYP\experiment_runs\meanmax_continuous_stage2_lite_100k_seed45678_20260507_104515\evaluation_summary.csv
Actor checkpoint: C:\Users\milke\groupCoursework\FYP\experiment_runs\meanmax_continuous_stage2_lite_100k_seed45678_20260507_104515\checkpoint_actor.pth
Critic checkpoint: C:\Users\milke\groupCoursework\FYP\experiment_runs\meanmax_continuous_stage2_lite_100k_seed45678_20260507_104515\checkpoint_critic.pth
