Env: highway-v0
Config: highway_v0_stage_2_benchmark_v4
Training seed: 23456
Target timesteps: 100000
Eval type: full
Eval action mode: safeguarded
Safeguard threshold: 0.001
MC samples: 5
Observation space: (83,)
Evaluation seeds: 1000..1049 (50 episodes)
Output directory: C:\Users\milke\groupCoursework\FYP\experiment_runs\uncertainty2_self_attention_highwayv0_v4_3run_100k_20260511_192540\uncertainty2_self_attention_threshold\seed23456
Successfully set seed to 23456
Learning... Running 300 timesteps per episode, 4096 timesteps per batch for a total of 100000 timesteps
the uncertainty penalty lambda is 0.01
C:\Users\milke\miniconda3\envs\highway\Lib\site-packages\numpy\core\fromnumeric.py:3504: RuntimeWarning: Mean of empty slice.
  return _methods._mean(a, axis=axis, dtype=dtype,
C:\Users\milke\miniconda3\envs\highway\Lib\site-packages\numpy\core\_methods.py:129: RuntimeWarning: invalid value encountered in scalar divide
  ret = ret.dtype.type(ret / rcount)

-------------------- Iteration #1 --------------------
Average Episodic Length: 8.09
Average Episodic Return: 4.046
Average Raw Episodic Return (without uncertainty penalty): 0.0
Average Loss: -0.00927
Average Critic Uncertainty: nan
Timesteps So Far: 4100
Iteration took: 144.29 secs
------------------------------------------------------


-------------------- Iteration #2 --------------------
Average Episodic Length: 8.07
Average Episodic Return: 4.039
Average Raw Episodic Return (without uncertainty penalty): 0.0
Average Loss: -0.00859
Average Critic Uncertainty: nan
Timesteps So Far: 8206
Iteration took: 152.64 secs
------------------------------------------------------


-------------------- Iteration #3 --------------------
Average Episodic Length: 9.14
Average Episodic Return: 4.973
Average Raw Episodic Return (without uncertainty penalty): 0.0
Average Loss: -0.0103
Average Critic Uncertainty: nan
Timesteps So Far: 12308
Iteration took: 173.07 secs
------------------------------------------------------


-------------------- Iteration #4 --------------------
Average Episodic Length: 11.09
Average Episodic Return: 6.678
Average Raw Episodic Return (without uncertainty penalty): 0.0
Average Loss: -0.01371
Average Critic Uncertainty: nan
Timesteps So Far: 16411
Iteration took: 147.04 secs
------------------------------------------------------


-------------------- Iteration #5 --------------------
Average Episodic Length: 14.58
Average Episodic Return: 9.722
Average Raw Episodic Return (without uncertainty penalty): 0.0
Average Loss: -0.01396
Average Critic Uncertainty: nan
Timesteps So Far: 20536
Iteration took: 137.79 secs
------------------------------------------------------


-------------------- Iteration #6 --------------------
Average Episodic Length: 25.32
Average Episodic Return: 19.05
Average Raw Episodic Return (without uncertainty penalty): 0.0
Average Loss: -0.00808
Average Critic Uncertainty: nan
Timesteps So Far: 24638
Iteration took: 134.91 secs
------------------------------------------------------


-------------------- Iteration #7 --------------------
Average Episodic Length: 36.02
Average Episodic Return: 28.189
Average Raw Episodic Return (without uncertainty penalty): 0.0
Average Loss: -0.00263
Average Critic Uncertainty: nan
Timesteps So Far: 28744
Iteration took: 134.18 secs
------------------------------------------------------


-------------------- Iteration #8 --------------------
Average Episodic Length: 35.68
Average Episodic Return: 27.865
Average Raw Episodic Return (without uncertainty penalty): 0.0
Average Loss: -0.00037
Average Critic Uncertainty: nan
Timesteps So Far: 32847
Iteration took: 136.13 secs
------------------------------------------------------


-------------------- Iteration #9 --------------------
Average Episodic Length: 36.62
Average Episodic Return: 28.681
Average Raw Episodic Return (without uncertainty penalty): 0.0
Average Loss: -0.00169
Average Critic Uncertainty: nan
Timesteps So Far: 36948
Iteration took: 137.02 secs
------------------------------------------------------


-------------------- Iteration #10 --------------------
Average Episodic Length: 36.4
Average Episodic Return: 28.548
Average Raw Episodic Return (without uncertainty penalty): 0.0
Average Loss: -0.00072
Average Critic Uncertainty: nan
Timesteps So Far: 41061
Iteration took: 137.65 secs
------------------------------------------------------


-------------------- Iteration #11 --------------------
Average Episodic Length: 40.59
Average Episodic Return: 32.435
Average Raw Episodic Return (without uncertainty penalty): 0.0
Average Loss: -0.0007
Average Critic Uncertainty: nan
Timesteps So Far: 45161
Iteration took: 141.69 secs
------------------------------------------------------


-------------------- Iteration #12 --------------------
Average Episodic Length: 41.83
Average Episodic Return: 33.421
Average Raw Episodic Return (without uncertainty penalty): 0.0
Average Loss: -0.00086
Average Critic Uncertainty: nan
Timesteps So Far: 49260
Iteration took: 139.24 secs
------------------------------------------------------


-------------------- Iteration #13 --------------------
Average Episodic Length: 44.64
Average Episodic Return: 35.562
Average Raw Episodic Return (without uncertainty penalty): 0.0
Average Loss: -0.00232
Average Critic Uncertainty: nan
Timesteps So Far: 53367
Iteration took: 137.22 secs
------------------------------------------------------


-------------------- Iteration #14 --------------------
Average Episodic Length: 48.93
Average Episodic Return: 39.208
Average Raw Episodic Return (without uncertainty penalty): 0.0
Average Loss: -0.00067
Average Critic Uncertainty: nan
Timesteps So Far: 57477
Iteration took: 134.8 secs
------------------------------------------------------


-------------------- Iteration #15 --------------------
Average Episodic Length: 57.85
Average Episodic Return: 46.652
Average Raw Episodic Return (without uncertainty penalty): 0.0
Average Loss: -0.001
Average Critic Uncertainty: nan
Timesteps So Far: 61584
Iteration took: 135.59 secs
------------------------------------------------------


-------------------- Iteration #16 --------------------
Average Episodic Length: 57.73
Average Episodic Return: 46.517
Average Raw Episodic Return (without uncertainty penalty): 0.0
Average Loss: -0.00088
Average Critic Uncertainty: nan
Timesteps So Far: 65683
Iteration took: 138.7 secs
------------------------------------------------------


-------------------- Iteration #17 --------------------
Average Episodic Length: 60.94
Average Episodic Return: 49.031
Average Raw Episodic Return (without uncertainty penalty): 0.0
Average Loss: -0.00117
Average Critic Uncertainty: nan
Timesteps So Far: 69827
Iteration took: 136.87 secs
------------------------------------------------------


-------------------- Iteration #18 --------------------
Average Episodic Length: 77.57
Average Episodic Return: 62.994
Average Raw Episodic Return (without uncertainty penalty): 0.0
Average Loss: -0.00032
Average Critic Uncertainty: nan
Timesteps So Far: 73938
Iteration took: 135.94 secs
------------------------------------------------------


-------------------- Iteration #19 --------------------
Average Episodic Length: 78.13
Average Episodic Return: 63.304
Average Raw Episodic Return (without uncertainty penalty): 0.0
Average Loss: -0.00069
Average Critic Uncertainty: nan
Timesteps So Far: 78079
Iteration took: 132.78 secs
------------------------------------------------------


-------------------- Iteration #20 --------------------
Average Episodic Length: 76.82
Average Episodic Return: 62.253
Average Raw Episodic Return (without uncertainty penalty): 0.0
Average Loss: -0.0007
Average Critic Uncertainty: nan
Timesteps So Far: 82304
Iteration took: 131.81 secs
------------------------------------------------------


-------------------- Iteration #21 --------------------
Average Episodic Length: 86.77
Average Episodic Return: 70.671
Average Raw Episodic Return (without uncertainty penalty): 0.0
Average Loss: -0.00106
Average Critic Uncertainty: nan
Timesteps So Far: 86469
Iteration took: 130.01 secs
------------------------------------------------------


-------------------- Iteration #22 --------------------
Average Episodic Length: 115.95
Average Episodic Return: 95.127
Average Raw Episodic Return (without uncertainty penalty): 0.0
Average Loss: -0.00108
Average Critic Uncertainty: nan
Timesteps So Far: 90759
Iteration took: 133.6 secs
------------------------------------------------------


-------------------- Iteration #23 --------------------
Average Episodic Length: 87.94
Average Episodic Return: 71.752
Average Raw Episodic Return (without uncertainty penalty): 0.0
Average Loss: -0.00055
Average Critic Uncertainty: nan
Timesteps So Far: 94892
Iteration took: 129.56 secs
------------------------------------------------------


-------------------- Iteration #24 --------------------
Average Episodic Length: 99.71
Average Episodic Return: 81.803
Average Raw Episodic Return (without uncertainty penalty): 0.0
Average Loss: -0.00196
Average Critic Uncertainty: nan
Timesteps So Far: 99080
Iteration took: 132.94 secs
------------------------------------------------------


-------------------- Iteration #25 --------------------
Average Episodic Length: 165.44
Average Episodic Return: 136.886
Average Raw Episodic Return (without uncertainty penalty): 0.0
Average Loss: -0.00136
Average Critic Uncertainty: nan
Timesteps So Far: 103216
Iteration took: 130.51 secs
------------------------------------------------------

Training CSV: C:\Users\milke\groupCoursework\FYP\experiment_runs\uncertainty2_self_attention_highwayv0_v4_3run_100k_20260511_192540\uncertainty2_self_attention_threshold\seed23456\training_log.csv
Training summary CSV: C:\Users\milke\groupCoursework\FYP\experiment_runs\uncertainty2_self_attention_highwayv0_v4_3run_100k_20260511_192540\uncertainty2_self_attention_threshold\seed23456\training_summary.csv
Evaluation per-episode CSV: C:\Users\milke\groupCoursework\FYP\experiment_runs\uncertainty2_self_attention_highwayv0_v4_3run_100k_20260511_192540\uncertainty2_self_attention_threshold\seed23456\evaluation_per_episode.csv
Evaluation summary CSV: C:\Users\milke\groupCoursework\FYP\experiment_runs\uncertainty2_self_attention_highwayv0_v4_3run_100k_20260511_192540\uncertainty2_self_attention_threshold\seed23456\evaluation_summary.csv
Actor checkpoint: C:\Users\milke\groupCoursework\FYP\experiment_runs\uncertainty2_self_attention_highwayv0_v4_3run_100k_20260511_192540\uncertainty2_self_attention_threshold\seed23456\checkpoint_actor.pth
Critic checkpoint: C:\Users\milke\groupCoursework\FYP\experiment_runs\uncertainty2_self_attention_highwayv0_v4_3run_100k_20260511_192540\uncertainty2_self_attention_threshold\seed23456\checkpoint_critic.pth
