Training seed: 56789
Config: curriculum_stage_2_easy_overtake
Target timesteps: 200000
Eval type: full
Evaluation seeds: 1000..1049 (50 episodes)
Output directory: C:\Users\milke\groupCoursework\FYP\experiment_runs\deepsets_mean_stage2_5x200k_resume_20260508_101417\seed56789
Successfully set seed to 56789
Learning... Running 300 timesteps per episode, 4096 timesteps per batch for a total of 200000 timesteps

-------------------- Iteration #1 --------------------
Average Episodic Length: 18.85
Average Episodic Return: 11.38
Average Loss: -0.00285
Timesteps So Far: 4110
Iteration took: 68.13 secs
------------------------------------------------------


-------------------- Iteration #2 --------------------
Average Episodic Length: 21.01
Average Episodic Return: 13.27
Average Loss: -0.00148
Timesteps So Far: 8206
Iteration took: 68.23 secs
------------------------------------------------------


-------------------- Iteration #3 --------------------
Average Episodic Length: 21.24
Average Episodic Return: 13.21
Average Loss: -0.00081
Timesteps So Far: 12305
Iteration took: 67.81 secs
------------------------------------------------------


-------------------- Iteration #4 --------------------
Average Episodic Length: 22.65
Average Episodic Return: 14.55
Average Loss: -0.00066
Timesteps So Far: 16405
Iteration took: 67.56 secs
------------------------------------------------------


-------------------- Iteration #5 --------------------
Average Episodic Length: 23.0
Average Episodic Return: 14.97
Average Loss: -0.00075
Timesteps So Far: 20522
Iteration took: 67.78 secs
------------------------------------------------------


-------------------- Iteration #6 --------------------
Average Episodic Length: 24.12
Average Episodic Return: 15.9
Average Loss: -0.00082
Timesteps So Far: 24695
Iteration took: 68.07 secs
------------------------------------------------------


-------------------- Iteration #7 --------------------
Average Episodic Length: 24.66
Average Episodic Return: 16.27
Average Loss: -0.00078
Timesteps So Far: 28863
Iteration took: 68.41 secs
------------------------------------------------------


-------------------- Iteration #8 --------------------
Average Episodic Length: 24.49
Average Episodic Return: 16.03
Average Loss: -0.00079
Timesteps So Far: 32977
Iteration took: 66.86 secs
------------------------------------------------------


-------------------- Iteration #9 --------------------
Average Episodic Length: 25.98
Average Episodic Return: 17.39
Average Loss: -0.00039
Timesteps So Far: 37082
Iteration took: 67.44 secs
------------------------------------------------------


-------------------- Iteration #10 --------------------
Average Episodic Length: 25.15
Average Episodic Return: 17.04
Average Loss: -0.00088
Timesteps So Far: 41231
Iteration took: 67.84 secs
------------------------------------------------------


-------------------- Iteration #11 --------------------
Average Episodic Length: 23.31
Average Episodic Return: 15.15
Average Loss: -0.00091
Timesteps So Far: 45356
Iteration took: 67.72 secs
------------------------------------------------------


-------------------- Iteration #12 --------------------
Average Episodic Length: 24.73
Average Episodic Return: 16.71
Average Loss: -0.00057
Timesteps So Far: 49462
Iteration took: 67.19 secs
------------------------------------------------------


-------------------- Iteration #13 --------------------
Average Episodic Length: 29.95
Average Episodic Return: 20.88
Average Loss: -0.0008
Timesteps So Far: 53565
Iteration took: 68.1 secs
------------------------------------------------------


-------------------- Iteration #14 --------------------
Average Episodic Length: 28.28
Average Episodic Return: 19.43
Average Loss: -0.00128
Timesteps So Far: 57694
Iteration took: 67.51 secs
------------------------------------------------------


-------------------- Iteration #15 --------------------
Average Episodic Length: 27.53
Average Episodic Return: 19.0
Average Loss: -0.00076
Timesteps So Far: 61824
Iteration took: 67.6 secs
------------------------------------------------------


-------------------- Iteration #16 --------------------
Average Episodic Length: 29.26
Average Episodic Return: 19.99
Average Loss: -0.00057
Timesteps So Far: 65949
Iteration took: 67.26 secs
------------------------------------------------------


-------------------- Iteration #17 --------------------
Average Episodic Length: 30.86
Average Episodic Return: 21.86
Average Loss: -0.00129
Timesteps So Far: 70053
Iteration took: 66.86 secs
------------------------------------------------------


-------------------- Iteration #18 --------------------
Average Episodic Length: 31.69
Average Episodic Return: 22.74
Average Loss: -0.0004
Timesteps So Far: 74205
Iteration took: 67.53 secs
------------------------------------------------------


-------------------- Iteration #19 --------------------
Average Episodic Length: 28.6
Average Episodic Return: 19.75
Average Loss: -0.00043
Timesteps So Far: 78324
Iteration took: 68.04 secs
------------------------------------------------------


-------------------- Iteration #20 --------------------
Average Episodic Length: 30.98
Average Episodic Return: 22.02
Average Loss: -0.00117
Timesteps So Far: 82444
Iteration took: 66.93 secs
------------------------------------------------------


-------------------- Iteration #21 --------------------
Average Episodic Length: 32.26
Average Episodic Return: 22.88
Average Loss: -0.00105
Timesteps So Far: 86573
Iteration took: 67.57 secs
------------------------------------------------------


-------------------- Iteration #22 --------------------
Average Episodic Length: 30.22
Average Episodic Return: 21.32
Average Loss: -0.00057
Timesteps So Far: 90683
Iteration took: 66.6 secs
------------------------------------------------------


-------------------- Iteration #23 --------------------
Average Episodic Length: 32.52
Average Episodic Return: 23.83
Average Loss: -0.00044
Timesteps So Far: 94780
Iteration took: 67.5 secs
------------------------------------------------------


-------------------- Iteration #24 --------------------
Average Episodic Length: 28.91
Average Episodic Return: 20.27
Average Loss: -0.00117
Timesteps So Far: 98914
Iteration took: 67.82 secs
------------------------------------------------------


-------------------- Iteration #25 --------------------
Average Episodic Length: 31.55
Average Episodic Return: 22.47
Average Loss: -0.00109
Timesteps So Far: 103015
Iteration took: 72.71 secs
------------------------------------------------------


-------------------- Iteration #26 --------------------
Average Episodic Length: 33.14
Average Episodic Return: 23.87
Average Loss: -0.0008
Timesteps So Far: 107124
Iteration took: 76.15 secs
------------------------------------------------------


-------------------- Iteration #27 --------------------
Average Episodic Length: 36.78
Average Episodic Return: 27.53
Average Loss: -0.00038
Timesteps So Far: 111243
Iteration took: 75.23 secs
------------------------------------------------------


-------------------- Iteration #28 --------------------
Average Episodic Length: 33.06
Average Episodic Return: 24.13
Average Loss: -0.00075
Timesteps So Far: 115342
Iteration took: 4623.65 secs
------------------------------------------------------


-------------------- Iteration #29 --------------------
Average Episodic Length: 34.45
Average Episodic Return: 25.04
Average Loss: -0.00058
Timesteps So Far: 119442
Iteration took: 85.23 secs
------------------------------------------------------


-------------------- Iteration #30 --------------------
Average Episodic Length: 40.78
Average Episodic Return: 30.23
Average Loss: -0.00027
Timesteps So Far: 123602
Iteration took: 80.3 secs
------------------------------------------------------


-------------------- Iteration #31 --------------------
Average Episodic Length: 35.5
Average Episodic Return: 25.91
Average Loss: -0.00045
Timesteps So Far: 127720
Iteration took: 75.09 secs
------------------------------------------------------


-------------------- Iteration #32 --------------------
Average Episodic Length: 44.46
Average Episodic Return: 34.21
Average Loss: -0.00039
Timesteps So Far: 131855
Iteration took: 74.72 secs
------------------------------------------------------


-------------------- Iteration #33 --------------------
Average Episodic Length: 48.41
Average Episodic Return: 37.33
Average Loss: -0.0006
Timesteps So Far: 135970
Iteration took: 76.05 secs
------------------------------------------------------


-------------------- Iteration #34 --------------------
Average Episodic Length: 43.18
Average Episodic Return: 32.55
Average Loss: -0.00019
Timesteps So Far: 140072
Iteration took: 75.99 secs
------------------------------------------------------


-------------------- Iteration #35 --------------------
Average Episodic Length: 38.68
Average Episodic Return: 28.97
Average Loss: -0.00039
Timesteps So Far: 144172
Iteration took: 77.31 secs
------------------------------------------------------


-------------------- Iteration #36 --------------------
Average Episodic Length: 50.69
Average Episodic Return: 39.17
Average Loss: -0.00027
Timesteps So Far: 148278
Iteration took: 79.86 secs
------------------------------------------------------


-------------------- Iteration #37 --------------------
Average Episodic Length: 44.13
Average Episodic Return: 33.67
Average Loss: -0.00027
Timesteps So Far: 152382
Iteration took: 78.93 secs
------------------------------------------------------


-------------------- Iteration #38 --------------------
Average Episodic Length: 41.23
Average Episodic Return: 31.04
Average Loss: -0.00068
Timesteps So Far: 156505
Iteration took: 86.93 secs
------------------------------------------------------


-------------------- Iteration #39 --------------------
Average Episodic Length: 43.6
Average Episodic Return: 33.07
Average Loss: -0.00057
Timesteps So Far: 160603
Iteration took: 95.94 secs
------------------------------------------------------


-------------------- Iteration #40 --------------------
Average Episodic Length: 45.71
Average Episodic Return: 34.72
Average Loss: -0.00023
Timesteps So Far: 164717
Iteration took: 95.0 secs
------------------------------------------------------


-------------------- Iteration #41 --------------------
Average Episodic Length: 48.66
Average Episodic Return: 37.14
Average Loss: -0.00125
Timesteps So Far: 168853
Iteration took: 95.0 secs
------------------------------------------------------


-------------------- Iteration #42 --------------------
Average Episodic Length: 48.28
Average Episodic Return: 36.98
Average Loss: -0.00068
Timesteps So Far: 172957
Iteration took: 103.6 secs
------------------------------------------------------


-------------------- Iteration #43 --------------------
Average Episodic Length: 45.61
Average Episodic Return: 34.22
Average Loss: -0.00036
Timesteps So Far: 177062
Iteration took: 120.03 secs
------------------------------------------------------


-------------------- Iteration #44 --------------------
Average Episodic Length: 51.95
Average Episodic Return: 39.85
Average Loss: -0.0003
Timesteps So Far: 181166
Iteration took: 133.84 secs
------------------------------------------------------


-------------------- Iteration #45 --------------------
Average Episodic Length: 47.79
Average Episodic Return: 36.92
Average Loss: -0.00102
Timesteps So Far: 185276
Iteration took: 121.23 secs
------------------------------------------------------


-------------------- Iteration #46 --------------------
Average Episodic Length: 54.84
Average Episodic Return: 42.29
Average Loss: -0.00015
Timesteps So Far: 189389
Iteration took: 114.38 secs
------------------------------------------------------


-------------------- Iteration #47 --------------------
Average Episodic Length: 51.27
Average Episodic Return: 38.8
Average Loss: -0.00032
Timesteps So Far: 193491
Iteration took: 118.16 secs
------------------------------------------------------


-------------------- Iteration #48 --------------------
Average Episodic Length: 56.77
Average Episodic Return: 44.03
Average Loss: -0.00086
Timesteps So Far: 197749
Iteration took: 132.93 secs
------------------------------------------------------


-------------------- Iteration #49 --------------------
Average Episodic Length: 58.57
Average Episodic Return: 45.18
Average Loss: -0.00043
Timesteps So Far: 201849
Iteration took: 149.62 secs
------------------------------------------------------

Training CSV: C:\Users\milke\groupCoursework\FYP\experiment_runs\deepsets_mean_stage2_5x200k_resume_20260508_101417\seed56789\training_log.csv
Training summary CSV: C:\Users\milke\groupCoursework\FYP\experiment_runs\deepsets_mean_stage2_5x200k_resume_20260508_101417\seed56789\training_summary.csv
Evaluation per-episode CSV: C:\Users\milke\groupCoursework\FYP\experiment_runs\deepsets_mean_stage2_5x200k_resume_20260508_101417\seed56789\evaluation_per_episode.csv
Evaluation summary CSV: C:\Users\milke\groupCoursework\FYP\experiment_runs\deepsets_mean_stage2_5x200k_resume_20260508_101417\seed56789\evaluation_summary.csv
Actor checkpoint: C:\Users\milke\groupCoursework\FYP\experiment_runs\deepsets_mean_stage2_5x200k_resume_20260508_101417\seed56789\checkpoint_actor.pth
Critic checkpoint: C:\Users\milke\groupCoursework\FYP\experiment_runs\deepsets_mean_stage2_5x200k_resume_20260508_101417\seed56789\checkpoint_critic.pth
