COMMAND:
$env:MODEL_SUBDIR='Deep_sets_mean_model'; $env:MODEL_LABEL='deep_sets_mean'; $env:HIGHWAY_CONFIG='curriculum_stage_3_mixed_traffic'; $env:TOTAL_TIMESTEPS='100000'; $env:TRAIN_SEED='23456'; $env:EVAL_SEEDS='[1000, 1001, 1002, 1003, 1004, 1005, 1006, 1007, 1008, 1009, 1010, 1011, 1012, 1013, 1014, 1015, 1016, 1017, 1018, 1019, 1020, 1021, 1022, 1023, 1024, 1025, 1026, 1027, 1028, 1029, 1030, 1031, 1032, 1033, 1034, 1035, 1036, 1037, 1038, 1039, 1040, 1041, 1042, 1043, 1044, 1045, 1046, 1047, 1048, 1049]'; $env:EVAL_MAX_STEPS='full'; $env:EVAL_ACTION_MODE='actor'; $env:TORCH_NUM_THREADS='1'; $env:RUN_ID='stage3_backbones_repeat2_100k_20260512_093812\deep_sets_mean\seed23456'; $env:EGO_START_LANE_POLICY='random'; & 'C:\Users\milke\miniconda3\envs\highway\python.exe' 'C:\Users\milke\groupCoursework\FYP\run_meanmax_single_stage_study.py'

Training seed: 23456
Config: curriculum_stage_3_mixed_traffic
Target timesteps: 100000
Eval type: full
Eval action mode: actor
Evaluation seeds: 1000..1049 (50 episodes)
Output directory: C:\Users\milke\groupCoursework\FYP\experiment_runs\stage3_backbones_repeat2_100k_20260512_093812\deep_sets_mean\seed23456
Successfully set seed to 23456
Learning... Running 300 timesteps per episode, 4096 timesteps per batch for a total of 100000 timesteps

-------------------- Iteration #1 --------------------
Average Episodic Length: 24.15
Average Episodic Return: 15.02
Average Loss: -0.00193
Timesteps So Far: 4105
Iteration took: 67.6 secs
------------------------------------------------------


-------------------- Iteration #2 --------------------
Average Episodic Length: 27.6
Average Episodic Return: 18.13
Average Loss: -0.00071
Timesteps So Far: 8218
Iteration took: 68.11 secs
------------------------------------------------------


-------------------- Iteration #3 --------------------
Average Episodic Length: 26.64
Average Episodic Return: 17.9
Average Loss: -0.00084
Timesteps So Far: 12320
Iteration took: 65.81 secs
------------------------------------------------------


-------------------- Iteration #4 --------------------
Average Episodic Length: 29.04
Average Episodic Return: 19.42
Average Loss: -0.00103
Timesteps So Far: 16444
Iteration took: 69.48 secs
------------------------------------------------------


-------------------- Iteration #5 --------------------
Average Episodic Length: 27.74
Average Episodic Return: 18.74
Average Loss: -0.00048
Timesteps So Far: 20550
Iteration took: 68.12 secs
------------------------------------------------------


-------------------- Iteration #6 --------------------
Average Episodic Length: 25.43
Average Episodic Return: 16.58
Average Loss: -0.00081
Timesteps So Far: 24670
Iteration took: 65.94 secs
------------------------------------------------------


-------------------- Iteration #7 --------------------
Average Episodic Length: 26.76
Average Episodic Return: 17.65
Average Loss: -0.00097
Timesteps So Far: 28791
Iteration took: 64.63 secs
------------------------------------------------------


-------------------- Iteration #8 --------------------
Average Episodic Length: 30.01
Average Episodic Return: 19.83
Average Loss: -0.00033
Timesteps So Far: 32903
Iteration took: 63.29 secs
------------------------------------------------------


-------------------- Iteration #9 --------------------
Average Episodic Length: 32.15
Average Episodic Return: 22.08
Average Loss: -0.00069
Timesteps So Far: 37018
Iteration took: 71.93 secs
------------------------------------------------------


-------------------- Iteration #10 --------------------
Average Episodic Length: 29.16
Average Episodic Return: 19.47
Average Loss: -0.00053
Timesteps So Far: 41129
Iteration took: 76.02 secs
------------------------------------------------------


-------------------- Iteration #11 --------------------
Average Episodic Length: 31.34
Average Episodic Return: 21.55
Average Loss: -0.00041
Timesteps So Far: 45234
Iteration took: 70.76 secs
------------------------------------------------------


-------------------- Iteration #12 --------------------
Average Episodic Length: 37.26
Average Episodic Return: 26.35
Average Loss: -0.00041
Timesteps So Far: 49333
Iteration took: 67.51 secs
------------------------------------------------------


-------------------- Iteration #13 --------------------
Average Episodic Length: 31.05
Average Episodic Return: 20.89
Average Loss: -0.00047
Timesteps So Far: 53432
Iteration took: 62.98 secs
------------------------------------------------------


-------------------- Iteration #14 --------------------
Average Episodic Length: 33.05
Average Episodic Return: 23.02
Average Loss: -0.00066
Timesteps So Far: 57530
Iteration took: 63.54 secs
------------------------------------------------------


-------------------- Iteration #15 --------------------
Average Episodic Length: 35.82
Average Episodic Return: 25.02
Average Loss: -0.00038
Timesteps So Far: 61649
Iteration took: 63.77 secs
------------------------------------------------------


-------------------- Iteration #16 --------------------
Average Episodic Length: 37.39
Average Episodic Return: 26.77
Average Loss: -0.00059
Timesteps So Far: 65762
Iteration took: 64.32 secs
------------------------------------------------------


-------------------- Iteration #17 --------------------
Average Episodic Length: 37.56
Average Episodic Return: 26.23
Average Loss: -0.00029
Timesteps So Far: 69894
Iteration took: 65.37 secs
------------------------------------------------------


-------------------- Iteration #18 --------------------
Average Episodic Length: 36.44
Average Episodic Return: 25.74
Average Loss: -0.00062
Timesteps So Far: 74012
Iteration took: 63.76 secs
------------------------------------------------------


-------------------- Iteration #19 --------------------
Average Episodic Length: 34.22
Average Episodic Return: 23.83
Average Loss: -0.00096
Timesteps So Far: 78153
Iteration took: 65.96 secs
------------------------------------------------------


-------------------- Iteration #20 --------------------
Average Episodic Length: 39.02
Average Episodic Return: 27.52
Average Loss: -0.00076
Timesteps So Far: 82250
Iteration took: 75.22 secs
------------------------------------------------------


-------------------- Iteration #21 --------------------
Average Episodic Length: 37.94
Average Episodic Return: 26.29
Average Loss: -0.00037
Timesteps So Far: 86385
Iteration took: 65.44 secs
------------------------------------------------------


-------------------- Iteration #22 --------------------
Average Episodic Length: 38.65
Average Episodic Return: 27.71
Average Loss: -0.00066
Timesteps So Far: 90482
Iteration took: 63.85 secs
------------------------------------------------------


-------------------- Iteration #23 --------------------
Average Episodic Length: 42.58
Average Episodic Return: 30.46
Average Loss: -0.00014
Timesteps So Far: 94612
Iteration took: 65.33 secs
------------------------------------------------------


-------------------- Iteration #24 --------------------
Average Episodic Length: 41.48
Average Episodic Return: 29.33
Average Loss: -0.00038
Timesteps So Far: 98719
Iteration took: 64.99 secs
------------------------------------------------------


-------------------- Iteration #25 --------------------
Average Episodic Length: 41.94
Average Episodic Return: 30.01
Average Loss: -0.00049
Timesteps So Far: 102829
Iteration took: 66.59 secs
------------------------------------------------------

Training CSV: C:\Users\milke\groupCoursework\FYP\experiment_runs\stage3_backbones_repeat2_100k_20260512_093812\deep_sets_mean\seed23456\training_log.csv
Training summary CSV: C:\Users\milke\groupCoursework\FYP\experiment_runs\stage3_backbones_repeat2_100k_20260512_093812\deep_sets_mean\seed23456\training_summary.csv
Evaluation per-episode CSV: C:\Users\milke\groupCoursework\FYP\experiment_runs\stage3_backbones_repeat2_100k_20260512_093812\deep_sets_mean\seed23456\evaluation_per_episode.csv
Evaluation summary CSV: C:\Users\milke\groupCoursework\FYP\experiment_runs\stage3_backbones_repeat2_100k_20260512_093812\deep_sets_mean\seed23456\evaluation_summary.csv
Actor checkpoint: C:\Users\milke\groupCoursework\FYP\experiment_runs\stage3_backbones_repeat2_100k_20260512_093812\deep_sets_mean\seed23456\checkpoint_actor.pth
Critic checkpoint: C:\Users\milke\groupCoursework\FYP\experiment_runs\stage3_backbones_repeat2_100k_20260512_093812\deep_sets_mean\seed23456\checkpoint_critic.pth
