COMMAND:
$env:MODEL_SUBDIR='uncertainty_penalty_PPO'; $env:MODEL_LABEL='uncertainty_penalty_lambda_0_01'; $env:HIGHWAY_CONFIG='curriculum_stage_3_mixed_traffic'; $env:TOTAL_TIMESTEPS='100000'; $env:TRAIN_SEED='23456'; $env:LAMBDA_U='0.01'; $env:DROPOUT_P='0.1'; $env:PPO_MC_SAMPLES='5'; $env:EVAL_SEEDS='[1000, 1001, 1002, 1003, 1004, 1005, 1006, 1007, 1008, 1009, 1010, 1011, 1012, 1013, 1014, 1015, 1016, 1017, 1018, 1019, 1020, 1021, 1022, 1023, 1024, 1025, 1026, 1027, 1028, 1029, 1030, 1031, 1032, 1033, 1034, 1035, 1036, 1037, 1038, 1039, 1040, 1041, 1042, 1043, 1044, 1045, 1046, 1047, 1048, 1049]'; $env:EVAL_MAX_STEPS='full'; $env:EVAL_ACTION_MODE='actor'; $env:TORCH_NUM_THREADS='1'; $env:RUN_ID='stage3_uncertainty_penalty_lambda_sweep_2x100k_20260512_204554\lambda_0_01\seed23456'; $env:EGO_START_LANE_POLICY='random'; & 'C:\Users\milke\miniconda3\envs\highway\python.exe' 'C:\Users\milke\groupCoursework\FYP\run_meanmax_single_stage_study.py'

Training seed: 23456
Config: curriculum_stage_3_mixed_traffic
Target timesteps: 100000
Eval type: full
Eval action mode: actor
Evaluation seeds: 1000..1049 (50 episodes)
Output directory: C:\Users\milke\groupCoursework\FYP\experiment_runs\stage3_uncertainty_penalty_lambda_sweep_2x100k_20260512_204554\lambda_0_01\seed23456
Successfully set seed to 23456
Learning... Running 300 timesteps per episode, 4096 timesteps per batch for a total of 100000 timesteps
the uncertainty penalty lambda is 0.01

-------------------- Iteration #1 --------------------
Average Episodic Length: 23.01
Average Episodic Return: 14.865
Average Raw Episodic Return (without uncertainty penalty): 14.95
Average Loss: -0.00237
Average Critic Uncertainty: 0.0005
Timesteps So Far: 4119
Iteration took: 133.71 secs
------------------------------------------------------


-------------------- Iteration #2 --------------------
Average Episodic Length: 22.93
Average Episodic Return: 14.78
Average Raw Episodic Return (without uncertainty penalty): 14.866
Average Loss: -0.00119
Average Critic Uncertainty: 0.00053
Timesteps So Far: 8223
Iteration took: 204.35 secs
------------------------------------------------------


-------------------- Iteration #3 --------------------
Average Episodic Length: 24.71
Average Episodic Return: 16.035
Average Raw Episodic Return (without uncertainty penalty): 16.119
Average Loss: -0.0003
Average Critic Uncertainty: 0.00056
Timesteps So Far: 12325
Iteration took: 150.45 secs
------------------------------------------------------


-------------------- Iteration #4 --------------------
Average Episodic Length: 25.52
Average Episodic Return: 16.924
Average Raw Episodic Return (without uncertainty penalty): 17.015
Average Loss: -0.00157
Average Critic Uncertainty: 0.00059
Timesteps So Far: 16434
Iteration took: 142.9 secs
------------------------------------------------------


-------------------- Iteration #5 --------------------
Average Episodic Length: 25.86
Average Episodic Return: 16.897
Average Raw Episodic Return (without uncertainty penalty): 16.992
Average Loss: -0.001
Average Critic Uncertainty: 0.00063
Timesteps So Far: 20546
Iteration took: 152.02 secs
------------------------------------------------------


-------------------- Iteration #6 --------------------
Average Episodic Length: 25.53
Average Episodic Return: 16.363
Average Raw Episodic Return (without uncertainty penalty): 16.462
Average Loss: -0.00075
Average Critic Uncertainty: 0.00064
Timesteps So Far: 24657
Iteration took: 145.44 secs
------------------------------------------------------


-------------------- Iteration #7 --------------------
Average Episodic Length: 26.81
Average Episodic Return: 17.859
Average Raw Episodic Return (without uncertainty penalty): 17.956
Average Loss: -0.00107
Average Critic Uncertainty: 0.00071
Timesteps So Far: 28759
Iteration took: 127.31 secs
------------------------------------------------------


-------------------- Iteration #8 --------------------
Average Episodic Length: 24.4
Average Episodic Return: 15.625
Average Raw Episodic Return (without uncertainty penalty): 15.712
Average Loss: -0.00113
Average Critic Uncertainty: 0.00076
Timesteps So Far: 32858
Iteration took: 126.19 secs
------------------------------------------------------


-------------------- Iteration #9 --------------------
Average Episodic Length: 27.74
Average Episodic Return: 19.021
Average Raw Episodic Return (without uncertainty penalty): 19.121
Average Loss: -0.00056
Average Critic Uncertainty: 0.00082
Timesteps So Far: 36964
Iteration took: 145.81 secs
------------------------------------------------------


-------------------- Iteration #10 --------------------
Average Episodic Length: 25.21
Average Episodic Return: 16.458
Average Raw Episodic Return (without uncertainty penalty): 16.552
Average Loss: -0.00077
Average Critic Uncertainty: 0.00088
Timesteps So Far: 41098
Iteration took: 192.05 secs
------------------------------------------------------


-------------------- Iteration #11 --------------------
Average Episodic Length: 27.23
Average Episodic Return: 18.133
Average Raw Episodic Return (without uncertainty penalty): 18.233
Average Loss: -0.00108
Average Critic Uncertainty: 0.00094
Timesteps So Far: 45210
Iteration took: 152.17 secs
------------------------------------------------------


-------------------- Iteration #12 --------------------
Average Episodic Length: 28.78
Average Episodic Return: 19.697
Average Raw Episodic Return (without uncertainty penalty): 19.802
Average Loss: -0.00053
Average Critic Uncertainty: 0.00103
Timesteps So Far: 49383
Iteration took: 155.46 secs
------------------------------------------------------


-------------------- Iteration #13 --------------------
Average Episodic Length: 30.74
Average Episodic Return: 20.925
Average Raw Episodic Return (without uncertainty penalty): 21.039
Average Loss: -0.00067
Average Critic Uncertainty: 0.00108
Timesteps So Far: 53502
Iteration took: 140.35 secs
------------------------------------------------------


-------------------- Iteration #14 --------------------
Average Episodic Length: 33.03
Average Episodic Return: 22.915
Average Raw Episodic Return (without uncertainty penalty): 23.028
Average Loss: -0.001
Average Critic Uncertainty: 0.00119
Timesteps So Far: 57631
Iteration took: 135.67 secs
------------------------------------------------------


-------------------- Iteration #15 --------------------
Average Episodic Length: 32.46
Average Episodic Return: 22.273
Average Raw Episodic Return (without uncertainty penalty): 22.393
Average Loss: -0.00124
Average Critic Uncertainty: 0.00126
Timesteps So Far: 61786
Iteration took: 136.95 secs
------------------------------------------------------


-------------------- Iteration #16 --------------------
Average Episodic Length: 34.71
Average Episodic Return: 23.903
Average Raw Episodic Return (without uncertainty penalty): 24.03
Average Loss: -4e-05
Average Critic Uncertainty: 0.0014
Timesteps So Far: 65917
Iteration took: 126.1 secs
------------------------------------------------------


-------------------- Iteration #17 --------------------
Average Episodic Length: 36.61
Average Episodic Return: 25.621
Average Raw Episodic Return (without uncertainty penalty): 25.758
Average Loss: -0.00047
Average Critic Uncertainty: 0.00152
Timesteps So Far: 70017
Iteration took: 125.5 secs
------------------------------------------------------


-------------------- Iteration #18 --------------------
Average Episodic Length: 37.96
Average Episodic Return: 26.755
Average Raw Episodic Return (without uncertainty penalty): 26.892
Average Loss: -0.00035
Average Critic Uncertainty: 0.00165
Timesteps So Far: 74117
Iteration took: 126.84 secs
------------------------------------------------------


-------------------- Iteration #19 --------------------
Average Episodic Length: 33.93
Average Episodic Return: 23.831
Average Raw Episodic Return (without uncertainty penalty): 23.961
Average Loss: -0.00047
Average Critic Uncertainty: 0.00178
Timesteps So Far: 78222
Iteration took: 126.28 secs
------------------------------------------------------


-------------------- Iteration #20 --------------------
Average Episodic Length: 36.95
Average Episodic Return: 26.119
Average Raw Episodic Return (without uncertainty penalty): 26.241
Average Loss: -0.00089
Average Critic Uncertainty: 0.00193
Timesteps So Far: 82324
Iteration took: 124.57 secs
------------------------------------------------------


-------------------- Iteration #21 --------------------
Average Episodic Length: 37.69
Average Episodic Return: 27.083
Average Raw Episodic Return (without uncertainty penalty): 27.216
Average Loss: -0.00048
Average Critic Uncertainty: 0.00209
Timesteps So Far: 86470
Iteration took: 125.83 secs
------------------------------------------------------


-------------------- Iteration #22 --------------------
Average Episodic Length: 36.37
Average Episodic Return: 25.231
Average Raw Episodic Return (without uncertainty penalty): 25.361
Average Loss: -0.00036
Average Critic Uncertainty: 0.00229
Timesteps So Far: 90580
Iteration took: 126.06 secs
------------------------------------------------------


-------------------- Iteration #23 --------------------
Average Episodic Length: 45.07
Average Episodic Return: 32.314
Average Raw Episodic Return (without uncertainty penalty): 32.484
Average Loss: -0.0005
Average Critic Uncertainty: 0.00252
Timesteps So Far: 94726
Iteration took: 127.23 secs
------------------------------------------------------


-------------------- Iteration #24 --------------------
Average Episodic Length: 38.09
Average Episodic Return: 27.62
Average Raw Episodic Return (without uncertainty penalty): 27.756
Average Loss: -8e-05
Average Critic Uncertainty: 0.00269
Timesteps So Far: 98840
Iteration took: 124.41 secs
------------------------------------------------------


-------------------- Iteration #25 --------------------
Average Episodic Length: 38.59
Average Episodic Return: 27.291
Average Raw Episodic Return (without uncertainty penalty): 27.428
Average Loss: -0.00065
Average Critic Uncertainty: 0.00293
Timesteps So Far: 102969
Iteration took: 125.29 secs
------------------------------------------------------

Training CSV: C:\Users\milke\groupCoursework\FYP\experiment_runs\stage3_uncertainty_penalty_lambda_sweep_2x100k_20260512_204554\lambda_0_01\seed23456\training_log.csv
Training summary CSV: C:\Users\milke\groupCoursework\FYP\experiment_runs\stage3_uncertainty_penalty_lambda_sweep_2x100k_20260512_204554\lambda_0_01\seed23456\training_summary.csv
Evaluation per-episode CSV: C:\Users\milke\groupCoursework\FYP\experiment_runs\stage3_uncertainty_penalty_lambda_sweep_2x100k_20260512_204554\lambda_0_01\seed23456\evaluation_per_episode.csv
Evaluation summary CSV: C:\Users\milke\groupCoursework\FYP\experiment_runs\stage3_uncertainty_penalty_lambda_sweep_2x100k_20260512_204554\lambda_0_01\seed23456\evaluation_summary.csv
Actor checkpoint: C:\Users\milke\groupCoursework\FYP\experiment_runs\stage3_uncertainty_penalty_lambda_sweep_2x100k_20260512_204554\lambda_0_01\seed23456\checkpoint_actor.pth
Critic checkpoint: C:\Users\milke\groupCoursework\FYP\experiment_runs\stage3_uncertainty_penalty_lambda_sweep_2x100k_20260512_204554\lambda_0_01\seed23456\checkpoint_critic.pth
