Training seed: 45678
Config: curriculum_stage_2_easy_overtake
Target timesteps: 200000
Eval type: full
Evaluation seeds: 1000..1049 (50 episodes)
Output directory: C:\Users\milke\groupCoursework\FYP\experiment_runs\deepsets_mean_stage2_5x200k_resume_20260508_101417\seed45678
Successfully set seed to 45678
Learning... Running 300 timesteps per episode, 4096 timesteps per batch for a total of 200000 timesteps

-------------------- Iteration #1 --------------------
Average Episodic Length: 20.44
Average Episodic Return: 12.64
Average Loss: -0.00266
Timesteps So Far: 4108
Iteration took: 101.62 secs
------------------------------------------------------


-------------------- Iteration #2 --------------------
Average Episodic Length: 21.34
Average Episodic Return: 13.65
Average Loss: -0.00153
Timesteps So Far: 8205
Iteration took: 111.0 secs
------------------------------------------------------


-------------------- Iteration #3 --------------------
Average Episodic Length: 23.32
Average Episodic Return: 14.9
Average Loss: -0.00082
Timesteps So Far: 12310
Iteration took: 99.92 secs
------------------------------------------------------


-------------------- Iteration #4 --------------------
Average Episodic Length: 22.39
Average Episodic Return: 14.45
Average Loss: -0.00081
Timesteps So Far: 16407
Iteration took: 87.33 secs
------------------------------------------------------


-------------------- Iteration #5 --------------------
Average Episodic Length: 22.41
Average Episodic Return: 14.05
Average Loss: -0.0012
Timesteps So Far: 20531
Iteration took: 87.61 secs
------------------------------------------------------


-------------------- Iteration #6 --------------------
Average Episodic Length: 25.37
Average Episodic Return: 16.82
Average Loss: -0.00095
Timesteps So Far: 24641
Iteration took: 87.38 secs
------------------------------------------------------


-------------------- Iteration #7 --------------------
Average Episodic Length: 26.86
Average Episodic Return: 18.09
Average Loss: -0.00067
Timesteps So Far: 28751
Iteration took: 90.78 secs
------------------------------------------------------


-------------------- Iteration #8 --------------------
Average Episodic Length: 26.44
Average Episodic Return: 17.82
Average Loss: -0.00077
Timesteps So Far: 32876
Iteration took: 93.0 secs
------------------------------------------------------


-------------------- Iteration #9 --------------------
Average Episodic Length: 27.68
Average Episodic Return: 18.81
Average Loss: -0.00077
Timesteps So Far: 36972
Iteration took: 93.61 secs
------------------------------------------------------


-------------------- Iteration #10 --------------------
Average Episodic Length: 28.12
Average Episodic Return: 19.24
Average Loss: -0.00078
Timesteps So Far: 41077
Iteration took: 92.56 secs
------------------------------------------------------


-------------------- Iteration #11 --------------------
Average Episodic Length: 27.31
Average Episodic Return: 18.33
Average Loss: -0.00064
Timesteps So Far: 45174
Iteration took: 92.32 secs
------------------------------------------------------


-------------------- Iteration #12 --------------------
Average Episodic Length: 31.27
Average Episodic Return: 21.95
Average Loss: -0.00068
Timesteps So Far: 49301
Iteration took: 84.47 secs
------------------------------------------------------


-------------------- Iteration #13 --------------------
Average Episodic Length: 28.39
Average Episodic Return: 19.36
Average Loss: -0.00073
Timesteps So Far: 53417
Iteration took: 83.39 secs
------------------------------------------------------


-------------------- Iteration #14 --------------------
Average Episodic Length: 30.67
Average Episodic Return: 21.46
Average Loss: -0.00088
Timesteps So Far: 57527
Iteration took: 82.65 secs
------------------------------------------------------


-------------------- Iteration #15 --------------------
Average Episodic Length: 29.58
Average Episodic Return: 20.61
Average Loss: -0.00054
Timesteps So Far: 61638
Iteration took: 86.89 secs
------------------------------------------------------


-------------------- Iteration #16 --------------------
Average Episodic Length: 32.94
Average Episodic Return: 23.37
Average Loss: -0.00081
Timesteps So Far: 65756
Iteration took: 83.35 secs
------------------------------------------------------


-------------------- Iteration #17 --------------------
Average Episodic Length: 30.94
Average Episodic Return: 21.48
Average Loss: -0.00036
Timesteps So Far: 69871
Iteration took: 86.23 secs
------------------------------------------------------


-------------------- Iteration #18 --------------------
Average Episodic Length: 32.5
Average Episodic Return: 23.16
Average Loss: -0.00065
Timesteps So Far: 73998
Iteration took: 85.86 secs
------------------------------------------------------


-------------------- Iteration #19 --------------------
Average Episodic Length: 34.84
Average Episodic Return: 24.98
Average Loss: -0.00026
Timesteps So Far: 78109
Iteration took: 84.99 secs
------------------------------------------------------


-------------------- Iteration #20 --------------------
Average Episodic Length: 33.39
Average Episodic Return: 23.79
Average Loss: -0.00053
Timesteps So Far: 82216
Iteration took: 85.33 secs
------------------------------------------------------


-------------------- Iteration #21 --------------------
Average Episodic Length: 32.69
Average Episodic Return: 23.36
Average Loss: -0.00061
Timesteps So Far: 86335
Iteration took: 84.78 secs
------------------------------------------------------


-------------------- Iteration #22 --------------------
Average Episodic Length: 34.85
Average Episodic Return: 24.95
Average Loss: -0.00054
Timesteps So Far: 90447
Iteration took: 83.3 secs
------------------------------------------------------


-------------------- Iteration #23 --------------------
Average Episodic Length: 35.0
Average Episodic Return: 25.13
Average Loss: -0.00052
Timesteps So Far: 94577
Iteration took: 79.59 secs
------------------------------------------------------


-------------------- Iteration #24 --------------------
Average Episodic Length: 37.34
Average Episodic Return: 26.89
Average Loss: -0.00012
Timesteps So Far: 98684
Iteration took: 65.33 secs
------------------------------------------------------


-------------------- Iteration #25 --------------------
Average Episodic Length: 34.26
Average Episodic Return: 24.17
Average Loss: -0.00031
Timesteps So Far: 102795
Iteration took: 63.95 secs
------------------------------------------------------


-------------------- Iteration #26 --------------------
Average Episodic Length: 39.41
Average Episodic Return: 29.02
Average Loss: -0.00036
Timesteps So Far: 106894
Iteration took: 65.07 secs
------------------------------------------------------


-------------------- Iteration #27 --------------------
Average Episodic Length: 37.33
Average Episodic Return: 26.86
Average Loss: -0.00011
Timesteps So Far: 111000
Iteration took: 65.95 secs
------------------------------------------------------


-------------------- Iteration #28 --------------------
Average Episodic Length: 41.89
Average Episodic Return: 30.76
Average Loss: -0.00024
Timesteps So Far: 115105
Iteration took: 64.83 secs
------------------------------------------------------


-------------------- Iteration #29 --------------------
Average Episodic Length: 41.13
Average Episodic Return: 30.16
Average Loss: -0.00028
Timesteps So Far: 119259
Iteration took: 66.44 secs
------------------------------------------------------


-------------------- Iteration #30 --------------------
Average Episodic Length: 40.43
Average Episodic Return: 29.09
Average Loss: -0.0005
Timesteps So Far: 123383
Iteration took: 64.9 secs
------------------------------------------------------


-------------------- Iteration #31 --------------------
Average Episodic Length: 46.65
Average Episodic Return: 34.74
Average Loss: -0.00044
Timesteps So Far: 127488
Iteration took: 65.57 secs
------------------------------------------------------


-------------------- Iteration #32 --------------------
Average Episodic Length: 43.77
Average Episodic Return: 32.48
Average Loss: -0.0004
Timesteps So Far: 131602
Iteration took: 67.56 secs
------------------------------------------------------


-------------------- Iteration #33 --------------------
Average Episodic Length: 39.48
Average Episodic Return: 28.66
Average Loss: -0.00042
Timesteps So Far: 135708
Iteration took: 66.42 secs
------------------------------------------------------


-------------------- Iteration #34 --------------------
Average Episodic Length: 60.3
Average Episodic Return: 46.56
Average Loss: -0.00039
Timesteps So Far: 139869
Iteration took: 66.64 secs
------------------------------------------------------


-------------------- Iteration #35 --------------------
Average Episodic Length: 53.06
Average Episodic Return: 39.9
Average Loss: -0.00063
Timesteps So Far: 144008
Iteration took: 66.47 secs
------------------------------------------------------


-------------------- Iteration #36 --------------------
Average Episodic Length: 53.89
Average Episodic Return: 41.26
Average Loss: -0.00044
Timesteps So Far: 148104
Iteration took: 64.74 secs
------------------------------------------------------


-------------------- Iteration #37 --------------------
Average Episodic Length: 43.1
Average Episodic Return: 31.31
Average Loss: -0.0004
Timesteps So Far: 152242
Iteration took: 65.76 secs
------------------------------------------------------


-------------------- Iteration #38 --------------------
Average Episodic Length: 46.1
Average Episodic Return: 34.25
Average Loss: -0.00054
Timesteps So Far: 156345
Iteration took: 66.15 secs
------------------------------------------------------


-------------------- Iteration #39 --------------------
Average Episodic Length: 44.92
Average Episodic Return: 33.52
Average Loss: 0.00018
Timesteps So Far: 160478
Iteration took: 66.84 secs
------------------------------------------------------


-------------------- Iteration #40 --------------------
Average Episodic Length: 49.4
Average Episodic Return: 36.67
Average Loss: -0.00066
Timesteps So Far: 164578
Iteration took: 66.13 secs
------------------------------------------------------


-------------------- Iteration #41 --------------------
Average Episodic Length: 53.25
Average Episodic Return: 39.92
Average Loss: -0.00162
Timesteps So Far: 168678
Iteration took: 65.64 secs
------------------------------------------------------


-------------------- Iteration #42 --------------------
Average Episodic Length: 53.44
Average Episodic Return: 40.7
Average Loss: 0.00031
Timesteps So Far: 172793
Iteration took: 66.61 secs
------------------------------------------------------


-------------------- Iteration #43 --------------------
Average Episodic Length: 49.86
Average Episodic Return: 37.45
Average Loss: -0.00018
Timesteps So Far: 176931
Iteration took: 67.32 secs
------------------------------------------------------


-------------------- Iteration #44 --------------------
Average Episodic Length: 52.15
Average Episodic Return: 38.81
Average Loss: -0.00057
Timesteps So Far: 181051
Iteration took: 65.96 secs
------------------------------------------------------


-------------------- Iteration #45 --------------------
Average Episodic Length: 49.54
Average Episodic Return: 36.52
Average Loss: -0.00011
Timesteps So Far: 185163
Iteration took: 66.71 secs
------------------------------------------------------


-------------------- Iteration #46 --------------------
Average Episodic Length: 65.63
Average Episodic Return: 50.62
Average Loss: -0.00013
Timesteps So Far: 189298
Iteration took: 66.66 secs
------------------------------------------------------


-------------------- Iteration #47 --------------------
Average Episodic Length: 54.99
Average Episodic Return: 41.07
Average Loss: -0.00012
Timesteps So Far: 193532
Iteration took: 67.29 secs
------------------------------------------------------


-------------------- Iteration #48 --------------------
Average Episodic Length: 66.71
Average Episodic Return: 52.17
Average Loss: -0.00033
Timesteps So Far: 197668
Iteration took: 72.91 secs
------------------------------------------------------


-------------------- Iteration #49 --------------------
Average Episodic Length: 63.18
Average Episodic Return: 48.01
Average Loss: -0.0006
Timesteps So Far: 201838
Iteration took: 68.93 secs
------------------------------------------------------

Training CSV: C:\Users\milke\groupCoursework\FYP\experiment_runs\deepsets_mean_stage2_5x200k_resume_20260508_101417\seed45678\training_log.csv
Training summary CSV: C:\Users\milke\groupCoursework\FYP\experiment_runs\deepsets_mean_stage2_5x200k_resume_20260508_101417\seed45678\training_summary.csv
Evaluation per-episode CSV: C:\Users\milke\groupCoursework\FYP\experiment_runs\deepsets_mean_stage2_5x200k_resume_20260508_101417\seed45678\evaluation_per_episode.csv
Evaluation summary CSV: C:\Users\milke\groupCoursework\FYP\experiment_runs\deepsets_mean_stage2_5x200k_resume_20260508_101417\seed45678\evaluation_summary.csv
Actor checkpoint: C:\Users\milke\groupCoursework\FYP\experiment_runs\deepsets_mean_stage2_5x200k_resume_20260508_101417\seed45678\checkpoint_actor.pth
Critic checkpoint: C:\Users\milke\groupCoursework\FYP\experiment_runs\deepsets_mean_stage2_5x200k_resume_20260508_101417\seed45678\checkpoint_critic.pth
