COMMAND:
$env:MODEL_SUBDIR='uncertainty_aware_mean+max_backbone'; $env:MODEL_LABEL='uncertainty_meanmax_threshold'; $env:HIGHWAY_CONFIG='curriculum_stage_3_mixed_traffic'; $env:TOTAL_TIMESTEPS='100000'; $env:TRAIN_SEED='45678'; $env:EVAL_SEEDS='[1000, 1001, 1002, 1003, 1004, 1005, 1006, 1007, 1008, 1009, 1010, 1011, 1012, 1013, 1014, 1015, 1016, 1017, 1018, 1019, 1020, 1021, 1022, 1023, 1024, 1025, 1026, 1027, 1028, 1029, 1030, 1031, 1032, 1033, 1034, 1035, 1036, 1037, 1038, 1039, 1040, 1041, 1042, 1043, 1044, 1045, 1046, 1047, 1048, 1049]'; $env:EVAL_MAX_STEPS='full'; $env:EVAL_ACTION_MODE='safeguarded'; $env:SAFEGUARD_THRESHOLD='0.0005'; $env:MC_SAMPLES='5'; $env:TORCH_NUM_THREADS='1'; $env:RUN_ID='stage3_uncertainty_meanmax_threshold_extend2_100k_20260512_162928\seed45678'; $env:EGO_START_LANE_POLICY='random'; & 'C:\Users\milke\miniconda3\envs\highway\python.exe' 'C:\Users\milke\groupCoursework\FYP\run_meanmax_single_stage_study.py'

Training seed: 45678
Config: curriculum_stage_3_mixed_traffic
Target timesteps: 100000
Eval type: full
Eval action mode: safeguarded
Safeguard threshold: 0.0005
MC samples: 5
Evaluation seeds: 1000..1049 (50 episodes)
Output directory: C:\Users\milke\groupCoursework\FYP\experiment_runs\stage3_uncertainty_meanmax_threshold_extend2_100k_20260512_162928\seed45678
Successfully set seed to 45678
Learning... Running 300 timesteps per episode, 4096 timesteps per batch for a total of 100000 timesteps
the uncertainty penalty lambda is 0.01
C:\Users\milke\miniconda3\envs\highway\Lib\site-packages\numpy\core\fromnumeric.py:3504: RuntimeWarning: Mean of empty slice.
  return _methods._mean(a, axis=axis, dtype=dtype,
C:\Users\milke\miniconda3\envs\highway\Lib\site-packages\numpy\core\_methods.py:129: RuntimeWarning: invalid value encountered in scalar divide
  ret = ret.dtype.type(ret / rcount)

-------------------- Iteration #1 --------------------
Average Episodic Length: 14.17
Average Episodic Return: 8.086
Average Raw Episodic Return (without uncertainty penalty): 0.0
Average Loss: -0.00595
Average Critic Uncertainty: nan
Timesteps So Far: 4109
Iteration took: 80.61 secs
------------------------------------------------------


-------------------- Iteration #2 --------------------
Average Episodic Length: 15.71
Average Episodic Return: 9.072
Average Raw Episodic Return (without uncertainty penalty): 0.0
Average Loss: -0.00563
Average Critic Uncertainty: nan
Timesteps So Far: 8210
Iteration took: 83.86 secs
------------------------------------------------------


-------------------- Iteration #3 --------------------
Average Episodic Length: 18.42
Average Episodic Return: 11.349
Average Raw Episodic Return (without uncertainty penalty): 0.0
Average Loss: -0.00539
Average Critic Uncertainty: nan
Timesteps So Far: 12318
Iteration took: 80.28 secs
------------------------------------------------------


-------------------- Iteration #4 --------------------
Average Episodic Length: 21.99
Average Episodic Return: 13.798
Average Raw Episodic Return (without uncertainty penalty): 0.0
Average Loss: -0.00423
Average Critic Uncertainty: nan
Timesteps So Far: 16431
Iteration took: 72.33 secs
------------------------------------------------------


-------------------- Iteration #5 --------------------
Average Episodic Length: 23.04
Average Episodic Return: 14.759
Average Raw Episodic Return (without uncertainty penalty): 0.0
Average Loss: -0.0032
Average Critic Uncertainty: nan
Timesteps So Far: 20532
Iteration took: 70.09 secs
------------------------------------------------------


-------------------- Iteration #6 --------------------
Average Episodic Length: 23.61
Average Episodic Return: 15.189
Average Raw Episodic Return (without uncertainty penalty): 0.0
Average Loss: -0.00214
Average Critic Uncertainty: nan
Timesteps So Far: 24640
Iteration took: 71.04 secs
------------------------------------------------------


-------------------- Iteration #7 --------------------
Average Episodic Length: 28.51
Average Episodic Return: 19.196
Average Raw Episodic Return (without uncertainty penalty): 0.0
Average Loss: -0.00067
Average Critic Uncertainty: nan
Timesteps So Far: 28745
Iteration took: 69.65 secs
------------------------------------------------------


-------------------- Iteration #8 --------------------
Average Episodic Length: 28.07
Average Episodic Return: 18.925
Average Raw Episodic Return (without uncertainty penalty): 0.0
Average Loss: -0.00025
Average Critic Uncertainty: nan
Timesteps So Far: 32843
Iteration took: 80.5 secs
------------------------------------------------------


-------------------- Iteration #9 --------------------
Average Episodic Length: 27.39
Average Episodic Return: 18.091
Average Raw Episodic Return (without uncertainty penalty): 0.0
Average Loss: -0.00045
Average Critic Uncertainty: nan
Timesteps So Far: 36952
Iteration took: 76.22 secs
------------------------------------------------------


-------------------- Iteration #10 --------------------
Average Episodic Length: 28.3
Average Episodic Return: 18.806
Average Raw Episodic Return (without uncertainty penalty): 0.0
Average Loss: -0.0007
Average Critic Uncertainty: nan
Timesteps So Far: 41056
Iteration took: 76.86 secs
------------------------------------------------------


-------------------- Iteration #11 --------------------
Average Episodic Length: 31.14
Average Episodic Return: 21.13
Average Raw Episodic Return (without uncertainty penalty): 0.0
Average Loss: -0.00099
Average Critic Uncertainty: nan
Timesteps So Far: 45166
Iteration took: 79.27 secs
------------------------------------------------------


-------------------- Iteration #12 --------------------
Average Episodic Length: 27.18
Average Episodic Return: 18.007
Average Raw Episodic Return (without uncertainty penalty): 0.0
Average Loss: -0.00057
Average Critic Uncertainty: nan
Timesteps So Far: 49297
Iteration took: 73.94 secs
------------------------------------------------------


-------------------- Iteration #13 --------------------
Average Episodic Length: 34.03
Average Episodic Return: 24.044
Average Raw Episodic Return (without uncertainty penalty): 0.0
Average Loss: -0.00085
Average Critic Uncertainty: nan
Timesteps So Far: 53415
Iteration took: 71.22 secs
------------------------------------------------------


-------------------- Iteration #14 --------------------
Average Episodic Length: 34.66
Average Episodic Return: 24.122
Average Raw Episodic Return (without uncertainty penalty): 0.0
Average Loss: -0.00034
Average Critic Uncertainty: nan
Timesteps So Far: 57644
Iteration took: 72.53 secs
------------------------------------------------------


-------------------- Iteration #15 --------------------
Average Episodic Length: 35.08
Average Episodic Return: 24.685
Average Raw Episodic Return (without uncertainty penalty): 0.0
Average Loss: -0.00054
Average Critic Uncertainty: nan
Timesteps So Far: 61783
Iteration took: 71.22 secs
------------------------------------------------------


-------------------- Iteration #16 --------------------
Average Episodic Length: 33.76
Average Episodic Return: 23.51
Average Raw Episodic Return (without uncertainty penalty): 0.0
Average Loss: -0.00036
Average Critic Uncertainty: nan
Timesteps So Far: 65902
Iteration took: 72.48 secs
------------------------------------------------------


-------------------- Iteration #17 --------------------
Average Episodic Length: 31.84
Average Episodic Return: 21.752
Average Raw Episodic Return (without uncertainty penalty): 0.0
Average Loss: -0.00063
Average Critic Uncertainty: nan
Timesteps So Far: 70009
Iteration took: 73.96 secs
------------------------------------------------------


-------------------- Iteration #18 --------------------
Average Episodic Length: 38.28
Average Episodic Return: 27.021
Average Raw Episodic Return (without uncertainty penalty): 0.0
Average Loss: -0.00055
Average Critic Uncertainty: nan
Timesteps So Far: 74105
Iteration took: 74.06 secs
------------------------------------------------------


-------------------- Iteration #19 --------------------
Average Episodic Length: 35.67
Average Episodic Return: 25.131
Average Raw Episodic Return (without uncertainty penalty): 0.0
Average Loss: -0.00062
Average Critic Uncertainty: nan
Timesteps So Far: 78207
Iteration took: 74.02 secs
------------------------------------------------------


-------------------- Iteration #20 --------------------
Average Episodic Length: 39.18
Average Episodic Return: 27.606
Average Raw Episodic Return (without uncertainty penalty): 0.0
Average Loss: -0.00023
Average Critic Uncertainty: nan
Timesteps So Far: 82321
Iteration took: 74.0 secs
------------------------------------------------------


-------------------- Iteration #21 --------------------
Average Episodic Length: 41.54
Average Episodic Return: 29.854
Average Raw Episodic Return (without uncertainty penalty): 0.0
Average Loss: -0.00046
Average Critic Uncertainty: nan
Timesteps So Far: 86433
Iteration took: 74.74 secs
------------------------------------------------------


-------------------- Iteration #22 --------------------
Average Episodic Length: 39.85
Average Episodic Return: 28.126
Average Raw Episodic Return (without uncertainty penalty): 0.0
Average Loss: -0.00046
Average Critic Uncertainty: nan
Timesteps So Far: 90538
Iteration took: 73.42 secs
------------------------------------------------------


-------------------- Iteration #23 --------------------
Average Episodic Length: 37.36
Average Episodic Return: 26.179
Average Raw Episodic Return (without uncertainty penalty): 0.0
Average Loss: -0.0003
Average Critic Uncertainty: nan
Timesteps So Far: 94648
Iteration took: 73.67 secs
------------------------------------------------------


-------------------- Iteration #24 --------------------
Average Episodic Length: 46.26
Average Episodic Return: 34.275
Average Raw Episodic Return (without uncertainty penalty): 0.0
Average Loss: -0.00033
Average Critic Uncertainty: nan
Timesteps So Far: 98765
Iteration took: 72.6 secs
------------------------------------------------------


-------------------- Iteration #25 --------------------
Average Episodic Length: 45.51
Average Episodic Return: 33.304
Average Raw Episodic Return (without uncertainty penalty): 0.0
Average Loss: -0.00025
Average Critic Uncertainty: nan
Timesteps So Far: 102861
Iteration took: 73.94 secs
------------------------------------------------------

Training CSV: C:\Users\milke\groupCoursework\FYP\experiment_runs\stage3_uncertainty_meanmax_threshold_extend2_100k_20260512_162928\seed45678\training_log.csv
Training summary CSV: C:\Users\milke\groupCoursework\FYP\experiment_runs\stage3_uncertainty_meanmax_threshold_extend2_100k_20260512_162928\seed45678\training_summary.csv
Evaluation per-episode CSV: C:\Users\milke\groupCoursework\FYP\experiment_runs\stage3_uncertainty_meanmax_threshold_extend2_100k_20260512_162928\seed45678\evaluation_per_episode.csv
Evaluation summary CSV: C:\Users\milke\groupCoursework\FYP\experiment_runs\stage3_uncertainty_meanmax_threshold_extend2_100k_20260512_162928\seed45678\evaluation_summary.csv
Actor checkpoint: C:\Users\milke\groupCoursework\FYP\experiment_runs\stage3_uncertainty_meanmax_threshold_extend2_100k_20260512_162928\seed45678\checkpoint_actor.pth
Critic checkpoint: C:\Users\milke\groupCoursework\FYP\experiment_runs\stage3_uncertainty_meanmax_threshold_extend2_100k_20260512_162928\seed45678\checkpoint_critic.pth
