Training seed: 45678
Config: curriculum_stage_2_easy_overtake
Target timesteps: 200000
Eval type: full
Evaluation seeds: 1000..1049 (50 episodes)
Output directory: C:\Users\milke\groupCoursework\FYP\experiment_runs\stage2_backbones_5x200k_20260507_200648\mlp_baseline\seed45678
Successfully set seed to 45678
Learning... Running 300 timesteps per episode, 4096 timesteps per batch for a total of 200000 timesteps

-------------------- Iteration #1 --------------------
Average Episodic Length: 23.19
Average Episodic Return: 15.19
Average Loss: -0.00079
Timesteps So Far: 4105
Iteration took: 31.03 secs
------------------------------------------------------


-------------------- Iteration #2 --------------------
Average Episodic Length: 21.81
Average Episodic Return: 13.98
Average Loss: -0.00082
Timesteps So Far: 8205
Iteration took: 29.93 secs
------------------------------------------------------


-------------------- Iteration #3 --------------------
Average Episodic Length: 24.9
Average Episodic Return: 16.85
Average Loss: -0.00069
Timesteps So Far: 12314
Iteration took: 29.13 secs
------------------------------------------------------


-------------------- Iteration #4 --------------------
Average Episodic Length: 23.7
Average Episodic Return: 15.53
Average Loss: -0.00066
Timesteps So Far: 16414
Iteration took: 29.39 secs
------------------------------------------------------


-------------------- Iteration #5 --------------------
Average Episodic Length: 25.35
Average Episodic Return: 16.98
Average Loss: -0.00082
Timesteps So Far: 20520
Iteration took: 29.74 secs
------------------------------------------------------


-------------------- Iteration #6 --------------------
Average Episodic Length: 25.23
Average Episodic Return: 17.28
Average Loss: -0.00055
Timesteps So Far: 24632
Iteration took: 29.85 secs
------------------------------------------------------


-------------------- Iteration #7 --------------------
Average Episodic Length: 26.08
Average Episodic Return: 17.42
Average Loss: -0.00075
Timesteps So Far: 28753
Iteration took: 29.69 secs
------------------------------------------------------


-------------------- Iteration #8 --------------------
Average Episodic Length: 27.31
Average Episodic Return: 18.77
Average Loss: -0.00071
Timesteps So Far: 32877
Iteration took: 29.64 secs
------------------------------------------------------


-------------------- Iteration #9 --------------------
Average Episodic Length: 26.36
Average Episodic Return: 17.96
Average Loss: -0.00055
Timesteps So Far: 37016
Iteration took: 30.37 secs
------------------------------------------------------


-------------------- Iteration #10 --------------------
Average Episodic Length: 26.09
Average Episodic Return: 17.91
Average Loss: -0.00078
Timesteps So Far: 41139
Iteration took: 29.17 secs
------------------------------------------------------


-------------------- Iteration #11 --------------------
Average Episodic Length: 28.72
Average Episodic Return: 19.94
Average Loss: -0.00052
Timesteps So Far: 45246
Iteration took: 29.86 secs
------------------------------------------------------


-------------------- Iteration #12 --------------------
Average Episodic Length: 29.85
Average Episodic Return: 20.85
Average Loss: -0.00059
Timesteps So Far: 49455
Iteration took: 30.82 secs
------------------------------------------------------


-------------------- Iteration #13 --------------------
Average Episodic Length: 29.55
Average Episodic Return: 20.46
Average Loss: -0.0007
Timesteps So Far: 53562
Iteration took: 29.19 secs
------------------------------------------------------


-------------------- Iteration #14 --------------------
Average Episodic Length: 29.58
Average Episodic Return: 20.84
Average Loss: -0.00066
Timesteps So Far: 57674
Iteration took: 29.58 secs
------------------------------------------------------


-------------------- Iteration #15 --------------------
Average Episodic Length: 31.59
Average Episodic Return: 22.37
Average Loss: -0.00064
Timesteps So Far: 61812
Iteration took: 28.99 secs
------------------------------------------------------


-------------------- Iteration #16 --------------------
Average Episodic Length: 30.76
Average Episodic Return: 21.57
Average Loss: -0.00063
Timesteps So Far: 65995
Iteration took: 30.43 secs
------------------------------------------------------


-------------------- Iteration #17 --------------------
Average Episodic Length: 30.69
Average Episodic Return: 21.84
Average Loss: -0.00098
Timesteps So Far: 70107
Iteration took: 29.42 secs
------------------------------------------------------


-------------------- Iteration #18 --------------------
Average Episodic Length: 36.0
Average Episodic Return: 25.88
Average Loss: -0.00086
Timesteps So Far: 74247
Iteration took: 29.1 secs
------------------------------------------------------


-------------------- Iteration #19 --------------------
Average Episodic Length: 37.59
Average Episodic Return: 27.6
Average Loss: -0.00067
Timesteps So Far: 78382
Iteration took: 29.9 secs
------------------------------------------------------


-------------------- Iteration #20 --------------------
Average Episodic Length: 36.96
Average Episodic Return: 27.58
Average Loss: -0.00088
Timesteps So Far: 82521
Iteration took: 29.34 secs
------------------------------------------------------


-------------------- Iteration #21 --------------------
Average Episodic Length: 37.0
Average Episodic Return: 27.45
Average Loss: -0.00078
Timesteps So Far: 86628
Iteration took: 29.02 secs
------------------------------------------------------


-------------------- Iteration #22 --------------------
Average Episodic Length: 37.81
Average Episodic Return: 28.06
Average Loss: -0.00061
Timesteps So Far: 90749
Iteration took: 29.29 secs
------------------------------------------------------


-------------------- Iteration #23 --------------------
Average Episodic Length: 42.85
Average Episodic Return: 31.99
Average Loss: -0.00071
Timesteps So Far: 94863
Iteration took: 29.04 secs
------------------------------------------------------


-------------------- Iteration #24 --------------------
Average Episodic Length: 43.31
Average Episodic Return: 32.2
Average Loss: -0.0004
Timesteps So Far: 98977
Iteration took: 29.17 secs
------------------------------------------------------


-------------------- Iteration #25 --------------------
Average Episodic Length: 42.45
Average Episodic Return: 32.35
Average Loss: -0.00063
Timesteps So Far: 103095
Iteration took: 29.51 secs
------------------------------------------------------


-------------------- Iteration #26 --------------------
Average Episodic Length: 39.07
Average Episodic Return: 29.17
Average Loss: -0.00042
Timesteps So Far: 107197
Iteration took: 28.93 secs
------------------------------------------------------


-------------------- Iteration #27 --------------------
Average Episodic Length: 49.36
Average Episodic Return: 37.46
Average Loss: -0.00042
Timesteps So Far: 111343
Iteration took: 29.58 secs
------------------------------------------------------


-------------------- Iteration #28 --------------------
Average Episodic Length: 53.68
Average Episodic Return: 41.02
Average Loss: -0.00048
Timesteps So Far: 115476
Iteration took: 30.1 secs
------------------------------------------------------


-------------------- Iteration #29 --------------------
Average Episodic Length: 46.15
Average Episodic Return: 34.86
Average Loss: -0.00045
Timesteps So Far: 119583
Iteration took: 29.34 secs
------------------------------------------------------


-------------------- Iteration #30 --------------------
Average Episodic Length: 47.28
Average Episodic Return: 35.34
Average Loss: -0.00039
Timesteps So Far: 123696
Iteration took: 29.39 secs
------------------------------------------------------


-------------------- Iteration #31 --------------------
Average Episodic Length: 55.53
Average Episodic Return: 43.16
Average Loss: -0.0007
Timesteps So Far: 127805
Iteration took: 37.6 secs
------------------------------------------------------


-------------------- Iteration #32 --------------------
Average Episodic Length: 51.26
Average Episodic Return: 39.64
Average Loss: -0.00054
Timesteps So Far: 131906
Iteration took: 31.39 secs
------------------------------------------------------


-------------------- Iteration #33 --------------------
Average Episodic Length: 55.99
Average Episodic Return: 43.47
Average Loss: -0.0002
Timesteps So Far: 136161
Iteration took: 30.35 secs
------------------------------------------------------


-------------------- Iteration #34 --------------------
Average Episodic Length: 61.48
Average Episodic Return: 48.34
Average Loss: -0.00029
Timesteps So Far: 140280
Iteration took: 29.19 secs
------------------------------------------------------


-------------------- Iteration #35 --------------------
Average Episodic Length: 91.4
Average Episodic Return: 72.89
Average Loss: -0.00038
Timesteps So Far: 144393
Iteration took: 29.19 secs
------------------------------------------------------


-------------------- Iteration #36 --------------------
Average Episodic Length: 59.35
Average Episodic Return: 45.96
Average Loss: -0.00114
Timesteps So Far: 148666
Iteration took: 30.34 secs
------------------------------------------------------


-------------------- Iteration #37 --------------------
Average Episodic Length: 52.09
Average Episodic Return: 39.93
Average Loss: -0.00038
Timesteps So Far: 152937
Iteration took: 31.71 secs
------------------------------------------------------


-------------------- Iteration #38 --------------------
Average Episodic Length: 74.96
Average Episodic Return: 59.5
Average Loss: -0.00095
Timesteps So Far: 157135
Iteration took: 30.05 secs
------------------------------------------------------


-------------------- Iteration #39 --------------------
Average Episodic Length: 82.51
Average Episodic Return: 65.78
Average Loss: -0.00079
Timesteps So Far: 161508
Iteration took: 31.74 secs
------------------------------------------------------


-------------------- Iteration #40 --------------------
Average Episodic Length: 64.07
Average Episodic Return: 49.98
Average Loss: -0.00061
Timesteps So Far: 165865
Iteration took: 31.38 secs
------------------------------------------------------


-------------------- Iteration #41 --------------------
Average Episodic Length: 86.57
Average Episodic Return: 69.15
Average Loss: -0.00022
Timesteps So Far: 170107
Iteration took: 30.05 secs
------------------------------------------------------


-------------------- Iteration #42 --------------------
Average Episodic Length: 102.9
Average Episodic Return: 82.82
Average Loss: -0.00042
Timesteps So Far: 174223
Iteration took: 29.81 secs
------------------------------------------------------


-------------------- Iteration #43 --------------------
Average Episodic Length: 86.21
Average Episodic Return: 68.25
Average Loss: -0.00019
Timesteps So Far: 178361
Iteration took: 29.53 secs
------------------------------------------------------


-------------------- Iteration #44 --------------------
Average Episodic Length: 95.57
Average Episodic Return: 76.19
Average Loss: -0.00037
Timesteps So Far: 182566
Iteration took: 30.27 secs
------------------------------------------------------


-------------------- Iteration #45 --------------------
Average Episodic Length: 111.65
Average Episodic Return: 89.94
Average Loss: -0.00035
Timesteps So Far: 186697
Iteration took: 29.93 secs
------------------------------------------------------


-------------------- Iteration #46 --------------------
Average Episodic Length: 115.81
Average Episodic Return: 92.92
Average Loss: -2e-05
Timesteps So Far: 190866
Iteration took: 29.96 secs
------------------------------------------------------


-------------------- Iteration #47 --------------------
Average Episodic Length: 111.66
Average Episodic Return: 90.08
Average Loss: -0.00037
Timesteps So Far: 195109
Iteration took: 30.94 secs
------------------------------------------------------


-------------------- Iteration #48 --------------------
Average Episodic Length: 114.3
Average Episodic Return: 92.65
Average Loss: -0.00062
Timesteps So Far: 199338
Iteration took: 30.85 secs
------------------------------------------------------


-------------------- Iteration #49 --------------------
Average Episodic Length: 90.73
Average Episodic Return: 72.28
Average Loss: -0.00068
Timesteps So Far: 203693
Iteration took: 31.69 secs
------------------------------------------------------

Training CSV: C:\Users\milke\groupCoursework\FYP\experiment_runs\stage2_backbones_5x200k_20260507_200648\mlp_baseline\seed45678\training_log.csv
Training summary CSV: C:\Users\milke\groupCoursework\FYP\experiment_runs\stage2_backbones_5x200k_20260507_200648\mlp_baseline\seed45678\training_summary.csv
Evaluation per-episode CSV: C:\Users\milke\groupCoursework\FYP\experiment_runs\stage2_backbones_5x200k_20260507_200648\mlp_baseline\seed45678\evaluation_per_episode.csv
Evaluation summary CSV: C:\Users\milke\groupCoursework\FYP\experiment_runs\stage2_backbones_5x200k_20260507_200648\mlp_baseline\seed45678\evaluation_summary.csv
Actor checkpoint: C:\Users\milke\groupCoursework\FYP\experiment_runs\stage2_backbones_5x200k_20260507_200648\mlp_baseline\seed45678\checkpoint_actor.pth
Critic checkpoint: C:\Users\milke\groupCoursework\FYP\experiment_runs\stage2_backbones_5x200k_20260507_200648\mlp_baseline\seed45678\checkpoint_critic.pth
