COMMAND:
$env:MODEL_SUBDIR='self_attention_model'; $env:MODEL_LABEL='self_attention'; $env:HIGHWAY_CONFIG='curriculum_stage_3_mixed_traffic'; $env:TOTAL_TIMESTEPS='100000'; $env:TRAIN_SEED='23456'; $env:EVAL_SEEDS='[1000, 1001, 1002, 1003, 1004, 1005, 1006, 1007, 1008, 1009, 1010, 1011, 1012, 1013, 1014, 1015, 1016, 1017, 1018, 1019, 1020, 1021, 1022, 1023, 1024, 1025, 1026, 1027, 1028, 1029, 1030, 1031, 1032, 1033, 1034, 1035, 1036, 1037, 1038, 1039, 1040, 1041, 1042, 1043, 1044, 1045, 1046, 1047, 1048, 1049]'; $env:EVAL_MAX_STEPS='full'; $env:EVAL_ACTION_MODE='actor'; $env:TORCH_NUM_THREADS='1'; $env:RUN_ID='stage3_backbones_repeat2_100k_20260512_093812\self_attention\seed23456'; $env:EGO_START_LANE_POLICY='random'; & 'C:\Users\milke\miniconda3\envs\highway\python.exe' 'C:\Users\milke\groupCoursework\FYP\run_meanmax_single_stage_study.py'

Training seed: 23456
Config: curriculum_stage_3_mixed_traffic
Target timesteps: 100000
Eval type: full
Eval action mode: actor
Evaluation seeds: 1000..1049 (50 episodes)
Output directory: C:\Users\milke\groupCoursework\FYP\experiment_runs\stage3_backbones_repeat2_100k_20260512_093812\self_attention\seed23456
Successfully set seed to 23456
Learning... Running 300 timesteps per episode, 4096 timesteps per batch for a total of 100000 timesteps

-------------------- Iteration #1 --------------------
Average Episodic Length: 7.23
Average Episodic Return: 2.72
Average Loss: -0.00871
Timesteps So Far: 4100
Iteration took: 72.72 secs
------------------------------------------------------


-------------------- Iteration #2 --------------------
Average Episodic Length: 7.36
Average Episodic Return: 2.81
Average Loss: -0.00603
Timesteps So Far: 8200
Iteration took: 73.85 secs
------------------------------------------------------


-------------------- Iteration #3 --------------------
Average Episodic Length: 8.03
Average Episodic Return: 3.29
Average Loss: -0.01014
Timesteps So Far: 12301
Iteration took: 72.47 secs
------------------------------------------------------


-------------------- Iteration #4 --------------------
Average Episodic Length: 9.8
Average Episodic Return: 4.58
Average Loss: -0.0127
Timesteps So Far: 16399
Iteration took: 71.23 secs
------------------------------------------------------


-------------------- Iteration #5 --------------------
Average Episodic Length: 12.84
Average Episodic Return: 6.96
Average Loss: -0.01322
Timesteps So Far: 20508
Iteration took: 71.06 secs
------------------------------------------------------


-------------------- Iteration #6 --------------------
Average Episodic Length: 19.42
Average Episodic Return: 11.96
Average Loss: -0.0071
Timesteps So Far: 24606
Iteration took: 69.37 secs
------------------------------------------------------


-------------------- Iteration #7 --------------------
Average Episodic Length: 25.01
Average Episodic Return: 16.69
Average Loss: -0.00125
Timesteps So Far: 28707
Iteration took: 71.82 secs
------------------------------------------------------


-------------------- Iteration #8 --------------------
Average Episodic Length: 27.71
Average Episodic Return: 18.65
Average Loss: -0.00064
Timesteps So Far: 32808
Iteration took: 84.12 secs
------------------------------------------------------


-------------------- Iteration #9 --------------------
Average Episodic Length: 26.83
Average Episodic Return: 18.19
Average Loss: -0.00194
Timesteps So Far: 36940
Iteration took: 86.61 secs
------------------------------------------------------


-------------------- Iteration #10 --------------------
Average Episodic Length: 28.2
Average Episodic Return: 19.36
Average Loss: -0.00133
Timesteps So Far: 41057
Iteration took: 80.4 secs
------------------------------------------------------


-------------------- Iteration #11 --------------------
Average Episodic Length: 27.34
Average Episodic Return: 18.7
Average Loss: -0.00275
Timesteps So Far: 45158
Iteration took: 74.66 secs
------------------------------------------------------


-------------------- Iteration #12 --------------------
Average Episodic Length: 31.77
Average Episodic Return: 22.34
Average Loss: -0.00082
Timesteps So Far: 49256
Iteration took: 72.69 secs
------------------------------------------------------


-------------------- Iteration #13 --------------------
Average Episodic Length: 31.43
Average Episodic Return: 21.96
Average Loss: -0.00169
Timesteps So Far: 53373
Iteration took: 72.97 secs
------------------------------------------------------


-------------------- Iteration #14 --------------------
Average Episodic Length: 33.37
Average Episodic Return: 23.26
Average Loss: -0.00156
Timesteps So Far: 57478
Iteration took: 73.39 secs
------------------------------------------------------


-------------------- Iteration #15 --------------------
Average Episodic Length: 34.25
Average Episodic Return: 23.98
Average Loss: -0.00091
Timesteps So Far: 61588
Iteration took: 72.56 secs
------------------------------------------------------


-------------------- Iteration #16 --------------------
Average Episodic Length: 33.85
Average Episodic Return: 24.03
Average Loss: -0.0012
Timesteps So Far: 65684
Iteration took: 72.41 secs
------------------------------------------------------


-------------------- Iteration #17 --------------------
Average Episodic Length: 36.82
Average Episodic Return: 26.22
Average Loss: -0.00124
Timesteps So Far: 69808
Iteration took: 74.7 secs
------------------------------------------------------


-------------------- Iteration #18 --------------------
Average Episodic Length: 43.32
Average Episodic Return: 32.18
Average Loss: -0.00101
Timesteps So Far: 73923
Iteration took: 79.59 secs
------------------------------------------------------


-------------------- Iteration #19 --------------------
Average Episodic Length: 40.28
Average Episodic Return: 29.33
Average Loss: -0.00241
Timesteps So Far: 78112
Iteration took: 78.47 secs
------------------------------------------------------


-------------------- Iteration #20 --------------------
Average Episodic Length: 50.02
Average Episodic Return: 37.46
Average Loss: 0.00011
Timesteps So Far: 82214
Iteration took: 72.49 secs
------------------------------------------------------


-------------------- Iteration #21 --------------------
Average Episodic Length: 45.83
Average Episodic Return: 33.72
Average Loss: -0.00099
Timesteps So Far: 86339
Iteration took: 72.69 secs
------------------------------------------------------


-------------------- Iteration #22 --------------------
Average Episodic Length: 48.87
Average Episodic Return: 36.09
Average Loss: -0.00209
Timesteps So Far: 90542
Iteration took: 74.28 secs
------------------------------------------------------


-------------------- Iteration #23 --------------------
Average Episodic Length: 49.71
Average Episodic Return: 36.68
Average Loss: -0.00101
Timesteps So Far: 94767
Iteration took: 74.74 secs
------------------------------------------------------


-------------------- Iteration #24 --------------------
Average Episodic Length: 73.25
Average Episodic Return: 57.68
Average Loss: -0.00124
Timesteps So Far: 98869
Iteration took: 73.17 secs
------------------------------------------------------


-------------------- Iteration #25 --------------------
Average Episodic Length: 78.92
Average Episodic Return: 61.74
Average Loss: -0.00044
Timesteps So Far: 102973
Iteration took: 72.77 secs
------------------------------------------------------

Training CSV: C:\Users\milke\groupCoursework\FYP\experiment_runs\stage3_backbones_repeat2_100k_20260512_093812\self_attention\seed23456\training_log.csv
Training summary CSV: C:\Users\milke\groupCoursework\FYP\experiment_runs\stage3_backbones_repeat2_100k_20260512_093812\self_attention\seed23456\training_summary.csv
Evaluation per-episode CSV: C:\Users\milke\groupCoursework\FYP\experiment_runs\stage3_backbones_repeat2_100k_20260512_093812\self_attention\seed23456\evaluation_per_episode.csv
Evaluation summary CSV: C:\Users\milke\groupCoursework\FYP\experiment_runs\stage3_backbones_repeat2_100k_20260512_093812\self_attention\seed23456\evaluation_summary.csv
Actor checkpoint: C:\Users\milke\groupCoursework\FYP\experiment_runs\stage3_backbones_repeat2_100k_20260512_093812\self_attention\seed23456\checkpoint_actor.pth
Critic checkpoint: C:\Users\milke\groupCoursework\FYP\experiment_runs\stage3_backbones_repeat2_100k_20260512_093812\self_attention\seed23456\checkpoint_critic.pth
