COMMAND:
$env:MODEL_SUBDIR='uncertainty_aware_mean+max_backbone'; $env:MODEL_LABEL='uncertainty_meanmax_threshold'; $env:HIGHWAY_CONFIG='curriculum_stage_3_mixed_traffic'; $env:TOTAL_TIMESTEPS='100000'; $env:TRAIN_SEED='23456'; $env:EVAL_SEEDS='[1000, 1001, 1002, 1003, 1004, 1005, 1006, 1007, 1008, 1009, 1010, 1011, 1012, 1013, 1014, 1015, 1016, 1017, 1018, 1019, 1020, 1021, 1022, 1023, 1024, 1025, 1026, 1027, 1028, 1029, 1030, 1031, 1032, 1033, 1034, 1035, 1036, 1037, 1038, 1039, 1040, 1041, 1042, 1043, 1044, 1045, 1046, 1047, 1048, 1049]'; $env:EVAL_MAX_STEPS='full'; $env:EVAL_ACTION_MODE='safeguarded'; $env:SAFEGUARD_THRESHOLD='0.0005'; $env:MC_SAMPLES='5'; $env:TORCH_NUM_THREADS='1'; $env:RUN_ID='stage3_uncertainty_meanmax_threshold_3run_100k_20260512_142042\seed23456'; $env:EGO_START_LANE_POLICY='random'; & 'C:\Users\milke\miniconda3\envs\highway\python.exe' 'C:\Users\milke\groupCoursework\FYP\run_meanmax_single_stage_study.py'

Training seed: 23456
Config: curriculum_stage_3_mixed_traffic
Target timesteps: 100000
Eval type: full
Eval action mode: safeguarded
Safeguard threshold: 0.0005
MC samples: 5
Evaluation seeds: 1000..1049 (50 episodes)
Output directory: C:\Users\milke\groupCoursework\FYP\experiment_runs\stage3_uncertainty_meanmax_threshold_3run_100k_20260512_142042\seed23456
Successfully set seed to 23456
Learning... Running 300 timesteps per episode, 4096 timesteps per batch for a total of 100000 timesteps
the uncertainty penalty lambda is 0.01
C:\Users\milke\miniconda3\envs\highway\Lib\site-packages\numpy\core\fromnumeric.py:3504: RuntimeWarning: Mean of empty slice.
  return _methods._mean(a, axis=axis, dtype=dtype,
C:\Users\milke\miniconda3\envs\highway\Lib\site-packages\numpy\core\_methods.py:129: RuntimeWarning: invalid value encountered in scalar divide
  ret = ret.dtype.type(ret / rcount)

-------------------- Iteration #1 --------------------
Average Episodic Length: 20.61
Average Episodic Return: 12.792
Average Raw Episodic Return (without uncertainty penalty): 0.0
Average Loss: -0.00327
Average Critic Uncertainty: nan
Timesteps So Far: 4101
Iteration took: 71.47 secs
------------------------------------------------------


-------------------- Iteration #2 --------------------
Average Episodic Length: 24.13
Average Episodic Return: 15.491
Average Raw Episodic Return (without uncertainty penalty): 0.0
Average Loss: -0.00084
Average Critic Uncertainty: nan
Timesteps So Far: 8203
Iteration took: 70.52 secs
------------------------------------------------------


-------------------- Iteration #3 --------------------
Average Episodic Length: 22.32
Average Episodic Return: 14.137
Average Raw Episodic Return (without uncertainty penalty): 0.0
Average Loss: -0.00083
Average Critic Uncertainty: nan
Timesteps So Far: 12332
Iteration took: 71.03 secs
------------------------------------------------------


-------------------- Iteration #4 --------------------
Average Episodic Length: 24.75
Average Episodic Return: 16.108
Average Raw Episodic Return (without uncertainty penalty): 0.0
Average Loss: -0.00148
Average Critic Uncertainty: nan
Timesteps So Far: 16515
Iteration took: 73.31 secs
------------------------------------------------------


-------------------- Iteration #5 --------------------
Average Episodic Length: 25.22
Average Episodic Return: 16.491
Average Raw Episodic Return (without uncertainty penalty): 0.0
Average Loss: -0.00048
Average Critic Uncertainty: nan
Timesteps So Far: 20626
Iteration took: 70.83 secs
------------------------------------------------------


-------------------- Iteration #6 --------------------
Average Episodic Length: 25.64
Average Episodic Return: 16.811
Average Raw Episodic Return (without uncertainty penalty): 0.0
Average Loss: -0.00051
Average Critic Uncertainty: nan
Timesteps So Far: 24728
Iteration took: 70.19 secs
------------------------------------------------------


-------------------- Iteration #7 --------------------
Average Episodic Length: 23.56
Average Episodic Return: 15.481
Average Raw Episodic Return (without uncertainty penalty): 0.0
Average Loss: -0.00089
Average Critic Uncertainty: nan
Timesteps So Far: 28827
Iteration took: 70.38 secs
------------------------------------------------------


-------------------- Iteration #8 --------------------
Average Episodic Length: 24.15
Average Episodic Return: 15.694
Average Raw Episodic Return (without uncertainty penalty): 0.0
Average Loss: -0.00153
Average Critic Uncertainty: nan
Timesteps So Far: 32932
Iteration took: 69.76 secs
------------------------------------------------------


-------------------- Iteration #9 --------------------
Average Episodic Length: 29.02
Average Episodic Return: 19.706
Average Raw Episodic Return (without uncertainty penalty): 0.0
Average Loss: -0.00076
Average Critic Uncertainty: nan
Timesteps So Far: 37111
Iteration took: 71.59 secs
------------------------------------------------------


-------------------- Iteration #10 --------------------
Average Episodic Length: 28.28
Average Episodic Return: 19.107
Average Raw Episodic Return (without uncertainty penalty): 0.0
Average Loss: -0.00053
Average Critic Uncertainty: nan
Timesteps So Far: 41240
Iteration took: 70.0 secs
------------------------------------------------------


-------------------- Iteration #11 --------------------
Average Episodic Length: 26.5
Average Episodic Return: 17.757
Average Raw Episodic Return (without uncertainty penalty): 0.0
Average Loss: -0.00088
Average Critic Uncertainty: nan
Timesteps So Far: 45348
Iteration took: 70.46 secs
------------------------------------------------------


-------------------- Iteration #12 --------------------
Average Episodic Length: 26.46
Average Episodic Return: 17.435
Average Raw Episodic Return (without uncertainty penalty): 0.0
Average Loss: -0.00057
Average Critic Uncertainty: nan
Timesteps So Far: 49450
Iteration took: 68.86 secs
------------------------------------------------------


-------------------- Iteration #13 --------------------
Average Episodic Length: 31.08
Average Episodic Return: 21.352
Average Raw Episodic Return (without uncertainty penalty): 0.0
Average Loss: -0.00041
Average Critic Uncertainty: nan
Timesteps So Far: 53552
Iteration took: 68.77 secs
------------------------------------------------------


-------------------- Iteration #14 --------------------
Average Episodic Length: 31.89
Average Episodic Return: 22.007
Average Raw Episodic Return (without uncertainty penalty): 0.0
Average Loss: -0.00042
Average Critic Uncertainty: nan
Timesteps So Far: 57666
Iteration took: 70.22 secs
------------------------------------------------------


-------------------- Iteration #15 --------------------
Average Episodic Length: 31.22
Average Episodic Return: 21.478
Average Raw Episodic Return (without uncertainty penalty): 0.0
Average Loss: -0.00039
Average Critic Uncertainty: nan
Timesteps So Far: 61787
Iteration took: 69.8 secs
------------------------------------------------------


-------------------- Iteration #16 --------------------
Average Episodic Length: 32.87
Average Episodic Return: 22.894
Average Raw Episodic Return (without uncertainty penalty): 0.0
Average Loss: -0.00048
Average Critic Uncertainty: nan
Timesteps So Far: 65929
Iteration took: 69.59 secs
------------------------------------------------------


-------------------- Iteration #17 --------------------
Average Episodic Length: 33.77
Average Episodic Return: 23.29
Average Raw Episodic Return (without uncertainty penalty): 0.0
Average Loss: -0.00076
Average Critic Uncertainty: nan
Timesteps So Far: 70049
Iteration took: 69.19 secs
------------------------------------------------------


-------------------- Iteration #18 --------------------
Average Episodic Length: 33.49
Average Episodic Return: 23.184
Average Raw Episodic Return (without uncertainty penalty): 0.0
Average Loss: -0.00035
Average Critic Uncertainty: nan
Timesteps So Far: 74168
Iteration took: 69.5 secs
------------------------------------------------------


-------------------- Iteration #19 --------------------
Average Episodic Length: 34.38
Average Episodic Return: 24.121
Average Raw Episodic Return (without uncertainty penalty): 0.0
Average Loss: -0.0003
Average Critic Uncertainty: nan
Timesteps So Far: 78293
Iteration took: 70.4 secs
------------------------------------------------------


-------------------- Iteration #20 --------------------
Average Episodic Length: 35.5
Average Episodic Return: 24.943
Average Raw Episodic Return (without uncertainty penalty): 0.0
Average Loss: -0.00034
Average Critic Uncertainty: nan
Timesteps So Far: 82588
Iteration took: 74.88 secs
------------------------------------------------------


-------------------- Iteration #21 --------------------
Average Episodic Length: 38.56
Average Episodic Return: 27.375
Average Raw Episodic Return (without uncertainty penalty): 0.0
Average Loss: -0.00029
Average Critic Uncertainty: nan
Timesteps So Far: 86791
Iteration took: 75.85 secs
------------------------------------------------------


-------------------- Iteration #22 --------------------
Average Episodic Length: 33.86
Average Episodic Return: 23.414
Average Raw Episodic Return (without uncertainty penalty): 0.0
Average Loss: -0.00098
Average Critic Uncertainty: nan
Timesteps So Far: 90922
Iteration took: 72.78 secs
------------------------------------------------------


-------------------- Iteration #23 --------------------
Average Episodic Length: 42.17
Average Episodic Return: 30.086
Average Raw Episodic Return (without uncertainty penalty): 0.0
Average Loss: -0.00021
Average Critic Uncertainty: nan
Timesteps So Far: 95055
Iteration took: 75.99 secs
------------------------------------------------------


-------------------- Iteration #24 --------------------
Average Episodic Length: 34.45
Average Episodic Return: 24.074
Average Raw Episodic Return (without uncertainty penalty): 0.0
Average Loss: -0.0015
Average Critic Uncertainty: nan
Timesteps So Far: 99155
Iteration took: 88.4 secs
------------------------------------------------------


-------------------- Iteration #25 --------------------
Average Episodic Length: 37.3
Average Episodic Return: 25.897
Average Raw Episodic Return (without uncertainty penalty): 0.0
Average Loss: -2e-05
Average Critic Uncertainty: nan
Timesteps So Far: 103258
Iteration took: 90.74 secs
------------------------------------------------------

Training CSV: C:\Users\milke\groupCoursework\FYP\experiment_runs\stage3_uncertainty_meanmax_threshold_3run_100k_20260512_142042\seed23456\training_log.csv
Training summary CSV: C:\Users\milke\groupCoursework\FYP\experiment_runs\stage3_uncertainty_meanmax_threshold_3run_100k_20260512_142042\seed23456\training_summary.csv
Evaluation per-episode CSV: C:\Users\milke\groupCoursework\FYP\experiment_runs\stage3_uncertainty_meanmax_threshold_3run_100k_20260512_142042\seed23456\evaluation_per_episode.csv
Evaluation summary CSV: C:\Users\milke\groupCoursework\FYP\experiment_runs\stage3_uncertainty_meanmax_threshold_3run_100k_20260512_142042\seed23456\evaluation_summary.csv
Actor checkpoint: C:\Users\milke\groupCoursework\FYP\experiment_runs\stage3_uncertainty_meanmax_threshold_3run_100k_20260512_142042\seed23456\checkpoint_actor.pth
Critic checkpoint: C:\Users\milke\groupCoursework\FYP\experiment_runs\stage3_uncertainty_meanmax_threshold_3run_100k_20260512_142042\seed23456\checkpoint_critic.pth
