COMMAND:
$env:MODEL_SUBDIR='uncertainty_aware_mean+max_backbone'; $env:MODEL_LABEL='uncertainty_meanmax_threshold'; $env:HIGHWAY_CONFIG='curriculum_stage_3_mixed_traffic'; $env:TOTAL_TIMESTEPS='100000'; $env:TRAIN_SEED='12345'; $env:EVAL_SEEDS='[1000, 1001, 1002, 1003, 1004, 1005, 1006, 1007, 1008, 1009, 1010, 1011, 1012, 1013, 1014, 1015, 1016, 1017, 1018, 1019, 1020, 1021, 1022, 1023, 1024, 1025, 1026, 1027, 1028, 1029, 1030, 1031, 1032, 1033, 1034, 1035, 1036, 1037, 1038, 1039, 1040, 1041, 1042, 1043, 1044, 1045, 1046, 1047, 1048, 1049]'; $env:EVAL_MAX_STEPS='full'; $env:EVAL_ACTION_MODE='safeguarded'; $env:SAFEGUARD_THRESHOLD='0.0005'; $env:MC_SAMPLES='5'; $env:TORCH_NUM_THREADS='1'; $env:RUN_ID='stage3_uncertainty_meanmax_threshold_3run_100k_20260512_142042\seed12345'; $env:EGO_START_LANE_POLICY='random'; & 'C:\Users\milke\miniconda3\envs\highway\python.exe' 'C:\Users\milke\groupCoursework\FYP\run_meanmax_single_stage_study.py'

Training seed: 12345
Config: curriculum_stage_3_mixed_traffic
Target timesteps: 100000
Eval type: full
Eval action mode: safeguarded
Safeguard threshold: 0.0005
MC samples: 5
Evaluation seeds: 1000..1049 (50 episodes)
Output directory: C:\Users\milke\groupCoursework\FYP\experiment_runs\stage3_uncertainty_meanmax_threshold_3run_100k_20260512_142042\seed12345
Successfully set seed to 12345
Learning... Running 300 timesteps per episode, 4096 timesteps per batch for a total of 100000 timesteps
the uncertainty penalty lambda is 0.01
C:\Users\milke\miniconda3\envs\highway\Lib\site-packages\numpy\core\fromnumeric.py:3504: RuntimeWarning: Mean of empty slice.
  return _methods._mean(a, axis=axis, dtype=dtype,
C:\Users\milke\miniconda3\envs\highway\Lib\site-packages\numpy\core\_methods.py:129: RuntimeWarning: invalid value encountered in scalar divide
  ret = ret.dtype.type(ret / rcount)

-------------------- Iteration #1 --------------------
Average Episodic Length: 22.26
Average Episodic Return: 14.109
Average Raw Episodic Return (without uncertainty penalty): 0.0
Average Loss: -0.00215
Average Critic Uncertainty: nan
Timesteps So Far: 4118
Iteration took: 74.55 secs
------------------------------------------------------


-------------------- Iteration #2 --------------------
Average Episodic Length: 22.34
Average Episodic Return: 14.185
Average Raw Episodic Return (without uncertainty penalty): 0.0
Average Loss: -0.0007
Average Critic Uncertainty: nan
Timesteps So Far: 8250
Iteration took: 75.34 secs
------------------------------------------------------


-------------------- Iteration #3 --------------------
Average Episodic Length: 22.54
Average Episodic Return: 14.511
Average Raw Episodic Return (without uncertainty penalty): 0.0
Average Loss: -0.00111
Average Critic Uncertainty: nan
Timesteps So Far: 12375
Iteration took: 70.04 secs
------------------------------------------------------


-------------------- Iteration #4 --------------------
Average Episodic Length: 25.26
Average Episodic Return: 16.458
Average Raw Episodic Return (without uncertainty penalty): 0.0
Average Loss: -0.0006
Average Critic Uncertainty: nan
Timesteps So Far: 16492
Iteration took: 69.71 secs
------------------------------------------------------


-------------------- Iteration #5 --------------------
Average Episodic Length: 22.84
Average Episodic Return: 14.344
Average Raw Episodic Return (without uncertainty penalty): 0.0
Average Loss: -0.00094
Average Critic Uncertainty: nan
Timesteps So Far: 20604
Iteration took: 68.95 secs
------------------------------------------------------


-------------------- Iteration #6 --------------------
Average Episodic Length: 24.77
Average Episodic Return: 16.081
Average Raw Episodic Return (without uncertainty penalty): 0.0
Average Loss: -0.00074
Average Critic Uncertainty: nan
Timesteps So Far: 24715
Iteration took: 70.07 secs
------------------------------------------------------


-------------------- Iteration #7 --------------------
Average Episodic Length: 24.49
Average Episodic Return: 15.845
Average Raw Episodic Return (without uncertainty penalty): 0.0
Average Loss: -0.00092
Average Critic Uncertainty: nan
Timesteps So Far: 28830
Iteration took: 69.82 secs
------------------------------------------------------


-------------------- Iteration #8 --------------------
Average Episodic Length: 24.56
Average Episodic Return: 15.981
Average Raw Episodic Return (without uncertainty penalty): 0.0
Average Loss: -0.00076
Average Critic Uncertainty: nan
Timesteps So Far: 32931
Iteration took: 70.02 secs
------------------------------------------------------


-------------------- Iteration #9 --------------------
Average Episodic Length: 26.33
Average Episodic Return: 17.442
Average Raw Episodic Return (without uncertainty penalty): 0.0
Average Loss: -0.00084
Average Critic Uncertainty: nan
Timesteps So Far: 37038
Iteration took: 69.72 secs
------------------------------------------------------


-------------------- Iteration #10 --------------------
Average Episodic Length: 26.18
Average Episodic Return: 17.025
Average Raw Episodic Return (without uncertainty penalty): 0.0
Average Loss: -0.00066
Average Critic Uncertainty: nan
Timesteps So Far: 41201
Iteration took: 69.83 secs
------------------------------------------------------


-------------------- Iteration #11 --------------------
Average Episodic Length: 28.85
Average Episodic Return: 19.493
Average Raw Episodic Return (without uncertainty penalty): 0.0
Average Loss: -0.00051
Average Critic Uncertainty: nan
Timesteps So Far: 45298
Iteration took: 69.58 secs
------------------------------------------------------


-------------------- Iteration #12 --------------------
Average Episodic Length: 32.12
Average Episodic Return: 21.282
Average Raw Episodic Return (without uncertainty penalty): 0.0
Average Loss: -0.0006
Average Critic Uncertainty: nan
Timesteps So Far: 49410
Iteration took: 69.63 secs
------------------------------------------------------


-------------------- Iteration #13 --------------------
Average Episodic Length: 29.72
Average Episodic Return: 20.138
Average Raw Episodic Return (without uncertainty penalty): 0.0
Average Loss: -0.00096
Average Critic Uncertainty: nan
Timesteps So Far: 53541
Iteration took: 69.56 secs
------------------------------------------------------


-------------------- Iteration #14 --------------------
Average Episodic Length: 31.83
Average Episodic Return: 21.767
Average Raw Episodic Return (without uncertainty penalty): 0.0
Average Loss: -0.00115
Average Critic Uncertainty: nan
Timesteps So Far: 57647
Iteration took: 69.1 secs
------------------------------------------------------


-------------------- Iteration #15 --------------------
Average Episodic Length: 30.57
Average Episodic Return: 20.819
Average Raw Episodic Return (without uncertainty penalty): 0.0
Average Loss: -0.00086
Average Critic Uncertainty: nan
Timesteps So Far: 61743
Iteration took: 69.05 secs
------------------------------------------------------


-------------------- Iteration #16 --------------------
Average Episodic Length: 34.13
Average Episodic Return: 23.744
Average Raw Episodic Return (without uncertainty penalty): 0.0
Average Loss: -0.00038
Average Critic Uncertainty: nan
Timesteps So Far: 65839
Iteration took: 78.09 secs
------------------------------------------------------


-------------------- Iteration #17 --------------------
Average Episodic Length: 32.14
Average Episodic Return: 21.94
Average Raw Episodic Return (without uncertainty penalty): 0.0
Average Loss: -0.00068
Average Critic Uncertainty: nan
Timesteps So Far: 69953
Iteration took: 71.31 secs
------------------------------------------------------


-------------------- Iteration #18 --------------------
Average Episodic Length: 32.69
Average Episodic Return: 21.977
Average Raw Episodic Return (without uncertainty penalty): 0.0
Average Loss: -0.00102
Average Critic Uncertainty: nan
Timesteps So Far: 74072
Iteration took: 72.07 secs
------------------------------------------------------


-------------------- Iteration #19 --------------------
Average Episodic Length: 39.19
Average Episodic Return: 27.464
Average Raw Episodic Return (without uncertainty penalty): 0.0
Average Loss: -5e-05
Average Critic Uncertainty: nan
Timesteps So Far: 78187
Iteration took: 69.8 secs
------------------------------------------------------


-------------------- Iteration #20 --------------------
Average Episodic Length: 34.8
Average Episodic Return: 24.104
Average Raw Episodic Return (without uncertainty penalty): 0.0
Average Loss: -0.00082
Average Critic Uncertainty: nan
Timesteps So Far: 82293
Iteration took: 68.82 secs
------------------------------------------------------


-------------------- Iteration #21 --------------------
Average Episodic Length: 39.08
Average Episodic Return: 27.524
Average Raw Episodic Return (without uncertainty penalty): 0.0
Average Loss: -0.00072
Average Critic Uncertainty: nan
Timesteps So Far: 86396
Iteration took: 68.05 secs
------------------------------------------------------


-------------------- Iteration #22 --------------------
Average Episodic Length: 33.3
Average Episodic Return: 22.675
Average Raw Episodic Return (without uncertainty penalty): 0.0
Average Loss: -0.00025
Average Critic Uncertainty: nan
Timesteps So Far: 90492
Iteration took: 67.88 secs
------------------------------------------------------


-------------------- Iteration #23 --------------------
Average Episodic Length: 37.76
Average Episodic Return: 26.954
Average Raw Episodic Return (without uncertainty penalty): 0.0
Average Loss: -0.00059
Average Critic Uncertainty: nan
Timesteps So Far: 94683
Iteration took: 70.89 secs
------------------------------------------------------


-------------------- Iteration #24 --------------------
Average Episodic Length: 38.81
Average Episodic Return: 27.897
Average Raw Episodic Return (without uncertainty penalty): 0.0
Average Loss: -0.00063
Average Critic Uncertainty: nan
Timesteps So Far: 98797
Iteration took: 68.61 secs
------------------------------------------------------


-------------------- Iteration #25 --------------------
Average Episodic Length: 38.5
Average Episodic Return: 27.645
Average Raw Episodic Return (without uncertainty penalty): 0.0
Average Loss: -0.00019
Average Critic Uncertainty: nan
Timesteps So Far: 102917
Iteration took: 68.9 secs
------------------------------------------------------

Training CSV: C:\Users\milke\groupCoursework\FYP\experiment_runs\stage3_uncertainty_meanmax_threshold_3run_100k_20260512_142042\seed12345\training_log.csv
Training summary CSV: C:\Users\milke\groupCoursework\FYP\experiment_runs\stage3_uncertainty_meanmax_threshold_3run_100k_20260512_142042\seed12345\training_summary.csv
Evaluation per-episode CSV: C:\Users\milke\groupCoursework\FYP\experiment_runs\stage3_uncertainty_meanmax_threshold_3run_100k_20260512_142042\seed12345\evaluation_per_episode.csv
Evaluation summary CSV: C:\Users\milke\groupCoursework\FYP\experiment_runs\stage3_uncertainty_meanmax_threshold_3run_100k_20260512_142042\seed12345\evaluation_summary.csv
Actor checkpoint: C:\Users\milke\groupCoursework\FYP\experiment_runs\stage3_uncertainty_meanmax_threshold_3run_100k_20260512_142042\seed12345\checkpoint_actor.pth
Critic checkpoint: C:\Users\milke\groupCoursework\FYP\experiment_runs\stage3_uncertainty_meanmax_threshold_3run_100k_20260512_142042\seed12345\checkpoint_critic.pth
