Env: highway-v0
Config: highway_v0_stage_2_benchmark_v4
Training seed: 23456
Target timesteps: 200000
Eval type: full
Eval action mode: actor
Observation space: (83,)
Evaluation seeds: 1000..1049 (50 episodes)
Output directory: C:\Users\milke\groupCoursework\FYP\experiment_runs\highwayv0_v4_all_models_5x200k_20260509_094540\mlp_baseline\seed23456
Successfully set seed to 23456
Learning... Running 300 timesteps per episode, 4096 timesteps per batch for a total of 200000 timesteps

-------------------- Iteration #1 --------------------
Average Episodic Length: 14.95
Average Episodic Return: 10.02
Average Loss: -0.00482
Timesteps So Far: 4111
Iteration took: 114.11 secs
------------------------------------------------------


-------------------- Iteration #2 --------------------
Average Episodic Length: 15.38
Average Episodic Return: 10.4
Average Loss: -0.00524
Timesteps So Far: 8217
Iteration took: 121.2 secs
------------------------------------------------------


-------------------- Iteration #3 --------------------
Average Episodic Length: 16.64
Average Episodic Return: 11.52
Average Loss: -0.00452
Timesteps So Far: 12328
Iteration took: 124.47 secs
------------------------------------------------------


-------------------- Iteration #4 --------------------
Average Episodic Length: 17.66
Average Episodic Return: 12.4
Average Loss: -0.00493
Timesteps So Far: 16425
Iteration took: 122.01 secs
------------------------------------------------------


-------------------- Iteration #5 --------------------
Average Episodic Length: 21.25
Average Episodic Return: 15.52
Average Loss: -0.0041
Timesteps So Far: 20527
Iteration took: 136.56 secs
------------------------------------------------------


-------------------- Iteration #6 --------------------
Average Episodic Length: 20.81
Average Episodic Return: 15.19
Average Loss: -0.00319
Timesteps So Far: 24648
Iteration took: 132.05 secs
------------------------------------------------------


-------------------- Iteration #7 --------------------
Average Episodic Length: 25.49
Average Episodic Return: 19.26
Average Loss: -0.00282
Timesteps So Far: 28778
Iteration took: 128.32 secs
------------------------------------------------------


-------------------- Iteration #8 --------------------
Average Episodic Length: 28.53
Average Episodic Return: 21.82
Average Loss: -0.00242
Timesteps So Far: 32886
Iteration took: 122.1 secs
------------------------------------------------------


-------------------- Iteration #9 --------------------
Average Episodic Length: 30.35
Average Episodic Return: 23.52
Average Loss: -0.0013
Timesteps So Far: 37013
Iteration took: 122.06 secs
------------------------------------------------------


-------------------- Iteration #10 --------------------
Average Episodic Length: 29.82
Average Episodic Return: 23.15
Average Loss: -0.0008
Timesteps So Far: 41158
Iteration took: 123.48 secs
------------------------------------------------------


-------------------- Iteration #11 --------------------
Average Episodic Length: 32.4
Average Episodic Return: 25.36
Average Loss: -0.00057
Timesteps So Far: 45273
Iteration took: 123.21 secs
------------------------------------------------------


-------------------- Iteration #12 --------------------
Average Episodic Length: 31.29
Average Episodic Return: 24.36
Average Loss: -0.00054
Timesteps So Far: 49372
Iteration took: 123.47 secs
------------------------------------------------------


-------------------- Iteration #13 --------------------
Average Episodic Length: 35.95
Average Episodic Return: 28.42
Average Loss: -0.00072
Timesteps So Far: 53470
Iteration took: 121.82 secs
------------------------------------------------------


-------------------- Iteration #14 --------------------
Average Episodic Length: 34.55
Average Episodic Return: 27.13
Average Loss: -0.00061
Timesteps So Far: 57582
Iteration took: 127.83 secs
------------------------------------------------------


-------------------- Iteration #15 --------------------
Average Episodic Length: 38.22
Average Episodic Return: 30.34
Average Loss: -0.00053
Timesteps So Far: 61710
Iteration took: 117.09 secs
------------------------------------------------------


-------------------- Iteration #16 --------------------
Average Episodic Length: 38.52
Average Episodic Return: 30.47
Average Loss: -0.00068
Timesteps So Far: 65832
Iteration took: 118.81 secs
------------------------------------------------------


-------------------- Iteration #17 --------------------
Average Episodic Length: 42.44
Average Episodic Return: 33.92
Average Loss: -0.00046
Timesteps So Far: 69949
Iteration took: 116.01 secs
------------------------------------------------------


-------------------- Iteration #18 --------------------
Average Episodic Length: 36.11
Average Episodic Return: 28.55
Average Loss: -0.00048
Timesteps So Far: 74065
Iteration took: 119.01 secs
------------------------------------------------------


-------------------- Iteration #19 --------------------
Average Episodic Length: 40.6
Average Episodic Return: 32.32
Average Loss: -0.00043
Timesteps So Far: 78166
Iteration took: 121.93 secs
------------------------------------------------------


-------------------- Iteration #20 --------------------
Average Episodic Length: 42.77
Average Episodic Return: 34.15
Average Loss: -0.0005
Timesteps So Far: 82272
Iteration took: 117.56 secs
------------------------------------------------------


-------------------- Iteration #21 --------------------
Average Episodic Length: 42.81
Average Episodic Return: 34.19
Average Loss: -0.00046
Timesteps So Far: 86382
Iteration took: 124.59 secs
------------------------------------------------------


-------------------- Iteration #22 --------------------
Average Episodic Length: 47.02
Average Episodic Return: 37.88
Average Loss: -0.00036
Timesteps So Far: 90520
Iteration took: 121.59 secs
------------------------------------------------------


-------------------- Iteration #23 --------------------
Average Episodic Length: 42.76
Average Episodic Return: 34.06
Average Loss: -0.00051
Timesteps So Far: 94625
Iteration took: 115.46 secs
------------------------------------------------------


-------------------- Iteration #24 --------------------
Average Episodic Length: 57.04
Average Episodic Return: 46.18
Average Loss: -0.00049
Timesteps So Far: 98732
Iteration took: 118.35 secs
------------------------------------------------------


-------------------- Iteration #25 --------------------
Average Episodic Length: 46.67
Average Episodic Return: 37.47
Average Loss: -0.00062
Timesteps So Far: 102839
Iteration took: 128.65 secs
------------------------------------------------------


-------------------- Iteration #26 --------------------
Average Episodic Length: 47.73
Average Episodic Return: 38.46
Average Loss: -0.00054
Timesteps So Far: 106944
Iteration took: 132.68 secs
------------------------------------------------------


-------------------- Iteration #27 --------------------
Average Episodic Length: 55.0
Average Episodic Return: 44.46
Average Loss: -0.00066
Timesteps So Far: 111124
Iteration took: 116.73 secs
------------------------------------------------------


-------------------- Iteration #28 --------------------
Average Episodic Length: 50.99
Average Episodic Return: 41.19
Average Loss: -0.00061
Timesteps So Far: 115254
Iteration took: 764.84 secs
------------------------------------------------------


-------------------- Iteration #29 --------------------
Average Episodic Length: 58.48
Average Episodic Return: 47.26
Average Loss: -0.00084
Timesteps So Far: 119406
Iteration took: 99.31 secs
------------------------------------------------------


-------------------- Iteration #30 --------------------
Average Episodic Length: 60.06
Average Episodic Return: 48.99
Average Loss: -0.00036
Timesteps So Far: 123550
Iteration took: 104.29 secs
------------------------------------------------------


-------------------- Iteration #31 --------------------
Average Episodic Length: 71.43
Average Episodic Return: 58.37
Average Loss: -0.00053
Timesteps So Far: 127693
Iteration took: 110.63 secs
------------------------------------------------------


-------------------- Iteration #32 --------------------
Average Episodic Length: 72.18
Average Episodic Return: 58.8
Average Loss: -0.00054
Timesteps So Far: 131807
Iteration took: 123.52 secs
------------------------------------------------------


-------------------- Iteration #33 --------------------
Average Episodic Length: 78.79
Average Episodic Return: 64.63
Average Loss: -0.00037
Timesteps So Far: 135904
Iteration took: 125.64 secs
------------------------------------------------------


-------------------- Iteration #34 --------------------
Average Episodic Length: 86.0
Average Episodic Return: 70.76
Average Loss: -0.00061
Timesteps So Far: 140204
Iteration took: 130.76 secs
------------------------------------------------------


-------------------- Iteration #35 --------------------
Average Episodic Length: 87.31
Average Episodic Return: 71.74
Average Loss: -0.00071
Timesteps So Far: 144395
Iteration took: 135.14 secs
------------------------------------------------------


-------------------- Iteration #36 --------------------
Average Episodic Length: 95.3
Average Episodic Return: 78.39
Average Loss: -0.00049
Timesteps So Far: 148493
Iteration took: 137.11 secs
------------------------------------------------------


-------------------- Iteration #37 --------------------
Average Episodic Length: 80.94
Average Episodic Return: 66.58
Average Loss: -0.0006
Timesteps So Far: 152621
Iteration took: 137.17 secs
------------------------------------------------------


-------------------- Iteration #38 --------------------
Average Episodic Length: 86.71
Average Episodic Return: 71.13
Average Loss: -0.00053
Timesteps So Far: 156783
Iteration took: 3798.06 secs
------------------------------------------------------


-------------------- Iteration #39 --------------------
Average Episodic Length: 116.7
Average Episodic Return: 96.47
Average Loss: -0.00056
Timesteps So Far: 161101
Iteration took: 2000.62 secs
------------------------------------------------------


-------------------- Iteration #40 --------------------
Average Episodic Length: 128.0
Average Episodic Return: 106.37
Average Loss: -0.00049
Timesteps So Far: 165453
Iteration took: 150.83 secs
------------------------------------------------------


-------------------- Iteration #41 --------------------
Average Episodic Length: 124.82
Average Episodic Return: 103.37
Average Loss: -0.00049
Timesteps So Far: 169572
Iteration took: 141.43 secs
------------------------------------------------------


-------------------- Iteration #42 --------------------
Average Episodic Length: 120.43
Average Episodic Return: 99.83
Average Loss: -0.00036
Timesteps So Far: 173787
Iteration took: 167.53 secs
------------------------------------------------------


-------------------- Iteration #43 --------------------
Average Episodic Length: 154.29
Average Episodic Return: 128.11
Average Loss: -0.00038
Timesteps So Far: 178107
Iteration took: 128.54 secs
------------------------------------------------------


-------------------- Iteration #44 --------------------
Average Episodic Length: 185.0
Average Episodic Return: 154.15
Average Loss: -0.00051
Timesteps So Far: 182362
Iteration took: 110.05 secs
------------------------------------------------------


-------------------- Iteration #45 --------------------
Average Episodic Length: 116.14
Average Episodic Return: 96.19
Average Loss: -0.00134
Timesteps So Far: 186543
Iteration took: 107.81 secs
------------------------------------------------------


-------------------- Iteration #46 --------------------
Average Episodic Length: 152.07
Average Episodic Return: 125.91
Average Loss: -0.00049
Timesteps So Far: 190649
Iteration took: 116.4 secs
------------------------------------------------------


-------------------- Iteration #47 --------------------
Average Episodic Length: 187.82
Average Episodic Return: 156.19
Average Loss: -0.00047
Timesteps So Far: 194781
Iteration took: 119.89 secs
------------------------------------------------------


-------------------- Iteration #48 --------------------
Average Episodic Length: 205.15
Average Episodic Return: 170.96
Average Loss: -0.00019
Timesteps So Far: 198884
Iteration took: 119.17 secs
------------------------------------------------------


-------------------- Iteration #49 --------------------
Average Episodic Length: 260.44
Average Episodic Return: 217.52
Average Loss: -0.00024
Timesteps So Far: 203051
Iteration took: 120.15 secs
------------------------------------------------------

Training CSV: C:\Users\milke\groupCoursework\FYP\experiment_runs\highwayv0_v4_all_models_5x200k_20260509_094540\mlp_baseline\seed23456\training_log.csv
Training summary CSV: C:\Users\milke\groupCoursework\FYP\experiment_runs\highwayv0_v4_all_models_5x200k_20260509_094540\mlp_baseline\seed23456\training_summary.csv
Evaluation per-episode CSV: C:\Users\milke\groupCoursework\FYP\experiment_runs\highwayv0_v4_all_models_5x200k_20260509_094540\mlp_baseline\seed23456\evaluation_per_episode.csv
Evaluation summary CSV: C:\Users\milke\groupCoursework\FYP\experiment_runs\highwayv0_v4_all_models_5x200k_20260509_094540\mlp_baseline\seed23456\evaluation_summary.csv
Actor checkpoint: C:\Users\milke\groupCoursework\FYP\experiment_runs\highwayv0_v4_all_models_5x200k_20260509_094540\mlp_baseline\seed23456\checkpoint_actor.pth
Critic checkpoint: C:\Users\milke\groupCoursework\FYP\experiment_runs\highwayv0_v4_all_models_5x200k_20260509_094540\mlp_baseline\seed23456\checkpoint_critic.pth
