Training seed: 12345
Config: curriculum_stage_2_easy_overtake
Target timesteps: 100000
Eval type: full
Evaluation seeds: 1000..1049 (50 episodes)
Output directory: C:\Users\milke\groupCoursework\FYP\experiment_runs\baseline_continuous_stage2_lite_5run_100k_20260510_074930\seed12345
Successfully set seed to 12345
Learning... Running 300 timesteps per episode, 4096 timesteps per batch for a total of 100000 timesteps

-------------------- Iteration #1 --------------------
Average Episodic Length: 13.48
Average Episodic Return: 7.76
Average Loss: -0.00329
Timesteps So Far: 4097
Iteration took: 58.87 secs
------------------------------------------------------


-------------------- Iteration #2 --------------------
Average Episodic Length: 14.22
Average Episodic Return: 8.41
Average Loss: -0.00323
Timesteps So Far: 8207
Iteration took: 56.16 secs
------------------------------------------------------


-------------------- Iteration #3 --------------------
Average Episodic Length: 14.34
Average Episodic Return: 8.61
Average Loss: -0.00277
Timesteps So Far: 12309
Iteration took: 54.55 secs
------------------------------------------------------


-------------------- Iteration #4 --------------------
Average Episodic Length: 14.74
Average Episodic Return: 8.9
Average Loss: -0.00279
Timesteps So Far: 16408
Iteration took: 53.85 secs
------------------------------------------------------


-------------------- Iteration #5 --------------------
Average Episodic Length: 15.42
Average Episodic Return: 9.3
Average Loss: -0.00301
Timesteps So Far: 20509
Iteration took: 53.52 secs
------------------------------------------------------


-------------------- Iteration #6 --------------------
Average Episodic Length: 18.8
Average Episodic Return: 12.03
Average Loss: -0.00306
Timesteps So Far: 24608
Iteration took: 52.89 secs
------------------------------------------------------


-------------------- Iteration #7 --------------------
Average Episodic Length: 17.45
Average Episodic Return: 10.94
Average Loss: -0.00251
Timesteps So Far: 28709
Iteration took: 52.65 secs
------------------------------------------------------


-------------------- Iteration #8 --------------------
Average Episodic Length: 19.82
Average Episodic Return: 12.72
Average Loss: -0.00231
Timesteps So Far: 32811
Iteration took: 51.37 secs
------------------------------------------------------


-------------------- Iteration #9 --------------------
Average Episodic Length: 20.64
Average Episodic Return: 13.5
Average Loss: -0.00172
Timesteps So Far: 36918
Iteration took: 51.26 secs
------------------------------------------------------


-------------------- Iteration #10 --------------------
Average Episodic Length: 20.93
Average Episodic Return: 13.38
Average Loss: -0.0013
Timesteps So Far: 41020
Iteration took: 54.37 secs
------------------------------------------------------


-------------------- Iteration #11 --------------------
Average Episodic Length: 23.16
Average Episodic Return: 15.29
Average Loss: -0.00139
Timesteps So Far: 45119
Iteration took: 53.76 secs
------------------------------------------------------


-------------------- Iteration #12 --------------------
Average Episodic Length: 23.14
Average Episodic Return: 14.95
Average Loss: -0.00059
Timesteps So Far: 49215
Iteration took: 55.59 secs
------------------------------------------------------


-------------------- Iteration #13 --------------------
Average Episodic Length: 23.86
Average Episodic Return: 15.97
Average Loss: -0.00083
Timesteps So Far: 53366
Iteration took: 55.45 secs
------------------------------------------------------


-------------------- Iteration #14 --------------------
Average Episodic Length: 23.11
Average Episodic Return: 15.45
Average Loss: -0.00052
Timesteps So Far: 57480
Iteration took: 54.34 secs
------------------------------------------------------


-------------------- Iteration #15 --------------------
Average Episodic Length: 25.82
Average Episodic Return: 17.37
Average Loss: -0.0003
Timesteps So Far: 61586
Iteration took: 54.8 secs
------------------------------------------------------


-------------------- Iteration #16 --------------------
Average Episodic Length: 27.17
Average Episodic Return: 18.8
Average Loss: -0.00067
Timesteps So Far: 65716
Iteration took: 54.61 secs
------------------------------------------------------


-------------------- Iteration #17 --------------------
Average Episodic Length: 27.24
Average Episodic Return: 18.78
Average Loss: -0.00035
Timesteps So Far: 69856
Iteration took: 54.69 secs
------------------------------------------------------


-------------------- Iteration #18 --------------------
Average Episodic Length: 25.94
Average Episodic Return: 17.57
Average Loss: -0.00043
Timesteps So Far: 73955
Iteration took: 54.68 secs
------------------------------------------------------


-------------------- Iteration #19 --------------------
Average Episodic Length: 25.12
Average Episodic Return: 17.08
Average Loss: -0.00052
Timesteps So Far: 78100
Iteration took: 55.55 secs
------------------------------------------------------


-------------------- Iteration #20 --------------------
Average Episodic Length: 29.34
Average Episodic Return: 20.29
Average Loss: -0.00043
Timesteps So Far: 82207
Iteration took: 55.42 secs
------------------------------------------------------


-------------------- Iteration #21 --------------------
Average Episodic Length: 28.84
Average Episodic Return: 19.93
Average Loss: -0.00036
Timesteps So Far: 86331
Iteration took: 55.94 secs
------------------------------------------------------


-------------------- Iteration #22 --------------------
Average Episodic Length: 29.08
Average Episodic Return: 20.45
Average Loss: -0.00052
Timesteps So Far: 90431
Iteration took: 55.04 secs
------------------------------------------------------


-------------------- Iteration #23 --------------------
Average Episodic Length: 30.34
Average Episodic Return: 21.3
Average Loss: -0.00038
Timesteps So Far: 94527
Iteration took: 54.83 secs
------------------------------------------------------


-------------------- Iteration #24 --------------------
Average Episodic Length: 28.87
Average Episodic Return: 20.15
Average Loss: -0.00054
Timesteps So Far: 98626
Iteration took: 54.21 secs
------------------------------------------------------


-------------------- Iteration #25 --------------------
Average Episodic Length: 30.12
Average Episodic Return: 21.34
Average Loss: -0.00057
Timesteps So Far: 102723
Iteration took: 53.86 secs
------------------------------------------------------

Training CSV: C:\Users\milke\groupCoursework\FYP\experiment_runs\baseline_continuous_stage2_lite_5run_100k_20260510_074930\seed12345\training_log.csv
Training summary CSV: C:\Users\milke\groupCoursework\FYP\experiment_runs\baseline_continuous_stage2_lite_5run_100k_20260510_074930\seed12345\training_summary.csv
Evaluation per-episode CSV: C:\Users\milke\groupCoursework\FYP\experiment_runs\baseline_continuous_stage2_lite_5run_100k_20260510_074930\seed12345\evaluation_per_episode.csv
Evaluation summary CSV: C:\Users\milke\groupCoursework\FYP\experiment_runs\baseline_continuous_stage2_lite_5run_100k_20260510_074930\seed12345\evaluation_summary.csv
Actor checkpoint: C:\Users\milke\groupCoursework\FYP\experiment_runs\baseline_continuous_stage2_lite_5run_100k_20260510_074930\seed12345\checkpoint_actor.pth
Critic checkpoint: C:\Users\milke\groupCoursework\FYP\experiment_runs\baseline_continuous_stage2_lite_5run_100k_20260510_074930\seed12345\checkpoint_critic.pth
