COMMAND:
$env:MODEL_SUBDIR='uncertainty_penalty_PPO'; $env:MODEL_LABEL='uncertainty_penalty_lambda_0_05'; $env:HIGHWAY_CONFIG='curriculum_stage_3_mixed_traffic'; $env:TOTAL_TIMESTEPS='100000'; $env:TRAIN_SEED='23456'; $env:LAMBDA_U='0.05'; $env:DROPOUT_P='0.1'; $env:PPO_MC_SAMPLES='5'; $env:EVAL_SEEDS='[1000, 1001, 1002, 1003, 1004, 1005, 1006, 1007, 1008, 1009, 1010, 1011, 1012, 1013, 1014, 1015, 1016, 1017, 1018, 1019, 1020, 1021, 1022, 1023, 1024, 1025, 1026, 1027, 1028, 1029, 1030, 1031, 1032, 1033, 1034, 1035, 1036, 1037, 1038, 1039, 1040, 1041, 1042, 1043, 1044, 1045, 1046, 1047, 1048, 1049]'; $env:EVAL_MAX_STEPS='full'; $env:EVAL_ACTION_MODE='actor'; $env:TORCH_NUM_THREADS='1'; $env:RUN_ID='stage3_uncertainty_penalty_lambda_sweep_2x100k_20260512_204554\lambda_0_05\seed23456'; $env:EGO_START_LANE_POLICY='random'; & 'C:\Users\milke\miniconda3\envs\highway\python.exe' 'C:\Users\milke\groupCoursework\FYP\run_meanmax_single_stage_study.py'

Training seed: 23456
Config: curriculum_stage_3_mixed_traffic
Target timesteps: 100000
Eval type: full
Eval action mode: actor
Evaluation seeds: 1000..1049 (50 episodes)
Output directory: C:\Users\milke\groupCoursework\FYP\experiment_runs\stage3_uncertainty_penalty_lambda_sweep_2x100k_20260512_204554\lambda_0_05\seed23456
Successfully set seed to 23456
Learning... Running 300 timesteps per episode, 4096 timesteps per batch for a total of 100000 timesteps
the uncertainty penalty lambda is 0.05

-------------------- Iteration #1 --------------------
Average Episodic Length: 23.01
Average Episodic Return: 14.525
Average Raw Episodic Return (without uncertainty penalty): 14.95
Average Loss: -0.00235
Average Critic Uncertainty: 0.0005
Timesteps So Far: 4119
Iteration took: 162.8 secs
------------------------------------------------------


-------------------- Iteration #2 --------------------
Average Episodic Length: 24.25
Average Episodic Return: 15.131
Average Raw Episodic Return (without uncertainty penalty): 15.587
Average Loss: -0.00093
Average Critic Uncertainty: 0.00053
Timesteps So Far: 8218
Iteration took: 142.38 secs
------------------------------------------------------


-------------------- Iteration #3 --------------------
Average Episodic Length: 23.15
Average Episodic Return: 14.425
Average Raw Episodic Return (without uncertainty penalty): 14.812
Average Loss: -0.00097
Average Critic Uncertainty: 0.00056
Timesteps So Far: 12339
Iteration took: 136.17 secs
------------------------------------------------------


-------------------- Iteration #4 --------------------
Average Episodic Length: 25.62
Average Episodic Return: 16.358
Average Raw Episodic Return (without uncertainty penalty): 16.8
Average Loss: -0.00152
Average Critic Uncertainty: 0.00059
Timesteps So Far: 16438
Iteration took: 18482.12 secs
------------------------------------------------------


-------------------- Iteration #5 --------------------
Average Episodic Length: 26.88
Average Episodic Return: 17.265
Average Raw Episodic Return (without uncertainty penalty): 17.77
Average Loss: -0.0008
Average Critic Uncertainty: 0.00063
Timesteps So Far: 20550
Iteration took: 125.31 secs
------------------------------------------------------


-------------------- Iteration #6 --------------------
Average Episodic Length: 25.44
Average Episodic Return: 16.446
Average Raw Episodic Return (without uncertainty penalty): 16.949
Average Loss: -0.00073
Average Critic Uncertainty: 0.00065
Timesteps So Far: 24671
Iteration took: 113.44 secs
------------------------------------------------------


-------------------- Iteration #7 --------------------
Average Episodic Length: 25.22
Average Episodic Return: 16.135
Average Raw Episodic Return (without uncertainty penalty): 16.599
Average Loss: -0.00104
Average Critic Uncertainty: 0.00072
Timesteps So Far: 28807
Iteration took: 113.93 secs
------------------------------------------------------


-------------------- Iteration #8 --------------------
Average Episodic Length: 25.69
Average Episodic Return: 16.404
Average Raw Episodic Return (without uncertainty penalty): 16.866
Average Loss: -0.00095
Average Critic Uncertainty: 0.00077
Timesteps So Far: 32917
Iteration took: 113.82 secs
------------------------------------------------------


-------------------- Iteration #9 --------------------
Average Episodic Length: 28.63
Average Episodic Return: 19.098
Average Raw Episodic Return (without uncertainty penalty): 19.617
Average Loss: -0.00053
Average Critic Uncertainty: 0.00081
Timesteps So Far: 37040
Iteration took: 116.07 secs
------------------------------------------------------


-------------------- Iteration #10 --------------------
Average Episodic Length: 26.42
Average Episodic Return: 16.488
Average Raw Episodic Return (without uncertainty penalty): 16.979
Average Loss: -0.00081
Average Critic Uncertainty: 0.00088
Timesteps So Far: 41162
Iteration took: 114.42 secs
------------------------------------------------------


-------------------- Iteration #11 --------------------
Average Episodic Length: 29.91
Average Episodic Return: 19.455
Average Raw Episodic Return (without uncertainty penalty): 20.01
Average Loss: -0.00097
Average Critic Uncertainty: 0.00094
Timesteps So Far: 45290
Iteration took: 114.14 secs
------------------------------------------------------


-------------------- Iteration #12 --------------------
Average Episodic Length: 30.12
Average Episodic Return: 19.918
Average Raw Episodic Return (without uncertainty penalty): 20.479
Average Loss: -0.00055
Average Critic Uncertainty: 0.00103
Timesteps So Far: 49386
Iteration took: 113.49 secs
------------------------------------------------------


-------------------- Iteration #13 --------------------
Average Episodic Length: 29.81
Average Episodic Return: 19.194
Average Raw Episodic Return (without uncertainty penalty): 19.743
Average Loss: -0.00102
Average Critic Uncertainty: 0.00108
Timesteps So Far: 53500
Iteration took: 114.29 secs
------------------------------------------------------


-------------------- Iteration #14 --------------------
Average Episodic Length: 38.1
Average Episodic Return: 26.338
Average Raw Episodic Return (without uncertainty penalty): 26.995
Average Loss: -0.00092
Average Critic Uncertainty: 0.00118
Timesteps So Far: 57653
Iteration took: 115.58 secs
------------------------------------------------------


-------------------- Iteration #15 --------------------
Average Episodic Length: 33.43
Average Episodic Return: 22.86
Average Raw Episodic Return (without uncertainty penalty): 23.498
Average Loss: -0.00136
Average Critic Uncertainty: 0.00126
Timesteps So Far: 61765
Iteration took: 116.47 secs
------------------------------------------------------


-------------------- Iteration #16 --------------------
Average Episodic Length: 33.58
Average Episodic Return: 22.438
Average Raw Episodic Return (without uncertainty penalty): 23.062
Average Loss: -8e-05
Average Critic Uncertainty: 0.0014
Timesteps So Far: 65862
Iteration took: 118.28 secs
------------------------------------------------------


-------------------- Iteration #17 --------------------
Average Episodic Length: 39.33
Average Episodic Return: 27.226
Average Raw Episodic Return (without uncertainty penalty): 27.965
Average Loss: -0.00134
Average Critic Uncertainty: 0.00151
Timesteps So Far: 70228
Iteration took: 125.47 secs
------------------------------------------------------


-------------------- Iteration #18 --------------------
Average Episodic Length: 36.82
Average Episodic Return: 25.191
Average Raw Episodic Return (without uncertainty penalty): 25.849
Average Loss: -0.00031
Average Critic Uncertainty: 0.00162
Timesteps So Far: 74352
Iteration took: 118.69 secs
------------------------------------------------------


-------------------- Iteration #19 --------------------
Average Episodic Length: 37.31
Average Episodic Return: 26.183
Average Raw Episodic Return (without uncertainty penalty): 26.899
Average Loss: -0.00076
Average Critic Uncertainty: 0.00173
Timesteps So Far: 78456
Iteration took: 116.96 secs
------------------------------------------------------


-------------------- Iteration #20 --------------------
Average Episodic Length: 38.63
Average Episodic Return: 26.662
Average Raw Episodic Return (without uncertainty penalty): 27.315
Average Loss: -0.00139
Average Critic Uncertainty: 0.00191
Timesteps So Far: 82589
Iteration took: 119.25 secs
------------------------------------------------------


-------------------- Iteration #21 --------------------
Average Episodic Length: 39.9
Average Episodic Return: 27.865
Average Raw Episodic Return (without uncertainty penalty): 28.562
Average Loss: -0.00066
Average Critic Uncertainty: 0.00206
Timesteps So Far: 86699
Iteration took: 117.88 secs
------------------------------------------------------


-------------------- Iteration #22 --------------------
Average Episodic Length: 51.2
Average Episodic Return: 36.226
Average Raw Episodic Return (without uncertainty penalty): 37.128
Average Loss: 5e-05
Average Critic Uncertainty: 0.00227
Timesteps So Far: 90795
Iteration took: 117.79 secs
------------------------------------------------------


-------------------- Iteration #23 --------------------
Average Episodic Length: 45.02
Average Episodic Return: 31.696
Average Raw Episodic Return (without uncertainty penalty): 32.544
Average Loss: -0.00079
Average Critic Uncertainty: 0.00254
Timesteps So Far: 94892
Iteration took: 118.07 secs
------------------------------------------------------


-------------------- Iteration #24 --------------------
Average Episodic Length: 46.69
Average Episodic Return: 32.849
Average Raw Episodic Return (without uncertainty penalty): 33.643
Average Loss: -0.00019
Average Critic Uncertainty: 0.00275
Timesteps So Far: 99047
Iteration took: 119.44 secs
------------------------------------------------------


-------------------- Iteration #25 --------------------
Average Episodic Length: 45.93
Average Episodic Return: 32.581
Average Raw Episodic Return (without uncertainty penalty): 33.404
Average Loss: -0.00038
Average Critic Uncertainty: 0.00298
Timesteps So Far: 103181
Iteration took: 127.53 secs
------------------------------------------------------

Training CSV: C:\Users\milke\groupCoursework\FYP\experiment_runs\stage3_uncertainty_penalty_lambda_sweep_2x100k_20260512_204554\lambda_0_05\seed23456\training_log.csv
Training summary CSV: C:\Users\milke\groupCoursework\FYP\experiment_runs\stage3_uncertainty_penalty_lambda_sweep_2x100k_20260512_204554\lambda_0_05\seed23456\training_summary.csv
Evaluation per-episode CSV: C:\Users\milke\groupCoursework\FYP\experiment_runs\stage3_uncertainty_penalty_lambda_sweep_2x100k_20260512_204554\lambda_0_05\seed23456\evaluation_per_episode.csv
Evaluation summary CSV: C:\Users\milke\groupCoursework\FYP\experiment_runs\stage3_uncertainty_penalty_lambda_sweep_2x100k_20260512_204554\lambda_0_05\seed23456\evaluation_summary.csv
Actor checkpoint: C:\Users\milke\groupCoursework\FYP\experiment_runs\stage3_uncertainty_penalty_lambda_sweep_2x100k_20260512_204554\lambda_0_05\seed23456\checkpoint_actor.pth
Critic checkpoint: C:\Users\milke\groupCoursework\FYP\experiment_runs\stage3_uncertainty_penalty_lambda_sweep_2x100k_20260512_204554\lambda_0_05\seed23456\checkpoint_critic.pth
