Training seed: 23456
Config: curriculum_stage_2_easy_overtake
Target timesteps: 100000
Eval type: full
Evaluation seeds: 1000..1049 (50 episodes)
Output directory: C:\Users\milke\groupCoursework\FYP\experiment_runs\meanmax_continuous_stage2_lite_100k_seed23456_20260507_101613
Successfully set seed to 23456
Learning... Running 300 timesteps per episode, 4096 timesteps per batch for a total of 100000 timesteps

-------------------- Iteration #1 --------------------
Average Episodic Length: 21.85
Average Episodic Return: 14.59
Average Loss: -0.00341
Timesteps So Far: 4108
Iteration took: 61.2 secs
------------------------------------------------------


-------------------- Iteration #2 --------------------
Average Episodic Length: 20.7
Average Episodic Return: 13.63
Average Loss: -0.00103
Timesteps So Far: 8207
Iteration took: 55.54 secs
------------------------------------------------------


-------------------- Iteration #3 --------------------
Average Episodic Length: 22.21
Average Episodic Return: 14.89
Average Loss: -0.00057
Timesteps So Far: 12315
Iteration took: 54.4 secs
------------------------------------------------------


-------------------- Iteration #4 --------------------
Average Episodic Length: 27.43
Average Episodic Return: 19.28
Average Loss: -0.00107
Timesteps So Far: 16566
Iteration took: 55.88 secs
------------------------------------------------------


-------------------- Iteration #5 --------------------
Average Episodic Length: 24.11
Average Episodic Return: 16.36
Average Loss: -0.00131
Timesteps So Far: 20665
Iteration took: 53.96 secs
------------------------------------------------------


-------------------- Iteration #6 --------------------
Average Episodic Length: 24.56
Average Episodic Return: 16.74
Average Loss: -0.0005
Timesteps So Far: 24767
Iteration took: 52.43 secs
------------------------------------------------------


-------------------- Iteration #7 --------------------
Average Episodic Length: 25.57
Average Episodic Return: 17.52
Average Loss: -0.00111
Timesteps So Far: 28909
Iteration took: 54.39 secs
------------------------------------------------------


-------------------- Iteration #8 --------------------
Average Episodic Length: 27.26
Average Episodic Return: 19.19
Average Loss: -0.00084
Timesteps So Far: 33025
Iteration took: 52.43 secs
------------------------------------------------------


-------------------- Iteration #9 --------------------
Average Episodic Length: 28.44
Average Episodic Return: 20.26
Average Loss: -0.00047
Timesteps So Far: 37121
Iteration took: 52.54 secs
------------------------------------------------------


-------------------- Iteration #10 --------------------
Average Episodic Length: 27.01
Average Episodic Return: 19.06
Average Loss: -0.00066
Timesteps So Far: 41227
Iteration took: 53.67 secs
------------------------------------------------------


-------------------- Iteration #11 --------------------
Average Episodic Length: 27.94
Average Episodic Return: 19.85
Average Loss: -0.00137
Timesteps So Far: 45334
Iteration took: 53.84 secs
------------------------------------------------------


-------------------- Iteration #12 --------------------
Average Episodic Length: 29.48
Average Episodic Return: 21.33
Average Loss: -0.00025
Timesteps So Far: 49432
Iteration took: 52.19 secs
------------------------------------------------------


-------------------- Iteration #13 --------------------
Average Episodic Length: 28.77
Average Episodic Return: 20.3
Average Loss: -0.0006
Timesteps So Far: 53603
Iteration took: 52.65 secs
------------------------------------------------------


-------------------- Iteration #14 --------------------
Average Episodic Length: 30.78
Average Episodic Return: 22.38
Average Loss: -0.00084
Timesteps So Far: 57728
Iteration took: 52.41 secs
------------------------------------------------------


-------------------- Iteration #15 --------------------
Average Episodic Length: 28.25
Average Episodic Return: 20.08
Average Loss: -0.00098
Timesteps So Far: 61853
Iteration took: 52.84 secs
------------------------------------------------------


-------------------- Iteration #16 --------------------
Average Episodic Length: 35.47
Average Episodic Return: 26.51
Average Loss: -0.0007
Timesteps So Far: 66003
Iteration took: 54.35 secs
------------------------------------------------------


-------------------- Iteration #17 --------------------
Average Episodic Length: 34.8
Average Episodic Return: 26.13
Average Loss: -0.0003
Timesteps So Far: 70144
Iteration took: 52.1 secs
------------------------------------------------------


-------------------- Iteration #18 --------------------
Average Episodic Length: 33.15
Average Episodic Return: 24.57
Average Loss: -0.00109
Timesteps So Far: 74255
Iteration took: 52.36 secs
------------------------------------------------------


-------------------- Iteration #19 --------------------
Average Episodic Length: 30.99
Average Episodic Return: 22.42
Average Loss: -0.00131
Timesteps So Far: 78377
Iteration took: 52.19 secs
------------------------------------------------------


-------------------- Iteration #20 --------------------
Average Episodic Length: 34.67
Average Episodic Return: 25.41
Average Loss: 0.00012
Timesteps So Far: 82537
Iteration took: 61.83 secs
------------------------------------------------------


-------------------- Iteration #21 --------------------
Average Episodic Length: 34.81
Average Episodic Return: 25.96
Average Loss: -0.00197
Timesteps So Far: 86679
Iteration took: 59.7 secs
------------------------------------------------------


-------------------- Iteration #22 --------------------
Average Episodic Length: 40.99
Average Episodic Return: 30.69
Average Loss: -0.00062
Timesteps So Far: 90819
Iteration took: 64.34 secs
------------------------------------------------------


-------------------- Iteration #23 --------------------
Average Episodic Length: 39.11
Average Episodic Return: 29.23
Average Loss: -0.00014
Timesteps So Far: 94926
Iteration took: 61.12 secs
------------------------------------------------------


-------------------- Iteration #24 --------------------
Average Episodic Length: 38.97
Average Episodic Return: 29.41
Average Loss: -0.00165
Timesteps So Far: 99096
Iteration took: 62.95 secs
------------------------------------------------------


-------------------- Iteration #25 --------------------
Average Episodic Length: 38.09
Average Episodic Return: 27.9
Average Loss: -0.00225
Timesteps So Far: 103210
Iteration took: 74.01 secs
------------------------------------------------------

Training CSV: C:\Users\milke\groupCoursework\FYP\experiment_runs\meanmax_continuous_stage2_lite_100k_seed23456_20260507_101613\training_log.csv
Training summary CSV: C:\Users\milke\groupCoursework\FYP\experiment_runs\meanmax_continuous_stage2_lite_100k_seed23456_20260507_101613\training_summary.csv
Evaluation per-episode CSV: C:\Users\milke\groupCoursework\FYP\experiment_runs\meanmax_continuous_stage2_lite_100k_seed23456_20260507_101613\evaluation_per_episode.csv
Evaluation summary CSV: C:\Users\milke\groupCoursework\FYP\experiment_runs\meanmax_continuous_stage2_lite_100k_seed23456_20260507_101613\evaluation_summary.csv
Actor checkpoint: C:\Users\milke\groupCoursework\FYP\experiment_runs\meanmax_continuous_stage2_lite_100k_seed23456_20260507_101613\checkpoint_actor.pth
Critic checkpoint: C:\Users\milke\groupCoursework\FYP\experiment_runs\meanmax_continuous_stage2_lite_100k_seed23456_20260507_101613\checkpoint_critic.pth
