COMMAND:
$env:MODEL_SUBDIR='uncertainty_penalty_PPO'; $env:MODEL_LABEL='uncertainty_penalty_lambda_0_05'; $env:HIGHWAY_CONFIG='curriculum_stage_3_mixed_traffic'; $env:TOTAL_TIMESTEPS='100000'; $env:TRAIN_SEED='12345'; $env:LAMBDA_U='0.05'; $env:DROPOUT_P='0.1'; $env:PPO_MC_SAMPLES='5'; $env:EVAL_SEEDS='[1000, 1001, 1002, 1003, 1004, 1005, 1006, 1007, 1008, 1009, 1010, 1011, 1012, 1013, 1014, 1015, 1016, 1017, 1018, 1019, 1020, 1021, 1022, 1023, 1024, 1025, 1026, 1027, 1028, 1029, 1030, 1031, 1032, 1033, 1034, 1035, 1036, 1037, 1038, 1039, 1040, 1041, 1042, 1043, 1044, 1045, 1046, 1047, 1048, 1049]'; $env:EVAL_MAX_STEPS='full'; $env:EVAL_ACTION_MODE='actor'; $env:TORCH_NUM_THREADS='1'; $env:RUN_ID='stage3_uncertainty_penalty_lambda_sweep_2x100k_20260512_204554\lambda_0_05\seed12345'; $env:EGO_START_LANE_POLICY='random'; & 'C:\Users\milke\miniconda3\envs\highway\python.exe' 'C:\Users\milke\groupCoursework\FYP\run_meanmax_single_stage_study.py'

Training seed: 12345
Config: curriculum_stage_3_mixed_traffic
Target timesteps: 100000
Eval type: full
Eval action mode: actor
Evaluation seeds: 1000..1049 (50 episodes)
Output directory: C:\Users\milke\groupCoursework\FYP\experiment_runs\stage3_uncertainty_penalty_lambda_sweep_2x100k_20260512_204554\lambda_0_05\seed12345
Successfully set seed to 12345
Learning... Running 300 timesteps per episode, 4096 timesteps per batch for a total of 100000 timesteps
the uncertainty penalty lambda is 0.05

-------------------- Iteration #1 --------------------
Average Episodic Length: 20.91
Average Episodic Return: 12.806
Average Raw Episodic Return (without uncertainty penalty): 13.193
Average Loss: -0.00145
Average Critic Uncertainty: 0.00029
Timesteps So Far: 4098
Iteration took: 133.77 secs
------------------------------------------------------


-------------------- Iteration #2 --------------------
Average Episodic Length: 21.01
Average Episodic Return: 12.604
Average Raw Episodic Return (without uncertainty penalty): 12.973
Average Loss: -0.00113
Average Critic Uncertainty: 0.00028
Timesteps So Far: 8195
Iteration took: 129.3 secs
------------------------------------------------------


-------------------- Iteration #3 --------------------
Average Episodic Length: 21.3
Average Episodic Return: 12.869
Average Raw Episodic Return (without uncertainty penalty): 13.262
Average Loss: -0.00112
Average Critic Uncertainty: 0.00029
Timesteps So Far: 12306
Iteration took: 127.72 secs
------------------------------------------------------


-------------------- Iteration #4 --------------------
Average Episodic Length: 22.86
Average Episodic Return: 14.341
Average Raw Episodic Return (without uncertainty penalty): 14.778
Average Loss: -0.00093
Average Critic Uncertainty: 0.00029
Timesteps So Far: 16420
Iteration took: 127.09 secs
------------------------------------------------------


-------------------- Iteration #5 --------------------
Average Episodic Length: 25.31
Average Episodic Return: 16.337
Average Raw Episodic Return (without uncertainty penalty): 16.8
Average Loss: -0.00068
Average Critic Uncertainty: 0.00029
Timesteps So Far: 20545
Iteration took: 128.43 secs
------------------------------------------------------


-------------------- Iteration #6 --------------------
Average Episodic Length: 24.29
Average Episodic Return: 14.934
Average Raw Episodic Return (without uncertainty penalty): 15.382
Average Loss: -0.00086
Average Critic Uncertainty: 0.00029
Timesteps So Far: 24699
Iteration took: 130.84 secs
------------------------------------------------------


-------------------- Iteration #7 --------------------
Average Episodic Length: 25.64
Average Episodic Return: 16.376
Average Raw Episodic Return (without uncertainty penalty): 16.839
Average Loss: -0.00095
Average Critic Uncertainty: 0.00031
Timesteps So Far: 28801
Iteration took: 126.65 secs
------------------------------------------------------


-------------------- Iteration #8 --------------------
Average Episodic Length: 26.92
Average Episodic Return: 17.554
Average Raw Episodic Return (without uncertainty penalty): 18.048
Average Loss: -0.00064
Average Critic Uncertainty: 0.00031
Timesteps So Far: 32919
Iteration took: 128.2 secs
------------------------------------------------------


-------------------- Iteration #9 --------------------
Average Episodic Length: 27.72
Average Episodic Return: 17.987
Average Raw Episodic Return (without uncertainty penalty): 18.524
Average Loss: -0.00059
Average Critic Uncertainty: 0.00032
Timesteps So Far: 37049
Iteration took: 129.38 secs
------------------------------------------------------


-------------------- Iteration #10 --------------------
Average Episodic Length: 27.22
Average Episodic Return: 17.761
Average Raw Episodic Return (without uncertainty penalty): 18.269
Average Loss: -0.00066
Average Critic Uncertainty: 0.00032
Timesteps So Far: 41159
Iteration took: 138.65 secs
------------------------------------------------------


-------------------- Iteration #11 --------------------
Average Episodic Length: 26.99
Average Episodic Return: 17.242
Average Raw Episodic Return (without uncertainty penalty): 17.74
Average Loss: -0.00092
Average Critic Uncertainty: 0.00034
Timesteps So Far: 45261
Iteration took: 128.0 secs
------------------------------------------------------


-------------------- Iteration #12 --------------------
Average Episodic Length: 25.96
Average Episodic Return: 16.452
Average Raw Episodic Return (without uncertainty penalty): 16.946
Average Loss: -0.00084
Average Critic Uncertainty: 0.00036
Timesteps So Far: 49363
Iteration took: 123.2 secs
------------------------------------------------------


-------------------- Iteration #13 --------------------
Average Episodic Length: 28.94
Average Episodic Return: 19.022
Average Raw Episodic Return (without uncertainty penalty): 19.56
Average Loss: -0.00039
Average Critic Uncertainty: 0.00037
Timesteps So Far: 53473
Iteration took: 170.9 secs
------------------------------------------------------


-------------------- Iteration #14 --------------------
Average Episodic Length: 28.85
Average Episodic Return: 19.248
Average Raw Episodic Return (without uncertainty penalty): 19.776
Average Loss: -0.00077
Average Critic Uncertainty: 0.0004
Timesteps So Far: 57627
Iteration took: 171.11 secs
------------------------------------------------------


-------------------- Iteration #15 --------------------
Average Episodic Length: 28.41
Average Episodic Return: 18.099
Average Raw Episodic Return (without uncertainty penalty): 18.592
Average Loss: -0.00048
Average Critic Uncertainty: 0.0004
Timesteps So Far: 61746
Iteration took: 159.08 secs
------------------------------------------------------


-------------------- Iteration #16 --------------------
Average Episodic Length: 29.94
Average Episodic Return: 20.1
Average Raw Episodic Return (without uncertainty penalty): 20.651
Average Loss: -0.00107
Average Critic Uncertainty: 0.00043
Timesteps So Far: 65848
Iteration took: 163.25 secs
------------------------------------------------------


-------------------- Iteration #17 --------------------
Average Episodic Length: 33.75
Average Episodic Return: 23.301
Average Raw Episodic Return (without uncertainty penalty): 23.924
Average Loss: -0.00115
Average Critic Uncertainty: 0.00045
Timesteps So Far: 69966
Iteration took: 143.97 secs
------------------------------------------------------


-------------------- Iteration #18 --------------------
Average Episodic Length: 34.81
Average Episodic Return: 23.945
Average Raw Episodic Return (without uncertainty penalty): 24.583
Average Loss: -0.00094
Average Critic Uncertainty: 0.0005
Timesteps So Far: 74073
Iteration took: 131.49 secs
------------------------------------------------------


-------------------- Iteration #19 --------------------
Average Episodic Length: 33.88
Average Episodic Return: 22.908
Average Raw Episodic Return (without uncertainty penalty): 23.513
Average Loss: -0.00039
Average Critic Uncertainty: 0.00052
Timesteps So Far: 78172
Iteration took: 131.16 secs
------------------------------------------------------


-------------------- Iteration #20 --------------------
Average Episodic Length: 36.71
Average Episodic Return: 25.215
Average Raw Episodic Return (without uncertainty penalty): 25.906
Average Loss: -0.00113
Average Critic Uncertainty: 0.00057
Timesteps So Far: 82283
Iteration took: 142.31 secs
------------------------------------------------------


-------------------- Iteration #21 --------------------
Average Episodic Length: 31.43
Average Episodic Return: 20.862
Average Raw Episodic Return (without uncertainty penalty): 21.443
Average Loss: -0.00118
Average Critic Uncertainty: 0.00059
Timesteps So Far: 86400
Iteration took: 161.23 secs
------------------------------------------------------


-------------------- Iteration #22 --------------------
Average Episodic Length: 34.68
Average Episodic Return: 23.155
Average Raw Episodic Return (without uncertainty penalty): 23.806
Average Loss: -1e-05
Average Critic Uncertainty: 0.00064
Timesteps So Far: 90562
Iteration took: 157.06 secs
------------------------------------------------------


-------------------- Iteration #23 --------------------
Average Episodic Length: 38.29
Average Episodic Return: 26.584
Average Raw Episodic Return (without uncertainty penalty): 27.221
Average Loss: -0.00102
Average Critic Uncertainty: 0.00069
Timesteps So Far: 94889
Iteration took: 172.16 secs
------------------------------------------------------


-------------------- Iteration #24 --------------------
Average Episodic Length: 36.56
Average Episodic Return: 24.688
Average Raw Episodic Return (without uncertainty penalty): 25.408
Average Loss: -0.00116
Average Critic Uncertainty: 0.00076
Timesteps So Far: 99020
Iteration took: 146.07 secs
------------------------------------------------------


-------------------- Iteration #25 --------------------
Average Episodic Length: 40.28
Average Episodic Return: 27.932
Average Raw Episodic Return (without uncertainty penalty): 28.608
Average Loss: 0.00031
Average Critic Uncertainty: 0.00081
Timesteps So Far: 103169
Iteration took: 146.12 secs
------------------------------------------------------

Training CSV: C:\Users\milke\groupCoursework\FYP\experiment_runs\stage3_uncertainty_penalty_lambda_sweep_2x100k_20260512_204554\lambda_0_05\seed12345\training_log.csv
Training summary CSV: C:\Users\milke\groupCoursework\FYP\experiment_runs\stage3_uncertainty_penalty_lambda_sweep_2x100k_20260512_204554\lambda_0_05\seed12345\training_summary.csv
Evaluation per-episode CSV: C:\Users\milke\groupCoursework\FYP\experiment_runs\stage3_uncertainty_penalty_lambda_sweep_2x100k_20260512_204554\lambda_0_05\seed12345\evaluation_per_episode.csv
Evaluation summary CSV: C:\Users\milke\groupCoursework\FYP\experiment_runs\stage3_uncertainty_penalty_lambda_sweep_2x100k_20260512_204554\lambda_0_05\seed12345\evaluation_summary.csv
Actor checkpoint: C:\Users\milke\groupCoursework\FYP\experiment_runs\stage3_uncertainty_penalty_lambda_sweep_2x100k_20260512_204554\lambda_0_05\seed12345\checkpoint_actor.pth
Critic checkpoint: C:\Users\milke\groupCoursework\FYP\experiment_runs\stage3_uncertainty_penalty_lambda_sweep_2x100k_20260512_204554\lambda_0_05\seed12345\checkpoint_critic.pth
