Learning... Running 300 timesteps per episode, 4096 timesteps per batch for a total of 100000 timesteps

-------------------- Iteration #1 --------------------
Average Episodic Length: 22.26
Average Episodic Return: 13.96
Average Loss: -0.00214
Timesteps So Far: 4118
Iteration took: 55.04 secs
------------------------------------------------------


-------------------- Iteration #2 --------------------
Average Episodic Length: 20.08
Average Episodic Return: 12.47
Average Loss: -0.00104
Timesteps So Far: 8235
Iteration took: 53.92 secs
------------------------------------------------------


-------------------- Iteration #3 --------------------
Average Episodic Length: 21.94
Average Episodic Return: 13.9
Average Loss: -0.00101
Timesteps So Far: 12338
Iteration took: 53.6 secs
------------------------------------------------------


-------------------- Iteration #4 --------------------
Average Episodic Length: 22.4
Average Episodic Return: 13.88
Average Loss: -0.00066
Timesteps So Far: 16459
Iteration took: 53.07 secs
------------------------------------------------------


-------------------- Iteration #5 --------------------
Average Episodic Length: 22.77
Average Episodic Return: 14.29
Average Loss: -0.0009
Timesteps So Far: 20580
Iteration took: 53.15 secs
------------------------------------------------------


-------------------- Iteration #6 --------------------
Average Episodic Length: 25.18
Average Episodic Return: 16.28
Average Loss: -0.00068
Timesteps So Far: 24684
Iteration took: 53.81 secs
------------------------------------------------------


-------------------- Iteration #7 --------------------
Average Episodic Length: 24.15
Average Episodic Return: 15.31
Average Loss: -0.00085
Timesteps So Far: 28814
Iteration took: 55.33 secs
------------------------------------------------------


-------------------- Iteration #8 --------------------
Average Episodic Length: 24.02
Average Episodic Return: 15.25
Average Loss: -0.00093
Timesteps So Far: 32946
Iteration took: 54.66 secs
------------------------------------------------------


-------------------- Iteration #9 --------------------
Average Episodic Length: 26.09
Average Episodic Return: 17.04
Average Loss: -0.00087
Timesteps So Far: 37069
Iteration took: 54.94 secs
------------------------------------------------------


-------------------- Iteration #10 --------------------
Average Episodic Length: 27.86
Average Episodic Return: 18.07
Average Loss: -0.00088
Timesteps So Far: 41165
Iteration took: 55.29 secs
------------------------------------------------------


-------------------- Iteration #11 --------------------
Average Episodic Length: 31.24
Average Episodic Return: 21.1
Average Loss: -0.00059
Timesteps So Far: 45289
Iteration took: 54.49 secs
------------------------------------------------------


-------------------- Iteration #12 --------------------
Average Episodic Length: 27.22
Average Episodic Return: 17.95
Average Loss: -0.00115
Timesteps So Far: 49426
Iteration took: 55.55 secs
------------------------------------------------------


-------------------- Iteration #13 --------------------
Average Episodic Length: 32.4
Average Episodic Return: 22.1
Average Loss: -0.00072
Timesteps So Far: 53541
Iteration took: 57.36 secs
------------------------------------------------------


-------------------- Iteration #14 --------------------
Average Episodic Length: 28.65
Average Episodic Return: 19.05
Average Loss: -0.00146
Timesteps So Far: 57638
Iteration took: 56.12 secs
------------------------------------------------------


-------------------- Iteration #15 --------------------
Average Episodic Length: 31.47
Average Episodic Return: 20.93
Average Loss: -0.00036
Timesteps So Far: 61761
Iteration took: 56.27 secs
------------------------------------------------------


-------------------- Iteration #16 --------------------
Average Episodic Length: 37.92
Average Episodic Return: 26.36
Average Loss: -0.00109
Timesteps So Far: 65894
Iteration took: 55.37 secs
------------------------------------------------------


-------------------- Iteration #17 --------------------
Average Episodic Length: 36.29
Average Episodic Return: 25.04
Average Loss: -0.00029
Timesteps So Far: 69995
Iteration took: 55.13 secs
------------------------------------------------------


-------------------- Iteration #18 --------------------
Average Episodic Length: 36.27
Average Episodic Return: 25.21
Average Loss: -0.00113
Timesteps So Far: 74093
Iteration took: 56.03 secs
------------------------------------------------------


-------------------- Iteration #19 --------------------
Average Episodic Length: 34.7
Average Episodic Return: 23.78
Average Loss: -0.00061
Timesteps So Far: 78257
Iteration took: 57.39 secs
------------------------------------------------------


-------------------- Iteration #20 --------------------
Average Episodic Length: 38.57
Average Episodic Return: 26.99
Average Loss: -0.00019
Timesteps So Far: 82384
Iteration took: 55.71 secs
------------------------------------------------------


-------------------- Iteration #21 --------------------
Average Episodic Length: 39.52
Average Episodic Return: 27.99
Average Loss: -0.00072
Timesteps So Far: 86494
Iteration took: 52.3 secs
------------------------------------------------------


-------------------- Iteration #22 --------------------
Average Episodic Length: 46.22
Average Episodic Return: 33.66
Average Loss: -0.00043
Timesteps So Far: 90608
Iteration took: 53.74 secs
------------------------------------------------------


-------------------- Iteration #23 --------------------
Average Episodic Length: 38.39
Average Episodic Return: 26.54
Average Loss: -0.0006
Timesteps So Far: 94716
Iteration took: 52.92 secs
------------------------------------------------------


-------------------- Iteration #24 --------------------
Average Episodic Length: 45.52
Average Episodic Return: 33.21
Average Loss: -0.00064
Timesteps So Far: 98813
Iteration took: 54.35 secs
------------------------------------------------------


-------------------- Iteration #25 --------------------
Average Episodic Length: 36.43
Average Episodic Return: 24.92
Average Loss: -0.00086
Timesteps So Far: 102930
Iteration took: 55.13 secs
------------------------------------------------------

{"model": "deep_sets_mean_max_baseline", "config_name": "curriculum_stage_3_mixed_traffic", "total_timesteps": 100000, "train_seed": 12345, "eval_episodes": 50, "avg_episodic_return": 193.97902181590757, "avg_episodic_length": 241.58, "collision_rate": 0.7, "training_csv": "C:\\Users\\milke\\groupCoursework\\FYP\\experiment_runs\\meanmax_vs_uncertainty_20260430_154819\\deep_sets_mean_max_baseline\\deep_sets_mean_max_baseline_training.csv", "per_episode_csv": "C:\\Users\\milke\\groupCoursework\\FYP\\experiment_runs\\meanmax_vs_uncertainty_20260430_154819\\deep_sets_mean_max_baseline\\deep_sets_mean_max_baseline_per_episode.csv", "actor_path": "C:\\Users\\milke\\groupCoursework\\FYP\\experiment_runs\\meanmax_vs_uncertainty_20260430_154819\\deep_sets_mean_max_baseline\\deep_sets_mean_max_baseline_actor.pth", "critic_path": "C:\\Users\\milke\\groupCoursework\\FYP\\experiment_runs\\meanmax_vs_uncertainty_20260430_154819\\deep_sets_mean_max_baseline\\deep_sets_mean_max_baseline_critic.pth"}
