Run ID: baseline_stage2_lite_seed12345_rerun_100k_20260511_143108
Output directory: C:\Users\milke\groupCoursework\FYP\experiment_runs\baseline_stage2_lite_seed12345_rerun_100k_20260511_143108
Python: C:\Users\milke\miniconda3\envs\highway\python.exe
Model: Basic MLP seed 12345 rerun (baseline1)
Env: continuous-spawn-highway-v0
Base config: curriculum_stage_2_easy_overtake
Config variant: curriculum_stage_2_easy_overtake_lite
Target timesteps: 100000
Train seeds: [12345]
Eval seeds: 1000..1049 (50 episodes)
Resume: False

Running Basic MLP seed 12345 rerun (baseline1) | seed=12345 | timesteps=100000
Log: C:\Users\milke\groupCoursework\FYP\experiment_runs\baseline_stage2_lite_seed12345_rerun_100k_20260511_143108\mlp_baseline_seed12345.log
[mlp_baseline:12345] Run ID: baseline_stage2_lite_seed12345_rerun_100k_20260511_143108\seed12345
[mlp_baseline:12345] Output directory: C:\Users\milke\groupCoursework\FYP\experiment_runs\baseline_stage2_lite_seed12345_rerun_100k_20260511_143108\seed12345
[mlp_baseline:12345] Python: C:\Users\milke\miniconda3\envs\highway\python.exe
[mlp_baseline:12345] Model directory: C:\Users\milke\groupCoursework\FYP\baseline1
[mlp_baseline:12345] Config: curriculum_stage_2_easy_overtake
[mlp_baseline:12345] Training seed: 12345
[mlp_baseline:12345] Eval type: full
