Run ID: baseline_continuous_stage2_lite_5run_100k_20260510_074930
Output directory: C:\Users\milke\groupCoursework\FYP\experiment_runs\baseline_continuous_stage2_lite_5run_100k_20260510_074930
Python: C:\Users\milke\miniconda3\envs\highway\python.exe
Model: MLP baseline (baseline1)
Env: continuous-spawn-highway-v0
Base config: curriculum_stage_2_easy_overtake
Config variant: curriculum_stage_2_easy_overtake_lite
Target timesteps: 100000
Train seeds: [12345, 23456, 34567, 45678, 56789]
Eval seeds: 1000..1049 (50 episodes)
Resume: False

Running MLP baseline (baseline1) | seed=12345 | timesteps=100000
Log: C:\Users\milke\groupCoursework\FYP\experiment_runs\baseline_continuous_stage2_lite_5run_100k_20260510_074930\mlp_baseline_seed12345.log
[mlp_baseline:12345] Run ID: baseline_continuous_stage2_lite_5run_100k_20260510_074930\seed12345
[mlp_baseline:12345] Output directory: C:\Users\milke\groupCoursework\FYP\experiment_runs\baseline_continuous_stage2_lite_5run_100k_20260510_074930\seed12345
[mlp_baseline:12345] Python: C:\Users\milke\miniconda3\envs\highway\python.exe
[mlp_baseline:12345] Model directory: C:\Users\milke\groupCoursework\FYP\baseline1
[mlp_baseline:12345] Config: curriculum_stage_2_easy_overtake
[mlp_baseline:12345] Training seed: 12345
[mlp_baseline:12345] Eval type: full
[mlp_baseline:12345] Completed single mean+max study.
[mlp_baseline:12345] Training/eval stdout: C:\Users\milke\groupCoursework\FYP\experiment_runs\baseline_continuous_stage2_lite_5run_100k_20260510_074930\seed12345\training_stdout.log
[mlp_baseline:12345] Training summary: C:\Users\milke\groupCoursework\FYP\experiment_runs\baseline_continuous_stage2_lite_5run_100k_20260510_074930\seed12345\training_summary.csv
[mlp_baseline:12345] Evaluation summary: C:\Users\milke\groupCoursework\FYP\experiment_runs\baseline_continuous_stage2_lite_5run_100k_20260510_074930\seed12345\evaluation_summary.csv
[mlp_baseline:12345] Per-episode evaluation: C:\Users\milke\groupCoursework\FYP\experiment_runs\baseline_continuous_stage2_lite_5run_100k_20260510_074930\seed12345\evaluation_per_episode.csv

Running MLP baseline (baseline1) | seed=23456 | timesteps=100000
Log: C:\Users\milke\groupCoursework\FYP\experiment_runs\baseline_continuous_stage2_lite_5run_100k_20260510_074930\mlp_baseline_seed23456.log
[mlp_baseline:23456] Run ID: baseline_continuous_stage2_lite_5run_100k_20260510_074930\seed23456
[mlp_baseline:23456] Output directory: C:\Users\milke\groupCoursework\FYP\experiment_runs\baseline_continuous_stage2_lite_5run_100k_20260510_074930\seed23456
[mlp_baseline:23456] Python: C:\Users\milke\miniconda3\envs\highway\python.exe
[mlp_baseline:23456] Model directory: C:\Users\milke\groupCoursework\FYP\baseline1
[mlp_baseline:23456] Config: curriculum_stage_2_easy_overtake
[mlp_baseline:23456] Training seed: 23456
[mlp_baseline:23456] Eval type: full
[mlp_baseline:23456] Completed single mean+max study.
[mlp_baseline:23456] Training/eval stdout: C:\Users\milke\groupCoursework\FYP\experiment_runs\baseline_continuous_stage2_lite_5run_100k_20260510_074930\seed23456\training_stdout.log
[mlp_baseline:23456] Training summary: C:\Users\milke\groupCoursework\FYP\experiment_runs\baseline_continuous_stage2_lite_5run_100k_20260510_074930\seed23456\training_summary.csv
[mlp_baseline:23456] Evaluation summary: C:\Users\milke\groupCoursework\FYP\experiment_runs\baseline_continuous_stage2_lite_5run_100k_20260510_074930\seed23456\evaluation_summary.csv
[mlp_baseline:23456] Per-episode evaluation: C:\Users\milke\groupCoursework\FYP\experiment_runs\baseline_continuous_stage2_lite_5run_100k_20260510_074930\seed23456\evaluation_per_episode.csv

Running MLP baseline (baseline1) | seed=34567 | timesteps=100000
Log: C:\Users\milke\groupCoursework\FYP\experiment_runs\baseline_continuous_stage2_lite_5run_100k_20260510_074930\mlp_baseline_seed34567.log
[mlp_baseline:34567] Run ID: baseline_continuous_stage2_lite_5run_100k_20260510_074930\seed34567
[mlp_baseline:34567] Output directory: C:\Users\milke\groupCoursework\FYP\experiment_runs\baseline_continuous_stage2_lite_5run_100k_20260510_074930\seed34567
[mlp_baseline:34567] Python: C:\Users\milke\miniconda3\envs\highway\python.exe
[mlp_baseline:34567] Model directory: C:\Users\milke\groupCoursework\FYP\baseline1
[mlp_baseline:34567] Config: curriculum_stage_2_easy_overtake
[mlp_baseline:34567] Training seed: 34567
[mlp_baseline:34567] Eval type: full
[mlp_baseline:34567] Completed single mean+max study.
[mlp_baseline:34567] Training/eval stdout: C:\Users\milke\groupCoursework\FYP\experiment_runs\baseline_continuous_stage2_lite_5run_100k_20260510_074930\seed34567\training_stdout.log
[mlp_baseline:34567] Training summary: C:\Users\milke\groupCoursework\FYP\experiment_runs\baseline_continuous_stage2_lite_5run_100k_20260510_074930\seed34567\training_summary.csv
[mlp_baseline:34567] Evaluation summary: C:\Users\milke\groupCoursework\FYP\experiment_runs\baseline_continuous_stage2_lite_5run_100k_20260510_074930\seed34567\evaluation_summary.csv
[mlp_baseline:34567] Per-episode evaluation: C:\Users\milke\groupCoursework\FYP\experiment_runs\baseline_continuous_stage2_lite_5run_100k_20260510_074930\seed34567\evaluation_per_episode.csv

Running MLP baseline (baseline1) | seed=45678 | timesteps=100000
Log: C:\Users\milke\groupCoursework\FYP\experiment_runs\baseline_continuous_stage2_lite_5run_100k_20260510_074930\mlp_baseline_seed45678.log
[mlp_baseline:45678] Run ID: baseline_continuous_stage2_lite_5run_100k_20260510_074930\seed45678
[mlp_baseline:45678] Output directory: C:\Users\milke\groupCoursework\FYP\experiment_runs\baseline_continuous_stage2_lite_5run_100k_20260510_074930\seed45678
[mlp_baseline:45678] Python: C:\Users\milke\miniconda3\envs\highway\python.exe
[mlp_baseline:45678] Model directory: C:\Users\milke\groupCoursework\FYP\baseline1
[mlp_baseline:45678] Config: curriculum_stage_2_easy_overtake
[mlp_baseline:45678] Training seed: 45678
[mlp_baseline:45678] Eval type: full
[mlp_baseline:45678] Completed single mean+max study.
[mlp_baseline:45678] Training/eval stdout: C:\Users\milke\groupCoursework\FYP\experiment_runs\baseline_continuous_stage2_lite_5run_100k_20260510_074930\seed45678\training_stdout.log
[mlp_baseline:45678] Training summary: C:\Users\milke\groupCoursework\FYP\experiment_runs\baseline_continuous_stage2_lite_5run_100k_20260510_074930\seed45678\training_summary.csv
[mlp_baseline:45678] Evaluation summary: C:\Users\milke\groupCoursework\FYP\experiment_runs\baseline_continuous_stage2_lite_5run_100k_20260510_074930\seed45678\evaluation_summary.csv
[mlp_baseline:45678] Per-episode evaluation: C:\Users\milke\groupCoursework\FYP\experiment_runs\baseline_continuous_stage2_lite_5run_100k_20260510_074930\seed45678\evaluation_per_episode.csv

Running MLP baseline (baseline1) | seed=56789 | timesteps=100000
Log: C:\Users\milke\groupCoursework\FYP\experiment_runs\baseline_continuous_stage2_lite_5run_100k_20260510_074930\mlp_baseline_seed56789.log
[mlp_baseline:56789] Run ID: baseline_continuous_stage2_lite_5run_100k_20260510_074930\seed56789
[mlp_baseline:56789] Output directory: C:\Users\milke\groupCoursework\FYP\experiment_runs\baseline_continuous_stage2_lite_5run_100k_20260510_074930\seed56789
[mlp_baseline:56789] Python: C:\Users\milke\miniconda3\envs\highway\python.exe
[mlp_baseline:56789] Model directory: C:\Users\milke\groupCoursework\FYP\baseline1
[mlp_baseline:56789] Config: curriculum_stage_2_easy_overtake
[mlp_baseline:56789] Training seed: 56789
[mlp_baseline:56789] Eval type: full
[mlp_baseline:56789] Completed single mean+max study.
[mlp_baseline:56789] Training/eval stdout: C:\Users\milke\groupCoursework\FYP\experiment_runs\baseline_continuous_stage2_lite_5run_100k_20260510_074930\seed56789\training_stdout.log
[mlp_baseline:56789] Training summary: C:\Users\milke\groupCoursework\FYP\experiment_runs\baseline_continuous_stage2_lite_5run_100k_20260510_074930\seed56789\training_summary.csv
[mlp_baseline:56789] Evaluation summary: C:\Users\milke\groupCoursework\FYP\experiment_runs\baseline_continuous_stage2_lite_5run_100k_20260510_074930\seed56789\evaluation_summary.csv
[mlp_baseline:56789] Per-episode evaluation: C:\Users\milke\groupCoursework\FYP\experiment_runs\baseline_continuous_stage2_lite_5run_100k_20260510_074930\seed56789\evaluation_per_episode.csv

Completed baseline continuous stage2 lite 5-run study.
Per-run summary: C:\Users\milke\groupCoursework\FYP\experiment_runs\baseline_continuous_stage2_lite_5run_100k_20260510_074930\per_run_summary.csv
Aggregate summary: C:\Users\milke\groupCoursework\FYP\experiment_runs\baseline_continuous_stage2_lite_5run_100k_20260510_074930\aggregate_summary.csv
