Run ID: highwayv0_v4_meanmax_selfattention_extend_2seeds_100k_20260511_174939
Output directory: C:\Users\milke\groupCoursework\FYP\experiment_runs\highwayv0_v4_meanmax_selfattention_extend_2seeds_100k_20260511_174939
Python: C:\Users\milke\miniconda3\envs\highway\python.exe
Config: highway_v0_stage_2_benchmark_v4
Target timesteps: 100000
Train seeds: [45678, 56789]
Eval seeds: 1000..1049 (50 episodes)
Models: ['deep_sets_mean_max', 'self_attention']
Safeguard threshold: 0.001
MC samples: 5
Resume: False

Running Deep Sets mean+max (mean+max) | seed=45678 | timesteps=100000 | eval=actor
Log: C:\Users\milke\groupCoursework\FYP\experiment_runs\highwayv0_v4_meanmax_selfattention_extend_2seeds_100k_20260511_174939\deep_sets_mean_max_seed45678.log
[deep_sets_mean_max:45678] Run ID: highwayv0_v4_meanmax_selfattention_extend_2seeds_100k_20260511_174939\deep_sets_mean_max\seed45678
[deep_sets_mean_max:45678] Output directory: C:\Users\milke\groupCoursework\FYP\experiment_runs\highwayv0_v4_meanmax_selfattention_extend_2seeds_100k_20260511_174939\deep_sets_mean_max\seed45678
[deep_sets_mean_max:45678] Python: C:\Users\milke\miniconda3\envs\highway\python.exe
[deep_sets_mean_max:45678] Model directory: C:\Users\milke\groupCoursework\FYP\mean+max
[deep_sets_mean_max:45678] Env: highway-v0
[deep_sets_mean_max:45678] Config: highway_v0_stage_2_benchmark_v4
[deep_sets_mean_max:45678] Training seed: 45678
[deep_sets_mean_max:45678] Eval type: full
[deep_sets_mean_max:45678] Eval action mode: actor
