Run ID: highwayv0_v4_all_models_5x200k_20260509_094540
Output directory: C:\Users\milke\groupCoursework\FYP\experiment_runs\highwayv0_v4_all_models_5x200k_20260509_094540
Python: C:\Users\milke\miniconda3\envs\highway\python.exe
Config: highway_v0_stage_2_benchmark_v4
Target timesteps: 200000
Train seeds: [12345, 23456, 34567, 45678, 56789]
Eval seeds: 1000..1049 (50 episodes)
Safeguard threshold: 0.001
MC samples: 5
Resume: True

Skipping completed MLP baseline (baseline1) | seed=12345

Skipping completed MLP baseline (baseline1) | seed=23456

Skipping completed MLP baseline (baseline1) | seed=34567
Archived incomplete run directory: C:\Users\milke\groupCoursework\FYP\experiment_runs\highwayv0_v4_all_models_5x200k_20260509_094540\mlp_baseline\seed45678_interrupted_20260510_050732
Archived incomplete run log: C:\Users\milke\groupCoursework\FYP\experiment_runs\highwayv0_v4_all_models_5x200k_20260509_094540\mlp_baseline_seed45678_interrupted_20260510_050732.log

Running MLP baseline (baseline1) | seed=45678 | timesteps=200000 | eval=actor
Log: C:\Users\milke\groupCoursework\FYP\experiment_runs\highwayv0_v4_all_models_5x200k_20260509_094540\mlp_baseline_seed45678.log
[mlp_baseline:45678] Run ID: highwayv0_v4_all_models_5x200k_20260509_094540\mlp_baseline\seed45678
[mlp_baseline:45678] Output directory: C:\Users\milke\groupCoursework\FYP\experiment_runs\highwayv0_v4_all_models_5x200k_20260509_094540\mlp_baseline\seed45678
[mlp_baseline:45678] Python: C:\Users\milke\miniconda3\envs\highway\python.exe
[mlp_baseline:45678] Model directory: C:\Users\milke\groupCoursework\FYP\baseline1
[mlp_baseline:45678] Env: highway-v0
[mlp_baseline:45678] Config: highway_v0_stage_2_benchmark_v4
[mlp_baseline:45678] Training seed: 45678
[mlp_baseline:45678] Eval type: full
[mlp_baseline:45678] Eval action mode: actor
[mlp_baseline:45678] Completed highway-v0 mean+max study.
[mlp_baseline:45678] Training/eval stdout: C:\Users\milke\groupCoursework\FYP\experiment_runs\highwayv0_v4_all_models_5x200k_20260509_094540\mlp_baseline\seed45678\training_stdout.log
[mlp_baseline:45678] Training summary: C:\Users\milke\groupCoursework\FYP\experiment_runs\highwayv0_v4_all_models_5x200k_20260509_094540\mlp_baseline\seed45678\training_summary.csv
[mlp_baseline:45678] Evaluation summary: C:\Users\milke\groupCoursework\FYP\experiment_runs\highwayv0_v4_all_models_5x200k_20260509_094540\mlp_baseline\seed45678\evaluation_summary.csv
[mlp_baseline:45678] Per-episode evaluation: C:\Users\milke\groupCoursework\FYP\experiment_runs\highwayv0_v4_all_models_5x200k_20260509_094540\mlp_baseline\seed45678\evaluation_per_episode.csv

Running MLP baseline (baseline1) | seed=56789 | timesteps=200000 | eval=actor
Log: C:\Users\milke\groupCoursework\FYP\experiment_runs\highwayv0_v4_all_models_5x200k_20260509_094540\mlp_baseline_seed56789.log
[mlp_baseline:56789] Run ID: highwayv0_v4_all_models_5x200k_20260509_094540\mlp_baseline\seed56789
[mlp_baseline:56789] Output directory: C:\Users\milke\groupCoursework\FYP\experiment_runs\highwayv0_v4_all_models_5x200k_20260509_094540\mlp_baseline\seed56789
[mlp_baseline:56789] Python: C:\Users\milke\miniconda3\envs\highway\python.exe
[mlp_baseline:56789] Model directory: C:\Users\milke\groupCoursework\FYP\baseline1
[mlp_baseline:56789] Env: highway-v0
[mlp_baseline:56789] Config: highway_v0_stage_2_benchmark_v4
[mlp_baseline:56789] Training seed: 56789
[mlp_baseline:56789] Eval type: full
[mlp_baseline:56789] Eval action mode: actor
