Run ID: highwayv0_v4_backbones_3models_5x200k_20260511_173917
Output directory: C:\Users\milke\groupCoursework\FYP\experiment_runs\highwayv0_v4_backbones_3models_5x200k_20260511_173917
Python: C:\Users\milke\miniconda3\envs\highway\python.exe
Config: highway_v0_stage_2_benchmark_v4
Target timesteps: 200000
Train seeds: [12345, 23456, 34567, 45678, 56789]
Eval seeds: 1000..1049 (50 episodes)
Models: ['mlp_baseline', 'deep_sets_mean_max', 'self_attention']
Safeguard threshold: 0.001
MC samples: 5
Resume: False

Running MLP baseline (baseline1) | seed=12345 | timesteps=200000 | eval=actor
Log: C:\Users\milke\groupCoursework\FYP\experiment_runs\highwayv0_v4_backbones_3models_5x200k_20260511_173917\mlp_baseline_seed12345.log
[mlp_baseline:12345] Run ID: highwayv0_v4_backbones_3models_5x200k_20260511_173917\mlp_baseline\seed12345
[mlp_baseline:12345] Output directory: C:\Users\milke\groupCoursework\FYP\experiment_runs\highwayv0_v4_backbones_3models_5x200k_20260511_173917\mlp_baseline\seed12345
[mlp_baseline:12345] Python: C:\Users\milke\miniconda3\envs\highway\python.exe
[mlp_baseline:12345] Model directory: C:\Users\milke\groupCoursework\FYP\baseline1
[mlp_baseline:12345] Env: highway-v0
[mlp_baseline:12345] Config: highway_v0_stage_2_benchmark_v4
[mlp_baseline:12345] Training seed: 12345
[mlp_baseline:12345] Eval type: full
[mlp_baseline:12345] Eval action mode: actor
