Run ID: self_attention_stage2_lite_seed12345_rerun_100k_20260511_121242
Output directory: C:\Users\milke\groupCoursework\FYP\experiment_runs\self_attention_stage2_lite_seed12345_rerun_100k_20260511_121242
Python: C:\Users\milke\miniconda3\envs\highway\python.exe
Model: Self-attention seed 12345 rerun (self_attention_model)
Env: continuous-spawn-highway-v0
Base config: curriculum_stage_2_easy_overtake
Config variant: curriculum_stage_2_easy_overtake_lite
Target timesteps: 100000
Train seeds: [12345]
Eval seeds: 1000..1049 (50 episodes)
Resume: False

Running Self-attention seed 12345 rerun (self_attention_model) | seed=12345 | timesteps=100000
Log: C:\Users\milke\groupCoursework\FYP\experiment_runs\self_attention_stage2_lite_seed12345_rerun_100k_20260511_121242\self_attention_seed12345.log
[self_attention:12345] Run ID: self_attention_stage2_lite_seed12345_rerun_100k_20260511_121242\seed12345
[self_attention:12345] Output directory: C:\Users\milke\groupCoursework\FYP\experiment_runs\self_attention_stage2_lite_seed12345_rerun_100k_20260511_121242\seed12345
[self_attention:12345] Python: C:\Users\milke\miniconda3\envs\highway\python.exe
[self_attention:12345] Model directory: C:\Users\milke\groupCoursework\FYP\self_attention_model
[self_attention:12345] Config: curriculum_stage_2_easy_overtake
[self_attention:12345] Training seed: 12345
[self_attention:12345] Eval type: full
[self_attention:12345] Completed single mean+max study.
[self_attention:12345] Training/eval stdout: C:\Users\milke\groupCoursework\FYP\experiment_runs\self_attention_stage2_lite_seed12345_rerun_100k_20260511_121242\seed12345\training_stdout.log
[self_attention:12345] Training summary: C:\Users\milke\groupCoursework\FYP\experiment_runs\self_attention_stage2_lite_seed12345_rerun_100k_20260511_121242\seed12345\training_summary.csv
[self_attention:12345] Evaluation summary: C:\Users\milke\groupCoursework\FYP\experiment_runs\self_attention_stage2_lite_seed12345_rerun_100k_20260511_121242\seed12345\evaluation_summary.csv
[self_attention:12345] Per-episode evaluation: C:\Users\milke\groupCoursework\FYP\experiment_runs\self_attention_stage2_lite_seed12345_rerun_100k_20260511_121242\seed12345\evaluation_per_episode.csv

Completed Self-attention seed 12345 rerun continuous stage2 lite 5-run study.
Per-run summary: C:\Users\milke\groupCoursework\FYP\experiment_runs\self_attention_stage2_lite_seed12345_rerun_100k_20260511_121242\per_run_summary.csv
Aggregate summary: C:\Users\milke\groupCoursework\FYP\experiment_runs\self_attention_stage2_lite_seed12345_rerun_100k_20260511_121242\aggregate_summary.csv
