Run ID: self_attention_continuous_stage2_lite_5run_100k_20260510_210945
Output directory: C:\Users\milke\groupCoursework\FYP\experiment_runs\self_attention_continuous_stage2_lite_5run_100k_20260510_210945
Python: C:\Users\milke\miniconda3\envs\highway\python.exe
Model: Self-attention (self_attention_model)
Env: continuous-spawn-highway-v0
Base config: curriculum_stage_2_easy_overtake
Config variant: curriculum_stage_2_easy_overtake_lite
Target timesteps: 100000
Train seeds: [12345, 23456, 34567, 45678, 56789]
Eval seeds: 1000..1049 (50 episodes)
Resume: False

Running Self-attention (self_attention_model) | seed=12345 | timesteps=100000
Log: C:\Users\milke\groupCoursework\FYP\experiment_runs\self_attention_continuous_stage2_lite_5run_100k_20260510_210945\self_attention_seed12345.log
[self_attention:12345] Run ID: self_attention_continuous_stage2_lite_5run_100k_20260510_210945\seed12345
[self_attention:12345] Output directory: C:\Users\milke\groupCoursework\FYP\experiment_runs\self_attention_continuous_stage2_lite_5run_100k_20260510_210945\seed12345
[self_attention:12345] Python: C:\Users\milke\miniconda3\envs\highway\python.exe
[self_attention:12345] Model directory: C:\Users\milke\groupCoursework\FYP\self_attention_model
[self_attention:12345] Config: curriculum_stage_2_easy_overtake
[self_attention:12345] Training seed: 12345
[self_attention:12345] Eval type: full
[self_attention:12345] Completed single mean+max study.
[self_attention:12345] Training/eval stdout: C:\Users\milke\groupCoursework\FYP\experiment_runs\self_attention_continuous_stage2_lite_5run_100k_20260510_210945\seed12345\training_stdout.log
[self_attention:12345] Training summary: C:\Users\milke\groupCoursework\FYP\experiment_runs\self_attention_continuous_stage2_lite_5run_100k_20260510_210945\seed12345\training_summary.csv
[self_attention:12345] Evaluation summary: C:\Users\milke\groupCoursework\FYP\experiment_runs\self_attention_continuous_stage2_lite_5run_100k_20260510_210945\seed12345\evaluation_summary.csv
[self_attention:12345] Per-episode evaluation: C:\Users\milke\groupCoursework\FYP\experiment_runs\self_attention_continuous_stage2_lite_5run_100k_20260510_210945\seed12345\evaluation_per_episode.csv

Running Self-attention (self_attention_model) | seed=23456 | timesteps=100000
Log: C:\Users\milke\groupCoursework\FYP\experiment_runs\self_attention_continuous_stage2_lite_5run_100k_20260510_210945\self_attention_seed23456.log
[self_attention:23456] Run ID: self_attention_continuous_stage2_lite_5run_100k_20260510_210945\seed23456
[self_attention:23456] Output directory: C:\Users\milke\groupCoursework\FYP\experiment_runs\self_attention_continuous_stage2_lite_5run_100k_20260510_210945\seed23456
[self_attention:23456] Python: C:\Users\milke\miniconda3\envs\highway\python.exe
[self_attention:23456] Model directory: C:\Users\milke\groupCoursework\FYP\self_attention_model
[self_attention:23456] Config: curriculum_stage_2_easy_overtake
[self_attention:23456] Training seed: 23456
[self_attention:23456] Eval type: full
[self_attention:23456] Completed single mean+max study.
[self_attention:23456] Training/eval stdout: C:\Users\milke\groupCoursework\FYP\experiment_runs\self_attention_continuous_stage2_lite_5run_100k_20260510_210945\seed23456\training_stdout.log
[self_attention:23456] Training summary: C:\Users\milke\groupCoursework\FYP\experiment_runs\self_attention_continuous_stage2_lite_5run_100k_20260510_210945\seed23456\training_summary.csv
[self_attention:23456] Evaluation summary: C:\Users\milke\groupCoursework\FYP\experiment_runs\self_attention_continuous_stage2_lite_5run_100k_20260510_210945\seed23456\evaluation_summary.csv
[self_attention:23456] Per-episode evaluation: C:\Users\milke\groupCoursework\FYP\experiment_runs\self_attention_continuous_stage2_lite_5run_100k_20260510_210945\seed23456\evaluation_per_episode.csv

Running Self-attention (self_attention_model) | seed=34567 | timesteps=100000
Log: C:\Users\milke\groupCoursework\FYP\experiment_runs\self_attention_continuous_stage2_lite_5run_100k_20260510_210945\self_attention_seed34567.log
[self_attention:34567] Run ID: self_attention_continuous_stage2_lite_5run_100k_20260510_210945\seed34567
[self_attention:34567] Output directory: C:\Users\milke\groupCoursework\FYP\experiment_runs\self_attention_continuous_stage2_lite_5run_100k_20260510_210945\seed34567
[self_attention:34567] Python: C:\Users\milke\miniconda3\envs\highway\python.exe
[self_attention:34567] Model directory: C:\Users\milke\groupCoursework\FYP\self_attention_model
[self_attention:34567] Config: curriculum_stage_2_easy_overtake
[self_attention:34567] Training seed: 34567
[self_attention:34567] Eval type: full
[self_attention:34567] Completed single mean+max study.
[self_attention:34567] Training/eval stdout: C:\Users\milke\groupCoursework\FYP\experiment_runs\self_attention_continuous_stage2_lite_5run_100k_20260510_210945\seed34567\training_stdout.log
[self_attention:34567] Training summary: C:\Users\milke\groupCoursework\FYP\experiment_runs\self_attention_continuous_stage2_lite_5run_100k_20260510_210945\seed34567\training_summary.csv
[self_attention:34567] Evaluation summary: C:\Users\milke\groupCoursework\FYP\experiment_runs\self_attention_continuous_stage2_lite_5run_100k_20260510_210945\seed34567\evaluation_summary.csv
[self_attention:34567] Per-episode evaluation: C:\Users\milke\groupCoursework\FYP\experiment_runs\self_attention_continuous_stage2_lite_5run_100k_20260510_210945\seed34567\evaluation_per_episode.csv

Running Self-attention (self_attention_model) | seed=45678 | timesteps=100000
Log: C:\Users\milke\groupCoursework\FYP\experiment_runs\self_attention_continuous_stage2_lite_5run_100k_20260510_210945\self_attention_seed45678.log
[self_attention:45678] Run ID: self_attention_continuous_stage2_lite_5run_100k_20260510_210945\seed45678
[self_attention:45678] Output directory: C:\Users\milke\groupCoursework\FYP\experiment_runs\self_attention_continuous_stage2_lite_5run_100k_20260510_210945\seed45678
[self_attention:45678] Python: C:\Users\milke\miniconda3\envs\highway\python.exe
[self_attention:45678] Model directory: C:\Users\milke\groupCoursework\FYP\self_attention_model
[self_attention:45678] Config: curriculum_stage_2_easy_overtake
[self_attention:45678] Training seed: 45678
[self_attention:45678] Eval type: full
[self_attention:45678] Completed single mean+max study.
[self_attention:45678] Training/eval stdout: C:\Users\milke\groupCoursework\FYP\experiment_runs\self_attention_continuous_stage2_lite_5run_100k_20260510_210945\seed45678\training_stdout.log
[self_attention:45678] Training summary: C:\Users\milke\groupCoursework\FYP\experiment_runs\self_attention_continuous_stage2_lite_5run_100k_20260510_210945\seed45678\training_summary.csv
[self_attention:45678] Evaluation summary: C:\Users\milke\groupCoursework\FYP\experiment_runs\self_attention_continuous_stage2_lite_5run_100k_20260510_210945\seed45678\evaluation_summary.csv
[self_attention:45678] Per-episode evaluation: C:\Users\milke\groupCoursework\FYP\experiment_runs\self_attention_continuous_stage2_lite_5run_100k_20260510_210945\seed45678\evaluation_per_episode.csv

Running Self-attention (self_attention_model) | seed=56789 | timesteps=100000
Log: C:\Users\milke\groupCoursework\FYP\experiment_runs\self_attention_continuous_stage2_lite_5run_100k_20260510_210945\self_attention_seed56789.log
[self_attention:56789] Run ID: self_attention_continuous_stage2_lite_5run_100k_20260510_210945\seed56789
[self_attention:56789] Output directory: C:\Users\milke\groupCoursework\FYP\experiment_runs\self_attention_continuous_stage2_lite_5run_100k_20260510_210945\seed56789
[self_attention:56789] Python: C:\Users\milke\miniconda3\envs\highway\python.exe
[self_attention:56789] Model directory: C:\Users\milke\groupCoursework\FYP\self_attention_model
[self_attention:56789] Config: curriculum_stage_2_easy_overtake
[self_attention:56789] Training seed: 56789
[self_attention:56789] Eval type: full
[self_attention:56789] Completed single mean+max study.
[self_attention:56789] Training/eval stdout: C:\Users\milke\groupCoursework\FYP\experiment_runs\self_attention_continuous_stage2_lite_5run_100k_20260510_210945\seed56789\training_stdout.log
[self_attention:56789] Training summary: C:\Users\milke\groupCoursework\FYP\experiment_runs\self_attention_continuous_stage2_lite_5run_100k_20260510_210945\seed56789\training_summary.csv
[self_attention:56789] Evaluation summary: C:\Users\milke\groupCoursework\FYP\experiment_runs\self_attention_continuous_stage2_lite_5run_100k_20260510_210945\seed56789\evaluation_summary.csv
[self_attention:56789] Per-episode evaluation: C:\Users\milke\groupCoursework\FYP\experiment_runs\self_attention_continuous_stage2_lite_5run_100k_20260510_210945\seed56789\evaluation_per_episode.csv

Completed Self-attention continuous stage2 lite 5-run study.
Per-run summary: C:\Users\milke\groupCoursework\FYP\experiment_runs\self_attention_continuous_stage2_lite_5run_100k_20260510_210945\per_run_summary.csv
Aggregate summary: C:\Users\milke\groupCoursework\FYP\experiment_runs\self_attention_continuous_stage2_lite_5run_100k_20260510_210945\aggregate_summary.csv
