Run ID: stage2_backbones_5x200k_fresh_20260509_053844
Output directory: C:\Users\milke\groupCoursework\FYP\experiment_runs\stage2_backbones_5x200k_fresh_20260509_053844
Python: C:\Users\milke\miniconda3\envs\highway\python.exe
Config: curriculum_stage_2_easy_overtake
Target timesteps: 200000
Train seeds: [12345, 23456, 34567, 45678, 56789]
Eval seeds: 1000..1049 (50 episodes)

Running MLP baseline (baseline1) | seed=12345 | timesteps=200000
Log: C:\Users\milke\groupCoursework\FYP\experiment_runs\stage2_backbones_5x200k_fresh_20260509_053844\mlp_baseline_seed12345.log
[mlp_baseline:12345] Run ID: stage2_backbones_5x200k_fresh_20260509_053844\mlp_baseline\seed12345
[mlp_baseline:12345] Output directory: C:\Users\milke\groupCoursework\FYP\experiment_runs\stage2_backbones_5x200k_fresh_20260509_053844\mlp_baseline\seed12345
[mlp_baseline:12345] Python: C:\Users\milke\miniconda3\envs\highway\python.exe
[mlp_baseline:12345] Model directory: C:\Users\milke\groupCoursework\FYP\baseline1
[mlp_baseline:12345] Config: curriculum_stage_2_easy_overtake
[mlp_baseline:12345] Training seed: 12345
[mlp_baseline:12345] Eval type: full
[mlp_baseline:12345] Completed single mean+max study.
[mlp_baseline:12345] Training/eval stdout: C:\Users\milke\groupCoursework\FYP\experiment_runs\stage2_backbones_5x200k_fresh_20260509_053844\mlp_baseline\seed12345\training_stdout.log
[mlp_baseline:12345] Training summary: C:\Users\milke\groupCoursework\FYP\experiment_runs\stage2_backbones_5x200k_fresh_20260509_053844\mlp_baseline\seed12345\training_summary.csv
[mlp_baseline:12345] Evaluation summary: C:\Users\milke\groupCoursework\FYP\experiment_runs\stage2_backbones_5x200k_fresh_20260509_053844\mlp_baseline\seed12345\evaluation_summary.csv
[mlp_baseline:12345] Per-episode evaluation: C:\Users\milke\groupCoursework\FYP\experiment_runs\stage2_backbones_5x200k_fresh_20260509_053844\mlp_baseline\seed12345\evaluation_per_episode.csv

Running MLP baseline (baseline1) | seed=23456 | timesteps=200000
Log: C:\Users\milke\groupCoursework\FYP\experiment_runs\stage2_backbones_5x200k_fresh_20260509_053844\mlp_baseline_seed23456.log
[mlp_baseline:23456] Run ID: stage2_backbones_5x200k_fresh_20260509_053844\mlp_baseline\seed23456
[mlp_baseline:23456] Output directory: C:\Users\milke\groupCoursework\FYP\experiment_runs\stage2_backbones_5x200k_fresh_20260509_053844\mlp_baseline\seed23456
[mlp_baseline:23456] Python: C:\Users\milke\miniconda3\envs\highway\python.exe
[mlp_baseline:23456] Model directory: C:\Users\milke\groupCoursework\FYP\baseline1
[mlp_baseline:23456] Config: curriculum_stage_2_easy_overtake
[mlp_baseline:23456] Training seed: 23456
[mlp_baseline:23456] Eval type: full
[mlp_baseline:23456] Completed single mean+max study.
[mlp_baseline:23456] Training/eval stdout: C:\Users\milke\groupCoursework\FYP\experiment_runs\stage2_backbones_5x200k_fresh_20260509_053844\mlp_baseline\seed23456\training_stdout.log
[mlp_baseline:23456] Training summary: C:\Users\milke\groupCoursework\FYP\experiment_runs\stage2_backbones_5x200k_fresh_20260509_053844\mlp_baseline\seed23456\training_summary.csv
[mlp_baseline:23456] Evaluation summary: C:\Users\milke\groupCoursework\FYP\experiment_runs\stage2_backbones_5x200k_fresh_20260509_053844\mlp_baseline\seed23456\evaluation_summary.csv
[mlp_baseline:23456] Per-episode evaluation: C:\Users\milke\groupCoursework\FYP\experiment_runs\stage2_backbones_5x200k_fresh_20260509_053844\mlp_baseline\seed23456\evaluation_per_episode.csv

Running MLP baseline (baseline1) | seed=34567 | timesteps=200000
Log: C:\Users\milke\groupCoursework\FYP\experiment_runs\stage2_backbones_5x200k_fresh_20260509_053844\mlp_baseline_seed34567.log
[mlp_baseline:34567] Run ID: stage2_backbones_5x200k_fresh_20260509_053844\mlp_baseline\seed34567
[mlp_baseline:34567] Output directory: C:\Users\milke\groupCoursework\FYP\experiment_runs\stage2_backbones_5x200k_fresh_20260509_053844\mlp_baseline\seed34567
[mlp_baseline:34567] Python: C:\Users\milke\miniconda3\envs\highway\python.exe
[mlp_baseline:34567] Model directory: C:\Users\milke\groupCoursework\FYP\baseline1
[mlp_baseline:34567] Config: curriculum_stage_2_easy_overtake
[mlp_baseline:34567] Training seed: 34567
[mlp_baseline:34567] Eval type: full
