Run ID: stage3_uncertainty_meanmax_threshold_3run_100k_20260512_142042
Output directory: C:\Users\milke\groupCoursework\FYP\experiment_runs\stage3_uncertainty_meanmax_threshold_3run_100k_20260512_142042
Model: Uncertainty mean+max threshold (uncertainty_aware_mean+max_backbone)
Config: curriculum_stage_3_mixed_traffic
Target timesteps: 100000
Train seeds: [12345, 23456, 34567]
Eval seeds: 1000..1049 (50 episodes)
Safeguard threshold: 0.0005
MC samples: 5

Running Uncertainty mean+max threshold | seed=12345 | timesteps=100000
Command:
$env:MODEL_SUBDIR='uncertainty_aware_mean+max_backbone'; $env:MODEL_LABEL='uncertainty_meanmax_threshold'; $env:HIGHWAY_CONFIG='curriculum_stage_3_mixed_traffic'; $env:TOTAL_TIMESTEPS='100000'; $env:TRAIN_SEED='12345'; $env:EVAL_SEEDS='[1000, 1001, 1002, 1003, 1004, 1005, 1006, 1007, 1008, 1009, 1010, 1011, 1012, 1013, 1014, 1015, 1016, 1017, 1018, 1019, 1020, 1021, 1022, 1023, 1024, 1025, 1026, 1027, 1028, 1029, 1030, 1031, 1032, 1033, 1034, 1035, 1036, 1037, 1038, 1039, 1040, 1041, 1042, 1043, 1044, 1045, 1046, 1047, 1048, 1049]'; $env:EVAL_MAX_STEPS='full'; $env:EVAL_ACTION_MODE='safeguarded'; $env:SAFEGUARD_THRESHOLD='0.0005'; $env:MC_SAMPLES='5'; $env:TORCH_NUM_THREADS='1'; $env:RUN_ID='stage3_uncertainty_meanmax_threshold_3run_100k_20260512_142042\seed12345'; $env:EGO_START_LANE_POLICY='random'; & 'C:\Users\milke\miniconda3\envs\highway\python.exe' 'C:\Users\milke\groupCoursework\FYP\run_meanmax_single_stage_study.py'
Log: C:\Users\milke\groupCoursework\FYP\experiment_runs\stage3_uncertainty_meanmax_threshold_3run_100k_20260512_142042\seed12345.log
[uncertainty_meanmax_threshold:12345] Run ID: stage3_uncertainty_meanmax_threshold_3run_100k_20260512_142042\seed12345
[uncertainty_meanmax_threshold:12345] Output directory: C:\Users\milke\groupCoursework\FYP\experiment_runs\stage3_uncertainty_meanmax_threshold_3run_100k_20260512_142042\seed12345
[uncertainty_meanmax_threshold:12345] Python: C:\Users\milke\miniconda3\envs\highway\python.exe
[uncertainty_meanmax_threshold:12345] Model directory: C:\Users\milke\groupCoursework\FYP\uncertainty_aware_mean+max_backbone
[uncertainty_meanmax_threshold:12345] Config: curriculum_stage_3_mixed_traffic
[uncertainty_meanmax_threshold:12345] Training seed: 12345
[uncertainty_meanmax_threshold:12345] Eval type: full
[uncertainty_meanmax_threshold:12345] Eval action mode: safeguarded
[uncertainty_meanmax_threshold:12345] Safeguard threshold: 0.0005
[uncertainty_meanmax_threshold:12345] MC samples: 5
[uncertainty_meanmax_threshold:12345] Completed single mean+max study.
[uncertainty_meanmax_threshold:12345] Training/eval stdout: C:\Users\milke\groupCoursework\FYP\experiment_runs\stage3_uncertainty_meanmax_threshold_3run_100k_20260512_142042\seed12345\training_stdout.log
[uncertainty_meanmax_threshold:12345] Training summary: C:\Users\milke\groupCoursework\FYP\experiment_runs\stage3_uncertainty_meanmax_threshold_3run_100k_20260512_142042\seed12345\training_summary.csv
[uncertainty_meanmax_threshold:12345] Evaluation summary: C:\Users\milke\groupCoursework\FYP\experiment_runs\stage3_uncertainty_meanmax_threshold_3run_100k_20260512_142042\seed12345\evaluation_summary.csv
[uncertainty_meanmax_threshold:12345] Per-episode evaluation: C:\Users\milke\groupCoursework\FYP\experiment_runs\stage3_uncertainty_meanmax_threshold_3run_100k_20260512_142042\seed12345\evaluation_per_episode.csv

Running Uncertainty mean+max threshold | seed=23456 | timesteps=100000
Command:
$env:MODEL_SUBDIR='uncertainty_aware_mean+max_backbone'; $env:MODEL_LABEL='uncertainty_meanmax_threshold'; $env:HIGHWAY_CONFIG='curriculum_stage_3_mixed_traffic'; $env:TOTAL_TIMESTEPS='100000'; $env:TRAIN_SEED='23456'; $env:EVAL_SEEDS='[1000, 1001, 1002, 1003, 1004, 1005, 1006, 1007, 1008, 1009, 1010, 1011, 1012, 1013, 1014, 1015, 1016, 1017, 1018, 1019, 1020, 1021, 1022, 1023, 1024, 1025, 1026, 1027, 1028, 1029, 1030, 1031, 1032, 1033, 1034, 1035, 1036, 1037, 1038, 1039, 1040, 1041, 1042, 1043, 1044, 1045, 1046, 1047, 1048, 1049]'; $env:EVAL_MAX_STEPS='full'; $env:EVAL_ACTION_MODE='safeguarded'; $env:SAFEGUARD_THRESHOLD='0.0005'; $env:MC_SAMPLES='5'; $env:TORCH_NUM_THREADS='1'; $env:RUN_ID='stage3_uncertainty_meanmax_threshold_3run_100k_20260512_142042\seed23456'; $env:EGO_START_LANE_POLICY='random'; & 'C:\Users\milke\miniconda3\envs\highway\python.exe' 'C:\Users\milke\groupCoursework\FYP\run_meanmax_single_stage_study.py'
Log: C:\Users\milke\groupCoursework\FYP\experiment_runs\stage3_uncertainty_meanmax_threshold_3run_100k_20260512_142042\seed23456.log
[uncertainty_meanmax_threshold:23456] Run ID: stage3_uncertainty_meanmax_threshold_3run_100k_20260512_142042\seed23456
[uncertainty_meanmax_threshold:23456] Output directory: C:\Users\milke\groupCoursework\FYP\experiment_runs\stage3_uncertainty_meanmax_threshold_3run_100k_20260512_142042\seed23456
[uncertainty_meanmax_threshold:23456] Python: C:\Users\milke\miniconda3\envs\highway\python.exe
[uncertainty_meanmax_threshold:23456] Model directory: C:\Users\milke\groupCoursework\FYP\uncertainty_aware_mean+max_backbone
[uncertainty_meanmax_threshold:23456] Config: curriculum_stage_3_mixed_traffic
[uncertainty_meanmax_threshold:23456] Training seed: 23456
[uncertainty_meanmax_threshold:23456] Eval type: full
[uncertainty_meanmax_threshold:23456] Eval action mode: safeguarded
[uncertainty_meanmax_threshold:23456] Safeguard threshold: 0.0005
[uncertainty_meanmax_threshold:23456] MC samples: 5
[uncertainty_meanmax_threshold:23456] Completed single mean+max study.
[uncertainty_meanmax_threshold:23456] Training/eval stdout: C:\Users\milke\groupCoursework\FYP\experiment_runs\stage3_uncertainty_meanmax_threshold_3run_100k_20260512_142042\seed23456\training_stdout.log
[uncertainty_meanmax_threshold:23456] Training summary: C:\Users\milke\groupCoursework\FYP\experiment_runs\stage3_uncertainty_meanmax_threshold_3run_100k_20260512_142042\seed23456\training_summary.csv
[uncertainty_meanmax_threshold:23456] Evaluation summary: C:\Users\milke\groupCoursework\FYP\experiment_runs\stage3_uncertainty_meanmax_threshold_3run_100k_20260512_142042\seed23456\evaluation_summary.csv
[uncertainty_meanmax_threshold:23456] Per-episode evaluation: C:\Users\milke\groupCoursework\FYP\experiment_runs\stage3_uncertainty_meanmax_threshold_3run_100k_20260512_142042\seed23456\evaluation_per_episode.csv

Running Uncertainty mean+max threshold | seed=34567 | timesteps=100000
Command:
$env:MODEL_SUBDIR='uncertainty_aware_mean+max_backbone'; $env:MODEL_LABEL='uncertainty_meanmax_threshold'; $env:HIGHWAY_CONFIG='curriculum_stage_3_mixed_traffic'; $env:TOTAL_TIMESTEPS='100000'; $env:TRAIN_SEED='34567'; $env:EVAL_SEEDS='[1000, 1001, 1002, 1003, 1004, 1005, 1006, 1007, 1008, 1009, 1010, 1011, 1012, 1013, 1014, 1015, 1016, 1017, 1018, 1019, 1020, 1021, 1022, 1023, 1024, 1025, 1026, 1027, 1028, 1029, 1030, 1031, 1032, 1033, 1034, 1035, 1036, 1037, 1038, 1039, 1040, 1041, 1042, 1043, 1044, 1045, 1046, 1047, 1048, 1049]'; $env:EVAL_MAX_STEPS='full'; $env:EVAL_ACTION_MODE='safeguarded'; $env:SAFEGUARD_THRESHOLD='0.0005'; $env:MC_SAMPLES='5'; $env:TORCH_NUM_THREADS='1'; $env:RUN_ID='stage3_uncertainty_meanmax_threshold_3run_100k_20260512_142042\seed34567'; $env:EGO_START_LANE_POLICY='random'; & 'C:\Users\milke\miniconda3\envs\highway\python.exe' 'C:\Users\milke\groupCoursework\FYP\run_meanmax_single_stage_study.py'
Log: C:\Users\milke\groupCoursework\FYP\experiment_runs\stage3_uncertainty_meanmax_threshold_3run_100k_20260512_142042\seed34567.log
[uncertainty_meanmax_threshold:34567] Run ID: stage3_uncertainty_meanmax_threshold_3run_100k_20260512_142042\seed34567
[uncertainty_meanmax_threshold:34567] Output directory: C:\Users\milke\groupCoursework\FYP\experiment_runs\stage3_uncertainty_meanmax_threshold_3run_100k_20260512_142042\seed34567
[uncertainty_meanmax_threshold:34567] Python: C:\Users\milke\miniconda3\envs\highway\python.exe
[uncertainty_meanmax_threshold:34567] Model directory: C:\Users\milke\groupCoursework\FYP\uncertainty_aware_mean+max_backbone
[uncertainty_meanmax_threshold:34567] Config: curriculum_stage_3_mixed_traffic
[uncertainty_meanmax_threshold:34567] Training seed: 34567
[uncertainty_meanmax_threshold:34567] Eval type: full
[uncertainty_meanmax_threshold:34567] Eval action mode: safeguarded
[uncertainty_meanmax_threshold:34567] Safeguard threshold: 0.0005
[uncertainty_meanmax_threshold:34567] MC samples: 5
[uncertainty_meanmax_threshold:34567] Completed single mean+max study.
[uncertainty_meanmax_threshold:34567] Training/eval stdout: C:\Users\milke\groupCoursework\FYP\experiment_runs\stage3_uncertainty_meanmax_threshold_3run_100k_20260512_142042\seed34567\training_stdout.log
[uncertainty_meanmax_threshold:34567] Training summary: C:\Users\milke\groupCoursework\FYP\experiment_runs\stage3_uncertainty_meanmax_threshold_3run_100k_20260512_142042\seed34567\training_summary.csv
[uncertainty_meanmax_threshold:34567] Evaluation summary: C:\Users\milke\groupCoursework\FYP\experiment_runs\stage3_uncertainty_meanmax_threshold_3run_100k_20260512_142042\seed34567\evaluation_summary.csv
[uncertainty_meanmax_threshold:34567] Per-episode evaluation: C:\Users\milke\groupCoursework\FYP\experiment_runs\stage3_uncertainty_meanmax_threshold_3run_100k_20260512_142042\seed34567\evaluation_per_episode.csv

Stage 3 uncertainty mean+max threshold study complete.
Per-run summary: C:\Users\milke\groupCoursework\FYP\experiment_runs\stage3_uncertainty_meanmax_threshold_3run_100k_20260512_142042\per_run_summary.csv
Aggregate summary: C:\Users\milke\groupCoursework\FYP\experiment_runs\stage3_uncertainty_meanmax_threshold_3run_100k_20260512_142042\aggregate_summary.csv
Combined per-episode evaluation: C:\Users\milke\groupCoursework\FYP\experiment_runs\stage3_uncertainty_meanmax_threshold_3run_100k_20260512_142042\combined_evaluation_per_episode.csv
