Run ID: stage3_backbones_repeat2_100k_20260512_093812
Output directory: C:\Users\milke\groupCoursework\FYP\experiment_runs\stage3_backbones_repeat2_100k_20260512_093812
Python: C:\Users\milke\miniconda3\envs\highway\python.exe
Config: curriculum_stage_3_mixed_traffic
Target timesteps: 100000
Train seeds: [12345, 23456]
Eval seeds: 1000..1049 (50 episodes)
Every per-run log starts with the equivalent PowerShell command.

Running Basic MLP (baseline1) | seed=12345 | timesteps=100000
Command:
$env:MODEL_SUBDIR='baseline1'; $env:MODEL_LABEL='basic_mlp'; $env:HIGHWAY_CONFIG='curriculum_stage_3_mixed_traffic'; $env:TOTAL_TIMESTEPS='100000'; $env:TRAIN_SEED='12345'; $env:EVAL_SEEDS='[1000, 1001, 1002, 1003, 1004, 1005, 1006, 1007, 1008, 1009, 1010, 1011, 1012, 1013, 1014, 1015, 1016, 1017, 1018, 1019, 1020, 1021, 1022, 1023, 1024, 1025, 1026, 1027, 1028, 1029, 1030, 1031, 1032, 1033, 1034, 1035, 1036, 1037, 1038, 1039, 1040, 1041, 1042, 1043, 1044, 1045, 1046, 1047, 1048, 1049]'; $env:EVAL_MAX_STEPS='full'; $env:EVAL_ACTION_MODE='actor'; $env:TORCH_NUM_THREADS='1'; $env:RUN_ID='stage3_backbones_repeat2_100k_20260512_093812\basic_mlp\seed12345'; $env:EGO_START_LANE_POLICY='random'; & 'C:\Users\milke\miniconda3\envs\highway\python.exe' 'C:\Users\milke\groupCoursework\FYP\run_meanmax_single_stage_study.py'
Log: C:\Users\milke\groupCoursework\FYP\experiment_runs\stage3_backbones_repeat2_100k_20260512_093812\basic_mlp_seed12345.log
[basic_mlp:12345] Run ID: stage3_backbones_repeat2_100k_20260512_093812\basic_mlp\seed12345
[basic_mlp:12345] Output directory: C:\Users\milke\groupCoursework\FYP\experiment_runs\stage3_backbones_repeat2_100k_20260512_093812\basic_mlp\seed12345
[basic_mlp:12345] Python: C:\Users\milke\miniconda3\envs\highway\python.exe
[basic_mlp:12345] Model directory: C:\Users\milke\groupCoursework\FYP\baseline1
[basic_mlp:12345] Config: curriculum_stage_3_mixed_traffic
[basic_mlp:12345] Training seed: 12345
[basic_mlp:12345] Eval type: full
[basic_mlp:12345] Eval action mode: actor
[basic_mlp:12345] Completed single mean+max study.
[basic_mlp:12345] Training/eval stdout: C:\Users\milke\groupCoursework\FYP\experiment_runs\stage3_backbones_repeat2_100k_20260512_093812\basic_mlp\seed12345\training_stdout.log
[basic_mlp:12345] Training summary: C:\Users\milke\groupCoursework\FYP\experiment_runs\stage3_backbones_repeat2_100k_20260512_093812\basic_mlp\seed12345\training_summary.csv
[basic_mlp:12345] Evaluation summary: C:\Users\milke\groupCoursework\FYP\experiment_runs\stage3_backbones_repeat2_100k_20260512_093812\basic_mlp\seed12345\evaluation_summary.csv
[basic_mlp:12345] Per-episode evaluation: C:\Users\milke\groupCoursework\FYP\experiment_runs\stage3_backbones_repeat2_100k_20260512_093812\basic_mlp\seed12345\evaluation_per_episode.csv

Running Basic MLP (baseline1) | seed=23456 | timesteps=100000
Command:
$env:MODEL_SUBDIR='baseline1'; $env:MODEL_LABEL='basic_mlp'; $env:HIGHWAY_CONFIG='curriculum_stage_3_mixed_traffic'; $env:TOTAL_TIMESTEPS='100000'; $env:TRAIN_SEED='23456'; $env:EVAL_SEEDS='[1000, 1001, 1002, 1003, 1004, 1005, 1006, 1007, 1008, 1009, 1010, 1011, 1012, 1013, 1014, 1015, 1016, 1017, 1018, 1019, 1020, 1021, 1022, 1023, 1024, 1025, 1026, 1027, 1028, 1029, 1030, 1031, 1032, 1033, 1034, 1035, 1036, 1037, 1038, 1039, 1040, 1041, 1042, 1043, 1044, 1045, 1046, 1047, 1048, 1049]'; $env:EVAL_MAX_STEPS='full'; $env:EVAL_ACTION_MODE='actor'; $env:TORCH_NUM_THREADS='1'; $env:RUN_ID='stage3_backbones_repeat2_100k_20260512_093812\basic_mlp\seed23456'; $env:EGO_START_LANE_POLICY='random'; & 'C:\Users\milke\miniconda3\envs\highway\python.exe' 'C:\Users\milke\groupCoursework\FYP\run_meanmax_single_stage_study.py'
Log: C:\Users\milke\groupCoursework\FYP\experiment_runs\stage3_backbones_repeat2_100k_20260512_093812\basic_mlp_seed23456.log
[basic_mlp:23456] Run ID: stage3_backbones_repeat2_100k_20260512_093812\basic_mlp\seed23456
[basic_mlp:23456] Output directory: C:\Users\milke\groupCoursework\FYP\experiment_runs\stage3_backbones_repeat2_100k_20260512_093812\basic_mlp\seed23456
[basic_mlp:23456] Python: C:\Users\milke\miniconda3\envs\highway\python.exe
[basic_mlp:23456] Model directory: C:\Users\milke\groupCoursework\FYP\baseline1
[basic_mlp:23456] Config: curriculum_stage_3_mixed_traffic
[basic_mlp:23456] Training seed: 23456
[basic_mlp:23456] Eval type: full
[basic_mlp:23456] Eval action mode: actor
[basic_mlp:23456] Completed single mean+max study.
[basic_mlp:23456] Training/eval stdout: C:\Users\milke\groupCoursework\FYP\experiment_runs\stage3_backbones_repeat2_100k_20260512_093812\basic_mlp\seed23456\training_stdout.log
[basic_mlp:23456] Training summary: C:\Users\milke\groupCoursework\FYP\experiment_runs\stage3_backbones_repeat2_100k_20260512_093812\basic_mlp\seed23456\training_summary.csv
[basic_mlp:23456] Evaluation summary: C:\Users\milke\groupCoursework\FYP\experiment_runs\stage3_backbones_repeat2_100k_20260512_093812\basic_mlp\seed23456\evaluation_summary.csv
[basic_mlp:23456] Per-episode evaluation: C:\Users\milke\groupCoursework\FYP\experiment_runs\stage3_backbones_repeat2_100k_20260512_093812\basic_mlp\seed23456\evaluation_per_episode.csv

Running Deep Sets mean (Deep_sets_mean_model) | seed=12345 | timesteps=100000
Command:
$env:MODEL_SUBDIR='Deep_sets_mean_model'; $env:MODEL_LABEL='deep_sets_mean'; $env:HIGHWAY_CONFIG='curriculum_stage_3_mixed_traffic'; $env:TOTAL_TIMESTEPS='100000'; $env:TRAIN_SEED='12345'; $env:EVAL_SEEDS='[1000, 1001, 1002, 1003, 1004, 1005, 1006, 1007, 1008, 1009, 1010, 1011, 1012, 1013, 1014, 1015, 1016, 1017, 1018, 1019, 1020, 1021, 1022, 1023, 1024, 1025, 1026, 1027, 1028, 1029, 1030, 1031, 1032, 1033, 1034, 1035, 1036, 1037, 1038, 1039, 1040, 1041, 1042, 1043, 1044, 1045, 1046, 1047, 1048, 1049]'; $env:EVAL_MAX_STEPS='full'; $env:EVAL_ACTION_MODE='actor'; $env:TORCH_NUM_THREADS='1'; $env:RUN_ID='stage3_backbones_repeat2_100k_20260512_093812\deep_sets_mean\seed12345'; $env:EGO_START_LANE_POLICY='random'; & 'C:\Users\milke\miniconda3\envs\highway\python.exe' 'C:\Users\milke\groupCoursework\FYP\run_meanmax_single_stage_study.py'
Log: C:\Users\milke\groupCoursework\FYP\experiment_runs\stage3_backbones_repeat2_100k_20260512_093812\deep_sets_mean_seed12345.log
[deep_sets_mean:12345] Run ID: stage3_backbones_repeat2_100k_20260512_093812\deep_sets_mean\seed12345
[deep_sets_mean:12345] Output directory: C:\Users\milke\groupCoursework\FYP\experiment_runs\stage3_backbones_repeat2_100k_20260512_093812\deep_sets_mean\seed12345
[deep_sets_mean:12345] Python: C:\Users\milke\miniconda3\envs\highway\python.exe
[deep_sets_mean:12345] Model directory: C:\Users\milke\groupCoursework\FYP\Deep_sets_mean_model
[deep_sets_mean:12345] Config: curriculum_stage_3_mixed_traffic
[deep_sets_mean:12345] Training seed: 12345
[deep_sets_mean:12345] Eval type: full
[deep_sets_mean:12345] Eval action mode: actor
[deep_sets_mean:12345] Completed single mean+max study.
[deep_sets_mean:12345] Training/eval stdout: C:\Users\milke\groupCoursework\FYP\experiment_runs\stage3_backbones_repeat2_100k_20260512_093812\deep_sets_mean\seed12345\training_stdout.log
[deep_sets_mean:12345] Training summary: C:\Users\milke\groupCoursework\FYP\experiment_runs\stage3_backbones_repeat2_100k_20260512_093812\deep_sets_mean\seed12345\training_summary.csv
[deep_sets_mean:12345] Evaluation summary: C:\Users\milke\groupCoursework\FYP\experiment_runs\stage3_backbones_repeat2_100k_20260512_093812\deep_sets_mean\seed12345\evaluation_summary.csv
[deep_sets_mean:12345] Per-episode evaluation: C:\Users\milke\groupCoursework\FYP\experiment_runs\stage3_backbones_repeat2_100k_20260512_093812\deep_sets_mean\seed12345\evaluation_per_episode.csv

Running Deep Sets mean (Deep_sets_mean_model) | seed=23456 | timesteps=100000
Command:
$env:MODEL_SUBDIR='Deep_sets_mean_model'; $env:MODEL_LABEL='deep_sets_mean'; $env:HIGHWAY_CONFIG='curriculum_stage_3_mixed_traffic'; $env:TOTAL_TIMESTEPS='100000'; $env:TRAIN_SEED='23456'; $env:EVAL_SEEDS='[1000, 1001, 1002, 1003, 1004, 1005, 1006, 1007, 1008, 1009, 1010, 1011, 1012, 1013, 1014, 1015, 1016, 1017, 1018, 1019, 1020, 1021, 1022, 1023, 1024, 1025, 1026, 1027, 1028, 1029, 1030, 1031, 1032, 1033, 1034, 1035, 1036, 1037, 1038, 1039, 1040, 1041, 1042, 1043, 1044, 1045, 1046, 1047, 1048, 1049]'; $env:EVAL_MAX_STEPS='full'; $env:EVAL_ACTION_MODE='actor'; $env:TORCH_NUM_THREADS='1'; $env:RUN_ID='stage3_backbones_repeat2_100k_20260512_093812\deep_sets_mean\seed23456'; $env:EGO_START_LANE_POLICY='random'; & 'C:\Users\milke\miniconda3\envs\highway\python.exe' 'C:\Users\milke\groupCoursework\FYP\run_meanmax_single_stage_study.py'
Log: C:\Users\milke\groupCoursework\FYP\experiment_runs\stage3_backbones_repeat2_100k_20260512_093812\deep_sets_mean_seed23456.log
[deep_sets_mean:23456] Run ID: stage3_backbones_repeat2_100k_20260512_093812\deep_sets_mean\seed23456
[deep_sets_mean:23456] Output directory: C:\Users\milke\groupCoursework\FYP\experiment_runs\stage3_backbones_repeat2_100k_20260512_093812\deep_sets_mean\seed23456
[deep_sets_mean:23456] Python: C:\Users\milke\miniconda3\envs\highway\python.exe
[deep_sets_mean:23456] Model directory: C:\Users\milke\groupCoursework\FYP\Deep_sets_mean_model
[deep_sets_mean:23456] Config: curriculum_stage_3_mixed_traffic
[deep_sets_mean:23456] Training seed: 23456
[deep_sets_mean:23456] Eval type: full
[deep_sets_mean:23456] Eval action mode: actor
[deep_sets_mean:23456] Completed single mean+max study.
[deep_sets_mean:23456] Training/eval stdout: C:\Users\milke\groupCoursework\FYP\experiment_runs\stage3_backbones_repeat2_100k_20260512_093812\deep_sets_mean\seed23456\training_stdout.log
[deep_sets_mean:23456] Training summary: C:\Users\milke\groupCoursework\FYP\experiment_runs\stage3_backbones_repeat2_100k_20260512_093812\deep_sets_mean\seed23456\training_summary.csv
[deep_sets_mean:23456] Evaluation summary: C:\Users\milke\groupCoursework\FYP\experiment_runs\stage3_backbones_repeat2_100k_20260512_093812\deep_sets_mean\seed23456\evaluation_summary.csv
[deep_sets_mean:23456] Per-episode evaluation: C:\Users\milke\groupCoursework\FYP\experiment_runs\stage3_backbones_repeat2_100k_20260512_093812\deep_sets_mean\seed23456\evaluation_per_episode.csv

Running Deep Sets mean+max (mean+max) | seed=12345 | timesteps=100000
Command:
$env:MODEL_SUBDIR='mean+max'; $env:MODEL_LABEL='deep_sets_mean_max'; $env:HIGHWAY_CONFIG='curriculum_stage_3_mixed_traffic'; $env:TOTAL_TIMESTEPS='100000'; $env:TRAIN_SEED='12345'; $env:EVAL_SEEDS='[1000, 1001, 1002, 1003, 1004, 1005, 1006, 1007, 1008, 1009, 1010, 1011, 1012, 1013, 1014, 1015, 1016, 1017, 1018, 1019, 1020, 1021, 1022, 1023, 1024, 1025, 1026, 1027, 1028, 1029, 1030, 1031, 1032, 1033, 1034, 1035, 1036, 1037, 1038, 1039, 1040, 1041, 1042, 1043, 1044, 1045, 1046, 1047, 1048, 1049]'; $env:EVAL_MAX_STEPS='full'; $env:EVAL_ACTION_MODE='actor'; $env:TORCH_NUM_THREADS='1'; $env:RUN_ID='stage3_backbones_repeat2_100k_20260512_093812\deep_sets_mean_max\seed12345'; $env:EGO_START_LANE_POLICY='random'; & 'C:\Users\milke\miniconda3\envs\highway\python.exe' 'C:\Users\milke\groupCoursework\FYP\run_meanmax_single_stage_study.py'
Log: C:\Users\milke\groupCoursework\FYP\experiment_runs\stage3_backbones_repeat2_100k_20260512_093812\deep_sets_mean_max_seed12345.log
[deep_sets_mean_max:12345] Run ID: stage3_backbones_repeat2_100k_20260512_093812\deep_sets_mean_max\seed12345
[deep_sets_mean_max:12345] Output directory: C:\Users\milke\groupCoursework\FYP\experiment_runs\stage3_backbones_repeat2_100k_20260512_093812\deep_sets_mean_max\seed12345
[deep_sets_mean_max:12345] Python: C:\Users\milke\miniconda3\envs\highway\python.exe
[deep_sets_mean_max:12345] Model directory: C:\Users\milke\groupCoursework\FYP\mean+max
[deep_sets_mean_max:12345] Config: curriculum_stage_3_mixed_traffic
[deep_sets_mean_max:12345] Training seed: 12345
[deep_sets_mean_max:12345] Eval type: full
[deep_sets_mean_max:12345] Eval action mode: actor
[deep_sets_mean_max:12345] Completed single mean+max study.
[deep_sets_mean_max:12345] Training/eval stdout: C:\Users\milke\groupCoursework\FYP\experiment_runs\stage3_backbones_repeat2_100k_20260512_093812\deep_sets_mean_max\seed12345\training_stdout.log
[deep_sets_mean_max:12345] Training summary: C:\Users\milke\groupCoursework\FYP\experiment_runs\stage3_backbones_repeat2_100k_20260512_093812\deep_sets_mean_max\seed12345\training_summary.csv
[deep_sets_mean_max:12345] Evaluation summary: C:\Users\milke\groupCoursework\FYP\experiment_runs\stage3_backbones_repeat2_100k_20260512_093812\deep_sets_mean_max\seed12345\evaluation_summary.csv
[deep_sets_mean_max:12345] Per-episode evaluation: C:\Users\milke\groupCoursework\FYP\experiment_runs\stage3_backbones_repeat2_100k_20260512_093812\deep_sets_mean_max\seed12345\evaluation_per_episode.csv

Running Deep Sets mean+max (mean+max) | seed=23456 | timesteps=100000
Command:
$env:MODEL_SUBDIR='mean+max'; $env:MODEL_LABEL='deep_sets_mean_max'; $env:HIGHWAY_CONFIG='curriculum_stage_3_mixed_traffic'; $env:TOTAL_TIMESTEPS='100000'; $env:TRAIN_SEED='23456'; $env:EVAL_SEEDS='[1000, 1001, 1002, 1003, 1004, 1005, 1006, 1007, 1008, 1009, 1010, 1011, 1012, 1013, 1014, 1015, 1016, 1017, 1018, 1019, 1020, 1021, 1022, 1023, 1024, 1025, 1026, 1027, 1028, 1029, 1030, 1031, 1032, 1033, 1034, 1035, 1036, 1037, 1038, 1039, 1040, 1041, 1042, 1043, 1044, 1045, 1046, 1047, 1048, 1049]'; $env:EVAL_MAX_STEPS='full'; $env:EVAL_ACTION_MODE='actor'; $env:TORCH_NUM_THREADS='1'; $env:RUN_ID='stage3_backbones_repeat2_100k_20260512_093812\deep_sets_mean_max\seed23456'; $env:EGO_START_LANE_POLICY='random'; & 'C:\Users\milke\miniconda3\envs\highway\python.exe' 'C:\Users\milke\groupCoursework\FYP\run_meanmax_single_stage_study.py'
Log: C:\Users\milke\groupCoursework\FYP\experiment_runs\stage3_backbones_repeat2_100k_20260512_093812\deep_sets_mean_max_seed23456.log
[deep_sets_mean_max:23456] Run ID: stage3_backbones_repeat2_100k_20260512_093812\deep_sets_mean_max\seed23456
[deep_sets_mean_max:23456] Output directory: C:\Users\milke\groupCoursework\FYP\experiment_runs\stage3_backbones_repeat2_100k_20260512_093812\deep_sets_mean_max\seed23456
[deep_sets_mean_max:23456] Python: C:\Users\milke\miniconda3\envs\highway\python.exe
[deep_sets_mean_max:23456] Model directory: C:\Users\milke\groupCoursework\FYP\mean+max
[deep_sets_mean_max:23456] Config: curriculum_stage_3_mixed_traffic
[deep_sets_mean_max:23456] Training seed: 23456
[deep_sets_mean_max:23456] Eval type: full
[deep_sets_mean_max:23456] Eval action mode: actor
[deep_sets_mean_max:23456] Completed single mean+max study.
[deep_sets_mean_max:23456] Training/eval stdout: C:\Users\milke\groupCoursework\FYP\experiment_runs\stage3_backbones_repeat2_100k_20260512_093812\deep_sets_mean_max\seed23456\training_stdout.log
[deep_sets_mean_max:23456] Training summary: C:\Users\milke\groupCoursework\FYP\experiment_runs\stage3_backbones_repeat2_100k_20260512_093812\deep_sets_mean_max\seed23456\training_summary.csv
[deep_sets_mean_max:23456] Evaluation summary: C:\Users\milke\groupCoursework\FYP\experiment_runs\stage3_backbones_repeat2_100k_20260512_093812\deep_sets_mean_max\seed23456\evaluation_summary.csv
[deep_sets_mean_max:23456] Per-episode evaluation: C:\Users\milke\groupCoursework\FYP\experiment_runs\stage3_backbones_repeat2_100k_20260512_093812\deep_sets_mean_max\seed23456\evaluation_per_episode.csv

Running Self-attention (self_attention_model) | seed=12345 | timesteps=100000
Command:
$env:MODEL_SUBDIR='self_attention_model'; $env:MODEL_LABEL='self_attention'; $env:HIGHWAY_CONFIG='curriculum_stage_3_mixed_traffic'; $env:TOTAL_TIMESTEPS='100000'; $env:TRAIN_SEED='12345'; $env:EVAL_SEEDS='[1000, 1001, 1002, 1003, 1004, 1005, 1006, 1007, 1008, 1009, 1010, 1011, 1012, 1013, 1014, 1015, 1016, 1017, 1018, 1019, 1020, 1021, 1022, 1023, 1024, 1025, 1026, 1027, 1028, 1029, 1030, 1031, 1032, 1033, 1034, 1035, 1036, 1037, 1038, 1039, 1040, 1041, 1042, 1043, 1044, 1045, 1046, 1047, 1048, 1049]'; $env:EVAL_MAX_STEPS='full'; $env:EVAL_ACTION_MODE='actor'; $env:TORCH_NUM_THREADS='1'; $env:RUN_ID='stage3_backbones_repeat2_100k_20260512_093812\self_attention\seed12345'; $env:EGO_START_LANE_POLICY='random'; & 'C:\Users\milke\miniconda3\envs\highway\python.exe' 'C:\Users\milke\groupCoursework\FYP\run_meanmax_single_stage_study.py'
Log: C:\Users\milke\groupCoursework\FYP\experiment_runs\stage3_backbones_repeat2_100k_20260512_093812\self_attention_seed12345.log
[self_attention:12345] Run ID: stage3_backbones_repeat2_100k_20260512_093812\self_attention\seed12345
[self_attention:12345] Output directory: C:\Users\milke\groupCoursework\FYP\experiment_runs\stage3_backbones_repeat2_100k_20260512_093812\self_attention\seed12345
[self_attention:12345] Python: C:\Users\milke\miniconda3\envs\highway\python.exe
[self_attention:12345] Model directory: C:\Users\milke\groupCoursework\FYP\self_attention_model
[self_attention:12345] Config: curriculum_stage_3_mixed_traffic
[self_attention:12345] Training seed: 12345
[self_attention:12345] Eval type: full
[self_attention:12345] Eval action mode: actor
[self_attention:12345] Completed single mean+max study.
[self_attention:12345] Training/eval stdout: C:\Users\milke\groupCoursework\FYP\experiment_runs\stage3_backbones_repeat2_100k_20260512_093812\self_attention\seed12345\training_stdout.log
[self_attention:12345] Training summary: C:\Users\milke\groupCoursework\FYP\experiment_runs\stage3_backbones_repeat2_100k_20260512_093812\self_attention\seed12345\training_summary.csv
[self_attention:12345] Evaluation summary: C:\Users\milke\groupCoursework\FYP\experiment_runs\stage3_backbones_repeat2_100k_20260512_093812\self_attention\seed12345\evaluation_summary.csv
[self_attention:12345] Per-episode evaluation: C:\Users\milke\groupCoursework\FYP\experiment_runs\stage3_backbones_repeat2_100k_20260512_093812\self_attention\seed12345\evaluation_per_episode.csv

Running Self-attention (self_attention_model) | seed=23456 | timesteps=100000
Command:
$env:MODEL_SUBDIR='self_attention_model'; $env:MODEL_LABEL='self_attention'; $env:HIGHWAY_CONFIG='curriculum_stage_3_mixed_traffic'; $env:TOTAL_TIMESTEPS='100000'; $env:TRAIN_SEED='23456'; $env:EVAL_SEEDS='[1000, 1001, 1002, 1003, 1004, 1005, 1006, 1007, 1008, 1009, 1010, 1011, 1012, 1013, 1014, 1015, 1016, 1017, 1018, 1019, 1020, 1021, 1022, 1023, 1024, 1025, 1026, 1027, 1028, 1029, 1030, 1031, 1032, 1033, 1034, 1035, 1036, 1037, 1038, 1039, 1040, 1041, 1042, 1043, 1044, 1045, 1046, 1047, 1048, 1049]'; $env:EVAL_MAX_STEPS='full'; $env:EVAL_ACTION_MODE='actor'; $env:TORCH_NUM_THREADS='1'; $env:RUN_ID='stage3_backbones_repeat2_100k_20260512_093812\self_attention\seed23456'; $env:EGO_START_LANE_POLICY='random'; & 'C:\Users\milke\miniconda3\envs\highway\python.exe' 'C:\Users\milke\groupCoursework\FYP\run_meanmax_single_stage_study.py'
Log: C:\Users\milke\groupCoursework\FYP\experiment_runs\stage3_backbones_repeat2_100k_20260512_093812\self_attention_seed23456.log
[self_attention:23456] Run ID: stage3_backbones_repeat2_100k_20260512_093812\self_attention\seed23456
[self_attention:23456] Output directory: C:\Users\milke\groupCoursework\FYP\experiment_runs\stage3_backbones_repeat2_100k_20260512_093812\self_attention\seed23456
[self_attention:23456] Python: C:\Users\milke\miniconda3\envs\highway\python.exe
[self_attention:23456] Model directory: C:\Users\milke\groupCoursework\FYP\self_attention_model
[self_attention:23456] Config: curriculum_stage_3_mixed_traffic
[self_attention:23456] Training seed: 23456
[self_attention:23456] Eval type: full
[self_attention:23456] Eval action mode: actor
[self_attention:23456] Completed single mean+max study.
[self_attention:23456] Training/eval stdout: C:\Users\milke\groupCoursework\FYP\experiment_runs\stage3_backbones_repeat2_100k_20260512_093812\self_attention\seed23456\training_stdout.log
[self_attention:23456] Training summary: C:\Users\milke\groupCoursework\FYP\experiment_runs\stage3_backbones_repeat2_100k_20260512_093812\self_attention\seed23456\training_summary.csv
[self_attention:23456] Evaluation summary: C:\Users\milke\groupCoursework\FYP\experiment_runs\stage3_backbones_repeat2_100k_20260512_093812\self_attention\seed23456\evaluation_summary.csv
[self_attention:23456] Per-episode evaluation: C:\Users\milke\groupCoursework\FYP\experiment_runs\stage3_backbones_repeat2_100k_20260512_093812\self_attention\seed23456\evaluation_per_episode.csv

Stage 3 backbone repeat study complete.
Per-run summary: C:\Users\milke\groupCoursework\FYP\experiment_runs\stage3_backbones_repeat2_100k_20260512_093812\per_run_summary.csv
Aggregate summary for the two new repeats: C:\Users\milke\groupCoursework\FYP\experiment_runs\stage3_backbones_repeat2_100k_20260512_093812\aggregate_summary.csv
Combined per-episode evaluation for repeats: C:\Users\milke\groupCoursework\FYP\experiment_runs\stage3_backbones_repeat2_100k_20260512_093812\combined_evaluation_per_episode.csv
Per-run summary including original table: C:\Users\milke\groupCoursework\FYP\experiment_runs\stage3_backbones_repeat2_100k_20260512_093812\per_run_summary_with_original.csv
Aggregate summary including original table: C:\Users\milke\groupCoursework\FYP\experiment_runs\stage3_backbones_repeat2_100k_20260512_093812\aggregate_summary_with_original.csv
