Run ID: stage2_backbones_5x200k_20260507_200648
Output directory: C:\Users\milke\groupCoursework\FYP\experiment_runs\stage2_backbones_5x200k_20260507_200648
Python: C:\Users\milke\miniconda3\envs\highway\python.exe
Config: curriculum_stage_2_easy_overtake
Target timesteps: 200000
Train seeds: [12345, 23456, 34567, 45678, 56789]
Eval seeds: 1000..1049 (50 episodes)

Running MLP baseline (baseline1) | seed=12345 | timesteps=200000
Log: C:\Users\milke\groupCoursework\FYP\experiment_runs\stage2_backbones_5x200k_20260507_200648\mlp_baseline_seed12345.log
[mlp_baseline:12345] Run ID: stage2_backbones_5x200k_20260507_200648\mlp_baseline\seed12345
[mlp_baseline:12345] Output directory: C:\Users\milke\groupCoursework\FYP\experiment_runs\stage2_backbones_5x200k_20260507_200648\mlp_baseline\seed12345
[mlp_baseline:12345] Python: C:\Users\milke\miniconda3\envs\highway\python.exe
[mlp_baseline:12345] Model directory: C:\Users\milke\groupCoursework\FYP\baseline1
[mlp_baseline:12345] Config: curriculum_stage_2_easy_overtake
[mlp_baseline:12345] Training seed: 12345
[mlp_baseline:12345] Eval type: full
[mlp_baseline:12345] Completed single mean+max study.
[mlp_baseline:12345] Training/eval stdout: C:\Users\milke\groupCoursework\FYP\experiment_runs\stage2_backbones_5x200k_20260507_200648\mlp_baseline\seed12345\training_stdout.log
[mlp_baseline:12345] Training summary: C:\Users\milke\groupCoursework\FYP\experiment_runs\stage2_backbones_5x200k_20260507_200648\mlp_baseline\seed12345\training_summary.csv
[mlp_baseline:12345] Evaluation summary: C:\Users\milke\groupCoursework\FYP\experiment_runs\stage2_backbones_5x200k_20260507_200648\mlp_baseline\seed12345\evaluation_summary.csv
[mlp_baseline:12345] Per-episode evaluation: C:\Users\milke\groupCoursework\FYP\experiment_runs\stage2_backbones_5x200k_20260507_200648\mlp_baseline\seed12345\evaluation_per_episode.csv

Running MLP baseline (baseline1) | seed=23456 | timesteps=200000
Log: C:\Users\milke\groupCoursework\FYP\experiment_runs\stage2_backbones_5x200k_20260507_200648\mlp_baseline_seed23456.log
[mlp_baseline:23456] Run ID: stage2_backbones_5x200k_20260507_200648\mlp_baseline\seed23456
[mlp_baseline:23456] Output directory: C:\Users\milke\groupCoursework\FYP\experiment_runs\stage2_backbones_5x200k_20260507_200648\mlp_baseline\seed23456
[mlp_baseline:23456] Python: C:\Users\milke\miniconda3\envs\highway\python.exe
[mlp_baseline:23456] Model directory: C:\Users\milke\groupCoursework\FYP\baseline1
[mlp_baseline:23456] Config: curriculum_stage_2_easy_overtake
[mlp_baseline:23456] Training seed: 23456
[mlp_baseline:23456] Eval type: full
[mlp_baseline:23456] Completed single mean+max study.
[mlp_baseline:23456] Training/eval stdout: C:\Users\milke\groupCoursework\FYP\experiment_runs\stage2_backbones_5x200k_20260507_200648\mlp_baseline\seed23456\training_stdout.log
[mlp_baseline:23456] Training summary: C:\Users\milke\groupCoursework\FYP\experiment_runs\stage2_backbones_5x200k_20260507_200648\mlp_baseline\seed23456\training_summary.csv
[mlp_baseline:23456] Evaluation summary: C:\Users\milke\groupCoursework\FYP\experiment_runs\stage2_backbones_5x200k_20260507_200648\mlp_baseline\seed23456\evaluation_summary.csv
[mlp_baseline:23456] Per-episode evaluation: C:\Users\milke\groupCoursework\FYP\experiment_runs\stage2_backbones_5x200k_20260507_200648\mlp_baseline\seed23456\evaluation_per_episode.csv

Running MLP baseline (baseline1) | seed=34567 | timesteps=200000
Log: C:\Users\milke\groupCoursework\FYP\experiment_runs\stage2_backbones_5x200k_20260507_200648\mlp_baseline_seed34567.log
[mlp_baseline:34567] Run ID: stage2_backbones_5x200k_20260507_200648\mlp_baseline\seed34567
[mlp_baseline:34567] Output directory: C:\Users\milke\groupCoursework\FYP\experiment_runs\stage2_backbones_5x200k_20260507_200648\mlp_baseline\seed34567
[mlp_baseline:34567] Python: C:\Users\milke\miniconda3\envs\highway\python.exe
[mlp_baseline:34567] Model directory: C:\Users\milke\groupCoursework\FYP\baseline1
[mlp_baseline:34567] Config: curriculum_stage_2_easy_overtake
[mlp_baseline:34567] Training seed: 34567
[mlp_baseline:34567] Eval type: full
[mlp_baseline:34567] Completed single mean+max study.
[mlp_baseline:34567] Training/eval stdout: C:\Users\milke\groupCoursework\FYP\experiment_runs\stage2_backbones_5x200k_20260507_200648\mlp_baseline\seed34567\training_stdout.log
[mlp_baseline:34567] Training summary: C:\Users\milke\groupCoursework\FYP\experiment_runs\stage2_backbones_5x200k_20260507_200648\mlp_baseline\seed34567\training_summary.csv
[mlp_baseline:34567] Evaluation summary: C:\Users\milke\groupCoursework\FYP\experiment_runs\stage2_backbones_5x200k_20260507_200648\mlp_baseline\seed34567\evaluation_summary.csv
[mlp_baseline:34567] Per-episode evaluation: C:\Users\milke\groupCoursework\FYP\experiment_runs\stage2_backbones_5x200k_20260507_200648\mlp_baseline\seed34567\evaluation_per_episode.csv

Running MLP baseline (baseline1) | seed=45678 | timesteps=200000
Log: C:\Users\milke\groupCoursework\FYP\experiment_runs\stage2_backbones_5x200k_20260507_200648\mlp_baseline_seed45678.log
[mlp_baseline:45678] Run ID: stage2_backbones_5x200k_20260507_200648\mlp_baseline\seed45678
[mlp_baseline:45678] Output directory: C:\Users\milke\groupCoursework\FYP\experiment_runs\stage2_backbones_5x200k_20260507_200648\mlp_baseline\seed45678
[mlp_baseline:45678] Python: C:\Users\milke\miniconda3\envs\highway\python.exe
[mlp_baseline:45678] Model directory: C:\Users\milke\groupCoursework\FYP\baseline1
[mlp_baseline:45678] Config: curriculum_stage_2_easy_overtake
[mlp_baseline:45678] Training seed: 45678
[mlp_baseline:45678] Eval type: full
[mlp_baseline:45678] Completed single mean+max study.
[mlp_baseline:45678] Training/eval stdout: C:\Users\milke\groupCoursework\FYP\experiment_runs\stage2_backbones_5x200k_20260507_200648\mlp_baseline\seed45678\training_stdout.log
[mlp_baseline:45678] Training summary: C:\Users\milke\groupCoursework\FYP\experiment_runs\stage2_backbones_5x200k_20260507_200648\mlp_baseline\seed45678\training_summary.csv
[mlp_baseline:45678] Evaluation summary: C:\Users\milke\groupCoursework\FYP\experiment_runs\stage2_backbones_5x200k_20260507_200648\mlp_baseline\seed45678\evaluation_summary.csv
[mlp_baseline:45678] Per-episode evaluation: C:\Users\milke\groupCoursework\FYP\experiment_runs\stage2_backbones_5x200k_20260507_200648\mlp_baseline\seed45678\evaluation_per_episode.csv

Running MLP baseline (baseline1) | seed=56789 | timesteps=200000
Log: C:\Users\milke\groupCoursework\FYP\experiment_runs\stage2_backbones_5x200k_20260507_200648\mlp_baseline_seed56789.log
[mlp_baseline:56789] Run ID: stage2_backbones_5x200k_20260507_200648\mlp_baseline\seed56789
[mlp_baseline:56789] Output directory: C:\Users\milke\groupCoursework\FYP\experiment_runs\stage2_backbones_5x200k_20260507_200648\mlp_baseline\seed56789
[mlp_baseline:56789] Python: C:\Users\milke\miniconda3\envs\highway\python.exe
[mlp_baseline:56789] Model directory: C:\Users\milke\groupCoursework\FYP\baseline1
[mlp_baseline:56789] Config: curriculum_stage_2_easy_overtake
[mlp_baseline:56789] Training seed: 56789
[mlp_baseline:56789] Eval type: full
[mlp_baseline:56789] Completed single mean+max study.
[mlp_baseline:56789] Training/eval stdout: C:\Users\milke\groupCoursework\FYP\experiment_runs\stage2_backbones_5x200k_20260507_200648\mlp_baseline\seed56789\training_stdout.log
[mlp_baseline:56789] Training summary: C:\Users\milke\groupCoursework\FYP\experiment_runs\stage2_backbones_5x200k_20260507_200648\mlp_baseline\seed56789\training_summary.csv
[mlp_baseline:56789] Evaluation summary: C:\Users\milke\groupCoursework\FYP\experiment_runs\stage2_backbones_5x200k_20260507_200648\mlp_baseline\seed56789\evaluation_summary.csv
[mlp_baseline:56789] Per-episode evaluation: C:\Users\milke\groupCoursework\FYP\experiment_runs\stage2_backbones_5x200k_20260507_200648\mlp_baseline\seed56789\evaluation_per_episode.csv

Running Deep Sets mean (Deep_sets_mean_model) | seed=12345 | timesteps=200000
Log: C:\Users\milke\groupCoursework\FYP\experiment_runs\stage2_backbones_5x200k_20260507_200648\deep_sets_mean_seed12345.log
[deep_sets_mean:12345] Run ID: stage2_backbones_5x200k_20260507_200648\deep_sets_mean\seed12345
[deep_sets_mean:12345] Output directory: C:\Users\milke\groupCoursework\FYP\experiment_runs\stage2_backbones_5x200k_20260507_200648\deep_sets_mean\seed12345
[deep_sets_mean:12345] Python: C:\Users\milke\miniconda3\envs\highway\python.exe
[deep_sets_mean:12345] Model directory: C:\Users\milke\groupCoursework\FYP\Deep_sets_mean_model
[deep_sets_mean:12345] Config: curriculum_stage_2_easy_overtake
[deep_sets_mean:12345] Training seed: 12345
[deep_sets_mean:12345] Eval type: full
[deep_sets_mean:12345] Completed single mean+max study.
[deep_sets_mean:12345] Training/eval stdout: C:\Users\milke\groupCoursework\FYP\experiment_runs\stage2_backbones_5x200k_20260507_200648\deep_sets_mean\seed12345\training_stdout.log
[deep_sets_mean:12345] Training summary: C:\Users\milke\groupCoursework\FYP\experiment_runs\stage2_backbones_5x200k_20260507_200648\deep_sets_mean\seed12345\training_summary.csv
[deep_sets_mean:12345] Evaluation summary: C:\Users\milke\groupCoursework\FYP\experiment_runs\stage2_backbones_5x200k_20260507_200648\deep_sets_mean\seed12345\evaluation_summary.csv
[deep_sets_mean:12345] Per-episode evaluation: C:\Users\milke\groupCoursework\FYP\experiment_runs\stage2_backbones_5x200k_20260507_200648\deep_sets_mean\seed12345\evaluation_per_episode.csv

Running Deep Sets mean (Deep_sets_mean_model) | seed=23456 | timesteps=200000
Log: C:\Users\milke\groupCoursework\FYP\experiment_runs\stage2_backbones_5x200k_20260507_200648\deep_sets_mean_seed23456.log
