Run ID: stage3_uncertainty_penalty_lambda_sweep_2x100k_20260512_204554
Output directory: C:\Users\milke\groupCoursework\FYP\experiment_runs\stage3_uncertainty_penalty_lambda_sweep_2x100k_20260512_204554
Model: Uncertainty penalty PPO (uncertainty_penalty_PPO)
Config: curriculum_stage_3_mixed_traffic
Target timesteps: 100000
Lambda values: [0.01, 0.05]
Train seeds per lambda: [12345, 23456]
Eval seeds: 1000..1049 (50 episodes)

Running Uncertainty penalty PPO | lambda_u=0.01 | seed=12345 | timesteps=100000
Command:
$env:MODEL_SUBDIR='uncertainty_penalty_PPO'; $env:MODEL_LABEL='uncertainty_penalty_lambda_0_01'; $env:HIGHWAY_CONFIG='curriculum_stage_3_mixed_traffic'; $env:TOTAL_TIMESTEPS='100000'; $env:TRAIN_SEED='12345'; $env:LAMBDA_U='0.01'; $env:DROPOUT_P='0.1'; $env:PPO_MC_SAMPLES='5'; $env:EVAL_SEEDS='[1000, 1001, 1002, 1003, 1004, 1005, 1006, 1007, 1008, 1009, 1010, 1011, 1012, 1013, 1014, 1015, 1016, 1017, 1018, 1019, 1020, 1021, 1022, 1023, 1024, 1025, 1026, 1027, 1028, 1029, 1030, 1031, 1032, 1033, 1034, 1035, 1036, 1037, 1038, 1039, 1040, 1041, 1042, 1043, 1044, 1045, 1046, 1047, 1048, 1049]'; $env:EVAL_MAX_STEPS='full'; $env:EVAL_ACTION_MODE='actor'; $env:TORCH_NUM_THREADS='1'; $env:RUN_ID='stage3_uncertainty_penalty_lambda_sweep_2x100k_20260512_204554\lambda_0_01\seed12345'; $env:EGO_START_LANE_POLICY='random'; & 'C:\Users\milke\miniconda3\envs\highway\python.exe' 'C:\Users\milke\groupCoursework\FYP\run_meanmax_single_stage_study.py'
Log: C:\Users\milke\groupCoursework\FYP\experiment_runs\stage3_uncertainty_penalty_lambda_sweep_2x100k_20260512_204554\lambda_0_01_seed12345.log
[uncertainty_penalty_lambda_0_01:12345] Run ID: stage3_uncertainty_penalty_lambda_sweep_2x100k_20260512_204554\lambda_0_01\seed12345
[uncertainty_penalty_lambda_0_01:12345] Output directory: C:\Users\milke\groupCoursework\FYP\experiment_runs\stage3_uncertainty_penalty_lambda_sweep_2x100k_20260512_204554\lambda_0_01\seed12345
[uncertainty_penalty_lambda_0_01:12345] Python: C:\Users\milke\miniconda3\envs\highway\python.exe
[uncertainty_penalty_lambda_0_01:12345] Model directory: C:\Users\milke\groupCoursework\FYP\uncertainty_penalty_PPO
[uncertainty_penalty_lambda_0_01:12345] Config: curriculum_stage_3_mixed_traffic
[uncertainty_penalty_lambda_0_01:12345] Training seed: 12345
[uncertainty_penalty_lambda_0_01:12345] Eval type: full
[uncertainty_penalty_lambda_0_01:12345] Eval action mode: actor
[uncertainty_penalty_lambda_0_01:12345] Completed single mean+max study.
[uncertainty_penalty_lambda_0_01:12345] Training/eval stdout: C:\Users\milke\groupCoursework\FYP\experiment_runs\stage3_uncertainty_penalty_lambda_sweep_2x100k_20260512_204554\lambda_0_01\seed12345\training_stdout.log
[uncertainty_penalty_lambda_0_01:12345] Training summary: C:\Users\milke\groupCoursework\FYP\experiment_runs\stage3_uncertainty_penalty_lambda_sweep_2x100k_20260512_204554\lambda_0_01\seed12345\training_summary.csv
[uncertainty_penalty_lambda_0_01:12345] Evaluation summary: C:\Users\milke\groupCoursework\FYP\experiment_runs\stage3_uncertainty_penalty_lambda_sweep_2x100k_20260512_204554\lambda_0_01\seed12345\evaluation_summary.csv
[uncertainty_penalty_lambda_0_01:12345] Per-episode evaluation: C:\Users\milke\groupCoursework\FYP\experiment_runs\stage3_uncertainty_penalty_lambda_sweep_2x100k_20260512_204554\lambda_0_01\seed12345\evaluation_per_episode.csv

Running Uncertainty penalty PPO | lambda_u=0.01 | seed=23456 | timesteps=100000
Command:
$env:MODEL_SUBDIR='uncertainty_penalty_PPO'; $env:MODEL_LABEL='uncertainty_penalty_lambda_0_01'; $env:HIGHWAY_CONFIG='curriculum_stage_3_mixed_traffic'; $env:TOTAL_TIMESTEPS='100000'; $env:TRAIN_SEED='23456'; $env:LAMBDA_U='0.01'; $env:DROPOUT_P='0.1'; $env:PPO_MC_SAMPLES='5'; $env:EVAL_SEEDS='[1000, 1001, 1002, 1003, 1004, 1005, 1006, 1007, 1008, 1009, 1010, 1011, 1012, 1013, 1014, 1015, 1016, 1017, 1018, 1019, 1020, 1021, 1022, 1023, 1024, 1025, 1026, 1027, 1028, 1029, 1030, 1031, 1032, 1033, 1034, 1035, 1036, 1037, 1038, 1039, 1040, 1041, 1042, 1043, 1044, 1045, 1046, 1047, 1048, 1049]'; $env:EVAL_MAX_STEPS='full'; $env:EVAL_ACTION_MODE='actor'; $env:TORCH_NUM_THREADS='1'; $env:RUN_ID='stage3_uncertainty_penalty_lambda_sweep_2x100k_20260512_204554\lambda_0_01\seed23456'; $env:EGO_START_LANE_POLICY='random'; & 'C:\Users\milke\miniconda3\envs\highway\python.exe' 'C:\Users\milke\groupCoursework\FYP\run_meanmax_single_stage_study.py'
Log: C:\Users\milke\groupCoursework\FYP\experiment_runs\stage3_uncertainty_penalty_lambda_sweep_2x100k_20260512_204554\lambda_0_01_seed23456.log
[uncertainty_penalty_lambda_0_01:23456] Run ID: stage3_uncertainty_penalty_lambda_sweep_2x100k_20260512_204554\lambda_0_01\seed23456
[uncertainty_penalty_lambda_0_01:23456] Output directory: C:\Users\milke\groupCoursework\FYP\experiment_runs\stage3_uncertainty_penalty_lambda_sweep_2x100k_20260512_204554\lambda_0_01\seed23456
[uncertainty_penalty_lambda_0_01:23456] Python: C:\Users\milke\miniconda3\envs\highway\python.exe
[uncertainty_penalty_lambda_0_01:23456] Model directory: C:\Users\milke\groupCoursework\FYP\uncertainty_penalty_PPO
[uncertainty_penalty_lambda_0_01:23456] Config: curriculum_stage_3_mixed_traffic
[uncertainty_penalty_lambda_0_01:23456] Training seed: 23456
[uncertainty_penalty_lambda_0_01:23456] Eval type: full
[uncertainty_penalty_lambda_0_01:23456] Eval action mode: actor
[uncertainty_penalty_lambda_0_01:23456] Completed single mean+max study.
[uncertainty_penalty_lambda_0_01:23456] Training/eval stdout: C:\Users\milke\groupCoursework\FYP\experiment_runs\stage3_uncertainty_penalty_lambda_sweep_2x100k_20260512_204554\lambda_0_01\seed23456\training_stdout.log
[uncertainty_penalty_lambda_0_01:23456] Training summary: C:\Users\milke\groupCoursework\FYP\experiment_runs\stage3_uncertainty_penalty_lambda_sweep_2x100k_20260512_204554\lambda_0_01\seed23456\training_summary.csv
[uncertainty_penalty_lambda_0_01:23456] Evaluation summary: C:\Users\milke\groupCoursework\FYP\experiment_runs\stage3_uncertainty_penalty_lambda_sweep_2x100k_20260512_204554\lambda_0_01\seed23456\evaluation_summary.csv
[uncertainty_penalty_lambda_0_01:23456] Per-episode evaluation: C:\Users\milke\groupCoursework\FYP\experiment_runs\stage3_uncertainty_penalty_lambda_sweep_2x100k_20260512_204554\lambda_0_01\seed23456\evaluation_per_episode.csv

Running Uncertainty penalty PPO | lambda_u=0.05 | seed=12345 | timesteps=100000
Command:
$env:MODEL_SUBDIR='uncertainty_penalty_PPO'; $env:MODEL_LABEL='uncertainty_penalty_lambda_0_05'; $env:HIGHWAY_CONFIG='curriculum_stage_3_mixed_traffic'; $env:TOTAL_TIMESTEPS='100000'; $env:TRAIN_SEED='12345'; $env:LAMBDA_U='0.05'; $env:DROPOUT_P='0.1'; $env:PPO_MC_SAMPLES='5'; $env:EVAL_SEEDS='[1000, 1001, 1002, 1003, 1004, 1005, 1006, 1007, 1008, 1009, 1010, 1011, 1012, 1013, 1014, 1015, 1016, 1017, 1018, 1019, 1020, 1021, 1022, 1023, 1024, 1025, 1026, 1027, 1028, 1029, 1030, 1031, 1032, 1033, 1034, 1035, 1036, 1037, 1038, 1039, 1040, 1041, 1042, 1043, 1044, 1045, 1046, 1047, 1048, 1049]'; $env:EVAL_MAX_STEPS='full'; $env:EVAL_ACTION_MODE='actor'; $env:TORCH_NUM_THREADS='1'; $env:RUN_ID='stage3_uncertainty_penalty_lambda_sweep_2x100k_20260512_204554\lambda_0_05\seed12345'; $env:EGO_START_LANE_POLICY='random'; & 'C:\Users\milke\miniconda3\envs\highway\python.exe' 'C:\Users\milke\groupCoursework\FYP\run_meanmax_single_stage_study.py'
Log: C:\Users\milke\groupCoursework\FYP\experiment_runs\stage3_uncertainty_penalty_lambda_sweep_2x100k_20260512_204554\lambda_0_05_seed12345.log
[uncertainty_penalty_lambda_0_05:12345] Run ID: stage3_uncertainty_penalty_lambda_sweep_2x100k_20260512_204554\lambda_0_05\seed12345
[uncertainty_penalty_lambda_0_05:12345] Output directory: C:\Users\milke\groupCoursework\FYP\experiment_runs\stage3_uncertainty_penalty_lambda_sweep_2x100k_20260512_204554\lambda_0_05\seed12345
[uncertainty_penalty_lambda_0_05:12345] Python: C:\Users\milke\miniconda3\envs\highway\python.exe
[uncertainty_penalty_lambda_0_05:12345] Model directory: C:\Users\milke\groupCoursework\FYP\uncertainty_penalty_PPO
[uncertainty_penalty_lambda_0_05:12345] Config: curriculum_stage_3_mixed_traffic
[uncertainty_penalty_lambda_0_05:12345] Training seed: 12345
[uncertainty_penalty_lambda_0_05:12345] Eval type: full
[uncertainty_penalty_lambda_0_05:12345] Eval action mode: actor
[uncertainty_penalty_lambda_0_05:12345] Completed single mean+max study.
[uncertainty_penalty_lambda_0_05:12345] Training/eval stdout: C:\Users\milke\groupCoursework\FYP\experiment_runs\stage3_uncertainty_penalty_lambda_sweep_2x100k_20260512_204554\lambda_0_05\seed12345\training_stdout.log
[uncertainty_penalty_lambda_0_05:12345] Training summary: C:\Users\milke\groupCoursework\FYP\experiment_runs\stage3_uncertainty_penalty_lambda_sweep_2x100k_20260512_204554\lambda_0_05\seed12345\training_summary.csv
[uncertainty_penalty_lambda_0_05:12345] Evaluation summary: C:\Users\milke\groupCoursework\FYP\experiment_runs\stage3_uncertainty_penalty_lambda_sweep_2x100k_20260512_204554\lambda_0_05\seed12345\evaluation_summary.csv
[uncertainty_penalty_lambda_0_05:12345] Per-episode evaluation: C:\Users\milke\groupCoursework\FYP\experiment_runs\stage3_uncertainty_penalty_lambda_sweep_2x100k_20260512_204554\lambda_0_05\seed12345\evaluation_per_episode.csv

Running Uncertainty penalty PPO | lambda_u=0.05 | seed=23456 | timesteps=100000
Command:
$env:MODEL_SUBDIR='uncertainty_penalty_PPO'; $env:MODEL_LABEL='uncertainty_penalty_lambda_0_05'; $env:HIGHWAY_CONFIG='curriculum_stage_3_mixed_traffic'; $env:TOTAL_TIMESTEPS='100000'; $env:TRAIN_SEED='23456'; $env:LAMBDA_U='0.05'; $env:DROPOUT_P='0.1'; $env:PPO_MC_SAMPLES='5'; $env:EVAL_SEEDS='[1000, 1001, 1002, 1003, 1004, 1005, 1006, 1007, 1008, 1009, 1010, 1011, 1012, 1013, 1014, 1015, 1016, 1017, 1018, 1019, 1020, 1021, 1022, 1023, 1024, 1025, 1026, 1027, 1028, 1029, 1030, 1031, 1032, 1033, 1034, 1035, 1036, 1037, 1038, 1039, 1040, 1041, 1042, 1043, 1044, 1045, 1046, 1047, 1048, 1049]'; $env:EVAL_MAX_STEPS='full'; $env:EVAL_ACTION_MODE='actor'; $env:TORCH_NUM_THREADS='1'; $env:RUN_ID='stage3_uncertainty_penalty_lambda_sweep_2x100k_20260512_204554\lambda_0_05\seed23456'; $env:EGO_START_LANE_POLICY='random'; & 'C:\Users\milke\miniconda3\envs\highway\python.exe' 'C:\Users\milke\groupCoursework\FYP\run_meanmax_single_stage_study.py'
Log: C:\Users\milke\groupCoursework\FYP\experiment_runs\stage3_uncertainty_penalty_lambda_sweep_2x100k_20260512_204554\lambda_0_05_seed23456.log
[uncertainty_penalty_lambda_0_05:23456] Run ID: stage3_uncertainty_penalty_lambda_sweep_2x100k_20260512_204554\lambda_0_05\seed23456
[uncertainty_penalty_lambda_0_05:23456] Output directory: C:\Users\milke\groupCoursework\FYP\experiment_runs\stage3_uncertainty_penalty_lambda_sweep_2x100k_20260512_204554\lambda_0_05\seed23456
[uncertainty_penalty_lambda_0_05:23456] Python: C:\Users\milke\miniconda3\envs\highway\python.exe
[uncertainty_penalty_lambda_0_05:23456] Model directory: C:\Users\milke\groupCoursework\FYP\uncertainty_penalty_PPO
[uncertainty_penalty_lambda_0_05:23456] Config: curriculum_stage_3_mixed_traffic
[uncertainty_penalty_lambda_0_05:23456] Training seed: 23456
[uncertainty_penalty_lambda_0_05:23456] Eval type: full
[uncertainty_penalty_lambda_0_05:23456] Eval action mode: actor
[uncertainty_penalty_lambda_0_05:23456] Completed single mean+max study.
[uncertainty_penalty_lambda_0_05:23456] Training/eval stdout: C:\Users\milke\groupCoursework\FYP\experiment_runs\stage3_uncertainty_penalty_lambda_sweep_2x100k_20260512_204554\lambda_0_05\seed23456\training_stdout.log
[uncertainty_penalty_lambda_0_05:23456] Training summary: C:\Users\milke\groupCoursework\FYP\experiment_runs\stage3_uncertainty_penalty_lambda_sweep_2x100k_20260512_204554\lambda_0_05\seed23456\training_summary.csv
[uncertainty_penalty_lambda_0_05:23456] Evaluation summary: C:\Users\milke\groupCoursework\FYP\experiment_runs\stage3_uncertainty_penalty_lambda_sweep_2x100k_20260512_204554\lambda_0_05\seed23456\evaluation_summary.csv
[uncertainty_penalty_lambda_0_05:23456] Per-episode evaluation: C:\Users\milke\groupCoursework\FYP\experiment_runs\stage3_uncertainty_penalty_lambda_sweep_2x100k_20260512_204554\lambda_0_05\seed23456\evaluation_per_episode.csv

Stage 3 uncertainty penalty lambda sweep complete.
Per-run summary: C:\Users\milke\groupCoursework\FYP\experiment_runs\stage3_uncertainty_penalty_lambda_sweep_2x100k_20260512_204554\per_run_summary.csv
Aggregate summary: C:\Users\milke\groupCoursework\FYP\experiment_runs\stage3_uncertainty_penalty_lambda_sweep_2x100k_20260512_204554\aggregate_summary.csv
Combined per-episode evaluation: C:\Users\milke\groupCoursework\FYP\experiment_runs\stage3_uncertainty_penalty_lambda_sweep_2x100k_20260512_204554\combined_evaluation_per_episode.csv
