Run ID: uncertainty2_self_attention_highwayv0_v4_3run_100k_20260511_192540
Output directory: C:\Users\milke\groupCoursework\FYP\experiment_runs\uncertainty2_self_attention_highwayv0_v4_3run_100k_20260511_192540
Python: C:\Users\milke\miniconda3\envs\highway\python.exe
Config: highway_v0_stage_2_benchmark_v4
Target timesteps: 100000
Train seeds: [12345, 23456, 34567]
Eval seeds: 1000..1049 (50 episodes)
Models: ['uncertainty2_self_attention_threshold']
Safeguard threshold: 0.001
MC samples: 5
Resume: False

Running Uncertainty2 self-attention threshold (uncertainty_aware2_PPO_self_attention_backbone) | seed=12345 | timesteps=100000 | eval=safeguarded
Log: C:\Users\milke\groupCoursework\FYP\experiment_runs\uncertainty2_self_attention_highwayv0_v4_3run_100k_20260511_192540\uncertainty2_self_attention_threshold_seed12345.log
[uncertainty2_self_attention_threshold:12345] Run ID: uncertainty2_self_attention_highwayv0_v4_3run_100k_20260511_192540\uncertainty2_self_attention_threshold\seed12345
[uncertainty2_self_attention_threshold:12345] Output directory: C:\Users\milke\groupCoursework\FYP\experiment_runs\uncertainty2_self_attention_highwayv0_v4_3run_100k_20260511_192540\uncertainty2_self_attention_threshold\seed12345
[uncertainty2_self_attention_threshold:12345] Python: C:\Users\milke\miniconda3\envs\highway\python.exe
[uncertainty2_self_attention_threshold:12345] Model directory: C:\Users\milke\groupCoursework\FYP\uncertainty_aware2_PPO_self_attention_backbone
[uncertainty2_self_attention_threshold:12345] Env: highway-v0
[uncertainty2_self_attention_threshold:12345] Config: highway_v0_stage_2_benchmark_v4
[uncertainty2_self_attention_threshold:12345] Training seed: 12345
[uncertainty2_self_attention_threshold:12345] Eval type: full
[uncertainty2_self_attention_threshold:12345] Eval action mode: safeguarded
[uncertainty2_self_attention_threshold:12345] Safeguard threshold: 0.001
[uncertainty2_self_attention_threshold:12345] MC samples: 5
[uncertainty2_self_attention_threshold:12345] Completed highway-v0 mean+max study.
[uncertainty2_self_attention_threshold:12345] Training/eval stdout: C:\Users\milke\groupCoursework\FYP\experiment_runs\uncertainty2_self_attention_highwayv0_v4_3run_100k_20260511_192540\uncertainty2_self_attention_threshold\seed12345\training_stdout.log
[uncertainty2_self_attention_threshold:12345] Training summary: C:\Users\milke\groupCoursework\FYP\experiment_runs\uncertainty2_self_attention_highwayv0_v4_3run_100k_20260511_192540\uncertainty2_self_attention_threshold\seed12345\training_summary.csv
[uncertainty2_self_attention_threshold:12345] Evaluation summary: C:\Users\milke\groupCoursework\FYP\experiment_runs\uncertainty2_self_attention_highwayv0_v4_3run_100k_20260511_192540\uncertainty2_self_attention_threshold\seed12345\evaluation_summary.csv
[uncertainty2_self_attention_threshold:12345] Per-episode evaluation: C:\Users\milke\groupCoursework\FYP\experiment_runs\uncertainty2_self_attention_highwayv0_v4_3run_100k_20260511_192540\uncertainty2_self_attention_threshold\seed12345\evaluation_per_episode.csv

Running Uncertainty2 self-attention threshold (uncertainty_aware2_PPO_self_attention_backbone) | seed=23456 | timesteps=100000 | eval=safeguarded
Log: C:\Users\milke\groupCoursework\FYP\experiment_runs\uncertainty2_self_attention_highwayv0_v4_3run_100k_20260511_192540\uncertainty2_self_attention_threshold_seed23456.log
[uncertainty2_self_attention_threshold:23456] Run ID: uncertainty2_self_attention_highwayv0_v4_3run_100k_20260511_192540\uncertainty2_self_attention_threshold\seed23456
[uncertainty2_self_attention_threshold:23456] Output directory: C:\Users\milke\groupCoursework\FYP\experiment_runs\uncertainty2_self_attention_highwayv0_v4_3run_100k_20260511_192540\uncertainty2_self_attention_threshold\seed23456
[uncertainty2_self_attention_threshold:23456] Python: C:\Users\milke\miniconda3\envs\highway\python.exe
[uncertainty2_self_attention_threshold:23456] Model directory: C:\Users\milke\groupCoursework\FYP\uncertainty_aware2_PPO_self_attention_backbone
[uncertainty2_self_attention_threshold:23456] Env: highway-v0
[uncertainty2_self_attention_threshold:23456] Config: highway_v0_stage_2_benchmark_v4
[uncertainty2_self_attention_threshold:23456] Training seed: 23456
[uncertainty2_self_attention_threshold:23456] Eval type: full
[uncertainty2_self_attention_threshold:23456] Eval action mode: safeguarded
[uncertainty2_self_attention_threshold:23456] Safeguard threshold: 0.001
[uncertainty2_self_attention_threshold:23456] MC samples: 5
[uncertainty2_self_attention_threshold:23456] Completed highway-v0 mean+max study.
[uncertainty2_self_attention_threshold:23456] Training/eval stdout: C:\Users\milke\groupCoursework\FYP\experiment_runs\uncertainty2_self_attention_highwayv0_v4_3run_100k_20260511_192540\uncertainty2_self_attention_threshold\seed23456\training_stdout.log
[uncertainty2_self_attention_threshold:23456] Training summary: C:\Users\milke\groupCoursework\FYP\experiment_runs\uncertainty2_self_attention_highwayv0_v4_3run_100k_20260511_192540\uncertainty2_self_attention_threshold\seed23456\training_summary.csv
[uncertainty2_self_attention_threshold:23456] Evaluation summary: C:\Users\milke\groupCoursework\FYP\experiment_runs\uncertainty2_self_attention_highwayv0_v4_3run_100k_20260511_192540\uncertainty2_self_attention_threshold\seed23456\evaluation_summary.csv
[uncertainty2_self_attention_threshold:23456] Per-episode evaluation: C:\Users\milke\groupCoursework\FYP\experiment_runs\uncertainty2_self_attention_highwayv0_v4_3run_100k_20260511_192540\uncertainty2_self_attention_threshold\seed23456\evaluation_per_episode.csv

Running Uncertainty2 self-attention threshold (uncertainty_aware2_PPO_self_attention_backbone) | seed=34567 | timesteps=100000 | eval=safeguarded
Log: C:\Users\milke\groupCoursework\FYP\experiment_runs\uncertainty2_self_attention_highwayv0_v4_3run_100k_20260511_192540\uncertainty2_self_attention_threshold_seed34567.log
[uncertainty2_self_attention_threshold:34567] Run ID: uncertainty2_self_attention_highwayv0_v4_3run_100k_20260511_192540\uncertainty2_self_attention_threshold\seed34567
[uncertainty2_self_attention_threshold:34567] Output directory: C:\Users\milke\groupCoursework\FYP\experiment_runs\uncertainty2_self_attention_highwayv0_v4_3run_100k_20260511_192540\uncertainty2_self_attention_threshold\seed34567
[uncertainty2_self_attention_threshold:34567] Python: C:\Users\milke\miniconda3\envs\highway\python.exe
[uncertainty2_self_attention_threshold:34567] Model directory: C:\Users\milke\groupCoursework\FYP\uncertainty_aware2_PPO_self_attention_backbone
[uncertainty2_self_attention_threshold:34567] Env: highway-v0
[uncertainty2_self_attention_threshold:34567] Config: highway_v0_stage_2_benchmark_v4
[uncertainty2_self_attention_threshold:34567] Training seed: 34567
[uncertainty2_self_attention_threshold:34567] Eval type: full
[uncertainty2_self_attention_threshold:34567] Eval action mode: safeguarded
[uncertainty2_self_attention_threshold:34567] Safeguard threshold: 0.001
[uncertainty2_self_attention_threshold:34567] MC samples: 5
[uncertainty2_self_attention_threshold:34567] Completed highway-v0 mean+max study.
[uncertainty2_self_attention_threshold:34567] Training/eval stdout: C:\Users\milke\groupCoursework\FYP\experiment_runs\uncertainty2_self_attention_highwayv0_v4_3run_100k_20260511_192540\uncertainty2_self_attention_threshold\seed34567\training_stdout.log
[uncertainty2_self_attention_threshold:34567] Training summary: C:\Users\milke\groupCoursework\FYP\experiment_runs\uncertainty2_self_attention_highwayv0_v4_3run_100k_20260511_192540\uncertainty2_self_attention_threshold\seed34567\training_summary.csv
[uncertainty2_self_attention_threshold:34567] Evaluation summary: C:\Users\milke\groupCoursework\FYP\experiment_runs\uncertainty2_self_attention_highwayv0_v4_3run_100k_20260511_192540\uncertainty2_self_attention_threshold\seed34567\evaluation_summary.csv
[uncertainty2_self_attention_threshold:34567] Per-episode evaluation: C:\Users\milke\groupCoursework\FYP\experiment_runs\uncertainty2_self_attention_highwayv0_v4_3run_100k_20260511_192540\uncertainty2_self_attention_threshold\seed34567\evaluation_per_episode.csv

Highway-v0 v4 all-model study complete.
Per-run summary: C:\Users\milke\groupCoursework\FYP\experiment_runs\uncertainty2_self_attention_highwayv0_v4_3run_100k_20260511_192540\per_run_summary.csv
Aggregate summary: C:\Users\milke\groupCoursework\FYP\experiment_runs\uncertainty2_self_attention_highwayv0_v4_3run_100k_20260511_192540\aggregate_summary.csv
Combined per-episode evaluation: C:\Users\milke\groupCoursework\FYP\experiment_runs\uncertainty2_self_attention_highwayv0_v4_3run_100k_20260511_192540\combined_evaluation_per_episode.csv
