Env: highway-v0
Config: highway_v0_stage_2_benchmark_v4
Training seed: 12345
Target timesteps: 100000
Eval type: full
Eval action mode: safeguarded
Safeguard threshold: 0.001
MC samples: 5
Observation space: (83,)
Evaluation seeds: 1000..1049 (50 episodes)
Output directory: C:\Users\milke\groupCoursework\FYP\experiment_runs\uncertainty2_self_attention_highwayv0_v4_3run_100k_20260511_192540\uncertainty2_self_attention_threshold\seed12345
Successfully set seed to 12345
Learning... Running 300 timesteps per episode, 4096 timesteps per batch for a total of 100000 timesteps
the uncertainty penalty lambda is 0.01
C:\Users\milke\miniconda3\envs\highway\Lib\site-packages\numpy\core\fromnumeric.py:3504: RuntimeWarning: Mean of empty slice.
  return _methods._mean(a, axis=axis, dtype=dtype,
C:\Users\milke\miniconda3\envs\highway\Lib\site-packages\numpy\core\_methods.py:129: RuntimeWarning: invalid value encountered in scalar divide
  ret = ret.dtype.type(ret / rcount)

-------------------- Iteration #1 --------------------
Average Episodic Length: 11.23
Average Episodic Return: 6.883
Average Raw Episodic Return (without uncertainty penalty): 0.0
Average Loss: -0.01121
Average Critic Uncertainty: nan
Timesteps So Far: 4098
Iteration took: 159.99 secs
------------------------------------------------------


-------------------- Iteration #2 --------------------
Average Episodic Length: 13.91
Average Episodic Return: 9.332
Average Raw Episodic Return (without uncertainty penalty): 0.0
Average Loss: -0.00757
Average Critic Uncertainty: nan
Timesteps So Far: 8202
Iteration took: 148.61 secs
------------------------------------------------------


-------------------- Iteration #3 --------------------
Average Episodic Length: 20.02
Average Episodic Return: 14.993
Average Raw Episodic Return (without uncertainty penalty): 0.0
Average Loss: -0.0102
Average Critic Uncertainty: nan
Timesteps So Far: 12307
Iteration took: 142.15 secs
------------------------------------------------------


-------------------- Iteration #4 --------------------
Average Episodic Length: 22.35
Average Episodic Return: 17.262
Average Raw Episodic Return (without uncertainty penalty): 0.0
Average Loss: -0.00193
Average Critic Uncertainty: nan
Timesteps So Far: 16419
Iteration took: 137.95 secs
------------------------------------------------------


-------------------- Iteration #5 --------------------
Average Episodic Length: 24.26
Average Episodic Return: 19.026
Average Raw Episodic Return (without uncertainty penalty): 0.0
Average Loss: -0.0039
Average Critic Uncertainty: nan
Timesteps So Far: 20519
Iteration took: 137.13 secs
------------------------------------------------------


-------------------- Iteration #6 --------------------
Average Episodic Length: 26.6
Average Episodic Return: 21.117
Average Raw Episodic Return (without uncertainty penalty): 0.0
Average Loss: -0.00356
Average Critic Uncertainty: nan
Timesteps So Far: 24642
Iteration took: 151.94 secs
------------------------------------------------------


-------------------- Iteration #7 --------------------
Average Episodic Length: 30.83
Average Episodic Return: 25.048
Average Raw Episodic Return (without uncertainty penalty): 0.0
Average Loss: -0.00261
Average Critic Uncertainty: nan
Timesteps So Far: 28742
Iteration took: 153.64 secs
------------------------------------------------------


-------------------- Iteration #8 --------------------
Average Episodic Length: 33.66
Average Episodic Return: 27.61
Average Raw Episodic Return (without uncertainty penalty): 0.0
Average Loss: -0.00243
Average Critic Uncertainty: nan
Timesteps So Far: 32848
Iteration took: 143.97 secs
------------------------------------------------------


-------------------- Iteration #9 --------------------
Average Episodic Length: 36.11
Average Episodic Return: 29.97
Average Raw Episodic Return (without uncertainty penalty): 0.0
Average Loss: -0.00126
Average Critic Uncertainty: nan
Timesteps So Far: 36965
Iteration took: 137.72 secs
------------------------------------------------------


-------------------- Iteration #10 --------------------
Average Episodic Length: 38.41
Average Episodic Return: 31.877
Average Raw Episodic Return (without uncertainty penalty): 0.0
Average Loss: -0.00189
Average Critic Uncertainty: nan
Timesteps So Far: 41113
Iteration took: 139.27 secs
------------------------------------------------------


-------------------- Iteration #11 --------------------
Average Episodic Length: 41.53
Average Episodic Return: 34.775
Average Raw Episodic Return (without uncertainty penalty): 0.0
Average Loss: -0.00142
Average Critic Uncertainty: nan
Timesteps So Far: 45224
Iteration took: 136.68 secs
------------------------------------------------------


-------------------- Iteration #12 --------------------
Average Episodic Length: 42.54
Average Episodic Return: 35.83
Average Raw Episodic Return (without uncertainty penalty): 0.0
Average Loss: -0.00222
Average Critic Uncertainty: nan
Timesteps So Far: 49350
Iteration took: 138.19 secs
------------------------------------------------------


-------------------- Iteration #13 --------------------
Average Episodic Length: 44.23
Average Episodic Return: 37.377
Average Raw Episodic Return (without uncertainty penalty): 0.0
Average Loss: -0.00182
Average Critic Uncertainty: nan
Timesteps So Far: 53463
Iteration took: 138.34 secs
------------------------------------------------------


-------------------- Iteration #14 --------------------
Average Episodic Length: 42.72
Average Episodic Return: 35.993
Average Raw Episodic Return (without uncertainty penalty): 0.0
Average Loss: -0.00023
Average Critic Uncertainty: nan
Timesteps So Far: 57564
Iteration took: 140.75 secs
------------------------------------------------------


-------------------- Iteration #15 --------------------
Average Episodic Length: 48.85
Average Episodic Return: 41.462
Average Raw Episodic Return (without uncertainty penalty): 0.0
Average Loss: -0.00167
Average Critic Uncertainty: nan
Timesteps So Far: 61667
Iteration took: 139.29 secs
------------------------------------------------------


-------------------- Iteration #16 --------------------
Average Episodic Length: 50.01
Average Episodic Return: 42.806
Average Raw Episodic Return (without uncertainty penalty): 0.0
Average Loss: -0.00099
Average Critic Uncertainty: nan
Timesteps So Far: 65818
Iteration took: 158.5 secs
------------------------------------------------------


-------------------- Iteration #17 --------------------
Average Episodic Length: 46.59
Average Episodic Return: 39.632
Average Raw Episodic Return (without uncertainty penalty): 0.0
Average Loss: -0.00068
Average Critic Uncertainty: nan
Timesteps So Far: 69918
Iteration took: 163.46 secs
------------------------------------------------------


-------------------- Iteration #18 --------------------
Average Episodic Length: 48.28
Average Episodic Return: 41.244
Average Raw Episodic Return (without uncertainty penalty): 0.0
Average Loss: -0.0011
Average Critic Uncertainty: nan
Timesteps So Far: 74022
Iteration took: 142.62 secs
------------------------------------------------------


-------------------- Iteration #19 --------------------
Average Episodic Length: 52.74
Average Episodic Return: 45.966
Average Raw Episodic Return (without uncertainty penalty): 0.0
Average Loss: -0.00125
Average Critic Uncertainty: nan
Timesteps So Far: 78136
Iteration took: 139.82 secs
------------------------------------------------------


-------------------- Iteration #20 --------------------
Average Episodic Length: 54.79
Average Episodic Return: 48.085
Average Raw Episodic Return (without uncertainty penalty): 0.0
Average Loss: -0.001
Average Critic Uncertainty: nan
Timesteps So Far: 82245
Iteration took: 138.52 secs
------------------------------------------------------


-------------------- Iteration #21 --------------------
Average Episodic Length: 51.99
Average Episodic Return: 45.292
Average Raw Episodic Return (without uncertainty penalty): 0.0
Average Loss: -0.00112
Average Critic Uncertainty: nan
Timesteps So Far: 86352
Iteration took: 138.3 secs
------------------------------------------------------


-------------------- Iteration #22 --------------------
Average Episodic Length: 58.29
Average Episodic Return: 51.267
Average Raw Episodic Return (without uncertainty penalty): 0.0
Average Loss: -0.00076
Average Critic Uncertainty: nan
Timesteps So Far: 90549
Iteration took: 141.87 secs
------------------------------------------------------


-------------------- Iteration #23 --------------------
Average Episodic Length: 61.19
Average Episodic Return: 53.834
Average Raw Episodic Return (without uncertainty penalty): 0.0
Average Loss: -0.00097
Average Critic Uncertainty: nan
Timesteps So Far: 94649
Iteration took: 143.07 secs
------------------------------------------------------


-------------------- Iteration #24 --------------------
Average Episodic Length: 64.2
Average Episodic Return: 56.816
Average Raw Episodic Return (without uncertainty penalty): 0.0
Average Loss: -0.00044
Average Critic Uncertainty: nan
Timesteps So Far: 98758
Iteration took: 138.74 secs
------------------------------------------------------


-------------------- Iteration #25 --------------------
Average Episodic Length: 61.21
Average Episodic Return: 53.765
Average Raw Episodic Return (without uncertainty penalty): 0.0
Average Loss: -0.00117
Average Critic Uncertainty: nan
Timesteps So Far: 102859
Iteration took: 137.31 secs
------------------------------------------------------

Training CSV: C:\Users\milke\groupCoursework\FYP\experiment_runs\uncertainty2_self_attention_highwayv0_v4_3run_100k_20260511_192540\uncertainty2_self_attention_threshold\seed12345\training_log.csv
Training summary CSV: C:\Users\milke\groupCoursework\FYP\experiment_runs\uncertainty2_self_attention_highwayv0_v4_3run_100k_20260511_192540\uncertainty2_self_attention_threshold\seed12345\training_summary.csv
Evaluation per-episode CSV: C:\Users\milke\groupCoursework\FYP\experiment_runs\uncertainty2_self_attention_highwayv0_v4_3run_100k_20260511_192540\uncertainty2_self_attention_threshold\seed12345\evaluation_per_episode.csv
Evaluation summary CSV: C:\Users\milke\groupCoursework\FYP\experiment_runs\uncertainty2_self_attention_highwayv0_v4_3run_100k_20260511_192540\uncertainty2_self_attention_threshold\seed12345\evaluation_summary.csv
Actor checkpoint: C:\Users\milke\groupCoursework\FYP\experiment_runs\uncertainty2_self_attention_highwayv0_v4_3run_100k_20260511_192540\uncertainty2_self_attention_threshold\seed12345\checkpoint_actor.pth
Critic checkpoint: C:\Users\milke\groupCoursework\FYP\experiment_runs\uncertainty2_self_attention_highwayv0_v4_3run_100k_20260511_192540\uncertainty2_self_attention_threshold\seed12345\checkpoint_critic.pth
