Env: highway-v0
Config: highway_v0_stage_2_benchmark_v4
Training seed: 12345
Target timesteps: 200000
Eval type: full
Eval action mode: actor
Observation space: (83,)
Evaluation seeds: 1000..1049 (50 episodes)
Output directory: C:\Users\milke\groupCoursework\FYP\experiment_runs\highwayv0_v4_backbones_3models_5x200k_20260511_173917\mlp_baseline\seed12345
Successfully set seed to 12345
Learning... Running 300 timesteps per episode, 4096 timesteps per batch for a total of 200000 timesteps

-------------------- Iteration #1 --------------------
Average Episodic Length: 14.75
Average Episodic Return: 9.9
Average Loss: -0.00386
Timesteps So Far: 4116
Iteration took: 128.59 secs
------------------------------------------------------


-------------------- Iteration #2 --------------------
Average Episodic Length: 15.91
Average Episodic Return: 10.9
Average Loss: -0.00371
Timesteps So Far: 8222
Iteration took: 122.45 secs
------------------------------------------------------


-------------------- Iteration #3 --------------------
Average Episodic Length: 16.77
Average Episodic Return: 11.65
Average Loss: -0.00306
Timesteps So Far: 12330
Iteration took: 131.12 secs
------------------------------------------------------

