Learning... Running 300 timesteps per episode, 4096 timesteps per batch for a total of 100000 timesteps
the uncertainty penalty lambda is 0.01

-------------------- Iteration #1 --------------------
Average Episodic Length: 23.52
Average Episodic Return: 15.117
Average Raw Episodic Return (without uncertainty penalty): 15.202
Average Loss: -0.00291
Average Critic Uncertainty: 0.00051
Timesteps So Far: 4116
Iteration took: 98.96 secs
------------------------------------------------------


-------------------- Iteration #2 --------------------
Average Episodic Length: 26.28
Average Episodic Return: 17.231
Average Raw Episodic Return (without uncertainty penalty): 17.328
Average Loss: -0.00052
Average Critic Uncertainty: 0.00053
Timesteps So Far: 8216
Iteration took: 97.83 secs
------------------------------------------------------


-------------------- Iteration #3 --------------------
Average Episodic Length: 23.64
Average Episodic Return: 15.291
Average Raw Episodic Return (without uncertainty penalty): 15.371
Average Loss: -0.0005
Average Critic Uncertainty: 0.00056
Timesteps So Far: 12329
Iteration took: 98.38 secs
------------------------------------------------------


-------------------- Iteration #4 --------------------
Average Episodic Length: 25.33
Average Episodic Return: 16.606
Average Raw Episodic Return (without uncertainty penalty): 16.697
Average Loss: -0.00103
Average Critic Uncertainty: 0.00059
Timesteps So Far: 16433
Iteration took: 99.0 secs
------------------------------------------------------


-------------------- Iteration #5 --------------------
Average Episodic Length: 26.46
Average Episodic Return: 17.205
Average Raw Episodic Return (without uncertainty penalty): 17.304
Average Loss: -0.00058
Average Critic Uncertainty: 0.00063
Timesteps So Far: 20534
Iteration took: 98.48 secs
------------------------------------------------------


-------------------- Iteration #6 --------------------
Average Episodic Length: 26.54
Average Episodic Return: 17.394
Average Raw Episodic Return (without uncertainty penalty): 17.499
Average Loss: -0.00047
Average Critic Uncertainty: 0.00064
Timesteps So Far: 24648
Iteration took: 98.86 secs
------------------------------------------------------


-------------------- Iteration #7 --------------------
Average Episodic Length: 26.01
Average Episodic Return: 17.104
Average Raw Episodic Return (without uncertainty penalty): 17.197
Average Loss: -0.00083
Average Critic Uncertainty: 0.00072
Timesteps So Far: 28757
Iteration took: 98.82 secs
------------------------------------------------------


-------------------- Iteration #8 --------------------
Average Episodic Length: 28.33
Average Episodic Return: 18.885
Average Raw Episodic Return (without uncertainty penalty): 18.984
Average Loss: -0.00094
Average Critic Uncertainty: 0.00077
Timesteps So Far: 32893
Iteration took: 100.34 secs
------------------------------------------------------


-------------------- Iteration #9 --------------------
Average Episodic Length: 30.4
Average Episodic Return: 20.935
Average Raw Episodic Return (without uncertainty penalty): 21.043
Average Loss: -0.00035
Average Critic Uncertainty: 0.00082
Timesteps So Far: 37027
Iteration took: 101.67 secs
------------------------------------------------------


-------------------- Iteration #10 --------------------
Average Episodic Length: 25.31
Average Episodic Return: 16.437
Average Raw Episodic Return (without uncertainty penalty): 16.531
Average Loss: -0.00076
Average Critic Uncertainty: 0.00089
Timesteps So Far: 41128
Iteration took: 105.87 secs
------------------------------------------------------


-------------------- Iteration #11 --------------------
Average Episodic Length: 29.29
Average Episodic Return: 19.317
Average Raw Episodic Return (without uncertainty penalty): 19.423
Average Loss: -0.0011
Average Critic Uncertainty: 0.00095
Timesteps So Far: 45229
Iteration took: 102.24 secs
------------------------------------------------------


-------------------- Iteration #12 --------------------
Average Episodic Length: 31.33
Average Episodic Return: 21.432
Average Raw Episodic Return (without uncertainty penalty): 21.546
Average Loss: -0.00045
Average Critic Uncertainty: 0.00103
Timesteps So Far: 49333
Iteration took: 98.42 secs
------------------------------------------------------


-------------------- Iteration #13 --------------------
Average Episodic Length: 31.73
Average Episodic Return: 21.409
Average Raw Episodic Return (without uncertainty penalty): 21.524
Average Loss: -0.00048
Average Critic Uncertainty: 0.0011
Timesteps So Far: 53458
Iteration took: 130.43 secs
------------------------------------------------------


-------------------- Iteration #14 --------------------
Average Episodic Length: 33.43
Average Episodic Return: 22.436
Average Raw Episodic Return (without uncertainty penalty): 22.549
Average Loss: -0.00111
Average Critic Uncertainty: 0.0012
Timesteps So Far: 57570
Iteration took: 141.16 secs
------------------------------------------------------


-------------------- Iteration #15 --------------------
Average Episodic Length: 31.32
Average Episodic Return: 21.043
Average Raw Episodic Return (without uncertainty penalty): 21.16
Average Loss: -0.00085
Average Critic Uncertainty: 0.00126
Timesteps So Far: 61704
Iteration took: 126.48 secs
------------------------------------------------------


-------------------- Iteration #16 --------------------
Average Episodic Length: 30.38
Average Episodic Return: 20.047
Average Raw Episodic Return (without uncertainty penalty): 20.161
Average Loss: -0.00032
Average Critic Uncertainty: 0.00139
Timesteps So Far: 65805
Iteration took: 105.47 secs
------------------------------------------------------


-------------------- Iteration #17 --------------------
Average Episodic Length: 33.29
Average Episodic Return: 22.673
Average Raw Episodic Return (without uncertainty penalty): 22.793
Average Loss: -0.00081
Average Critic Uncertainty: 0.00152
Timesteps So Far: 69933
Iteration took: 98.98 secs
------------------------------------------------------


-------------------- Iteration #18 --------------------
Average Episodic Length: 32.82
Average Episodic Return: 22.198
Average Raw Episodic Return (without uncertainty penalty): 22.318
Average Loss: -0.00132
Average Critic Uncertainty: 0.00161
Timesteps So Far: 74068
Iteration took: 100.01 secs
------------------------------------------------------


-------------------- Iteration #19 --------------------
Average Episodic Length: 34.83
Average Episodic Return: 23.571
Average Raw Episodic Return (without uncertainty penalty): 23.704
Average Loss: 0.00015
Average Critic Uncertainty: 0.0017
Timesteps So Far: 78178
Iteration took: 103.35 secs
------------------------------------------------------


-------------------- Iteration #20 --------------------
Average Episodic Length: 36.32
Average Episodic Return: 24.68
Average Raw Episodic Return (without uncertainty penalty): 24.806
Average Loss: -0.00144
Average Critic Uncertainty: 0.00184
Timesteps So Far: 82282
Iteration took: 97.91 secs
------------------------------------------------------


-------------------- Iteration #21 --------------------
Average Episodic Length: 34.5
Average Episodic Return: 23.318
Average Raw Episodic Return (without uncertainty penalty): 23.44
Average Loss: -0.00079
Average Critic Uncertainty: 0.002
Timesteps So Far: 86388
Iteration took: 98.25 secs
------------------------------------------------------


-------------------- Iteration #22 --------------------
Average Episodic Length: 37.82
Average Episodic Return: 26.085
Average Raw Episodic Return (without uncertainty penalty): 26.22
Average Loss: 0.00023
Average Critic Uncertainty: 0.00218
Timesteps So Far: 90510
Iteration took: 89.95 secs
------------------------------------------------------


-------------------- Iteration #23 --------------------
Average Episodic Length: 37.18
Average Episodic Return: 25.526
Average Raw Episodic Return (without uncertainty penalty): 25.661
Average Loss: -0.00038
Average Critic Uncertainty: 0.0024
Timesteps So Far: 94637
Iteration took: 92.27 secs
------------------------------------------------------


-------------------- Iteration #24 --------------------
Average Episodic Length: 37.64
Average Episodic Return: 25.303
Average Raw Episodic Return (without uncertainty penalty): 25.43
Average Loss: -9e-05
Average Critic Uncertainty: 0.00257
Timesteps So Far: 98777
Iteration took: 99.44 secs
------------------------------------------------------


-------------------- Iteration #25 --------------------
Average Episodic Length: 40.1
Average Episodic Return: 27.97
Average Raw Episodic Return (without uncertainty penalty): 28.109
Average Loss: -0.00048
Average Critic Uncertainty: 0.00281
Timesteps So Far: 102907
Iteration took: 99.41 secs
------------------------------------------------------

{"model": "uncertainty_aware_lambda_0.01", "config_name": "curriculum_stage_3_mixed_traffic", "total_timesteps": 100000, "train_seed": 23456, "eval_episodes": 50, "avg_episodic_return": 68.95923891359811, "avg_episodic_length": 93.62, "collision_rate": 0.92, "training_csv": "C:\\Users\\milke\\groupCoursework\\FYP\\experiment_runs\\meanmax_vs_uncertainty_3seeds_20260430_173848_seed23456\\uncertainty_aware_lambda_0.01\\uncertainty_aware_lambda_0.01_training.csv", "per_episode_csv": "C:\\Users\\milke\\groupCoursework\\FYP\\experiment_runs\\meanmax_vs_uncertainty_3seeds_20260430_173848_seed23456\\uncertainty_aware_lambda_0.01\\uncertainty_aware_lambda_0.01_per_episode.csv", "actor_path": "C:\\Users\\milke\\groupCoursework\\FYP\\experiment_runs\\meanmax_vs_uncertainty_3seeds_20260430_173848_seed23456\\uncertainty_aware_lambda_0.01\\uncertainty_aware_lambda_0.01_actor.pth", "critic_path": "C:\\Users\\milke\\groupCoursework\\FYP\\experiment_runs\\meanmax_vs_uncertainty_3seeds_20260430_173848_seed23456\\uncertainty_aware_lambda_0.01\\uncertainty_aware_lambda_0.01_critic.pth"}
