Env: highway-v0
Config: highway_v0_stage_2_benchmark_v4
Training seed: 34567
Target timesteps: 100000
Eval type: full
Eval action mode: safeguarded
Safeguard threshold: 0.001
MC samples: 5
Observation space: (83,)
Evaluation seeds: 1000..1049 (50 episodes)
Output directory: C:\Users\milke\groupCoursework\FYP\experiment_runs\uncertainty2_self_attention_highwayv0_v4_3run_100k_20260511_192540\uncertainty2_self_attention_threshold\seed34567
Successfully set seed to 34567
Learning... Running 300 timesteps per episode, 4096 timesteps per batch for a total of 100000 timesteps
the uncertainty penalty lambda is 0.01
C:\Users\milke\miniconda3\envs\highway\Lib\site-packages\numpy\core\fromnumeric.py:3504: RuntimeWarning: Mean of empty slice.
  return _methods._mean(a, axis=axis, dtype=dtype,
C:\Users\milke\miniconda3\envs\highway\Lib\site-packages\numpy\core\_methods.py:129: RuntimeWarning: invalid value encountered in scalar divide
  ret = ret.dtype.type(ret / rcount)

-------------------- Iteration #1 --------------------
Average Episodic Length: 12.12
Average Episodic Return: 7.56
Average Raw Episodic Return (without uncertainty penalty): 0.0
Average Loss: -0.01036
Average Critic Uncertainty: nan
Timesteps So Far: 4097
Iteration took: 135.31 secs
------------------------------------------------------


-------------------- Iteration #2 --------------------
Average Episodic Length: 13.41
Average Episodic Return: 8.699
Average Raw Episodic Return (without uncertainty penalty): 0.0
Average Loss: -0.01164
Average Critic Uncertainty: nan
Timesteps So Far: 8199
Iteration took: 133.37 secs
------------------------------------------------------


-------------------- Iteration #3 --------------------
Average Episodic Length: 20.17
Average Episodic Return: 14.574
Average Raw Episodic Return (without uncertainty penalty): 0.0
Average Loss: -0.01243
Average Critic Uncertainty: nan
Timesteps So Far: 12314
Iteration took: 133.19 secs
------------------------------------------------------


-------------------- Iteration #4 --------------------
Average Episodic Length: 36.55
Average Episodic Return: 28.753
Average Raw Episodic Return (without uncertainty penalty): 0.0
Average Loss: -0.00487
Average Critic Uncertainty: nan
Timesteps So Far: 16444
Iteration took: 139.53 secs
------------------------------------------------------


-------------------- Iteration #5 --------------------
Average Episodic Length: 41.49
Average Episodic Return: 32.821
Average Raw Episodic Return (without uncertainty penalty): 0.0
Average Loss: -0.00042
Average Critic Uncertainty: nan
Timesteps So Far: 20552
Iteration took: 135.27 secs
------------------------------------------------------


-------------------- Iteration #6 --------------------
Average Episodic Length: 63.18
Average Episodic Return: 51.162
Average Raw Episodic Return (without uncertainty penalty): 0.0
Average Loss: -0.00321
Average Critic Uncertainty: nan
Timesteps So Far: 24659
Iteration took: 134.85 secs
------------------------------------------------------


-------------------- Iteration #7 --------------------
Average Episodic Length: 50.67
Average Episodic Return: 41.064
Average Raw Episodic Return (without uncertainty penalty): 0.0
Average Loss: -0.00016
Average Critic Uncertainty: nan
Timesteps So Far: 28763
Iteration took: 135.91 secs
------------------------------------------------------


-------------------- Iteration #8 --------------------
Average Episodic Length: 50.77
Average Episodic Return: 41.163
Average Raw Episodic Return (without uncertainty penalty): 0.0
Average Loss: -0.00274
Average Critic Uncertainty: nan
Timesteps So Far: 32875
Iteration took: 134.11 secs
------------------------------------------------------


-------------------- Iteration #9 --------------------
Average Episodic Length: 72.04
Average Episodic Return: 59.072
Average Raw Episodic Return (without uncertainty penalty): 0.0
Average Loss: -0.00141
Average Critic Uncertainty: nan
Timesteps So Far: 36981
Iteration took: 133.89 secs
------------------------------------------------------


-------------------- Iteration #10 --------------------
Average Episodic Length: 56.14
Average Episodic Return: 45.754
Average Raw Episodic Return (without uncertainty penalty): 0.0
Average Loss: -0.00144
Average Critic Uncertainty: nan
Timesteps So Far: 41079
Iteration took: 131.16 secs
------------------------------------------------------


-------------------- Iteration #11 --------------------
Average Episodic Length: 60.52
Average Episodic Return: 49.408
Average Raw Episodic Return (without uncertainty penalty): 0.0
Average Loss: -0.00186
Average Critic Uncertainty: nan
Timesteps So Far: 45255
Iteration took: 129.85 secs
------------------------------------------------------


-------------------- Iteration #12 --------------------
Average Episodic Length: 71.45
Average Episodic Return: 59.095
Average Raw Episodic Return (without uncertainty penalty): 0.0
Average Loss: -0.00128
Average Critic Uncertainty: nan
Timesteps So Far: 49399
Iteration took: 128.59 secs
------------------------------------------------------


-------------------- Iteration #13 --------------------
Average Episodic Length: 81.56
Average Episodic Return: 67.129
Average Raw Episodic Return (without uncertainty penalty): 0.0
Average Loss: -0.00182
Average Critic Uncertainty: nan
Timesteps So Far: 53640
Iteration took: 131.89 secs
------------------------------------------------------


-------------------- Iteration #14 --------------------
Average Episodic Length: 94.89
Average Episodic Return: 77.962
Average Raw Episodic Return (without uncertainty penalty): 0.0
Average Loss: -0.0022
Average Critic Uncertainty: nan
Timesteps So Far: 57815
Iteration took: 132.56 secs
------------------------------------------------------


-------------------- Iteration #15 --------------------
Average Episodic Length: 121.21
Average Episodic Return: 99.717
Average Raw Episodic Return (without uncertainty penalty): 0.0
Average Loss: -0.00122
Average Critic Uncertainty: nan
Timesteps So Far: 61936
Iteration took: 129.84 secs
------------------------------------------------------


-------------------- Iteration #16 --------------------
Average Episodic Length: 135.35
Average Episodic Return: 111.569
Average Raw Episodic Return (without uncertainty penalty): 0.0
Average Loss: -0.00132
Average Critic Uncertainty: nan
Timesteps So Far: 66132
Iteration took: 132.49 secs
------------------------------------------------------


-------------------- Iteration #17 --------------------
Average Episodic Length: 175.33
Average Episodic Return: 145.154
Average Raw Episodic Return (without uncertainty penalty): 0.0
Average Loss: -0.00053
Average Critic Uncertainty: nan
Timesteps So Far: 70340
Iteration took: 146.35 secs
------------------------------------------------------


-------------------- Iteration #18 --------------------
Average Episodic Length: 168.62
Average Episodic Return: 139.934
Average Raw Episodic Return (without uncertainty penalty): 0.0
Average Loss: -0.00169
Average Critic Uncertainty: nan
Timesteps So Far: 74724
Iteration took: 141.47 secs
------------------------------------------------------


-------------------- Iteration #19 --------------------
Average Episodic Length: 165.12
Average Episodic Return: 136.89
Average Raw Episodic Return (without uncertainty penalty): 0.0
Average Loss: -0.00074
Average Critic Uncertainty: nan
Timesteps So Far: 78852
Iteration took: 132.57 secs
------------------------------------------------------


-------------------- Iteration #20 --------------------
Average Episodic Length: 175.42
Average Episodic Return: 145.577
Average Raw Episodic Return (without uncertainty penalty): 0.0
Average Loss: -0.00034
Average Critic Uncertainty: nan
Timesteps So Far: 83062
Iteration took: 132.09 secs
------------------------------------------------------


-------------------- Iteration #21 --------------------
Average Episodic Length: 165.08
Average Episodic Return: 137.049
Average Raw Episodic Return (without uncertainty penalty): 0.0
Average Loss: -0.00036
Average Critic Uncertainty: nan
Timesteps So Far: 87189
Iteration took: 130.79 secs
------------------------------------------------------


-------------------- Iteration #22 --------------------
Average Episodic Length: 227.83
Average Episodic Return: 189.781
Average Raw Episodic Return (without uncertainty penalty): 0.0
Average Loss: -0.0009
Average Critic Uncertainty: nan
Timesteps So Far: 91290
Iteration took: 128.84 secs
------------------------------------------------------


-------------------- Iteration #23 --------------------
Average Episodic Length: 221.58
Average Episodic Return: 184.403
Average Raw Episodic Return (without uncertainty penalty): 0.0
Average Loss: -0.00044
Average Critic Uncertainty: nan
Timesteps So Far: 95500
Iteration took: 147.76 secs
------------------------------------------------------


-------------------- Iteration #24 --------------------
Average Episodic Length: 214.2
Average Episodic Return: 178.243
Average Raw Episodic Return (without uncertainty penalty): 0.0
Average Loss: -0.0004
Average Critic Uncertainty: nan
Timesteps So Far: 99784
Iteration took: 140.41 secs
------------------------------------------------------


-------------------- Iteration #25 --------------------
Average Episodic Length: 277.8
Average Episodic Return: 231.744
Average Raw Episodic Return (without uncertainty penalty): 0.0
Average Loss: 9e-05
Average Critic Uncertainty: nan
Timesteps So Far: 103951
Iteration took: 132.06 secs
------------------------------------------------------

Training CSV: C:\Users\milke\groupCoursework\FYP\experiment_runs\uncertainty2_self_attention_highwayv0_v4_3run_100k_20260511_192540\uncertainty2_self_attention_threshold\seed34567\training_log.csv
Training summary CSV: C:\Users\milke\groupCoursework\FYP\experiment_runs\uncertainty2_self_attention_highwayv0_v4_3run_100k_20260511_192540\uncertainty2_self_attention_threshold\seed34567\training_summary.csv
Evaluation per-episode CSV: C:\Users\milke\groupCoursework\FYP\experiment_runs\uncertainty2_self_attention_highwayv0_v4_3run_100k_20260511_192540\uncertainty2_self_attention_threshold\seed34567\evaluation_per_episode.csv
Evaluation summary CSV: C:\Users\milke\groupCoursework\FYP\experiment_runs\uncertainty2_self_attention_highwayv0_v4_3run_100k_20260511_192540\uncertainty2_self_attention_threshold\seed34567\evaluation_summary.csv
Actor checkpoint: C:\Users\milke\groupCoursework\FYP\experiment_runs\uncertainty2_self_attention_highwayv0_v4_3run_100k_20260511_192540\uncertainty2_self_attention_threshold\seed34567\checkpoint_actor.pth
Critic checkpoint: C:\Users\milke\groupCoursework\FYP\experiment_runs\uncertainty2_self_attention_highwayv0_v4_3run_100k_20260511_192540\uncertainty2_self_attention_threshold\seed34567\checkpoint_critic.pth
