COMMAND:
$env:MODEL_SUBDIR='uncertainty_aware_mean+max_backbone'; $env:MODEL_LABEL='uncertainty_meanmax_threshold'; $env:HIGHWAY_CONFIG='curriculum_stage_3_mixed_traffic'; $env:TOTAL_TIMESTEPS='100000'; $env:TRAIN_SEED='56789'; $env:EVAL_SEEDS='[1000, 1001, 1002, 1003, 1004, 1005, 1006, 1007, 1008, 1009, 1010, 1011, 1012, 1013, 1014, 1015, 1016, 1017, 1018, 1019, 1020, 1021, 1022, 1023, 1024, 1025, 1026, 1027, 1028, 1029, 1030, 1031, 1032, 1033, 1034, 1035, 1036, 1037, 1038, 1039, 1040, 1041, 1042, 1043, 1044, 1045, 1046, 1047, 1048, 1049]'; $env:EVAL_MAX_STEPS='full'; $env:EVAL_ACTION_MODE='safeguarded'; $env:SAFEGUARD_THRESHOLD='0.0005'; $env:MC_SAMPLES='5'; $env:TORCH_NUM_THREADS='1'; $env:RUN_ID='stage3_uncertainty_meanmax_threshold_extend2_100k_20260512_162928\seed56789'; $env:EGO_START_LANE_POLICY='random'; & 'C:\Users\milke\miniconda3\envs\highway\python.exe' 'C:\Users\milke\groupCoursework\FYP\run_meanmax_single_stage_study.py'

Training seed: 56789
Config: curriculum_stage_3_mixed_traffic
Target timesteps: 100000
Eval type: full
Eval action mode: safeguarded
Safeguard threshold: 0.0005
MC samples: 5
Evaluation seeds: 1000..1049 (50 episodes)
Output directory: C:\Users\milke\groupCoursework\FYP\experiment_runs\stage3_uncertainty_meanmax_threshold_extend2_100k_20260512_162928\seed56789
Successfully set seed to 56789
Learning... Running 300 timesteps per episode, 4096 timesteps per batch for a total of 100000 timesteps
the uncertainty penalty lambda is 0.01
C:\Users\milke\miniconda3\envs\highway\Lib\site-packages\numpy\core\fromnumeric.py:3504: RuntimeWarning: Mean of empty slice.
  return _methods._mean(a, axis=axis, dtype=dtype,
C:\Users\milke\miniconda3\envs\highway\Lib\site-packages\numpy\core\_methods.py:129: RuntimeWarning: invalid value encountered in scalar divide
  ret = ret.dtype.type(ret / rcount)

-------------------- Iteration #1 --------------------
Average Episodic Length: 25.5
Average Episodic Return: 16.364
Average Raw Episodic Return (without uncertainty penalty): 0.0
Average Loss: -0.00178
Average Critic Uncertainty: nan
Timesteps So Far: 4105
Iteration took: 70.98 secs
------------------------------------------------------


-------------------- Iteration #2 --------------------
Average Episodic Length: 24.25
Average Episodic Return: 15.803
Average Raw Episodic Return (without uncertainty penalty): 0.0
Average Loss: -0.00046
Average Critic Uncertainty: nan
Timesteps So Far: 8203
Iteration took: 69.78 secs
------------------------------------------------------


-------------------- Iteration #3 --------------------
Average Episodic Length: 25.1
Average Episodic Return: 16.433
Average Raw Episodic Return (without uncertainty penalty): 0.0
Average Loss: -0.00089
Average Critic Uncertainty: nan
Timesteps So Far: 12320
Iteration took: 67.16 secs
------------------------------------------------------


-------------------- Iteration #4 --------------------
Average Episodic Length: 25.69
Average Episodic Return: 16.556
Average Raw Episodic Return (without uncertainty penalty): 0.0
Average Loss: -0.00099
Average Critic Uncertainty: nan
Timesteps So Far: 16430
Iteration took: 69.23 secs
------------------------------------------------------


-------------------- Iteration #5 --------------------
Average Episodic Length: 24.53
Average Episodic Return: 15.711
Average Raw Episodic Return (without uncertainty penalty): 0.0
Average Loss: -0.00073
Average Critic Uncertainty: nan
Timesteps So Far: 20526
Iteration took: 74.26 secs
------------------------------------------------------


-------------------- Iteration #6 --------------------
Average Episodic Length: 27.44
Average Episodic Return: 18.341
Average Raw Episodic Return (without uncertainty penalty): 0.0
Average Loss: -0.00057
Average Critic Uncertainty: nan
Timesteps So Far: 24642
Iteration took: 73.49 secs
------------------------------------------------------


-------------------- Iteration #7 --------------------
Average Episodic Length: 26.59
Average Episodic Return: 17.4
Average Raw Episodic Return (without uncertainty penalty): 0.0
Average Loss: -0.00084
Average Critic Uncertainty: nan
Timesteps So Far: 28763
Iteration took: 77.02 secs
------------------------------------------------------


-------------------- Iteration #8 --------------------
Average Episodic Length: 27.25
Average Episodic Return: 18.217
Average Raw Episodic Return (without uncertainty penalty): 0.0
Average Loss: -0.00051
Average Critic Uncertainty: nan
Timesteps So Far: 32877
Iteration took: 78.94 secs
------------------------------------------------------


-------------------- Iteration #9 --------------------
Average Episodic Length: 26.72
Average Episodic Return: 17.496
Average Raw Episodic Return (without uncertainty penalty): 0.0
Average Loss: -0.00064
Average Critic Uncertainty: nan
Timesteps So Far: 36992
Iteration took: 76.71 secs
------------------------------------------------------


-------------------- Iteration #10 --------------------
Average Episodic Length: 31.36
Average Episodic Return: 21.315
Average Raw Episodic Return (without uncertainty penalty): 0.0
Average Loss: -0.00042
Average Critic Uncertainty: nan
Timesteps So Far: 41100
Iteration took: 76.38 secs
------------------------------------------------------


-------------------- Iteration #11 --------------------
Average Episodic Length: 27.66
Average Episodic Return: 18.649
Average Raw Episodic Return (without uncertainty penalty): 0.0
Average Loss: -0.00132
Average Critic Uncertainty: nan
Timesteps So Far: 45221
Iteration took: 76.28 secs
------------------------------------------------------


-------------------- Iteration #12 --------------------
Average Episodic Length: 31.43
Average Episodic Return: 21.913
Average Raw Episodic Return (without uncertainty penalty): 0.0
Average Loss: -0.0004
Average Critic Uncertainty: nan
Timesteps So Far: 49338
Iteration took: 76.27 secs
------------------------------------------------------


-------------------- Iteration #13 --------------------
Average Episodic Length: 33.53
Average Episodic Return: 23.388
Average Raw Episodic Return (without uncertainty penalty): 0.0
Average Loss: -0.00039
Average Critic Uncertainty: nan
Timesteps So Far: 53462
Iteration took: 76.93 secs
------------------------------------------------------


-------------------- Iteration #14 --------------------
Average Episodic Length: 32.55
Average Episodic Return: 21.966
Average Raw Episodic Return (without uncertainty penalty): 0.0
Average Loss: -0.00045
Average Critic Uncertainty: nan
Timesteps So Far: 57596
Iteration took: 76.01 secs
------------------------------------------------------


-------------------- Iteration #15 --------------------
Average Episodic Length: 30.47
Average Episodic Return: 20.638
Average Raw Episodic Return (without uncertainty penalty): 0.0
Average Loss: -0.00111
Average Critic Uncertainty: nan
Timesteps So Far: 61710
Iteration took: 76.75 secs
------------------------------------------------------


-------------------- Iteration #16 --------------------
Average Episodic Length: 30.33
Average Episodic Return: 20.71
Average Raw Episodic Return (without uncertainty penalty): 0.0
Average Loss: -0.00068
Average Critic Uncertainty: nan
Timesteps So Far: 65835
Iteration took: 71.74 secs
------------------------------------------------------


-------------------- Iteration #17 --------------------
Average Episodic Length: 35.27
Average Episodic Return: 24.506
Average Raw Episodic Return (without uncertainty penalty): 0.0
Average Loss: -0.00019
Average Critic Uncertainty: nan
Timesteps So Far: 69997
Iteration took: 70.31 secs
------------------------------------------------------


-------------------- Iteration #18 --------------------
Average Episodic Length: 29.19
Average Episodic Return: 20.177
Average Raw Episodic Return (without uncertainty penalty): 0.0
Average Loss: -0.00072
Average Critic Uncertainty: nan
Timesteps So Far: 74113
Iteration took: 69.12 secs
------------------------------------------------------


-------------------- Iteration #19 --------------------
Average Episodic Length: 32.15
Average Episodic Return: 22.209
Average Raw Episodic Return (without uncertainty penalty): 0.0
Average Loss: -0.00097
Average Critic Uncertainty: nan
Timesteps So Far: 78228
Iteration took: 70.86 secs
------------------------------------------------------


-------------------- Iteration #20 --------------------
Average Episodic Length: 38.02
Average Episodic Return: 27.077
Average Raw Episodic Return (without uncertainty penalty): 0.0
Average Loss: -0.00075
Average Critic Uncertainty: nan
Timesteps So Far: 82410
Iteration took: 69.9 secs
------------------------------------------------------


-------------------- Iteration #21 --------------------
Average Episodic Length: 39.25
Average Episodic Return: 27.484
Average Raw Episodic Return (without uncertainty penalty): 0.0
Average Loss: -0.00044
Average Critic Uncertainty: nan
Timesteps So Far: 86531
Iteration took: 69.92 secs
------------------------------------------------------


-------------------- Iteration #22 --------------------
Average Episodic Length: 38.11
Average Episodic Return: 27.549
Average Raw Episodic Return (without uncertainty penalty): 0.0
Average Loss: -0.00073
Average Critic Uncertainty: nan
Timesteps So Far: 90647
Iteration took: 69.14 secs
------------------------------------------------------


-------------------- Iteration #23 --------------------
Average Episodic Length: 35.38
Average Episodic Return: 24.902
Average Raw Episodic Return (without uncertainty penalty): 0.0
Average Loss: -0.00181
Average Critic Uncertainty: nan
Timesteps So Far: 94857
Iteration took: 70.96 secs
------------------------------------------------------


-------------------- Iteration #24 --------------------
Average Episodic Length: 38.08
Average Episodic Return: 27.003
Average Raw Episodic Return (without uncertainty penalty): 0.0
Average Loss: -0.00129
Average Critic Uncertainty: nan
Timesteps So Far: 98970
Iteration took: 68.73 secs
------------------------------------------------------


-------------------- Iteration #25 --------------------
Average Episodic Length: 43.61
Average Episodic Return: 31.635
Average Raw Episodic Return (without uncertainty penalty): 0.0
Average Loss: -0.00023
Average Critic Uncertainty: nan
Timesteps So Far: 103069
Iteration took: 68.71 secs
------------------------------------------------------

Training CSV: C:\Users\milke\groupCoursework\FYP\experiment_runs\stage3_uncertainty_meanmax_threshold_extend2_100k_20260512_162928\seed56789\training_log.csv
Training summary CSV: C:\Users\milke\groupCoursework\FYP\experiment_runs\stage3_uncertainty_meanmax_threshold_extend2_100k_20260512_162928\seed56789\training_summary.csv
Evaluation per-episode CSV: C:\Users\milke\groupCoursework\FYP\experiment_runs\stage3_uncertainty_meanmax_threshold_extend2_100k_20260512_162928\seed56789\evaluation_per_episode.csv
Evaluation summary CSV: C:\Users\milke\groupCoursework\FYP\experiment_runs\stage3_uncertainty_meanmax_threshold_extend2_100k_20260512_162928\seed56789\evaluation_summary.csv
Actor checkpoint: C:\Users\milke\groupCoursework\FYP\experiment_runs\stage3_uncertainty_meanmax_threshold_extend2_100k_20260512_162928\seed56789\checkpoint_actor.pth
Critic checkpoint: C:\Users\milke\groupCoursework\FYP\experiment_runs\stage3_uncertainty_meanmax_threshold_extend2_100k_20260512_162928\seed56789\checkpoint_critic.pth
