Learning... Running 300 timesteps per episode, 4096 timesteps per batch for a total of 100000 timesteps

-------------------- Iteration #1 --------------------
Average Episodic Length: 22.53
Average Episodic Return: 14.27
Average Loss: -0.00135
Timesteps So Far: 4101
Iteration took: 53.95 secs
------------------------------------------------------


-------------------- Iteration #2 --------------------
Average Episodic Length: 23.16
Average Episodic Return: 14.89
Average Loss: -0.00073
Timesteps So Far: 8201
Iteration took: 52.26 secs
------------------------------------------------------


-------------------- Iteration #3 --------------------
Average Episodic Length: 23.9
Average Episodic Return: 15.47
Average Loss: -0.00099
Timesteps So Far: 12311
Iteration took: 52.67 secs
------------------------------------------------------


-------------------- Iteration #4 --------------------
Average Episodic Length: 25.55
Average Episodic Return: 17.02
Average Loss: -0.00042
Timesteps So Far: 16424
Iteration took: 53.53 secs
------------------------------------------------------


-------------------- Iteration #5 --------------------
Average Episodic Length: 23.04
Average Episodic Return: 14.65
Average Loss: -0.00093
Timesteps So Far: 20525
Iteration took: 52.25 secs
------------------------------------------------------


-------------------- Iteration #6 --------------------
Average Episodic Length: 24.99
Average Episodic Return: 16.24
Average Loss: -0.0006
Timesteps So Far: 24648
Iteration took: 52.32 secs
------------------------------------------------------


-------------------- Iteration #7 --------------------
Average Episodic Length: 25.26
Average Episodic Return: 16.13
Average Loss: -0.00084
Timesteps So Far: 28790
Iteration took: 50.39 secs
------------------------------------------------------


-------------------- Iteration #8 --------------------
Average Episodic Length: 25.34
Average Episodic Return: 16.72
Average Loss: -0.0003
Timesteps So Far: 32920
Iteration took: 50.51 secs
------------------------------------------------------


-------------------- Iteration #9 --------------------
Average Episodic Length: 24.52
Average Episodic Return: 15.76
Average Loss: -0.00131
Timesteps So Far: 37040
Iteration took: 50.56 secs
------------------------------------------------------


-------------------- Iteration #10 --------------------
Average Episodic Length: 27.01
Average Episodic Return: 17.75
Average Loss: -0.00091
Timesteps So Far: 41145
Iteration took: 50.27 secs
------------------------------------------------------


-------------------- Iteration #11 --------------------
Average Episodic Length: 28.58
Average Episodic Return: 19.45
Average Loss: -0.00096
Timesteps So Far: 45289
Iteration took: 50.55 secs
------------------------------------------------------


-------------------- Iteration #12 --------------------
Average Episodic Length: 29.26
Average Episodic Return: 19.79
Average Loss: -0.00043
Timesteps So Far: 49415
Iteration took: 49.86 secs
------------------------------------------------------


-------------------- Iteration #13 --------------------
Average Episodic Length: 30.32
Average Episodic Return: 20.23
Average Loss: -0.00043
Timesteps So Far: 53538
Iteration took: 49.92 secs
------------------------------------------------------


-------------------- Iteration #14 --------------------
Average Episodic Length: 26.62
Average Episodic Return: 17.68
Average Loss: -0.00052
Timesteps So Far: 57637
Iteration took: 49.86 secs
------------------------------------------------------


-------------------- Iteration #15 --------------------
Average Episodic Length: 34.15
Average Episodic Return: 23.71
Average Loss: -0.00088
Timesteps So Far: 61769
Iteration took: 50.26 secs
------------------------------------------------------


-------------------- Iteration #16 --------------------
Average Episodic Length: 33.86
Average Episodic Return: 23.15
Average Loss: -0.00127
Timesteps So Far: 65934
Iteration took: 50.69 secs
------------------------------------------------------


-------------------- Iteration #17 --------------------
Average Episodic Length: 29.71
Average Episodic Return: 19.36
Average Loss: -0.00019
Timesteps So Far: 70034
Iteration took: 49.46 secs
------------------------------------------------------


-------------------- Iteration #18 --------------------
Average Episodic Length: 32.05
Average Episodic Return: 21.21
Average Loss: -0.00045
Timesteps So Far: 74136
Iteration took: 49.75 secs
------------------------------------------------------


-------------------- Iteration #19 --------------------
Average Episodic Length: 34.28
Average Episodic Return: 23.37
Average Loss: -0.00071
Timesteps So Far: 78250
Iteration took: 50.3 secs
------------------------------------------------------


-------------------- Iteration #20 --------------------
Average Episodic Length: 37.22
Average Episodic Return: 25.23
Average Loss: -0.00023
Timesteps So Far: 82381
Iteration took: 50.35 secs
------------------------------------------------------


-------------------- Iteration #21 --------------------
Average Episodic Length: 32.42
Average Episodic Return: 21.47
Average Loss: -0.0008
Timesteps So Far: 86498
Iteration took: 63.46 secs
------------------------------------------------------


-------------------- Iteration #22 --------------------
Average Episodic Length: 34.27
Average Episodic Return: 22.77
Average Loss: -0.00087
Timesteps So Far: 90610
Iteration took: 58.55 secs
------------------------------------------------------


-------------------- Iteration #23 --------------------
Average Episodic Length: 34.59
Average Episodic Return: 23.0
Average Loss: -0.00041
Timesteps So Far: 94726
Iteration took: 57.41 secs
------------------------------------------------------


-------------------- Iteration #24 --------------------
Average Episodic Length: 35.9
Average Episodic Return: 23.88
Average Loss: -0.00057
Timesteps So Far: 98855
Iteration took: 57.09 secs
------------------------------------------------------


-------------------- Iteration #25 --------------------
Average Episodic Length: 36.17
Average Episodic Return: 24.45
Average Loss: -0.00101
Timesteps So Far: 102978
Iteration took: 55.82 secs
------------------------------------------------------

{"model": "deep_sets_mean_max_baseline", "config_name": "curriculum_stage_3_mixed_traffic", "total_timesteps": 100000, "train_seed": 12345, "eval_episodes": 50, "avg_episodic_return": 68.2097159151084, "avg_episodic_length": 95.5, "collision_rate": 0.92, "training_csv": "C:\\Users\\milke\\groupCoursework\\FYP\\experiment_runs\\meanmax_vs_uncertainty_3seeds_20260430_173848_seed12345\\deep_sets_mean_max_baseline\\deep_sets_mean_max_baseline_training.csv", "per_episode_csv": "C:\\Users\\milke\\groupCoursework\\FYP\\experiment_runs\\meanmax_vs_uncertainty_3seeds_20260430_173848_seed12345\\deep_sets_mean_max_baseline\\deep_sets_mean_max_baseline_per_episode.csv", "actor_path": "C:\\Users\\milke\\groupCoursework\\FYP\\experiment_runs\\meanmax_vs_uncertainty_3seeds_20260430_173848_seed12345\\deep_sets_mean_max_baseline\\deep_sets_mean_max_baseline_actor.pth", "critic_path": "C:\\Users\\milke\\groupCoursework\\FYP\\experiment_runs\\meanmax_vs_uncertainty_3seeds_20260430_173848_seed12345\\deep_sets_mean_max_baseline\\deep_sets_mean_max_baseline_critic.pth"}
