COMMAND:
$env:MODEL_SUBDIR='mean+max'; $env:MODEL_LABEL='deep_sets_mean_max'; $env:HIGHWAY_CONFIG='curriculum_stage_3_mixed_traffic'; $env:TOTAL_TIMESTEPS='100000'; $env:TRAIN_SEED='23456'; $env:EVAL_SEEDS='[1000, 1001, 1002, 1003, 1004, 1005, 1006, 1007, 1008, 1009, 1010, 1011, 1012, 1013, 1014, 1015, 1016, 1017, 1018, 1019, 1020, 1021, 1022, 1023, 1024, 1025, 1026, 1027, 1028, 1029, 1030, 1031, 1032, 1033, 1034, 1035, 1036, 1037, 1038, 1039, 1040, 1041, 1042, 1043, 1044, 1045, 1046, 1047, 1048, 1049]'; $env:EVAL_MAX_STEPS='full'; $env:EVAL_ACTION_MODE='actor'; $env:TORCH_NUM_THREADS='1'; $env:RUN_ID='stage3_backbones_repeat2_100k_20260512_093812\deep_sets_mean_max\seed23456'; $env:EGO_START_LANE_POLICY='random'; & 'C:\Users\milke\miniconda3\envs\highway\python.exe' 'C:\Users\milke\groupCoursework\FYP\run_meanmax_single_stage_study.py'

Training seed: 23456
Config: curriculum_stage_3_mixed_traffic
Target timesteps: 100000
Eval type: full
Eval action mode: actor
Evaluation seeds: 1000..1049 (50 episodes)
Output directory: C:\Users\milke\groupCoursework\FYP\experiment_runs\stage3_backbones_repeat2_100k_20260512_093812\deep_sets_mean_max\seed23456
Successfully set seed to 23456
Learning... Running 300 timesteps per episode, 4096 timesteps per batch for a total of 100000 timesteps

-------------------- Iteration #1 --------------------
Average Episodic Length: 20.61
Average Episodic Return: 12.68
Average Loss: -0.00324
Timesteps So Far: 4101
Iteration took: 63.46 secs
------------------------------------------------------


-------------------- Iteration #2 --------------------
Average Episodic Length: 22.35
Average Episodic Return: 14.14
Average Loss: -0.00067
Timesteps So Far: 8214
Iteration took: 64.49 secs
------------------------------------------------------


-------------------- Iteration #3 --------------------
Average Episodic Length: 22.69
Average Episodic Return: 14.62
Average Loss: -0.00062
Timesteps So Far: 12321
Iteration took: 63.81 secs
------------------------------------------------------


-------------------- Iteration #4 --------------------
Average Episodic Length: 24.18
Average Episodic Return: 15.68
Average Loss: -0.00125
Timesteps So Far: 16432
Iteration took: 66.01 secs
------------------------------------------------------


-------------------- Iteration #5 --------------------
Average Episodic Length: 23.45
Average Episodic Return: 15.07
Average Loss: -0.00104
Timesteps So Far: 20535
Iteration took: 72.27 secs
------------------------------------------------------


-------------------- Iteration #6 --------------------
Average Episodic Length: 23.65
Average Episodic Return: 14.84
Average Loss: -0.00108
Timesteps So Far: 24650
Iteration took: 63.93 secs
------------------------------------------------------


-------------------- Iteration #7 --------------------
Average Episodic Length: 25.25
Average Episodic Return: 16.69
Average Loss: -0.00053
Timesteps So Far: 28765
Iteration took: 63.49 secs
------------------------------------------------------


-------------------- Iteration #8 --------------------
Average Episodic Length: 25.43
Average Episodic Return: 16.5
Average Loss: -0.00087
Timesteps So Far: 32885
Iteration took: 62.58 secs
------------------------------------------------------


-------------------- Iteration #9 --------------------
Average Episodic Length: 26.63
Average Episodic Return: 17.72
Average Loss: -0.00084
Timesteps So Far: 36986
Iteration took: 60.77 secs
------------------------------------------------------


-------------------- Iteration #10 --------------------
Average Episodic Length: 26.04
Average Episodic Return: 17.72
Average Loss: -0.00072
Timesteps So Far: 41101
Iteration took: 59.88 secs
------------------------------------------------------


-------------------- Iteration #11 --------------------
Average Episodic Length: 26.43
Average Episodic Return: 17.85
Average Loss: -0.00048
Timesteps So Far: 45198
Iteration took: 59.44 secs
------------------------------------------------------


-------------------- Iteration #12 --------------------
Average Episodic Length: 27.86
Average Episodic Return: 19.0
Average Loss: -0.00091
Timesteps So Far: 49294
Iteration took: 60.54 secs
------------------------------------------------------


-------------------- Iteration #13 --------------------
Average Episodic Length: 26.42
Average Episodic Return: 17.56
Average Loss: -0.00114
Timesteps So Far: 53416
Iteration took: 61.64 secs
------------------------------------------------------


-------------------- Iteration #14 --------------------
Average Episodic Length: 27.52
Average Episodic Return: 18.42
Average Loss: -0.00036
Timesteps So Far: 57517
Iteration took: 62.27 secs
------------------------------------------------------


-------------------- Iteration #15 --------------------
Average Episodic Length: 29.64
Average Episodic Return: 20.33
Average Loss: -0.0007
Timesteps So Far: 61637
Iteration took: 62.83 secs
------------------------------------------------------


-------------------- Iteration #16 --------------------
Average Episodic Length: 32.6
Average Episodic Return: 22.71
Average Loss: -0.00087
Timesteps So Far: 65745
Iteration took: 63.17 secs
------------------------------------------------------


-------------------- Iteration #17 --------------------
Average Episodic Length: 36.71
Average Episodic Return: 26.68
Average Loss: -0.00162
Timesteps So Far: 69856
Iteration took: 63.67 secs
------------------------------------------------------


-------------------- Iteration #18 --------------------
Average Episodic Length: 29.31
Average Episodic Return: 20.55
Average Loss: -0.00071
Timesteps So Far: 73959
Iteration took: 61.61 secs
------------------------------------------------------


-------------------- Iteration #19 --------------------
Average Episodic Length: 31.53
Average Episodic Return: 22.15
Average Loss: -0.00089
Timesteps So Far: 78058
Iteration took: 62.3 secs
------------------------------------------------------


-------------------- Iteration #20 --------------------
Average Episodic Length: 31.34
Average Episodic Return: 21.68
Average Loss: -0.00077
Timesteps So Far: 82163
Iteration took: 61.21 secs
------------------------------------------------------


-------------------- Iteration #21 --------------------
Average Episodic Length: 33.51
Average Episodic Return: 23.2
Average Loss: -0.00021
Timesteps So Far: 86285
Iteration took: 62.28 secs
------------------------------------------------------


-------------------- Iteration #22 --------------------
Average Episodic Length: 34.36
Average Episodic Return: 24.06
Average Loss: -0.00026
Timesteps So Far: 90408
Iteration took: 59.75 secs
------------------------------------------------------


-------------------- Iteration #23 --------------------
Average Episodic Length: 33.49
Average Episodic Return: 23.67
Average Loss: -0.00041
Timesteps So Far: 94527
Iteration took: 60.33 secs
------------------------------------------------------


-------------------- Iteration #24 --------------------
Average Episodic Length: 34.81
Average Episodic Return: 24.38
Average Loss: -0.0009
Timesteps So Far: 98634
Iteration took: 59.71 secs
------------------------------------------------------


-------------------- Iteration #25 --------------------
Average Episodic Length: 36.8
Average Episodic Return: 26.36
Average Loss: -0.00025
Timesteps So Far: 102792
Iteration took: 60.07 secs
------------------------------------------------------

Training CSV: C:\Users\milke\groupCoursework\FYP\experiment_runs\stage3_backbones_repeat2_100k_20260512_093812\deep_sets_mean_max\seed23456\training_log.csv
Training summary CSV: C:\Users\milke\groupCoursework\FYP\experiment_runs\stage3_backbones_repeat2_100k_20260512_093812\deep_sets_mean_max\seed23456\training_summary.csv
Evaluation per-episode CSV: C:\Users\milke\groupCoursework\FYP\experiment_runs\stage3_backbones_repeat2_100k_20260512_093812\deep_sets_mean_max\seed23456\evaluation_per_episode.csv
Evaluation summary CSV: C:\Users\milke\groupCoursework\FYP\experiment_runs\stage3_backbones_repeat2_100k_20260512_093812\deep_sets_mean_max\seed23456\evaluation_summary.csv
Actor checkpoint: C:\Users\milke\groupCoursework\FYP\experiment_runs\stage3_backbones_repeat2_100k_20260512_093812\deep_sets_mean_max\seed23456\checkpoint_actor.pth
Critic checkpoint: C:\Users\milke\groupCoursework\FYP\experiment_runs\stage3_backbones_repeat2_100k_20260512_093812\deep_sets_mean_max\seed23456\checkpoint_critic.pth
