COMMAND:
$env:MODEL_SUBDIR='uncertainty_penalty_PPO'; $env:MODEL_LABEL='uncertainty_penalty_lambda_0_01'; $env:HIGHWAY_CONFIG='curriculum_stage_3_mixed_traffic'; $env:TOTAL_TIMESTEPS='100000'; $env:TRAIN_SEED='12345'; $env:LAMBDA_U='0.01'; $env:DROPOUT_P='0.1'; $env:PPO_MC_SAMPLES='5'; $env:EVAL_SEEDS='[1000, 1001, 1002, 1003, 1004, 1005, 1006, 1007, 1008, 1009, 1010, 1011, 1012, 1013, 1014, 1015, 1016, 1017, 1018, 1019, 1020, 1021, 1022, 1023, 1024, 1025, 1026, 1027, 1028, 1029, 1030, 1031, 1032, 1033, 1034, 1035, 1036, 1037, 1038, 1039, 1040, 1041, 1042, 1043, 1044, 1045, 1046, 1047, 1048, 1049]'; $env:EVAL_MAX_STEPS='full'; $env:EVAL_ACTION_MODE='actor'; $env:TORCH_NUM_THREADS='1'; $env:RUN_ID='stage3_uncertainty_penalty_lambda_sweep_2x100k_20260512_204554\lambda_0_01\seed12345'; $env:EGO_START_LANE_POLICY='random'; & 'C:\Users\milke\miniconda3\envs\highway\python.exe' 'C:\Users\milke\groupCoursework\FYP\run_meanmax_single_stage_study.py'

Training seed: 12345
Config: curriculum_stage_3_mixed_traffic
Target timesteps: 100000
Eval type: full
Eval action mode: actor
Evaluation seeds: 1000..1049 (50 episodes)
Output directory: C:\Users\milke\groupCoursework\FYP\experiment_runs\stage3_uncertainty_penalty_lambda_sweep_2x100k_20260512_204554\lambda_0_01\seed12345
Successfully set seed to 12345
Learning... Running 300 timesteps per episode, 4096 timesteps per batch for a total of 100000 timesteps
the uncertainty penalty lambda is 0.01

-------------------- Iteration #1 --------------------
Average Episodic Length: 20.91
Average Episodic Return: 13.115
Average Raw Episodic Return (without uncertainty penalty): 13.193
Average Loss: -0.00145
Average Critic Uncertainty: 0.00029
Timesteps So Far: 4098
Iteration took: 117.55 secs
------------------------------------------------------


-------------------- Iteration #2 --------------------
Average Episodic Length: 20.97
Average Episodic Return: 12.862
Average Raw Episodic Return (without uncertainty penalty): 12.936
Average Loss: -0.00106
Average Critic Uncertainty: 0.00028
Timesteps So Far: 8208
Iteration took: 123.38 secs
------------------------------------------------------


-------------------- Iteration #3 --------------------
Average Episodic Length: 22.04
Average Episodic Return: 13.816
Average Raw Episodic Return (without uncertainty penalty): 13.896
Average Loss: -0.00119
Average Critic Uncertainty: 0.00028
Timesteps So Far: 12307
Iteration took: 117.56 secs
------------------------------------------------------


-------------------- Iteration #4 --------------------
Average Episodic Length: 22.3
Average Episodic Return: 14.072
Average Raw Episodic Return (without uncertainty penalty): 14.153
Average Loss: -0.00096
Average Critic Uncertainty: 0.00029
Timesteps So Far: 16411
Iteration took: 111.76 secs
------------------------------------------------------


-------------------- Iteration #5 --------------------
Average Episodic Length: 22.84
Average Episodic Return: 14.67
Average Raw Episodic Return (without uncertainty penalty): 14.754
Average Loss: -0.0009
Average Critic Uncertainty: 0.00029
Timesteps So Far: 20522
Iteration took: 114.6 secs
------------------------------------------------------


-------------------- Iteration #6 --------------------
Average Episodic Length: 24.29
Average Episodic Return: 15.68
Average Raw Episodic Return (without uncertainty penalty): 15.769
Average Loss: -0.00128
Average Critic Uncertainty: 0.00029
Timesteps So Far: 24627
Iteration took: 111.83 secs
------------------------------------------------------


-------------------- Iteration #7 --------------------
Average Episodic Length: 26.52
Average Episodic Return: 17.435
Average Raw Episodic Return (without uncertainty penalty): 17.534
Average Loss: -0.00088
Average Critic Uncertainty: 0.00031
Timesteps So Far: 28738
Iteration took: 112.5 secs
------------------------------------------------------


-------------------- Iteration #8 --------------------
Average Episodic Length: 25.49
Average Episodic Return: 16.835
Average Raw Episodic Return (without uncertainty penalty): 16.931
Average Loss: -0.00061
Average Critic Uncertainty: 0.00031
Timesteps So Far: 32842
Iteration took: 112.58 secs
------------------------------------------------------


-------------------- Iteration #9 --------------------
Average Episodic Length: 25.44
Average Episodic Return: 16.591
Average Raw Episodic Return (without uncertainty penalty): 16.687
Average Loss: -0.00091
Average Critic Uncertainty: 0.00032
Timesteps So Far: 36964
Iteration took: 112.39 secs
------------------------------------------------------


-------------------- Iteration #10 --------------------
Average Episodic Length: 25.67
Average Episodic Return: 16.582
Average Raw Episodic Return (without uncertainty penalty): 16.677
Average Loss: -0.00083
Average Critic Uncertainty: 0.00033
Timesteps So Far: 41071
Iteration took: 112.27 secs
------------------------------------------------------


-------------------- Iteration #11 --------------------
Average Episodic Length: 27.6
Average Episodic Return: 18.402
Average Raw Episodic Return (without uncertainty penalty): 18.497
Average Loss: -0.00051
Average Critic Uncertainty: 0.00034
Timesteps So Far: 45184
Iteration took: 111.37 secs
------------------------------------------------------


-------------------- Iteration #12 --------------------
Average Episodic Length: 26.95
Average Episodic Return: 17.865
Average Raw Episodic Return (without uncertainty penalty): 17.972
Average Loss: -0.00149
Average Critic Uncertainty: 0.00035
Timesteps So Far: 49308
Iteration took: 112.65 secs
------------------------------------------------------


-------------------- Iteration #13 --------------------
Average Episodic Length: 27.82
Average Episodic Return: 18.576
Average Raw Episodic Return (without uncertainty penalty): 18.677
Average Loss: -0.00112
Average Critic Uncertainty: 0.00037
Timesteps So Far: 53426
Iteration took: 117.58 secs
------------------------------------------------------


-------------------- Iteration #14 --------------------
Average Episodic Length: 27.14
Average Episodic Return: 17.991
Average Raw Episodic Return (without uncertainty penalty): 18.089
Average Loss: -0.00062
Average Critic Uncertainty: 0.00041
Timesteps So Far: 57551
Iteration took: 114.35 secs
------------------------------------------------------


-------------------- Iteration #15 --------------------
Average Episodic Length: 28.12
Average Episodic Return: 18.598
Average Raw Episodic Return (without uncertainty penalty): 18.7
Average Loss: -0.00105
Average Critic Uncertainty: 0.00041
Timesteps So Far: 61657
Iteration took: 118.09 secs
------------------------------------------------------


-------------------- Iteration #16 --------------------
Average Episodic Length: 33.41
Average Episodic Return: 23.157
Average Raw Episodic Return (without uncertainty penalty): 23.281
Average Loss: -0.00056
Average Critic Uncertainty: 0.00044
Timesteps So Far: 65766
Iteration took: 119.68 secs
------------------------------------------------------


-------------------- Iteration #17 --------------------
Average Episodic Length: 32.54
Average Episodic Return: 22.452
Average Raw Episodic Return (without uncertainty penalty): 22.575
Average Loss: -0.00107
Average Critic Uncertainty: 0.00045
Timesteps So Far: 69866
Iteration took: 117.7 secs
------------------------------------------------------


-------------------- Iteration #18 --------------------
Average Episodic Length: 31.2
Average Episodic Return: 21.679
Average Raw Episodic Return (without uncertainty penalty): 21.798
Average Loss: -0.00011
Average Critic Uncertainty: 0.0005
Timesteps So Far: 73984
Iteration took: 118.28 secs
------------------------------------------------------


-------------------- Iteration #19 --------------------
Average Episodic Length: 38.05
Average Episodic Return: 26.862
Average Raw Episodic Return (without uncertainty penalty): 26.992
Average Loss: -0.00056
Average Critic Uncertainty: 0.00051
Timesteps So Far: 78093
Iteration took: 119.02 secs
------------------------------------------------------


-------------------- Iteration #20 --------------------
Average Episodic Length: 32.28
Average Episodic Return: 22.331
Average Raw Episodic Return (without uncertainty penalty): 22.454
Average Loss: -0.00037
Average Critic Uncertainty: 0.00057
Timesteps So Far: 82193
Iteration took: 118.8 secs
------------------------------------------------------


-------------------- Iteration #21 --------------------
Average Episodic Length: 35.1
Average Episodic Return: 24.161
Average Raw Episodic Return (without uncertainty penalty): 24.295
Average Loss: -0.00043
Average Critic Uncertainty: 0.00059
Timesteps So Far: 86300
Iteration took: 118.8 secs
------------------------------------------------------


-------------------- Iteration #22 --------------------
Average Episodic Length: 38.08
Average Episodic Return: 26.942
Average Raw Episodic Return (without uncertainty penalty): 27.086
Average Loss: -0.00074
Average Critic Uncertainty: 0.00064
Timesteps So Far: 90413
Iteration took: 118.08 secs
------------------------------------------------------


-------------------- Iteration #23 --------------------
Average Episodic Length: 36.31
Average Episodic Return: 25.084
Average Raw Episodic Return (without uncertainty penalty): 25.21
Average Loss: -0.0009
Average Critic Uncertainty: 0.00071
Timesteps So Far: 94516
Iteration took: 120.99 secs
------------------------------------------------------


-------------------- Iteration #24 --------------------
Average Episodic Length: 38.94
Average Episodic Return: 28.103
Average Raw Episodic Return (without uncertainty penalty): 28.251
Average Loss: -0.00041
Average Critic Uncertainty: 0.00075
Timesteps So Far: 98644
Iteration took: 120.44 secs
------------------------------------------------------


-------------------- Iteration #25 --------------------
Average Episodic Length: 37.82
Average Episodic Return: 26.532
Average Raw Episodic Return (without uncertainty penalty): 26.658
Average Loss: -0.00046
Average Critic Uncertainty: 0.00082
Timesteps So Far: 102766
Iteration took: 121.03 secs
------------------------------------------------------

Training CSV: C:\Users\milke\groupCoursework\FYP\experiment_runs\stage3_uncertainty_penalty_lambda_sweep_2x100k_20260512_204554\lambda_0_01\seed12345\training_log.csv
Training summary CSV: C:\Users\milke\groupCoursework\FYP\experiment_runs\stage3_uncertainty_penalty_lambda_sweep_2x100k_20260512_204554\lambda_0_01\seed12345\training_summary.csv
Evaluation per-episode CSV: C:\Users\milke\groupCoursework\FYP\experiment_runs\stage3_uncertainty_penalty_lambda_sweep_2x100k_20260512_204554\lambda_0_01\seed12345\evaluation_per_episode.csv
Evaluation summary CSV: C:\Users\milke\groupCoursework\FYP\experiment_runs\stage3_uncertainty_penalty_lambda_sweep_2x100k_20260512_204554\lambda_0_01\seed12345\evaluation_summary.csv
Actor checkpoint: C:\Users\milke\groupCoursework\FYP\experiment_runs\stage3_uncertainty_penalty_lambda_sweep_2x100k_20260512_204554\lambda_0_01\seed12345\checkpoint_actor.pth
Critic checkpoint: C:\Users\milke\groupCoursework\FYP\experiment_runs\stage3_uncertainty_penalty_lambda_sweep_2x100k_20260512_204554\lambda_0_01\seed12345\checkpoint_critic.pth
