Training seed: 23456
Config: curriculum_stage_2_easy_overtake
Target timesteps: 100000
Eval type: full
Evaluation seeds: 1000..1049 (50 episodes)
Output directory: C:\Users\milke\groupCoursework\FYP\experiment_runs\deepsets_mean_stage2_3seed_foreground_20260507_172313\seed23456
Successfully set seed to 23456
Learning... Running 300 timesteps per episode, 4096 timesteps per batch for a total of 100000 timesteps

-------------------- Iteration #1 --------------------
Average Episodic Length: 23.42
Average Episodic Return: 15.17
Average Loss: -0.00241
Timesteps So Far: 4099
Iteration took: 43.7 secs
------------------------------------------------------


-------------------- Iteration #2 --------------------
Average Episodic Length: 22.76
Average Episodic Return: 14.59
Average Loss: -0.00105
Timesteps So Far: 8196
Iteration took: 45.78 secs
------------------------------------------------------


-------------------- Iteration #3 --------------------
Average Episodic Length: 24.69
Average Episodic Return: 15.95
Average Loss: -0.0006
Timesteps So Far: 12320
Iteration took: 44.36 secs
------------------------------------------------------


-------------------- Iteration #4 --------------------
Average Episodic Length: 25.52
Average Episodic Return: 16.6
Average Loss: -0.00145
Timesteps So Far: 16429
Iteration took: 44.17 secs
------------------------------------------------------


-------------------- Iteration #5 --------------------
Average Episodic Length: 31.48
Average Episodic Return: 22.09
Average Loss: -0.00072
Timesteps So Far: 20553
Iteration took: 43.66 secs
------------------------------------------------------


-------------------- Iteration #6 --------------------
Average Episodic Length: 22.97
Average Episodic Return: 14.91
Average Loss: -0.00052
Timesteps So Far: 24664
Iteration took: 44.69 secs
------------------------------------------------------


-------------------- Iteration #7 --------------------
Average Episodic Length: 27.89
Average Episodic Return: 18.89
Average Loss: -0.00076
Timesteps So Far: 28764
Iteration took: 43.13 secs
------------------------------------------------------


-------------------- Iteration #8 --------------------
Average Episodic Length: 31.06
Average Episodic Return: 21.25
Average Loss: -0.00034
Timesteps So Far: 32864
Iteration took: 42.98 secs
------------------------------------------------------


-------------------- Iteration #9 --------------------
Average Episodic Length: 31.08
Average Episodic Return: 21.23
Average Loss: -0.00052
Timesteps So Far: 36967
Iteration took: 45.32 secs
------------------------------------------------------


-------------------- Iteration #10 --------------------
Average Episodic Length: 28.28
Average Episodic Return: 19.48
Average Loss: -0.00082
Timesteps So Far: 41152
Iteration took: 44.05 secs
------------------------------------------------------


-------------------- Iteration #11 --------------------
Average Episodic Length: 30.57
Average Episodic Return: 21.25
Average Loss: -0.00063
Timesteps So Far: 45249
Iteration took: 40.22 secs
------------------------------------------------------


-------------------- Iteration #12 --------------------
Average Episodic Length: 33.06
Average Episodic Return: 23.41
Average Loss: -0.00047
Timesteps So Far: 49382
Iteration took: 40.73 secs
------------------------------------------------------


-------------------- Iteration #13 --------------------
Average Episodic Length: 29.33
Average Episodic Return: 20.15
Average Loss: -0.00088
Timesteps So Far: 53517
Iteration took: 37.75 secs
------------------------------------------------------


-------------------- Iteration #14 --------------------
Average Episodic Length: 33.09
Average Episodic Return: 23.18
Average Loss: -0.00153
Timesteps So Far: 57620
Iteration took: 41.78 secs
------------------------------------------------------


-------------------- Iteration #15 --------------------
Average Episodic Length: 36.35
Average Episodic Return: 26.1
Average Loss: -0.00093
Timesteps So Far: 61728
Iteration took: 38.71 secs
------------------------------------------------------


-------------------- Iteration #16 --------------------
Average Episodic Length: 36.95
Average Episodic Return: 26.49
Average Loss: 0.00018
Timesteps So Far: 65829
Iteration took: 40.97 secs
------------------------------------------------------


-------------------- Iteration #17 --------------------
Average Episodic Length: 43.2
Average Episodic Return: 31.38
Average Loss: -0.00097
Timesteps So Far: 69933
Iteration took: 38.29 secs
------------------------------------------------------


-------------------- Iteration #18 --------------------
Average Episodic Length: 39.21
Average Episodic Return: 28.22
Average Loss: -0.00073
Timesteps So Far: 74050
Iteration took: 36.57 secs
------------------------------------------------------


-------------------- Iteration #19 --------------------
Average Episodic Length: 34.58
Average Episodic Return: 24.24
Average Loss: 0.00011
Timesteps So Far: 78165
Iteration took: 45.0 secs
------------------------------------------------------


-------------------- Iteration #20 --------------------
Average Episodic Length: 42.39
Average Episodic Return: 31.34
Average Loss: -0.00062
Timesteps So Far: 82277
Iteration took: 39.61 secs
------------------------------------------------------


-------------------- Iteration #21 --------------------
Average Episodic Length: 40.43
Average Episodic Return: 29.1
Average Loss: -0.00047
Timesteps So Far: 86401
Iteration took: 40.81 secs
------------------------------------------------------


-------------------- Iteration #22 --------------------
Average Episodic Length: 37.53
Average Episodic Return: 26.77
Average Loss: -0.0004
Timesteps So Far: 90567
Iteration took: 40.19 secs
------------------------------------------------------


-------------------- Iteration #23 --------------------
Average Episodic Length: 44.04
Average Episodic Return: 31.77
Average Loss: -0.00024
Timesteps So Far: 94707
Iteration took: 38.69 secs
------------------------------------------------------


-------------------- Iteration #24 --------------------
Average Episodic Length: 37.98
Average Episodic Return: 27.01
Average Loss: -0.00045
Timesteps So Far: 98885
Iteration took: 40.18 secs
------------------------------------------------------


-------------------- Iteration #25 --------------------
Average Episodic Length: 49.93
Average Episodic Return: 37.18
Average Loss: -0.0003
Timesteps So Far: 103129
Iteration took: 44.2 secs
------------------------------------------------------

Training CSV: C:\Users\milke\groupCoursework\FYP\experiment_runs\deepsets_mean_stage2_3seed_foreground_20260507_172313\seed23456\training_log.csv
Training summary CSV: C:\Users\milke\groupCoursework\FYP\experiment_runs\deepsets_mean_stage2_3seed_foreground_20260507_172313\seed23456\training_summary.csv
Evaluation per-episode CSV: C:\Users\milke\groupCoursework\FYP\experiment_runs\deepsets_mean_stage2_3seed_foreground_20260507_172313\seed23456\evaluation_per_episode.csv
Evaluation summary CSV: C:\Users\milke\groupCoursework\FYP\experiment_runs\deepsets_mean_stage2_3seed_foreground_20260507_172313\seed23456\evaluation_summary.csv
Actor checkpoint: C:\Users\milke\groupCoursework\FYP\experiment_runs\deepsets_mean_stage2_3seed_foreground_20260507_172313\seed23456\checkpoint_actor.pth
Critic checkpoint: C:\Users\milke\groupCoursework\FYP\experiment_runs\deepsets_mean_stage2_3seed_foreground_20260507_172313\seed23456\checkpoint_critic.pth
