Env: highway-v0
Config: highway_v0_stage_2_benchmark_v4
Training seed: 34567
Target timesteps: 200000
Eval type: full
Eval action mode: actor
Observation space: (83,)
Evaluation seeds: 1000..1049 (50 episodes)
Output directory: C:\Users\milke\groupCoursework\FYP\experiment_runs\highwayv0_v4_all_models_5x200k_20260509_094540\mlp_baseline\seed34567
Successfully set seed to 34567
Learning... Running 300 timesteps per episode, 4096 timesteps per batch for a total of 200000 timesteps

-------------------- Iteration #1 --------------------
Average Episodic Length: 22.91
Average Episodic Return: 16.99
Average Loss: -0.00192
Timesteps So Far: 4100
Iteration took: 101.68 secs
------------------------------------------------------


-------------------- Iteration #2 --------------------
Average Episodic Length: 23.38
Average Episodic Return: 17.45
Average Loss: -0.0014
Timesteps So Far: 8215
Iteration took: 105.67 secs
------------------------------------------------------


-------------------- Iteration #3 --------------------
Average Episodic Length: 24.58
Average Episodic Return: 18.51
Average Loss: -0.00132
Timesteps So Far: 12344
Iteration took: 118.46 secs
------------------------------------------------------


-------------------- Iteration #4 --------------------
Average Episodic Length: 25.02
Average Episodic Return: 18.98
Average Loss: -0.00124
Timesteps So Far: 16473
Iteration took: 125.03 secs
------------------------------------------------------


-------------------- Iteration #5 --------------------
Average Episodic Length: 27.41
Average Episodic Return: 20.94
Average Loss: -0.00112
Timesteps So Far: 20584
Iteration took: 119.21 secs
------------------------------------------------------


-------------------- Iteration #6 --------------------
Average Episodic Length: 28.93
Average Episodic Return: 22.29
Average Loss: -0.00088
Timesteps So Far: 24692
Iteration took: 120.39 secs
------------------------------------------------------


-------------------- Iteration #7 --------------------
Average Episodic Length: 29.42
Average Episodic Return: 22.73
Average Loss: -0.00098
Timesteps So Far: 28840
Iteration took: 129.06 secs
------------------------------------------------------


-------------------- Iteration #8 --------------------
Average Episodic Length: 29.15
Average Episodic Return: 22.59
Average Loss: -0.00083
Timesteps So Far: 32980
Iteration took: 128.94 secs
------------------------------------------------------


-------------------- Iteration #9 --------------------
Average Episodic Length: 32.99
Average Episodic Return: 25.94
Average Loss: -0.00054
Timesteps So Far: 37104
Iteration took: 125.6 secs
------------------------------------------------------


-------------------- Iteration #10 --------------------
Average Episodic Length: 30.84
Average Episodic Return: 24.01
Average Loss: -0.00074
Timesteps So Far: 41206
Iteration took: 130.66 secs
------------------------------------------------------


-------------------- Iteration #11 --------------------
Average Episodic Length: 32.61
Average Episodic Return: 25.68
Average Loss: -0.00066
Timesteps So Far: 45315
Iteration took: 134.07 secs
------------------------------------------------------


-------------------- Iteration #12 --------------------
Average Episodic Length: 33.15
Average Episodic Return: 26.12
Average Loss: -0.00078
Timesteps So Far: 49426
Iteration took: 12299.12 secs
------------------------------------------------------


-------------------- Iteration #13 --------------------
Average Episodic Length: 34.23
Average Episodic Return: 26.95
Average Loss: -0.00094
Timesteps So Far: 53534
Iteration took: 162.64 secs
------------------------------------------------------

