COMMAND:
$env:MODEL_SUBDIR='baseline1'; $env:MODEL_LABEL='basic_mlp'; $env:HIGHWAY_CONFIG='curriculum_stage_3_mixed_traffic'; $env:TOTAL_TIMESTEPS='100000'; $env:TRAIN_SEED='23456'; $env:EVAL_SEEDS='[1000, 1001, 1002, 1003, 1004, 1005, 1006, 1007, 1008, 1009, 1010, 1011, 1012, 1013, 1014, 1015, 1016, 1017, 1018, 1019, 1020, 1021, 1022, 1023, 1024, 1025, 1026, 1027, 1028, 1029, 1030, 1031, 1032, 1033, 1034, 1035, 1036, 1037, 1038, 1039, 1040, 1041, 1042, 1043, 1044, 1045, 1046, 1047, 1048, 1049]'; $env:EVAL_MAX_STEPS='full'; $env:EVAL_ACTION_MODE='actor'; $env:TORCH_NUM_THREADS='1'; $env:RUN_ID='stage3_backbones_repeat2_100k_20260512_093812\basic_mlp\seed23456'; $env:EGO_START_LANE_POLICY='random'; & 'C:\Users\milke\miniconda3\envs\highway\python.exe' 'C:\Users\milke\groupCoursework\FYP\run_meanmax_single_stage_study.py'

Training seed: 23456
Config: curriculum_stage_3_mixed_traffic
Target timesteps: 100000
Eval type: full
Eval action mode: actor
Evaluation seeds: 1000..1049 (50 episodes)
Output directory: C:\Users\milke\groupCoursework\FYP\experiment_runs\stage3_backbones_repeat2_100k_20260512_093812\basic_mlp\seed23456
Successfully set seed to 23456
Learning... Running 300 timesteps per episode, 4096 timesteps per batch for a total of 100000 timesteps

-------------------- Iteration #1 --------------------
Average Episodic Length: 11.5
Average Episodic Return: 6.01
Average Loss: -0.00374
Timesteps So Far: 4107
Iteration took: 62.71 secs
------------------------------------------------------


-------------------- Iteration #2 --------------------
Average Episodic Length: 12.21
Average Episodic Return: 6.52
Average Loss: -0.00381
Timesteps So Far: 8209
Iteration took: 66.67 secs
------------------------------------------------------


-------------------- Iteration #3 --------------------
Average Episodic Length: 12.64
Average Episodic Return: 6.77
Average Loss: -0.00384
Timesteps So Far: 12305
Iteration took: 86.15 secs
------------------------------------------------------


-------------------- Iteration #4 --------------------
Average Episodic Length: 13.0
Average Episodic Return: 7.05
Average Loss: -0.00349
Timesteps So Far: 16401
Iteration took: 75.2 secs
------------------------------------------------------


-------------------- Iteration #5 --------------------
Average Episodic Length: 15.07
Average Episodic Return: 8.73
Average Loss: -0.00371
Timesteps So Far: 20499
Iteration took: 72.11 secs
------------------------------------------------------


-------------------- Iteration #6 --------------------
Average Episodic Length: 15.15
Average Episodic Return: 8.67
Average Loss: -0.00341
Timesteps So Far: 24605
Iteration took: 65.4 secs
------------------------------------------------------


-------------------- Iteration #7 --------------------
Average Episodic Length: 16.04
Average Episodic Return: 9.23
Average Loss: -0.00361
Timesteps So Far: 28728
Iteration took: 60.22 secs
------------------------------------------------------


-------------------- Iteration #8 --------------------
Average Episodic Length: 16.53
Average Episodic Return: 9.75
Average Loss: -0.00275
Timesteps So Far: 32828
Iteration took: 59.63 secs
------------------------------------------------------


-------------------- Iteration #9 --------------------
Average Episodic Length: 19.38
Average Episodic Return: 11.9
Average Loss: -0.00303
Timesteps So Far: 36936
Iteration took: 59.15 secs
------------------------------------------------------


-------------------- Iteration #10 --------------------
Average Episodic Length: 20.49
Average Episodic Return: 12.53
Average Loss: -0.00268
Timesteps So Far: 41034
Iteration took: 59.56 secs
------------------------------------------------------


-------------------- Iteration #11 --------------------
Average Episodic Length: 22.1
Average Episodic Return: 14.03
Average Loss: -0.00241
Timesteps So Far: 45144
Iteration took: 62.72 secs
------------------------------------------------------


-------------------- Iteration #12 --------------------
Average Episodic Length: 23.14
Average Episodic Return: 14.65
Average Loss: -0.00162
Timesteps So Far: 49263
Iteration took: 60.54 secs
------------------------------------------------------


-------------------- Iteration #13 --------------------
Average Episodic Length: 24.34
Average Episodic Return: 15.46
Average Loss: -0.00163
Timesteps So Far: 53376
Iteration took: 62.71 secs
------------------------------------------------------


-------------------- Iteration #14 --------------------
Average Episodic Length: 22.51
Average Episodic Return: 14.09
Average Loss: -0.00098
Timesteps So Far: 57472
Iteration took: 61.63 secs
------------------------------------------------------


-------------------- Iteration #15 --------------------
Average Episodic Length: 29.75
Average Episodic Return: 19.84
Average Loss: -0.00037
Timesteps So Far: 61577
Iteration took: 60.78 secs
------------------------------------------------------


-------------------- Iteration #16 --------------------
Average Episodic Length: 28.67
Average Episodic Return: 19.29
Average Loss: -0.00031
Timesteps So Far: 65677
Iteration took: 60.17 secs
------------------------------------------------------


-------------------- Iteration #17 --------------------
Average Episodic Length: 29.1
Average Episodic Return: 19.42
Average Loss: -0.00036
Timesteps So Far: 69838
Iteration took: 62.13 secs
------------------------------------------------------


-------------------- Iteration #18 --------------------
Average Episodic Length: 32.35
Average Episodic Return: 21.72
Average Loss: -0.00052
Timesteps So Far: 73947
Iteration took: 63.31 secs
------------------------------------------------------


-------------------- Iteration #19 --------------------
Average Episodic Length: 28.47
Average Episodic Return: 18.91
Average Loss: -0.00062
Timesteps So Far: 78046
Iteration took: 58.39 secs
------------------------------------------------------


-------------------- Iteration #20 --------------------
Average Episodic Length: 27.25
Average Episodic Return: 17.91
Average Loss: -0.00056
Timesteps So Far: 82161
Iteration took: 58.13 secs
------------------------------------------------------


-------------------- Iteration #21 --------------------
Average Episodic Length: 32.39
Average Episodic Return: 22.2
Average Loss: -0.00068
Timesteps So Far: 86307
Iteration took: 52.52 secs
------------------------------------------------------


-------------------- Iteration #22 --------------------
Average Episodic Length: 35.36
Average Episodic Return: 24.68
Average Loss: -0.00047
Timesteps So Far: 90409
Iteration took: 57.79 secs
------------------------------------------------------


-------------------- Iteration #23 --------------------
Average Episodic Length: 27.18
Average Episodic Return: 17.79
Average Loss: -0.00073
Timesteps So Far: 94513
Iteration took: 53.12 secs
------------------------------------------------------


-------------------- Iteration #24 --------------------
Average Episodic Length: 34.44
Average Episodic Return: 24.24
Average Loss: -0.00062
Timesteps So Far: 98611
Iteration took: 53.33 secs
------------------------------------------------------


-------------------- Iteration #25 --------------------
Average Episodic Length: 35.48
Average Episodic Return: 24.97
Average Loss: -0.00034
Timesteps So Far: 102727
Iteration took: 55.34 secs
------------------------------------------------------

Training CSV: C:\Users\milke\groupCoursework\FYP\experiment_runs\stage3_backbones_repeat2_100k_20260512_093812\basic_mlp\seed23456\training_log.csv
Training summary CSV: C:\Users\milke\groupCoursework\FYP\experiment_runs\stage3_backbones_repeat2_100k_20260512_093812\basic_mlp\seed23456\training_summary.csv
Evaluation per-episode CSV: C:\Users\milke\groupCoursework\FYP\experiment_runs\stage3_backbones_repeat2_100k_20260512_093812\basic_mlp\seed23456\evaluation_per_episode.csv
Evaluation summary CSV: C:\Users\milke\groupCoursework\FYP\experiment_runs\stage3_backbones_repeat2_100k_20260512_093812\basic_mlp\seed23456\evaluation_summary.csv
Actor checkpoint: C:\Users\milke\groupCoursework\FYP\experiment_runs\stage3_backbones_repeat2_100k_20260512_093812\basic_mlp\seed23456\checkpoint_actor.pth
Critic checkpoint: C:\Users\milke\groupCoursework\FYP\experiment_runs\stage3_backbones_repeat2_100k_20260512_093812\basic_mlp\seed23456\checkpoint_critic.pth
