Training seed: 23456
Config: curriculum_stage_2_easy_overtake
Target timesteps: 200000
Eval type: full
Evaluation seeds: 1000..1049 (50 episodes)
Output directory: C:\Users\milke\groupCoursework\FYP\experiment_runs\self_attention_stage2_5x200k_foreground_20260508_162148\seed23456
Successfully set seed to 23456
Learning... Running 300 timesteps per episode, 4096 timesteps per batch for a total of 200000 timesteps

-------------------- Iteration #1 --------------------
Average Episodic Length: 7.35
Average Episodic Return: 2.82
Average Loss: -0.00938
Timesteps So Far: 4100
Iteration took: 97.92 secs
------------------------------------------------------


-------------------- Iteration #2 --------------------
Average Episodic Length: 7.44
Average Episodic Return: 2.86
Average Loss: -0.00553
Timesteps So Far: 8202
Iteration took: 97.08 secs
------------------------------------------------------


-------------------- Iteration #3 --------------------
Average Episodic Length: 8.27
Average Episodic Return: 3.47
Average Loss: -0.01086
Timesteps So Far: 12303
Iteration took: 207.02 secs
------------------------------------------------------


-------------------- Iteration #4 --------------------
Average Episodic Length: 10.33
Average Episodic Return: 5.03
Average Loss: -0.01341
Timesteps So Far: 16403
Iteration took: 149.38 secs
------------------------------------------------------


-------------------- Iteration #5 --------------------
Average Episodic Length: 13.79
Average Episodic Return: 7.66
Average Loss: -0.0147
Timesteps So Far: 20512
Iteration took: 123.14 secs
------------------------------------------------------


-------------------- Iteration #6 --------------------
Average Episodic Length: 20.21
Average Episodic Return: 13.18
Average Loss: -0.00639
Timesteps So Far: 24614
Iteration took: 118.55 secs
------------------------------------------------------


-------------------- Iteration #7 --------------------
Average Episodic Length: 27.27
Average Episodic Return: 18.59
Average Loss: -0.00266
Timesteps So Far: 28732
Iteration took: 125.68 secs
------------------------------------------------------


-------------------- Iteration #8 --------------------
Average Episodic Length: 25.2
Average Episodic Return: 17.31
Average Loss: -0.00089
Timesteps So Far: 32840
Iteration took: 134.2 secs
------------------------------------------------------


-------------------- Iteration #9 --------------------
Average Episodic Length: 26.02
Average Episodic Return: 17.73
Average Loss: -0.00199
Timesteps So Far: 36951
Iteration took: 141.35 secs
------------------------------------------------------


-------------------- Iteration #10 --------------------
Average Episodic Length: 28.13
Average Episodic Return: 19.63
Average Loss: -0.00111
Timesteps So Far: 41142
Iteration took: 137.63 secs
------------------------------------------------------


-------------------- Iteration #11 --------------------
Average Episodic Length: 28.92
Average Episodic Return: 20.29
Average Loss: -0.00189
Timesteps So Far: 45248
Iteration took: 134.55 secs
------------------------------------------------------


-------------------- Iteration #12 --------------------
Average Episodic Length: 27.28
Average Episodic Return: 18.97
Average Loss: -0.00292
Timesteps So Far: 49367
Iteration took: 132.02 secs
------------------------------------------------------


-------------------- Iteration #13 --------------------
Average Episodic Length: 32.25
Average Episodic Return: 22.96
Average Loss: -0.00119
Timesteps So Far: 53463
Iteration took: 119.19 secs
------------------------------------------------------


-------------------- Iteration #14 --------------------
Average Episodic Length: 32.13
Average Episodic Return: 23.09
Average Loss: -0.001
Timesteps So Far: 57576
Iteration took: 112.03 secs
------------------------------------------------------


-------------------- Iteration #15 --------------------
Average Episodic Length: 38.29
Average Episodic Return: 27.84
Average Loss: -0.00117
Timesteps So Far: 61673
Iteration took: 120.53 secs
------------------------------------------------------


-------------------- Iteration #16 --------------------
Average Episodic Length: 40.63
Average Episodic Return: 30.15
Average Loss: -0.00037
Timesteps So Far: 65817
Iteration took: 127.59 secs
------------------------------------------------------


-------------------- Iteration #17 --------------------
Average Episodic Length: 41.16
Average Episodic Return: 30.07
Average Loss: -0.00102
Timesteps So Far: 69933
Iteration took: 120.77 secs
------------------------------------------------------


-------------------- Iteration #18 --------------------
Average Episodic Length: 43.24
Average Episodic Return: 31.95
Average Loss: -0.00056
Timesteps So Far: 74171
Iteration took: 113.29 secs
------------------------------------------------------


-------------------- Iteration #19 --------------------
Average Episodic Length: 48.35
Average Episodic Return: 36.21
Average Loss: -0.00066
Timesteps So Far: 78281
Iteration took: 110.64 secs
------------------------------------------------------


-------------------- Iteration #20 --------------------
Average Episodic Length: 52.59
Average Episodic Return: 40.34
Average Loss: -0.00067
Timesteps So Far: 82383
Iteration took: 82.24 secs
------------------------------------------------------


-------------------- Iteration #21 --------------------
Average Episodic Length: 38.76
Average Episodic Return: 28.56
Average Loss: -0.00117
Timesteps So Far: 86492
Iteration took: 66.58 secs
------------------------------------------------------


-------------------- Iteration #22 --------------------
Average Episodic Length: 51.53
Average Episodic Return: 39.36
Average Loss: -0.0008
Timesteps So Far: 90666
Iteration took: 66.47 secs
------------------------------------------------------


-------------------- Iteration #23 --------------------
Average Episodic Length: 66.15
Average Episodic Return: 51.32
Average Loss: -0.00083
Timesteps So Far: 94767
Iteration took: 79.02 secs
------------------------------------------------------


-------------------- Iteration #24 --------------------
Average Episodic Length: 70.47
Average Episodic Return: 54.81
Average Loss: -0.00111
Timesteps So Far: 99136
Iteration took: 85.93 secs
------------------------------------------------------


-------------------- Iteration #25 --------------------
Average Episodic Length: 80.0
Average Episodic Return: 63.09
Average Loss: -0.00072
Timesteps So Far: 103296
Iteration took: 86.84 secs
------------------------------------------------------


-------------------- Iteration #26 --------------------
Average Episodic Length: 71.88
Average Episodic Return: 55.53
Average Loss: -0.00137
Timesteps So Far: 107393
Iteration took: 89.57 secs
------------------------------------------------------


-------------------- Iteration #27 --------------------
Average Episodic Length: 52.22
Average Episodic Return: 39.56
Average Loss: -0.00128
Timesteps So Far: 111518
Iteration took: 87.2 secs
------------------------------------------------------


-------------------- Iteration #28 --------------------
Average Episodic Length: 70.07
Average Episodic Return: 54.13
Average Loss: -0.001
Timesteps So Far: 115722
Iteration took: 94.29 secs
------------------------------------------------------


-------------------- Iteration #29 --------------------
Average Episodic Length: 69.44
Average Episodic Return: 54.48
Average Loss: -0.00206
Timesteps So Far: 119819
Iteration took: 99.67 secs
------------------------------------------------------


-------------------- Iteration #30 --------------------
Average Episodic Length: 93.3
Average Episodic Return: 74.35
Average Loss: -0.00135
Timesteps So Far: 123924
Iteration took: 85.02 secs
------------------------------------------------------


-------------------- Iteration #31 --------------------
Average Episodic Length: 92.65
Average Episodic Return: 73.43
Average Loss: -0.00063
Timesteps So Far: 128186
Iteration took: 88.95 secs
------------------------------------------------------


-------------------- Iteration #32 --------------------
Average Episodic Length: 129.27
Average Episodic Return: 104.61
Average Loss: -0.00073
Timesteps So Far: 132452
Iteration took: 90.68 secs
------------------------------------------------------


-------------------- Iteration #33 --------------------
Average Episodic Length: 106.87
Average Episodic Return: 86.24
Average Loss: -0.00018
Timesteps So Far: 136620
Iteration took: 100.31 secs
------------------------------------------------------


-------------------- Iteration #34 --------------------
Average Episodic Length: 97.16
Average Episodic Return: 77.67
Average Loss: -0.00044
Timesteps So Far: 140992
Iteration took: 106.25 secs
------------------------------------------------------


-------------------- Iteration #35 --------------------
Average Episodic Length: 111.51
Average Episodic Return: 90.43
Average Loss: -0.00108
Timesteps So Far: 145118
Iteration took: 103.43 secs
------------------------------------------------------


-------------------- Iteration #36 --------------------
Average Episodic Length: 97.98
Average Episodic Return: 78.59
Average Loss: -0.00014
Timesteps So Far: 149233
Iteration took: 97.85 secs
------------------------------------------------------


-------------------- Iteration #37 --------------------
Average Episodic Length: 93.14
Average Episodic Return: 72.99
Average Loss: -0.0005
Timesteps So Far: 153331
Iteration took: 94.99 secs
------------------------------------------------------


-------------------- Iteration #38 --------------------
Average Episodic Length: 141.43
Average Episodic Return: 114.24
Average Loss: -0.00055
Timesteps So Far: 157574
Iteration took: 151.82 secs
------------------------------------------------------


-------------------- Iteration #39 --------------------
Average Episodic Length: 148.41
Average Episodic Return: 120.13
Average Loss: -0.00088
Timesteps So Far: 161878
Iteration took: 173.5 secs
------------------------------------------------------


-------------------- Iteration #40 --------------------
Average Episodic Length: 163.15
Average Episodic Return: 134.29
Average Loss: -0.00022
Timesteps So Far: 166120
Iteration took: 120.49 secs
------------------------------------------------------


-------------------- Iteration #41 --------------------
Average Episodic Length: 135.32
Average Episodic Return: 109.37
Average Loss: -0.0013
Timesteps So Far: 170315
Iteration took: 115.4 secs
------------------------------------------------------


-------------------- Iteration #42 --------------------
Average Episodic Length: 134.68
Average Episodic Return: 108.9
Average Loss: -0.00016
Timesteps So Far: 174490
Iteration took: 115.47 secs
------------------------------------------------------


-------------------- Iteration #43 --------------------
Average Episodic Length: 146.36
Average Episodic Return: 119.31
Average Loss: -0.00044
Timesteps So Far: 178588
Iteration took: 112.35 secs
------------------------------------------------------


-------------------- Iteration #44 --------------------
Average Episodic Length: 148.38
Average Episodic Return: 120.5
Average Loss: -5e-05
Timesteps So Far: 182891
Iteration took: 117.96 secs
------------------------------------------------------


-------------------- Iteration #45 --------------------
Average Episodic Length: 164.28
Average Episodic Return: 132.9
Average Loss: -0.00123
Timesteps So Far: 186998
Iteration took: 112.59 secs
------------------------------------------------------


-------------------- Iteration #46 --------------------
Average Episodic Length: 132.9
Average Episodic Return: 108.17
Average Loss: -0.00051
Timesteps So Far: 191118
Iteration took: 113.89 secs
------------------------------------------------------


-------------------- Iteration #47 --------------------
Average Episodic Length: 115.08
Average Episodic Return: 92.73
Average Loss: -0.00033
Timesteps So Far: 195261
Iteration took: 112.0 secs
------------------------------------------------------


-------------------- Iteration #48 --------------------
Average Episodic Length: 144.1
Average Episodic Return: 116.56
Average Loss: -0.00096
Timesteps So Far: 199440
Iteration took: 117.51 secs
------------------------------------------------------


-------------------- Iteration #49 --------------------
Average Episodic Length: 140.6
Average Episodic Return: 113.37
Average Loss: -0.00077
Timesteps So Far: 203658
Iteration took: 123.18 secs
------------------------------------------------------

Training CSV: C:\Users\milke\groupCoursework\FYP\experiment_runs\self_attention_stage2_5x200k_foreground_20260508_162148\seed23456\training_log.csv
Training summary CSV: C:\Users\milke\groupCoursework\FYP\experiment_runs\self_attention_stage2_5x200k_foreground_20260508_162148\seed23456\training_summary.csv
Evaluation per-episode CSV: C:\Users\milke\groupCoursework\FYP\experiment_runs\self_attention_stage2_5x200k_foreground_20260508_162148\seed23456\evaluation_per_episode.csv
Evaluation summary CSV: C:\Users\milke\groupCoursework\FYP\experiment_runs\self_attention_stage2_5x200k_foreground_20260508_162148\seed23456\evaluation_summary.csv
Actor checkpoint: C:\Users\milke\groupCoursework\FYP\experiment_runs\self_attention_stage2_5x200k_foreground_20260508_162148\seed23456\checkpoint_actor.pth
Critic checkpoint: C:\Users\milke\groupCoursework\FYP\experiment_runs\self_attention_stage2_5x200k_foreground_20260508_162148\seed23456\checkpoint_critic.pth
