Training seed: 12345
Config: curriculum_stage_2_easy_overtake
Target timesteps: 100000
Eval type: full
Evaluation seeds: 1000..1049 (50 episodes)
Output directory: C:\Users\milke\groupCoursework\FYP\experiment_runs\meanmax_continuous_stage2_lite_5run_100k_20260510_152144\seed12345
Successfully set seed to 12345
Learning... Running 300 timesteps per episode, 4096 timesteps per batch for a total of 100000 timesteps

-------------------- Iteration #1 --------------------
Average Episodic Length: 22.43
Average Episodic Return: 14.89
Average Loss: -0.00148
Timesteps So Far: 4105
Iteration took: 66.13 secs
------------------------------------------------------


-------------------- Iteration #2 --------------------
Average Episodic Length: 25.09
Average Episodic Return: 17.09
Average Loss: -0.00089
Timesteps So Far: 8220
Iteration took: 61.93 secs
------------------------------------------------------


-------------------- Iteration #3 --------------------
Average Episodic Length: 22.76
Average Episodic Return: 15.06
Average Loss: -0.00119
Timesteps So Far: 12317
Iteration took: 61.69 secs
------------------------------------------------------


-------------------- Iteration #4 --------------------
Average Episodic Length: 23.77
Average Episodic Return: 16.1
Average Loss: -0.00112
Timesteps So Far: 16430
Iteration took: 61.93 secs
------------------------------------------------------


-------------------- Iteration #5 --------------------
Average Episodic Length: 24.24
Average Episodic Return: 16.48
Average Loss: -0.00113
Timesteps So Far: 20551
Iteration took: 68.45 secs
------------------------------------------------------


-------------------- Iteration #6 --------------------
Average Episodic Length: 26.38
Average Episodic Return: 18.05
Average Loss: -0.00053
Timesteps So Far: 24692
Iteration took: 64.31 secs
------------------------------------------------------


-------------------- Iteration #7 --------------------
Average Episodic Length: 25.62
Average Episodic Return: 17.6
Average Loss: -0.001
Timesteps So Far: 28842
Iteration took: 61.77 secs
------------------------------------------------------


-------------------- Iteration #8 --------------------
Average Episodic Length: 25.2
Average Episodic Return: 17.48
Average Loss: -0.00093
Timesteps So Far: 32975
Iteration took: 63.26 secs
------------------------------------------------------


-------------------- Iteration #9 --------------------
Average Episodic Length: 26.2
Average Episodic Return: 17.97
Average Loss: -0.0012
Timesteps So Far: 37115
Iteration took: 62.14 secs
------------------------------------------------------


-------------------- Iteration #10 --------------------
Average Episodic Length: 27.16
Average Episodic Return: 19.01
Average Loss: -0.00087
Timesteps So Far: 41244
Iteration took: 64.62 secs
------------------------------------------------------


-------------------- Iteration #11 --------------------
Average Episodic Length: 30.18
Average Episodic Return: 21.43
Average Loss: -0.00113
Timesteps So Far: 45349
Iteration took: 63.28 secs
------------------------------------------------------


-------------------- Iteration #12 --------------------
Average Episodic Length: 30.7
Average Episodic Return: 21.67
Average Loss: -0.00098
Timesteps So Far: 49463
Iteration took: 62.67 secs
------------------------------------------------------


-------------------- Iteration #13 --------------------
Average Episodic Length: 32.13
Average Episodic Return: 22.57
Average Loss: -0.00149
Timesteps So Far: 53576
Iteration took: 62.32 secs
------------------------------------------------------


-------------------- Iteration #14 --------------------
Average Episodic Length: 30.44
Average Episodic Return: 21.53
Average Loss: -0.00156
Timesteps So Far: 57686
Iteration took: 62.31 secs
------------------------------------------------------


-------------------- Iteration #15 --------------------
Average Episodic Length: 35.27
Average Episodic Return: 25.57
Average Loss: -0.00124
Timesteps So Far: 61813
Iteration took: 63.52 secs
------------------------------------------------------


-------------------- Iteration #16 --------------------
Average Episodic Length: 32.42
Average Episodic Return: 23.06
Average Loss: -0.00096
Timesteps So Far: 65930
Iteration took: 68.22 secs
------------------------------------------------------


-------------------- Iteration #17 --------------------
Average Episodic Length: 35.03
Average Episodic Return: 24.81
Average Loss: -0.00053
Timesteps So Far: 70028
Iteration took: 78.66 secs
------------------------------------------------------


-------------------- Iteration #18 --------------------
Average Episodic Length: 38.68
Average Episodic Return: 27.92
Average Loss: -0.00092
Timesteps So Far: 74128
Iteration took: 69.15 secs
------------------------------------------------------


-------------------- Iteration #19 --------------------
Average Episodic Length: 37.8
Average Episodic Return: 27.41
Average Loss: -0.00041
Timesteps So Far: 78248
Iteration took: 63.62 secs
------------------------------------------------------


-------------------- Iteration #20 --------------------
Average Episodic Length: 43.66
Average Episodic Return: 32.18
Average Loss: -0.00065
Timesteps So Far: 82352
Iteration took: 581.1 secs
------------------------------------------------------


-------------------- Iteration #21 --------------------
Average Episodic Length: 39.04
Average Episodic Return: 28.37
Average Loss: -0.00137
Timesteps So Far: 86451
Iteration took: 68.14 secs
------------------------------------------------------


-------------------- Iteration #22 --------------------
Average Episodic Length: 44.4
Average Episodic Return: 32.96
Average Loss: -4e-05
Timesteps So Far: 90580
Iteration took: 57.94 secs
------------------------------------------------------


-------------------- Iteration #23 --------------------
Average Episodic Length: 43.16
Average Episodic Return: 31.61
Average Loss: -0.00053
Timesteps So Far: 94680
Iteration took: 56.26 secs
------------------------------------------------------


-------------------- Iteration #24 --------------------
Average Episodic Length: 49.39
Average Episodic Return: 36.79
Average Loss: -0.0009
Timesteps So Far: 98779
Iteration took: 55.77 secs
------------------------------------------------------


-------------------- Iteration #25 --------------------
Average Episodic Length: 41.93
Average Episodic Return: 30.76
Average Loss: -0.00087
Timesteps So Far: 102972
Iteration took: 59.65 secs
------------------------------------------------------

Training CSV: C:\Users\milke\groupCoursework\FYP\experiment_runs\meanmax_continuous_stage2_lite_5run_100k_20260510_152144\seed12345\training_log.csv
Training summary CSV: C:\Users\milke\groupCoursework\FYP\experiment_runs\meanmax_continuous_stage2_lite_5run_100k_20260510_152144\seed12345\training_summary.csv
Evaluation per-episode CSV: C:\Users\milke\groupCoursework\FYP\experiment_runs\meanmax_continuous_stage2_lite_5run_100k_20260510_152144\seed12345\evaluation_per_episode.csv
Evaluation summary CSV: C:\Users\milke\groupCoursework\FYP\experiment_runs\meanmax_continuous_stage2_lite_5run_100k_20260510_152144\seed12345\evaluation_summary.csv
Actor checkpoint: C:\Users\milke\groupCoursework\FYP\experiment_runs\meanmax_continuous_stage2_lite_5run_100k_20260510_152144\seed12345\checkpoint_actor.pth
Critic checkpoint: C:\Users\milke\groupCoursework\FYP\experiment_runs\meanmax_continuous_stage2_lite_5run_100k_20260510_152144\seed12345\checkpoint_critic.pth
