Training seed: 23456
Config: curriculum_stage_2_easy_overtake
Target timesteps: 200000
Eval type: full
Evaluation seeds: 1000..1049 (50 episodes)
Output directory: C:\Users\milke\groupCoursework\FYP\experiment_runs\deepsets_mean_stage2_5x200k_resume_20260508_101417\seed23456
Successfully set seed to 23456
Learning... Running 300 timesteps per episode, 4096 timesteps per batch for a total of 200000 timesteps

-------------------- Iteration #1 --------------------
Average Episodic Length: 23.42
Average Episodic Return: 15.17
Average Loss: -0.00241
Timesteps So Far: 4099
Iteration took: 60.99 secs
------------------------------------------------------


-------------------- Iteration #2 --------------------
Average Episodic Length: 22.76
Average Episodic Return: 14.59
Average Loss: -0.00105
Timesteps So Far: 8196
Iteration took: 61.18 secs
------------------------------------------------------


-------------------- Iteration #3 --------------------
Average Episodic Length: 24.69
Average Episodic Return: 15.95
Average Loss: -0.0006
Timesteps So Far: 12320
Iteration took: 63.24 secs
------------------------------------------------------


-------------------- Iteration #4 --------------------
Average Episodic Length: 25.52
Average Episodic Return: 16.6
Average Loss: -0.00145
Timesteps So Far: 16429
Iteration took: 65.53 secs
------------------------------------------------------


-------------------- Iteration #5 --------------------
Average Episodic Length: 31.48
Average Episodic Return: 22.09
Average Loss: -0.00072
Timesteps So Far: 20553
Iteration took: 64.13 secs
------------------------------------------------------


-------------------- Iteration #6 --------------------
Average Episodic Length: 22.97
Average Episodic Return: 14.91
Average Loss: -0.00052
Timesteps So Far: 24664
Iteration took: 62.92 secs
------------------------------------------------------


-------------------- Iteration #7 --------------------
Average Episodic Length: 27.89
Average Episodic Return: 18.89
Average Loss: -0.00076
Timesteps So Far: 28764
Iteration took: 61.99 secs
------------------------------------------------------


-------------------- Iteration #8 --------------------
Average Episodic Length: 31.06
Average Episodic Return: 21.25
Average Loss: -0.00034
Timesteps So Far: 32864
Iteration took: 63.16 secs
------------------------------------------------------


-------------------- Iteration #9 --------------------
Average Episodic Length: 31.08
Average Episodic Return: 21.23
Average Loss: -0.00052
Timesteps So Far: 36967
Iteration took: 64.16 secs
------------------------------------------------------


-------------------- Iteration #10 --------------------
Average Episodic Length: 28.28
Average Episodic Return: 19.48
Average Loss: -0.00082
Timesteps So Far: 41152
Iteration took: 67.58 secs
------------------------------------------------------


-------------------- Iteration #11 --------------------
Average Episodic Length: 30.57
Average Episodic Return: 21.25
Average Loss: -0.00063
Timesteps So Far: 45249
Iteration took: 64.61 secs
------------------------------------------------------


-------------------- Iteration #12 --------------------
Average Episodic Length: 33.06
Average Episodic Return: 23.41
Average Loss: -0.00047
Timesteps So Far: 49382
Iteration took: 64.89 secs
------------------------------------------------------


-------------------- Iteration #13 --------------------
Average Episodic Length: 29.33
Average Episodic Return: 20.15
Average Loss: -0.00088
Timesteps So Far: 53517
Iteration took: 66.88 secs
------------------------------------------------------


-------------------- Iteration #14 --------------------
Average Episodic Length: 33.09
Average Episodic Return: 23.18
Average Loss: -0.00153
Timesteps So Far: 57620
Iteration took: 69.46 secs
------------------------------------------------------


-------------------- Iteration #15 --------------------
Average Episodic Length: 36.35
Average Episodic Return: 26.1
Average Loss: -0.00093
Timesteps So Far: 61728
Iteration took: 66.59 secs
------------------------------------------------------


-------------------- Iteration #16 --------------------
Average Episodic Length: 36.95
Average Episodic Return: 26.49
Average Loss: 0.00018
Timesteps So Far: 65829
Iteration took: 68.55 secs
------------------------------------------------------


-------------------- Iteration #17 --------------------
Average Episodic Length: 43.2
Average Episodic Return: 31.38
Average Loss: -0.00097
Timesteps So Far: 69933
Iteration took: 67.49 secs
------------------------------------------------------


-------------------- Iteration #18 --------------------
Average Episodic Length: 39.21
Average Episodic Return: 28.22
Average Loss: -0.00073
Timesteps So Far: 74050
Iteration took: 66.5 secs
------------------------------------------------------


-------------------- Iteration #19 --------------------
Average Episodic Length: 34.58
Average Episodic Return: 24.24
Average Loss: 0.00011
Timesteps So Far: 78165
Iteration took: 67.16 secs
------------------------------------------------------


-------------------- Iteration #20 --------------------
Average Episodic Length: 42.39
Average Episodic Return: 31.34
Average Loss: -0.00062
Timesteps So Far: 82277
Iteration took: 66.51 secs
------------------------------------------------------


-------------------- Iteration #21 --------------------
Average Episodic Length: 40.43
Average Episodic Return: 29.1
Average Loss: -0.00047
Timesteps So Far: 86401
Iteration took: 67.32 secs
------------------------------------------------------


-------------------- Iteration #22 --------------------
Average Episodic Length: 37.53
Average Episodic Return: 26.77
Average Loss: -0.0004
Timesteps So Far: 90567
Iteration took: 69.05 secs
------------------------------------------------------


-------------------- Iteration #23 --------------------
Average Episodic Length: 44.04
Average Episodic Return: 31.77
Average Loss: -0.00024
Timesteps So Far: 94707
Iteration took: 74.24 secs
------------------------------------------------------


-------------------- Iteration #24 --------------------
Average Episodic Length: 37.98
Average Episodic Return: 27.01
Average Loss: -0.00045
Timesteps So Far: 98885
Iteration took: 72.66 secs
------------------------------------------------------


-------------------- Iteration #25 --------------------
Average Episodic Length: 49.93
Average Episodic Return: 37.18
Average Loss: -0.0003
Timesteps So Far: 103129
Iteration took: 73.02 secs
------------------------------------------------------


-------------------- Iteration #26 --------------------
Average Episodic Length: 47.56
Average Episodic Return: 35.61
Average Loss: -0.00022
Timesteps So Far: 107267
Iteration took: 70.25 secs
------------------------------------------------------


-------------------- Iteration #27 --------------------
Average Episodic Length: 55.87
Average Episodic Return: 42.15
Average Loss: -0.00037
Timesteps So Far: 111457
Iteration took: 71.38 secs
------------------------------------------------------


-------------------- Iteration #28 --------------------
Average Episodic Length: 42.04
Average Episodic Return: 30.25
Average Loss: -0.00024
Timesteps So Far: 115577
Iteration took: 62.9 secs
------------------------------------------------------


-------------------- Iteration #29 --------------------
Average Episodic Length: 48.71
Average Episodic Return: 36.45
Average Loss: -0.00037
Timesteps So Far: 119717
Iteration took: 63.59 secs
------------------------------------------------------


-------------------- Iteration #30 --------------------
Average Episodic Length: 46.93
Average Episodic Return: 35.05
Average Loss: -0.00072
Timesteps So Far: 123988
Iteration took: 64.82 secs
------------------------------------------------------


-------------------- Iteration #31 --------------------
Average Episodic Length: 38.8
Average Episodic Return: 27.95
Average Loss: -0.00025
Timesteps So Far: 128101
Iteration took: 62.59 secs
------------------------------------------------------


-------------------- Iteration #32 --------------------
Average Episodic Length: 57.45
Average Episodic Return: 43.84
Average Loss: -0.00027
Timesteps So Far: 132410
Iteration took: 66.71 secs
------------------------------------------------------


-------------------- Iteration #33 --------------------
Average Episodic Length: 48.13
Average Episodic Return: 35.5
Average Loss: -0.00043
Timesteps So Far: 136549
Iteration took: 61.94 secs
------------------------------------------------------


-------------------- Iteration #34 --------------------
Average Episodic Length: 57.07
Average Episodic Return: 43.42
Average Loss: -0.00075
Timesteps So Far: 140658
Iteration took: 62.41 secs
------------------------------------------------------


-------------------- Iteration #35 --------------------
Average Episodic Length: 63.68
Average Episodic Return: 48.88
Average Loss: -0.00035
Timesteps So Far: 144797
Iteration took: 64.06 secs
------------------------------------------------------


-------------------- Iteration #36 --------------------
Average Episodic Length: 58.84
Average Episodic Return: 45.05
Average Loss: -0.00013
Timesteps So Far: 148916
Iteration took: 62.26 secs
------------------------------------------------------


-------------------- Iteration #37 --------------------
Average Episodic Length: 39.15
Average Episodic Return: 28.06
Average Loss: -4e-05
Timesteps So Far: 153144
Iteration took: 65.94 secs
------------------------------------------------------


-------------------- Iteration #38 --------------------
Average Episodic Length: 51.72
Average Episodic Return: 38.85
Average Loss: -0.00089
Timesteps So Far: 157385
Iteration took: 65.87 secs
------------------------------------------------------


-------------------- Iteration #39 --------------------
Average Episodic Length: 54.37
Average Episodic Return: 40.94
Average Loss: -0.00062
Timesteps So Far: 161517
Iteration took: 64.51 secs
------------------------------------------------------


-------------------- Iteration #40 --------------------
Average Episodic Length: 59.65
Average Episodic Return: 45.94
Average Loss: -4e-05
Timesteps So Far: 165633
Iteration took: 63.06 secs
------------------------------------------------------


-------------------- Iteration #41 --------------------
Average Episodic Length: 65.56
Average Episodic Return: 49.73
Average Loss: -0.00137
Timesteps So Far: 169763
Iteration took: 65.57 secs
------------------------------------------------------


-------------------- Iteration #42 --------------------
Average Episodic Length: 63.17
Average Episodic Return: 48.3
Average Loss: 0.00015
Timesteps So Far: 173869
Iteration took: 63.84 secs
------------------------------------------------------


-------------------- Iteration #43 --------------------
Average Episodic Length: 82.4
Average Episodic Return: 64.9
Average Loss: -0.0005
Timesteps So Far: 177989
Iteration took: 64.34 secs
------------------------------------------------------


-------------------- Iteration #44 --------------------
Average Episodic Length: 67.39
Average Episodic Return: 51.55
Average Loss: 7e-05
Timesteps So Far: 182167
Iteration took: 65.49 secs
------------------------------------------------------


-------------------- Iteration #45 --------------------
Average Episodic Length: 61.42
Average Episodic Return: 47.01
Average Loss: -0.00024
Timesteps So Far: 186282
Iteration took: 63.75 secs
------------------------------------------------------


-------------------- Iteration #46 --------------------
Average Episodic Length: 65.15
Average Episodic Return: 50.0
Average Loss: -0.00017
Timesteps So Far: 190647
Iteration took: 69.08 secs
------------------------------------------------------


-------------------- Iteration #47 --------------------
Average Episodic Length: 75.93
Average Episodic Return: 58.82
Average Loss: -0.00032
Timesteps So Far: 194747
Iteration took: 64.37 secs
------------------------------------------------------


-------------------- Iteration #48 --------------------
Average Episodic Length: 77.57
Average Episodic Return: 59.97
Average Loss: 1e-05
Timesteps So Far: 198858
Iteration took: 63.27 secs
------------------------------------------------------


-------------------- Iteration #49 --------------------
Average Episodic Length: 94.38
Average Episodic Return: 74.49
Average Loss: -9e-05
Timesteps So Far: 203105
Iteration took: 67.22 secs
------------------------------------------------------

Training CSV: C:\Users\milke\groupCoursework\FYP\experiment_runs\deepsets_mean_stage2_5x200k_resume_20260508_101417\seed23456\training_log.csv
Training summary CSV: C:\Users\milke\groupCoursework\FYP\experiment_runs\deepsets_mean_stage2_5x200k_resume_20260508_101417\seed23456\training_summary.csv
Evaluation per-episode CSV: C:\Users\milke\groupCoursework\FYP\experiment_runs\deepsets_mean_stage2_5x200k_resume_20260508_101417\seed23456\evaluation_per_episode.csv
Evaluation summary CSV: C:\Users\milke\groupCoursework\FYP\experiment_runs\deepsets_mean_stage2_5x200k_resume_20260508_101417\seed23456\evaluation_summary.csv
Actor checkpoint: C:\Users\milke\groupCoursework\FYP\experiment_runs\deepsets_mean_stage2_5x200k_resume_20260508_101417\seed23456\checkpoint_actor.pth
Critic checkpoint: C:\Users\milke\groupCoursework\FYP\experiment_runs\deepsets_mean_stage2_5x200k_resume_20260508_101417\seed23456\checkpoint_critic.pth
