Training seed: 12345
Config: curriculum_stage_2_easy_overtake
Target timesteps: 100000
Eval type: full
Evaluation seeds: 1000..1049 (50 episodes)
Output directory: C:\Users\milke\groupCoursework\FYP\experiment_runs\self_attention_stage2_lite_seed12345_rerun_100k_20260511_121242\seed12345
Successfully set seed to 12345
Learning... Running 300 timesteps per episode, 4096 timesteps per batch for a total of 100000 timesteps

-------------------- Iteration #1 --------------------
Average Episodic Length: 11.45
Average Episodic Return: 6.4
Average Loss: -0.00861
Timesteps So Far: 4098
Iteration took: 1798.75 secs
------------------------------------------------------


-------------------- Iteration #2 --------------------
Average Episodic Length: 13.14
Average Episodic Return: 7.82
Average Loss: -0.00312
Timesteps So Far: 8210
Iteration took: 92.97 secs
------------------------------------------------------


-------------------- Iteration #3 --------------------
Average Episodic Length: 15.85
Average Episodic Return: 10.03
Average Loss: -0.00624
Timesteps So Far: 12332
Iteration took: 95.28 secs
------------------------------------------------------


-------------------- Iteration #4 --------------------
Average Episodic Length: 19.23
Average Episodic Return: 12.67
Average Loss: -0.00371
Timesteps So Far: 16428
Iteration took: 88.19 secs
------------------------------------------------------


-------------------- Iteration #5 --------------------
Average Episodic Length: 21.19
Average Episodic Return: 14.11
Average Loss: -0.00355
Timesteps So Far: 20539
Iteration took: 79.72 secs
------------------------------------------------------


-------------------- Iteration #6 --------------------
Average Episodic Length: 24.42
Average Episodic Return: 16.74
Average Loss: -0.00314
Timesteps So Far: 24642
Iteration took: 80.57 secs
------------------------------------------------------


-------------------- Iteration #7 --------------------
Average Episodic Length: 25.96
Average Episodic Return: 18.5
Average Loss: -0.00163
Timesteps So Far: 28770
Iteration took: 81.63 secs
------------------------------------------------------


-------------------- Iteration #8 --------------------
Average Episodic Length: 28.19
Average Episodic Return: 20.46
Average Loss: -0.0019
Timesteps So Far: 32886
Iteration took: 80.61 secs
------------------------------------------------------


-------------------- Iteration #9 --------------------
Average Episodic Length: 31.88
Average Episodic Return: 23.4
Average Loss: -0.00252
Timesteps So Far: 36998
Iteration took: 79.69 secs
------------------------------------------------------


-------------------- Iteration #10 --------------------
Average Episodic Length: 32.28
Average Episodic Return: 23.51
Average Loss: -0.00189
Timesteps So Far: 41097
Iteration took: 72.95 secs
------------------------------------------------------


-------------------- Iteration #11 --------------------
Average Episodic Length: 36.79
Average Episodic Return: 27.97
Average Loss: -0.00116
Timesteps So Far: 45218
Iteration took: 77.84 secs
------------------------------------------------------


-------------------- Iteration #12 --------------------
Average Episodic Length: 33.72
Average Episodic Return: 24.86
Average Loss: -0.00207
Timesteps So Far: 49332
Iteration took: 74.72 secs
------------------------------------------------------


-------------------- Iteration #13 --------------------
Average Episodic Length: 36.65
Average Episodic Return: 27.51
Average Loss: -0.00095
Timesteps So Far: 53473
Iteration took: 75.19 secs
------------------------------------------------------


-------------------- Iteration #14 --------------------
Average Episodic Length: 40.39
Average Episodic Return: 30.64
Average Loss: -0.00183
Timesteps So Far: 57593
Iteration took: 75.38 secs
------------------------------------------------------


-------------------- Iteration #15 --------------------
Average Episodic Length: 40.58
Average Episodic Return: 30.8
Average Loss: -0.00228
Timesteps So Far: 61692
Iteration took: 75.87 secs
------------------------------------------------------


-------------------- Iteration #16 --------------------
Average Episodic Length: 44.8
Average Episodic Return: 35.2
Average Loss: -0.00041
Timesteps So Far: 65814
Iteration took: 74.95 secs
------------------------------------------------------


-------------------- Iteration #17 --------------------
Average Episodic Length: 40.95
Average Episodic Return: 30.68
Average Loss: -0.00165
Timesteps So Far: 69950
Iteration took: 75.34 secs
------------------------------------------------------


-------------------- Iteration #18 --------------------
Average Episodic Length: 46.08
Average Episodic Return: 36.17
Average Loss: -0.00048
Timesteps So Far: 74143
Iteration took: 78.3 secs
------------------------------------------------------


-------------------- Iteration #19 --------------------
Average Episodic Length: 52.18
Average Episodic Return: 42.06
Average Loss: -0.00016
Timesteps So Far: 78265
Iteration took: 74.86 secs
------------------------------------------------------


-------------------- Iteration #20 --------------------
Average Episodic Length: 46.1
Average Episodic Return: 36.27
Average Loss: -0.00062
Timesteps So Far: 82368
Iteration took: 75.69 secs
------------------------------------------------------


-------------------- Iteration #21 --------------------
Average Episodic Length: 44.0
Average Episodic Return: 34.26
Average Loss: -0.00139
Timesteps So Far: 86504
Iteration took: 76.39 secs
------------------------------------------------------


-------------------- Iteration #22 --------------------
Average Episodic Length: 48.86
Average Episodic Return: 38.39
Average Loss: -0.00092
Timesteps So Far: 90608
Iteration took: 74.89 secs
------------------------------------------------------


-------------------- Iteration #23 --------------------
Average Episodic Length: 48.42
Average Episodic Return: 38.5
Average Loss: -0.00069
Timesteps So Far: 94724
Iteration took: 75.39 secs
------------------------------------------------------


-------------------- Iteration #24 --------------------
Average Episodic Length: 47.14
Average Episodic Return: 37.69
Average Loss: -0.00025
Timesteps So Far: 98825
Iteration took: 74.84 secs
------------------------------------------------------


-------------------- Iteration #25 --------------------
Average Episodic Length: 47.41
Average Episodic Return: 37.62
Average Loss: -0.00016
Timesteps So Far: 102950
Iteration took: 76.06 secs
------------------------------------------------------

Training CSV: C:\Users\milke\groupCoursework\FYP\experiment_runs\self_attention_stage2_lite_seed12345_rerun_100k_20260511_121242\seed12345\training_log.csv
Training summary CSV: C:\Users\milke\groupCoursework\FYP\experiment_runs\self_attention_stage2_lite_seed12345_rerun_100k_20260511_121242\seed12345\training_summary.csv
Evaluation per-episode CSV: C:\Users\milke\groupCoursework\FYP\experiment_runs\self_attention_stage2_lite_seed12345_rerun_100k_20260511_121242\seed12345\evaluation_per_episode.csv
Evaluation summary CSV: C:\Users\milke\groupCoursework\FYP\experiment_runs\self_attention_stage2_lite_seed12345_rerun_100k_20260511_121242\seed12345\evaluation_summary.csv
Actor checkpoint: C:\Users\milke\groupCoursework\FYP\experiment_runs\self_attention_stage2_lite_seed12345_rerun_100k_20260511_121242\seed12345\checkpoint_actor.pth
Critic checkpoint: C:\Users\milke\groupCoursework\FYP\experiment_runs\self_attention_stage2_lite_seed12345_rerun_100k_20260511_121242\seed12345\checkpoint_critic.pth
