Learning... Running 300 timesteps per episode, 4096 timesteps per batch for a total of 100000 timesteps
the uncertainty penalty lambda is 0.01

-------------------- Iteration #1 --------------------
Average Episodic Length: 22.91
Average Episodic Return: 14.678
Average Raw Episodic Return (without uncertainty penalty): 14.762
Average Loss: -0.00229
Average Critic Uncertainty: 0.00029
Timesteps So Far: 4124
Iteration took: 93.77 secs
------------------------------------------------------


-------------------- Iteration #2 --------------------
Average Episodic Length: 23.17
Average Episodic Return: 15.067
Average Raw Episodic Return (without uncertainty penalty): 15.148
Average Loss: -0.00096
Average Critic Uncertainty: 0.00028
Timesteps So Far: 8225
Iteration took: 105.77 secs
------------------------------------------------------


-------------------- Iteration #3 --------------------
Average Episodic Length: 22.32
Average Episodic Return: 14.677
Average Raw Episodic Return (without uncertainty penalty): 14.76
Average Loss: -0.00065
Average Critic Uncertainty: 0.00028
Timesteps So Far: 12332
Iteration took: 96.42 secs
------------------------------------------------------


-------------------- Iteration #4 --------------------
Average Episodic Length: 24.61
Average Episodic Return: 15.759
Average Raw Episodic Return (without uncertainty penalty): 15.848
Average Loss: -0.00132
Average Critic Uncertainty: 0.00029
Timesteps So Far: 16466
Iteration took: 90.69 secs
------------------------------------------------------


-------------------- Iteration #5 --------------------
Average Episodic Length: 25.81
Average Episodic Return: 16.844
Average Raw Episodic Return (without uncertainty penalty): 16.938
Average Loss: -0.00047
Average Critic Uncertainty: 0.00029
Timesteps So Far: 20569
Iteration took: 89.7 secs
------------------------------------------------------


-------------------- Iteration #6 --------------------
Average Episodic Length: 25.57
Average Episodic Return: 16.327
Average Raw Episodic Return (without uncertainty penalty): 16.42
Average Loss: -0.00049
Average Critic Uncertainty: 0.00029
Timesteps So Far: 24686
Iteration took: 87.76 secs
------------------------------------------------------


-------------------- Iteration #7 --------------------
Average Episodic Length: 26.65
Average Episodic Return: 17.213
Average Raw Episodic Return (without uncertainty penalty): 17.312
Average Loss: -0.00062
Average Critic Uncertainty: 0.0003
Timesteps So Far: 28790
Iteration took: 88.82 secs
------------------------------------------------------


-------------------- Iteration #8 --------------------
Average Episodic Length: 28.12
Average Episodic Return: 18.997
Average Raw Episodic Return (without uncertainty penalty): 19.103
Average Loss: -0.00055
Average Critic Uncertainty: 0.00031
Timesteps So Far: 32896
Iteration took: 87.59 secs
------------------------------------------------------


-------------------- Iteration #9 --------------------
Average Episodic Length: 27.37
Average Episodic Return: 18.064
Average Raw Episodic Return (without uncertainty penalty): 18.167
Average Loss: -0.00062
Average Critic Uncertainty: 0.00032
Timesteps So Far: 37002
Iteration took: 88.59 secs
------------------------------------------------------


-------------------- Iteration #10 --------------------
Average Episodic Length: 28.11
Average Episodic Return: 18.269
Average Raw Episodic Return (without uncertainty penalty): 18.372
Average Loss: -0.00061
Average Critic Uncertainty: 0.00033
Timesteps So Far: 41106
Iteration took: 87.17 secs
------------------------------------------------------


-------------------- Iteration #11 --------------------
Average Episodic Length: 28.1
Average Episodic Return: 18.736
Average Raw Episodic Return (without uncertainty penalty): 18.837
Average Loss: -0.0005
Average Critic Uncertainty: 0.00034
Timesteps So Far: 45208
Iteration took: 88.96 secs
------------------------------------------------------


-------------------- Iteration #12 --------------------
Average Episodic Length: 28.43
Average Episodic Return: 19.061
Average Raw Episodic Return (without uncertainty penalty): 19.169
Average Loss: -0.00056
Average Critic Uncertainty: 0.00035
Timesteps So Far: 49331
Iteration took: 87.83 secs
------------------------------------------------------


-------------------- Iteration #13 --------------------
Average Episodic Length: 31.62
Average Episodic Return: 20.92
Average Raw Episodic Return (without uncertainty penalty): 21.031
Average Loss: -0.00045
Average Critic Uncertainty: 0.00037
Timesteps So Far: 53568
Iteration took: 96.5 secs
------------------------------------------------------


-------------------- Iteration #14 --------------------
Average Episodic Length: 29.73
Average Episodic Return: 19.88
Average Raw Episodic Return (without uncertainty penalty): 19.985
Average Loss: -0.00049
Average Critic Uncertainty: 0.0004
Timesteps So Far: 57701
Iteration took: 91.28 secs
------------------------------------------------------


-------------------- Iteration #15 --------------------
Average Episodic Length: 29.55
Average Episodic Return: 19.442
Average Raw Episodic Return (without uncertainty penalty): 19.552
Average Loss: -0.00054
Average Critic Uncertainty: 0.00041
Timesteps So Far: 61808
Iteration took: 89.52 secs
------------------------------------------------------


-------------------- Iteration #16 --------------------
Average Episodic Length: 28.75
Average Episodic Return: 18.858
Average Raw Episodic Return (without uncertainty penalty): 18.966
Average Loss: -0.00073
Average Critic Uncertainty: 0.00043
Timesteps So Far: 65919
Iteration took: 86.99 secs
------------------------------------------------------


-------------------- Iteration #17 --------------------
Average Episodic Length: 37.19
Average Episodic Return: 25.826
Average Raw Episodic Return (without uncertainty penalty): 25.96
Average Loss: -0.00037
Average Critic Uncertainty: 0.00046
Timesteps So Far: 70047
Iteration took: 87.62 secs
------------------------------------------------------


-------------------- Iteration #18 --------------------
Average Episodic Length: 33.06
Average Episodic Return: 22.199
Average Raw Episodic Return (without uncertainty penalty): 22.323
Average Loss: -0.00049
Average Critic Uncertainty: 0.00049
Timesteps So Far: 74147
Iteration took: 87.38 secs
------------------------------------------------------


-------------------- Iteration #19 --------------------
Average Episodic Length: 34.02
Average Episodic Return: 22.765
Average Raw Episodic Return (without uncertainty penalty): 22.887
Average Loss: -0.00081
Average Critic Uncertainty: 0.00051
Timesteps So Far: 78264
Iteration took: 87.44 secs
------------------------------------------------------


-------------------- Iteration #20 --------------------
Average Episodic Length: 33.41
Average Episodic Return: 22.664
Average Raw Episodic Return (without uncertainty penalty): 22.79
Average Loss: -0.00092
Average Critic Uncertainty: 0.00057
Timesteps So Far: 82374
Iteration took: 86.95 secs
------------------------------------------------------


-------------------- Iteration #21 --------------------
Average Episodic Length: 33.58
Average Episodic Return: 22.757
Average Raw Episodic Return (without uncertainty penalty): 22.883
Average Loss: -0.00101
Average Critic Uncertainty: 0.00057
Timesteps So Far: 86471
Iteration took: 85.73 secs
------------------------------------------------------


-------------------- Iteration #22 --------------------
Average Episodic Length: 38.76
Average Episodic Return: 26.762
Average Raw Episodic Return (without uncertainty penalty): 26.907
Average Loss: -0.00057
Average Critic Uncertainty: 0.00061
Timesteps So Far: 90657
Iteration took: 87.58 secs
------------------------------------------------------


-------------------- Iteration #23 --------------------
Average Episodic Length: 36.65
Average Episodic Return: 23.985
Average Raw Episodic Return (without uncertainty penalty): 24.113
Average Loss: -0.00064
Average Critic Uncertainty: 0.00068
Timesteps So Far: 94799
Iteration took: 86.46 secs
------------------------------------------------------


-------------------- Iteration #24 --------------------
Average Episodic Length: 37.03
Average Episodic Return: 24.828
Average Raw Episodic Return (without uncertainty penalty): 24.966
Average Loss: -0.00111
Average Critic Uncertainty: 0.00072
Timesteps So Far: 98909
Iteration took: 85.33 secs
------------------------------------------------------


-------------------- Iteration #25 --------------------
Average Episodic Length: 43.84
Average Episodic Return: 30.674
Average Raw Episodic Return (without uncertainty penalty): 30.832
Average Loss: 5e-05
Average Critic Uncertainty: 0.00078
Timesteps So Far: 103030
Iteration took: 86.44 secs
------------------------------------------------------

{"model": "uncertainty_aware_lambda_0.01", "config_name": "curriculum_stage_3_mixed_traffic", "total_timesteps": 100000, "train_seed": 12345, "eval_episodes": 50, "avg_episodic_return": 74.57066588430685, "avg_episodic_length": 98.58, "collision_rate": 0.9, "training_csv": "C:\\Users\\milke\\groupCoursework\\FYP\\experiment_runs\\meanmax_vs_uncertainty_3seeds_20260430_173848_seed12345\\uncertainty_aware_lambda_0.01\\uncertainty_aware_lambda_0.01_training.csv", "per_episode_csv": "C:\\Users\\milke\\groupCoursework\\FYP\\experiment_runs\\meanmax_vs_uncertainty_3seeds_20260430_173848_seed12345\\uncertainty_aware_lambda_0.01\\uncertainty_aware_lambda_0.01_per_episode.csv", "actor_path": "C:\\Users\\milke\\groupCoursework\\FYP\\experiment_runs\\meanmax_vs_uncertainty_3seeds_20260430_173848_seed12345\\uncertainty_aware_lambda_0.01\\uncertainty_aware_lambda_0.01_actor.pth", "critic_path": "C:\\Users\\milke\\groupCoursework\\FYP\\experiment_runs\\meanmax_vs_uncertainty_3seeds_20260430_173848_seed12345\\uncertainty_aware_lambda_0.01\\uncertainty_aware_lambda_0.01_critic.pth"}
